2024-11-20 12:04:47[WARN] Formatter 'black' timeout
2024-11-21 10:59:13[WARN] Formatter 'black' timeout
2024-11-21 10:59:17[WARN] Formatter 'black' timeout
2024-11-21 11:10:38[WARN] Formatter 'black' timeout
2024-11-21 11:10:41[WARN] Formatter 'black' timeout
2024-11-21 11:11:19[WARN] Formatter 'black' timeout
2024-11-21 11:13:39[WARN] Formatter 'black' timeout
2024-11-21 11:14:23[WARN] Formatter 'black' timeout
2024-11-21 11:48:06[WARN] Formatter 'black' timeout
2024-11-21 11:48:14[WARN] Formatter 'black' timeout
2024-11-23 18:09:50[ERROR] error formatting log line: '"Formatter 'prettier' error: [error] /Users/tamjid/src/notes/overrides/main.html: SyntaxError: Void elements do not have end tags \"br\" (2:1)\n[error]   1 | {% extends \"base.html\" %} {% block content %} {{ super() }} {% if backlinks %}\n[error] > 2 | </br>\n[error]     | ^^^^^\n[error]   3 | <h3>Backlinks:</h3>\n[error]   4 | <ul>\n[error]   5 |   {% for backlink in backlinks %}\n"' args {
  n = 0
}
2024-12-03 15:03:33[WARN] Formatter 'black' timeout
2024-12-03 15:03:46[WARN] Formatter 'black' timeout
2024-12-04 14:06:15[WARN] Formatter 'black' timeout
2024-12-04 14:06:36[WARN] Formatter 'black' timeout
2024-12-05 18:54:10[ERROR] Formatter 'black' error: error: cannot format /Users/tamjid/src/fund_application/google_cloud_storage.py: Cannot parse for target version Python 3.13: 10:19:     bucketname: str, blobname: str = address.split("/", 1)

2024-12-05 19:19:54[ERROR] Formatter 'black' error: error: cannot format /Users/tamjid/src/fund_application/datasets.py: Cannot parse for target version Python 3.13: 9:6: class 

2024-12-05 19:20:12[ERROR] Formatter 'black' error: error: cannot format /Users/tamjid/src/fund_application/datasets.py: Cannot parse for target version Python 3.13: 10:6: class 

2024-12-05 19:20:28[ERROR] Formatter 'black' error: error: cannot format /Users/tamjid/src/fund_application/datasets.py: Cannot parse for target version Python 3.13: 12:6: class 

2024-12-05 19:20:59[ERROR] Formatter 'black' error: error: cannot format /Users/tamjid/src/fund_application/datasets.py: Cannot parse for target version Python 3.13: 17:6: class 

2024-12-05 19:21:14[ERROR] Formatter 'black' error: error: cannot format /Users/tamjid/src/fund_application/datasets.py: Cannot parse for target version Python 3.13: 17:6: class 

2024-12-05 19:22:25[ERROR] Formatter 'black' error: error: cannot format /Users/tamjid/src/fund_application/datasets.py: Cannot parse for target version Python 3.13: 16:20:         self.name = 

2024-12-05 19:22:35[ERROR] Formatter 'black' error: error: cannot format /Users/tamjid/src/fund_application/datasets.py: Cannot parse for target version Python 3.13: 15:20:         self.name = 

2024-12-05 19:22:42[ERROR] Formatter 'black' error: error: cannot format /Users/tamjid/src/fund_application/datasets.py: Cannot parse for target version Python 3.13: 15:20:         self.name = 

2024-12-05 19:22:50[ERROR] Formatter 'black' error: error: cannot format /Users/tamjid/src/fund_application/datasets.py: Cannot parse for target version Python 3.13: 15:20:         self.name = 

2024-12-05 19:24:50[ERROR] Formatter 'black' error: error: cannot format /Users/tamjid/src/fund_application/datasets.py: Cannot parse for target version Python 3.13: 26:12:             uri.endswith(".xlsx")

2024-12-05 19:27:33[ERROR] Formatter 'black' error: error: cannot format /Users/tamjid/src/fund_application/datasets.py: Cannot parse for target version Python 3.13: 34:0: class FNMAClaimsAndIncentivesExport(FundApplicationDataset):

2024-12-05 19:27:37[ERROR] Formatter 'black' error: error: cannot format /Users/tamjid/src/fund_application/datasets.py: Cannot parse for target version Python 3.13: 35:0: class FNMAClaimsAndIncentivesExport(FundApplicationDataset):

2024-12-05 19:30:08[ERROR] Formatter 'black' error: error: cannot format /Users/tamjid/src/fund_application/datasets.py: Cannot parse for target version Python 3.13: 51:22: def get_files_from_dat

2024-12-05 19:30:45[ERROR] Formatter 'black' error: error: cannot format /Users/tamjid/src/fund_application/datasets.py: Cannot parse for target version Python 3.13: 58:22: def get_files_from_dat

2024-12-05 19:32:32[ERROR] Formatter 'black' error: error: cannot format /Users/tamjid/src/fund_application/datasets.py: Cannot parse for target version Python 3.13: 63:0: def get_files_from_dataset

2024-12-05 19:35:04[ERROR] Formatter 'black' error: error: cannot format /Users/tamjid/src/fund_application/datasets.py: Cannot parse for target version Python 3.13: 61:8:         for blob in client.list_blobs():

2024-12-05 19:37:20[ERROR] Formatter 'black' error: error: cannot format /Users/tamjid/src/fund_application/datasets.py: Cannot parse for target version Python 3.13: 72:26: def get_files_from_dataset

2024-12-05 19:37:26[ERROR] Formatter 'black' error: error: cannot format /Users/tamjid/src/fund_application/datasets.py: Cannot parse for target version Python 3.13: 69:26: def get_files_from_dataset

2024-12-05 19:37:37[ERROR] Formatter 'black' error: error: cannot format /Users/tamjid/src/fund_application/datasets.py: Cannot parse for target version Python 3.13: 69:26: def get_files_from_dataset

2024-12-06 12:56:55[ERROR] Formatter 'black' error: error: cannot format /Users/tamjid/src/front-porch/front_porch/modules/expenses/permissions/permissions.py: Cannot parse for target version Python 3.10: 35:8:         description="All permissions needed to view expenses and invoices.",

2024-12-06 14:32:13[WARN] Formatter 'black' timeout
2024-12-09 13:03:41[WARN] Formatter 'black' timeout
2024-12-09 13:25:58[ERROR] Formatter 'black' error: error: cannot format /Users/tamjid/src/front-porch/front_porch/modules/expenses/graphql/expense_module_config.py: Cannot parse for target version Python 3.10: 257:0: <<<<<<< HEAD

2024-12-09 13:26:08[ERROR] Formatter 'black' error: error: cannot format /Users/tamjid/src/front-porch/front_porch/modules/expenses/graphql/expense_module_config.py: Cannot parse for target version Python 3.10: 337:0: <<<<<<< HEAD

2024-12-09 13:33:17[ERROR] Formatter 'black' error: error: cannot format /Users/tamjid/src/front-porch/front_porch/modules/expenses/graphql/expense_module_config.py: Cannot parse for target version Python 3.10: 339:16:                 ],  # Remove with completion of [FA-289]

2024-12-09 13:33:26[ERROR] Formatter 'black' error: error: cannot format /Users/tamjid/src/front-porch/front_porch/modules/expenses/graphql/expense_module_config.py: Cannot parse for target version Python 3.10: 339:16:                 ],  # Remove with completion of [FA-289]

2024-12-09 13:33:36[ERROR] Formatter 'black' error: error: cannot format /Users/tamjid/src/front-porch/front_porch/modules/expenses/graphql/expense_module_config.py: Cannot parse for target version Python 3.10: 340:65:                 [ExpensePermissionNameValues.WRITE_EXPENSE_TYPES]]

2024-12-09 17:03:33[ERROR] Formatter 'black' error: error: cannot format /Users/tamjid/src/front-porch/front_porch/modules/gse_payments/graphql/gse_payments_module_config.py: Cannot parse for target version Python 3.10: 50:8:         ),

2024-12-10 08:08:15[WARN] Formatter 'black' timeout
2024-12-10 08:48:56[WARN] Formatter 'black' timeout
2024-12-10 09:13:36[WARN] Formatter 'prettier' timeout
2024-12-10 14:49:18[ERROR] Formatter 'black' error: error: cannot format /Users/tamjid/src/front-porch/front_porch/modules/expenses/graphql/expense_module_config.py: Cannot parse for target version Python 3.10: 49:4:     )

2024-12-10 14:49:22[ERROR] Formatter 'black' error: error: cannot format /Users/tamjid/src/front-porch/front_porch/modules/expenses/graphql/expense_module_config.py: Cannot parse for target version Python 3.10: 49:4:     )

2024-12-10 14:49:42[ERROR] Formatter 'black' error: error: cannot format /Users/tamjid/src/front-porch/front_porch/modules/expenses/graphql/expense_module_config.py: Cannot parse for target version Python 3.10: 49:4:     )

2024-12-10 14:49:47[ERROR] Formatter 'black' error: error: cannot format /Users/tamjid/src/front-porch/front_porch/modules/expenses/graphql/expense_module_config.py: Cannot parse for target version Python 3.10: 49:4:     )

2024-12-10 14:50:12[ERROR] Formatter 'black' error: error: cannot format /Users/tamjid/src/front-porch/front_porch/modules/expenses/graphql/expense_module_config.py: Cannot parse for target version Python 3.10: 49:4:     )

2024-12-10 14:50:15[ERROR] Formatter 'black' error: error: cannot format /Users/tamjid/src/front-porch/front_porch/modules/expenses/graphql/expense_module_config.py: Cannot parse for target version Python 3.10: 49:4:     )

2024-12-10 14:50:34[ERROR] Formatter 'black' error: error: cannot format /Users/tamjid/src/front-porch/front_porch/modules/expenses/graphql/expense_module_config.py: Cannot parse for target version Python 3.10: 49:4:     )

2024-12-10 14:51:19[ERROR] Formatter 'black' error: error: cannot format /Users/tamjid/src/front-porch/front_porch/modules/expenses/graphql/expense_module_config.py: Cannot parse for target version Python 3.10: 49:4:     )

2024-12-10 14:52:22[ERROR] Formatter 'black' error: error: cannot format /Users/tamjid/src/front-porch/front_porch/modules/expenses/graphql/expense_module_config.py: Cannot parse for target version Python 3.10: 49:4:     )

2024-12-10 14:52:30[ERROR] Formatter 'black' error: error: cannot format /Users/tamjid/src/front-porch/front_porch/modules/expenses/graphql/expense_module_config.py: Cannot parse for target version Python 3.10: 49:4:     )

2024-12-10 14:52:37[ERROR] Formatter 'black' error: error: cannot format /Users/tamjid/src/front-porch/front_porch/modules/expenses/graphql/expense_module_config.py: Cannot parse for target version Python 3.10: 49:4:     )

2024-12-10 14:52:42[ERROR] Formatter 'black' error: error: cannot format /Users/tamjid/src/front-porch/front_porch/modules/expenses/graphql/expense_module_config.py: Cannot parse for target version Python 3.10: 49:4:     )

2024-12-10 14:52:47[ERROR] Formatter 'black' error: error: cannot format /Users/tamjid/src/front-porch/front_porch/modules/expenses/graphql/expense_module_config.py: Cannot parse for target version Python 3.10: 49:4:     )

2024-12-10 14:52:55[ERROR] Formatter 'black' error: error: cannot format /Users/tamjid/src/front-porch/front_porch/modules/expenses/graphql/expense_module_config.py: Cannot parse for target version Python 3.10: 49:4:     )

2024-12-10 14:53:13[ERROR] Formatter 'black' error: error: cannot format /Users/tamjid/src/front-porch/front_porch/modules/expenses/graphql/expense_module_config.py: Cannot parse for target version Python 3.10: 49:4:     )

2024-12-10 14:54:31[ERROR] Formatter 'black' error: error: cannot format /Users/tamjid/src/front-porch/front_porch/modules/expenses/graphql/expense_module_config.py: Cannot parse for target version Python 3.10: 62:4:     )

2024-12-12 15:47:16[ERROR] Formatter 'black' error: error: cannot format /Users/tamjid/src/front-porch/front_porch/modules/expense_reimbursements/permissions/permissions.py: Cannot parse for target version Python 3.10: 52:0:     ),

2024-12-12 16:52:37[ERROR] Formatter 'black' error: error: cannot format /Users/tamjid/src/front-porch/front_porch/modules/expense_reimbursements/outstanding_reimbursements/permissions/permissions.py: Cannot parse for target version Python 3.10: 50:4:     ],

2024-12-12 16:57:58[ERROR] Formatter 'black' error: error: cannot format /Users/tamjid/src/front-porch/front_porch/modules/expense_reimbursements/_package_config.py: Cannot parse for target version Python 3.10: 121:8:         GraphQlModuleConfigRegistrator(

2024-12-16 11:08:54[WARN] Formatter 'black' timeout
2024-12-16 11:20:01[ERROR] Formatter 'black' error: error: cannot format /Users/tamjid/src/front-porch/front_porch/modules/expense_reimbursements/outstanding_reimbursements/graphql/outstanding_reimbursement_module_config.py: Cannot parse for target version Python 3.10: 15:0: )

2024-12-16 19:32:02[ERROR] Formatter 'black' error: error: cannot format /Users/tamjid/src/front-porch/front_porch/modules/property_valuation/permissions/permissions.py: Cannot parse for target version Python 3.10: 17:6: class 

2024-12-16 20:22:44[ERROR] Formatter 'black' error: error: cannot format /Users/tamjid/src/front-porch/front_porch/modules/invoices/graphql/invoice_module_config.py: Cannot parse for target version Python 3.10: 194:4:     )

2024-12-16 20:22:49[ERROR] Formatter 'black' error: error: cannot format /Users/tamjid/src/front-porch/front_porch/modules/invoices/graphql/invoice_module_config.py: Cannot parse for target version Python 3.10: 193:4:     )

2024-12-18 10:03:31[ERROR] Formatter 'black' error: error: cannot format /Users/tamjid/src/front-porch/front_porch/modules/peach/internals/plugins/run/tasks/run_remote_python_script_task.py: Cannot parse for target version Python 3.10: 81:0:         self.script_path = path

2024-12-20 16:53:10[ERROR] Formatter 'black' error: error: cannot format /Users/tamjid/src/front-porch/front_porch/modules/claims/_package_config.py: Cannot parse for target version Python 3.10: 20:8:         violations = {

2024-12-26 12:08:27[ERROR] Formatter 'ruff_format' error: error: Failed to parse front_porch/modules/gse_payments/tools/unapply_incentive_fees.py:62:144: Simple statements must be separated by newlines or semicolons

2024-12-26 15:06:17[ERROR] Formatter 'ruff_format' error: error: Failed to parse front_porch/modules/gse_payments/tools/unapply_incentive_fees.py:93:39: Expected an expression

2024-12-26 15:08:29[ERROR] Formatter 'ruff_format' error: error: Failed to parse front_porch/modules/gse_payments/tools/unapply_incentive_fees.py:93:39: Expected an expression

2024-12-26 15:15:01[ERROR] Formatter 'ruff_format' error: error: Failed to parse front_porch/modules/gse_payments/tools/unapply_incentive_fees.py:113:21: Expected ',', found name

2024-12-26 15:15:46[ERROR] Formatter 'ruff_format' error: error: Failed to parse front_porch/modules/gse_payments/tools/unapply_incentive_fees.py:118:21: Expected ',', found name

2024-12-26 15:16:19[ERROR] Formatter 'ruff_format' error: error: Failed to parse front_porch/modules/gse_payments/tools/unapply_incentive_fees.py:119:17: Expected ',', found name

2024-12-26 15:16:28[ERROR] Formatter 'ruff_format' error: error: Failed to parse front_porch/modules/gse_payments/tools/unapply_incentive_fees.py:119:17: Expected ',', found name

2024-12-26 15:18:09[ERROR] Formatter 'ruff_format' error: error: Failed to parse front_porch/modules/gse_payments/tools/unapply_incentive_fees.py:126:17: Expected ',', found name

2024-12-26 15:19:58[ERROR] Formatter 'ruff_format' error: error: Failed to parse front_porch/modules/gse_payments/tools/unapply_incentive_fees.py:119:33: Expected ',', found name

2024-12-26 15:20:10[ERROR] Formatter 'ruff_format' error: error: Failed to parse front_porch/modules/gse_payments/tools/unapply_incentive_fees.py:119:33: Expected ',', found name

2024-12-27 08:54:46[ERROR] Formatter 'ruff_format' error: error: Failed to parse front_porch/modules/gse_payments/tools/unapply_incentive_fees.py:138:1: Unexpected indentation

2024-12-27 08:54:59[ERROR] Formatter 'ruff_format' error: error: Failed to parse front_porch/modules/gse_payments/tools/unapply_incentive_fees.py:131:9: Expected `except` or `finally` after `try` block

2024-12-27 08:55:00[ERROR] Formatter 'ruff_format' error: error: Failed to parse front_porch/modules/gse_payments/tools/unapply_incentive_fees.py:131:1: Unexpected indentation

2024-12-27 08:55:03[ERROR] Formatter 'ruff_format' error: error: Failed to parse front_porch/modules/gse_payments/tools/unapply_incentive_fees.py:131:1: Unexpected indentation

2024-12-27 08:55:54[ERROR] Formatter 'ruff_format' error: error: Failed to parse front_porch/modules/gse_payments/tools/unapply_incentive_fees.py:115:116: f-string: single '}' is not allowed

2024-12-27 09:31:01[ERROR] Formatter 'black' error: error: cannot format /Users/tamjid/src/front-porch/front_porch/modules/gse_payments/tools/swap_incentive_fee_application.py: Cannot parse for target version Python 3.10: 163:86:                     assert internal_multitransfer.status == MultiTransferStatusValues.

2024-12-27 09:35:05[ERROR] Formatter 'black' error: error: cannot format /Users/tamjid/src/front-porch/front_porch/modules/gse_payments/tools/swap_incentive_fee_application.py: Cannot parse for target version Python 3.10: 153:0:                         )

2024-12-27 09:35:32[ERROR] Formatter 'black' error: error: cannot format /Users/tamjid/src/front-porch/front_porch/modules/gse_payments/tools/swap_incentive_fee_application.py: Cannot parse for target version Python 3.10: 154:33:                 self.logger.info("Creating multitransfer: 

2024-12-27 09:35:45[ERROR] Formatter 'black' error: error: cannot format /Users/tamjid/src/front-porch/front_porch/modules/gse_payments/tools/swap_incentive_fee_application.py: Cannot parse for target version Python 3.10: 157:34:                 if not arg.dry_run:

2024-12-27 09:35:52[ERROR] Formatter 'black' error: error: cannot format /Users/tamjid/src/front-porch/front_porch/modules/gse_payments/tools/swap_incentive_fee_application.py: Cannot parse for target version Python 3.10: 157:34:                 if not arg.dry_run:

2024-12-27 09:36:07[ERROR] Formatter 'black' error: error: cannot format /Users/tamjid/src/front-porch/front_porch/modules/gse_payments/tools/swap_incentive_fee_application.py: Cannot parse for target version Python 3.10: 157:34:                 if not arg.dry_run:

2024-12-27 09:36:37[ERROR] Formatter 'black' error: error: cannot format /Users/tamjid/src/front-porch/front_porch/modules/gse_payments/tools/swap_incentive_fee_application.py: Cannot parse for target version Python 3.10: 157:34:                 if not arg.dry_run:

2024-12-27 09:36:56[ERROR] Formatter 'black' error: error: cannot format /Users/tamjid/src/front-porch/front_porch/modules/gse_payments/tools/swap_incentive_fee_application.py: Cannot parse for target version Python 3.10: 157:34:                 if not arg.dry_run:

2024-12-27 09:36:59[ERROR] Formatter 'black' error: error: cannot format /Users/tamjid/src/front-porch/front_porch/modules/gse_payments/tools/swap_incentive_fee_application.py: Cannot parse for target version Python 3.10: 157:34:                 if not arg.dry_run:

2024-12-27 09:37:09[ERROR] Formatter 'black' error: error: cannot format /Users/tamjid/src/front-porch/front_porch/modules/gse_payments/tools/swap_incentive_fee_application.py: Cannot parse for target version Python 3.10: 157:34:                 if not arg.dry_run:

2024-12-27 09:37:14[ERROR] Formatter 'black' error: error: cannot format /Users/tamjid/src/front-porch/front_porch/modules/gse_payments/tools/swap_incentive_fee_application.py: Cannot parse for target version Python 3.10: 157:34:                 if not arg.dry_run:

2024-12-27 09:37:29[ERROR] Formatter 'black' error: error: cannot format /Users/tamjid/src/front-porch/front_porch/modules/gse_payments/tools/swap_incentive_fee_application.py: Cannot parse for target version Python 3.10: 157:34:                 if not arg.dry_run:

2024-12-27 09:38:11[ERROR] Formatter 'black' error: error: cannot format /Users/tamjid/src/front-porch/front_porch/modules/gse_payments/tools/swap_incentive_fee_application.py: Cannot parse for target version Python 3.10: 155:34:                 if not arg.dry_run:

2024-12-27 09:49:07[ERROR] Formatter 'black' error: error: cannot format /Users/tamjid/src/front-porch/front_porch/modules/gse_payments/tools/swap_incentive_fee_application.py: Cannot parse for target version Python 3.10: 231:0: if __name__ == "__main__":

2024-12-27 09:49:25[ERROR] Formatter 'black' error: error: cannot format /Users/tamjid/src/front-porch/front_porch/modules/gse_payments/tools/swap_incentive_fee_application.py: Cannot parse for target version Python 3.10: 234:0: if __name__ == "__main__":

2024-12-27 09:53:19[ERROR] Formatter 'black' error: error: cannot format /Users/tamjid/src/front-porch/front_porch/modules/gse_payments/tools/swap_incentive_fee_application.py: Cannot parse for target version Python 3.10: 275:12:             except Exception as e:

2024-12-27 10:35:32[ERROR] Formatter 'black' error: error: cannot format /Users/tamjid/src/front-porch/front_porch/modules/gse_payments/tools/swap_incentive_fee_application.py: Cannot parse for target version Python 3.10: 218:0:             transfer_metadata = TransferMetadataInput(

2024-12-27 11:36:10[ERROR] Formatter 'black' error: error: cannot format /Users/tamjid/src/front-porch/front_porch/modules/gse_payments/tools/unapply_incentive_fees.py: Cannot parse for target version Python 3.10: 118:36:                                     VirtualBalanceAccounts.VBA_SID_PEACH_STREET_BUFFER_FUNDS,

2024-12-27 11:36:16[ERROR] Formatter 'black' error: error: cannot format /Users/tamjid/src/front-porch/front_porch/modules/gse_payments/tools/unapply_incentive_fees.py: cannot use --safe with this file; failed to parse source file AST: positional argument follows keyword argument (<unknown>, line 120)
This could be caused by running Black with an older Python version that does not support new syntax used in your source file.

2024-12-27 12:17:07[ERROR] Formatter 'stylua' error: error: could not format from stdin: failed to format from stdin: error parsing: error occurred while creating ast: unexpected token `)`. (starting from line 28, character 4 and ending on line 28, character 5)
additional information: expected '}'

2024-12-27 12:17:11[ERROR] Formatter 'stylua' error: error: could not format from stdin: failed to format from stdin: error parsing: error occurred while creating ast: unexpected token `)`. (starting from line 28, character 4 and ending on line 28, character 5)
additional information: expected '}'

2024-12-27 12:17:17[ERROR] Formatter 'stylua' error: error: could not format from stdin: failed to format from stdin: error parsing: error occurred while creating ast: unexpected token `)`. (starting from line 22, character 32 and ending on line 22, character 33)
additional information: expected '}'

2024-12-27 12:17:20[ERROR] Formatter 'stylua' error: error: could not format from stdin: failed to format from stdin: error parsing: error occurred while creating ast: unexpected token `)`. (starting from line 22, character 32 and ending on line 22, character 33)
additional information: expected '}'

2025-01-01 13:33:48[ERROR] Formatter 'stylua' error: error: could not format from stdin: failed to format from stdin: error parsing: error occurred while creating ast: unexpected token `}`. (starting from line 69, character 5 and ending on line 69, character 6)
additional information: expected 'end'

2025-01-01 13:34:01[ERROR] Formatter 'stylua' error: error: could not format from stdin: failed to format from stdin: error parsing: error occurred while creating ast: unexpected token `}`. (starting from line 70, character 5 and ending on line 70, character 6)
additional information: expected 'end'

2025-01-01 13:34:10[ERROR] Formatter 'stylua' error: error: could not format from stdin: failed to format from stdin: error parsing: error occurred while creating ast: unexpected token `}`. (starting from line 70, character 5 and ending on line 70, character 6)
additional information: expected 'end'

2025-01-01 13:38:00[ERROR] Formatter 'stylua' error: error: could not format from stdin: failed to format from stdin: error parsing: error occurred while creating ast: unexpected token `}`. (starting from line 70, character 5 and ending on line 70, character 6)
additional information: expected 'end'

2025-01-01 13:42:21[ERROR] Formatter 'stylua' error: error: could not format from stdin: failed to format from stdin: error parsing: error occurred while creating ast: unexpected token `{`. (starting from line 8, character 3 and ending on line 8, character 4)
additional information: expected '}'

2025-01-01 13:42:23[ERROR] Formatter 'stylua' error: error: could not format from stdin: failed to format from stdin: error parsing: error occurred while creating ast: unexpected token `{`. (starting from line 8, character 3 and ending on line 8, character 4)
additional information: expected '}'

2025-01-05 11:21:48[ERROR] Formatter 'stylua' error: error: could not format from stdin: failed to format from stdin: error parsing: error occurred while creating ast: unexpected token `{`. (starting from line 1, character 1 and ending on line 1, character 2)
additional information: leftover token

2025-01-05 11:41:59[ERROR] Formatter 'ruff_format' error: error: Failed to parse front_porch/modules/claims/core_claims/tests/test_claims_graphql.py:9:61: Expected 'import', found newline

2025-01-05 12:09:11[ERROR] Formatter 'ruff_format' error: error: Failed to parse front_porch/modules/claims/core_claims/tests/test_claims_graphql.py:107:39: Expected an identifier

2025-01-05 12:23:23[ERROR] Formatter 'ruff_format' error: error: Failed to parse front_porch/modules/claims/_package_config.py:11:1: Expected a statement

2025-01-05 12:23:40[ERROR] Formatter 'ruff_format' error: error: Failed to parse front_porch/modules/claims/_package_config.py:11:1: Expected a statement

2025-01-15 14:58:46[ERROR] Formatter 'ruff_format' error: error: Failed to parse front_porch/modules/invoices/internals/invoice_payments/invoice_payment.py:151:13: Expected ',', found name

2025-01-15 20:31:53[ERROR] Formatter 'ruff_format' error: error: Failed to parse front_porch/modules/expenses/tools/create_escrow_advance.py:184:30: Expected ':', found '='

2025-01-15 20:32:04[ERROR] Formatter 'ruff_format' error: error: Failed to parse front_porch/modules/expenses/tools/create_escrow_advance.py:184:32: Expected ':', found '='

2025-01-29 15:04:46[ERROR] Formatter 'ruff_format' error: error: Failed to parse front_porch/modules/expenses/internals/bulk_reclass_upload/expense_reclass_request_processor.py:5:1: Unexpected indentation

2025-01-29 15:09:28[ERROR] Formatter 'ruff_format' error: error: Failed to parse front_porch/modules/expenses/exceptions.py:149:5: Expected ',', found name

2025-01-29 16:10:10[ERROR] Formatter 'ruff_format' error: error: Failed to parse front_porch/modules/expenses/tests/bulk_uploads/test_bulk_expense_reclass_request_bulk_upload.py:41:1: unindent does not match any outer indentation level

2025-01-29 18:35:10[ERROR] Formatter 'ruff_format' error: error: Failed to parse front_porch/modules/expenses/tests/bulk_uploads/test_bulk_expense_reclass_request_bulk_upload.py:58:50: Expected a statement

2025-01-29 18:35:23[ERROR] Formatter 'ruff_format' error: error: Failed to parse front_porch/modules/expenses/tests/bulk_uploads/test_bulk_expense_reclass_request_bulk_upload.py:58:50: Expected a statement

2025-01-30 10:37:06[ERROR] Formatter 'ruff_format' error: error: Failed to parse front_porch/modules/expenses/tests/test_prior_servicer_servicing_expense_advances_onboarding.py:83:13: Expected ',', found ']'

2025-01-30 10:40:46[ERROR] Formatter 'ruff_format' error: error: Failed to parse front_porch/modules/expenses/tests/test_prior_servicer_servicing_expense_advances_onboarding.py:83:13: Expected ',', found ']'

2025-01-30 10:41:34[ERROR] Formatter 'ruff_format' error: error: Failed to parse front_porch/modules/expenses/tests/test_prior_servicer_servicing_expense_advances_onboarding.py:87:13: Expected an indented block after function definition

2025-02-05 14:55:04[ERROR] Formatter 'ruff_format' error: error: Failed to parse front_porch/modules/expenses/internals/expenses/expense_db.py:50:73: Expected ',', found name

2025-02-06 12:05:45[ERROR] Formatter 'ruff_format' error: error: Failed to parse front_porch/modules/invoices/internals/invoices/invoice_writer.py:316:21: Expected an identifier, but found a keyword 'or' that cannot be used here

2025-02-06 12:30:30[ERROR] Formatter 'ruff_format' error: error: Failed to parse front_porch/modules/invoices/tests/test_invoice_creation.py:107:127: Expected ',', found '='

2025-02-06 12:30:44[ERROR] Formatter 'ruff_format' error: error: Failed to parse front_porch/modules/invoices/tests/test_invoice_creation.py:108:34: Expected ',', found '='

2025-02-06 12:30:59[ERROR] Formatter 'ruff_format' error: error: Failed to parse front_porch/modules/invoices/tests/test_invoice_creation.py:108:34: Expected ',', found '='

2025-02-06 12:31:38[ERROR] Formatter 'ruff_format' error: error: Failed to parse front_porch/modules/invoices/tests/test_invoice_creation.py:108:34: Expected ',', found '='

2025-02-06 18:12:21[ERROR] Formatter 'ruff_format' error: error: Failed to parse front_porch/modules/expenses/internals/onboarding/prior_servicer_expense_balance_db.py:28:38: Expected ',', found ':'

2025-02-06 18:12:32[ERROR] Formatter 'ruff_format' error: error: Failed to parse front_porch/modules/expenses/internals/onboarding/prior_servicer_expense_balance_db.py:28:38: Expected ',', found ':'

2025-02-06 18:12:37[ERROR] Formatter 'ruff_format' error: error: Failed to parse front_porch/modules/expenses/internals/onboarding/prior_servicer_expense_balance_db.py:27:1: Unexpected indentation

2025-02-07 12:23:16[ERROR] Formatter 'ruff_format' error: error: Failed to parse front_porch/modules/invoices/internals/image_parser/image_parser.py:6:9: Expected an identifier

2025-02-07 12:28:32[ERROR] Formatter 'ruff_format' error: error: Failed to parse front_porch/modules/invoices/internals/image_parser/image_parser.py:29:20: Expected an expression

2025-02-07 12:54:17[ERROR] Formatter 'ruff_format' error: error: Failed to parse front_porch/modules/invoices/internals/image_parser/image_parser.py:70:43: missing closing quote in string literal

2025-02-07 13:15:42[ERROR] Formatter 'ruff_format' error: error: Failed to parse front_porch/modules/invoices/internals/image_parser/image_parser.py:70:46: Expected ':', found newline

2025-02-07 13:16:43[ERROR] Formatter 'ruff_format' error: error: Failed to parse front_porch/modules/invoices/internals/image_parser/image_parser.py:73:46: Expected ':', found newline

2025-02-07 13:16:50[ERROR] Formatter 'ruff_format' error: error: Failed to parse front_porch/modules/invoices/internals/image_parser/image_parser.py:74:46: Expected ':', found newline

2025-02-07 13:16:55[ERROR] Formatter 'ruff_format' error: error: Failed to parse front_porch/modules/invoices/internals/image_parser/image_parser.py:63:46: Expected ':', found newline

2025-02-07 13:51:37[ERROR] Formatter 'ruff_format' error: error: Failed to parse front_porch/modules/invoices/tools/parse_invoice_image.py:9:6: Simple statements must be separated by newlines or semicolons

2025-02-07 15:04:36[ERROR] Formatter 'ruff_format' error: error: Failed to parse front_porch/modules/invoices/internals/image_parser/image_parser.py:57:13: Expected ',', found string

2025-02-07 16:20:52[ERROR] Formatter 'ruff_format' error: error: Failed to parse front_porch/modules/invoices/internals/image_parser/image_parser_requests_db.py:41:1: Unexpected indentation

2025-02-07 16:22:55[ERROR] Formatter 'ruff_format' error: error: Failed to parse front_porch/modules/invoices/internals/image_parser/image_parser_requests_db.py:45:9: Parameter without a default cannot follow a parameter with a default

2025-02-07 16:53:42[ERROR] Formatter 'ruff_format' error: error: Failed to parse front_porch/modules/invoices/internals/invoice_image_parser/invoice_image_parser_job_db_utils.py:18:13: Duplicate keyword argument "status"

2025-02-07 16:55:10[ERROR] Formatter 'ruff_format' error: error: Failed to parse front_porch/modules/invoices/internals/invoice_image_parser/invoice_image_parser_writer.py:16:1: Expected a statement

2025-02-07 16:55:34[ERROR] Formatter 'ruff_format' error: error: Failed to parse front_porch/modules/invoices/internals/invoice_image_parser/invoice_image_parser_writer.py:16:1: Expected a statement

2025-02-07 17:14:40[ERROR] Formatter 'ruff_format' error: error: Failed to parse front_porch/modules/invoices/internals/invoice_image_parser/invoice_image_parser_reader.py:23:1: Expected class, function definition or async function definition after decorator

2025-02-07 17:50:15[ERROR] Formatter 'ruff_format' error: error: Failed to parse front_porch/modules/invoices/internals/invoice_image_parser/invoice_image_parser.py:54:5: Expected an indented block after function definition

2025-02-07 18:25:57[ERROR] Formatter 'ruff_format' error: error: Failed to parse front_porch/modules/invoices/tests/test_invoice_image_parser.py:22:43: Expected an indented block after `with` statement

2025-02-08 18:01:08[ERROR] Formatter 'ruff_format' error: error: Failed to parse front_porch/modules/invoices/internals/invoice_image_parser/invoice_image_parser.py:26:1: unindent does not match any outer indentation level

2025-02-08 18:31:50[ERROR] Formatter 'ruff_format' error: error: Failed to parse front_porch/modules/invoices/tests/test_invoice_image_parser.py:87:68: Expected an indented block after function definition

2025-02-09 12:04:59[ERROR] Formatter 'ruff_format' error: error: Failed to parse front_porch/modules/invoices/tests/test_invoice_image_parser.py:1:5: missing closing quote in string literal

2025-02-09 12:05:10[ERROR] Formatter 'ruff_format' error: error: Failed to parse front_porch/modules/invoices/tests/test_invoice_image_parser.py:1:5: missing closing quote in string literal

2025-02-09 15:23:48[ERROR] Formatter 'ruff_format' error: error: Failed to parse front_porch/modules/invoices/internals/invoice_image_parser/invoice_image_parser.py:103:14: Expected an expression

2025-02-09 15:23:55[ERROR] Formatter 'ruff_format' error: error: Failed to parse front_porch/modules/invoices/internals/invoice_image_parser/invoice_image_parser.py:104:14: Expected an expression

2025-02-09 15:30:41[ERROR] Formatter 'ruff_format' error: error: Failed to parse front_porch/modules/invoices/internals/invoice_image_parser/invoice_image_parser.py:71:5: Expected an indented block after function definition

2025-02-09 15:44:21[ERROR] Formatter 'ruff_format' error: error: Failed to parse front_porch/modules/invoices/tests/test_invoice_document_parser.py:1:5: missing closing quote in string literal

2025-02-09 15:46:23[WARN] Formatter 'black' timeout
2025-02-09 15:47:03[WARN] Formatter 'black' timeout
2025-02-09 16:12:51[ERROR] Formatter 'black' error: error: cannot format /Users/tamjid/src/front-porch/front_porch/modules/invoices/internals/invoice_document_parser/invoice_document_parser.py: Cannot parse for target version Python 3.10: 143:12:             )

2025-02-09 16:12:59[ERROR] Formatter 'black' error: error: cannot format /Users/tamjid/src/front-porch/front_porch/modules/invoices/internals/invoice_document_parser/invoice_document_parser.py: Cannot parse for target version Python 3.10: 143:12:             )

2025-02-09 17:24:53[ERROR] Formatter 'black' error: error: cannot format /Users/tamjid/src/front-porch/front_porch/modules/invoices/tests/test_invoice_document_parser.py: Cannot parse for target version Python 3.10: 20:4: Here's the modified code where the mock document parsers are constructed when needed instead of being stored as properties:

2025-02-09 17:25:11[ERROR] Formatter 'black' error: error: cannot format /Users/tamjid/src/front-porch/front_porch/modules/invoices/tests/test_invoice_document_parser.py: Cannot parse for target version Python 3.10: 20:4: Here's the modified code where the mock document parsers are constructed when needed instead of being stored as properties:

2025-02-09 17:25:15[ERROR] Formatter 'black' error: error: cannot format /Users/tamjid/src/front-porch/front_porch/modules/invoices/tests/test_invoice_document_parser.py: Cannot parse for target version Python 3.10: 20:4: Here's the modified code where the mock document parsers are constructed when needed instead of being stored as properties:

2025-02-09 17:40:11[ERROR] Formatter 'black' error: error: cannot format /Users/tamjid/src/front-porch/front_porch/modules/invoices/tools/parse_invoice_document_with_extend.py: Cannot parse for target version Python 3.10: 75:38:             Logger.info(str(response))```

2025-02-09 17:41:27[ERROR] Formatter 'black' error: error: cannot format /Users/tamjid/src/front-porch/front_porch/modules/invoices/tools/parse_invoice_document_with_extend.py: Cannot parse for target version Python 3.10: 75:38:             Logger.info(str(response))```

2025-02-09 17:41:38[ERROR] Formatter 'black' error: error: cannot format /Users/tamjid/src/front-porch/front_porch/modules/invoices/tools/parse_invoice_document_with_extend.py: Cannot parse for target version Python 3.10: 77:38:             Logger.info(str(response))```

2025-02-09 17:44:40[ERROR] Formatter 'black' error: error: cannot format /Users/tamjid/src/front-porch/front_porch/modules/invoices/tools/parse_invoice_document_with_extend.py: Cannot parse for target version Python 3.10: 100:39:     SubmitInvoiceToExtendClient().run()```

2025-02-09 17:44:48[ERROR] Formatter 'black' error: error: cannot format /Users/tamjid/src/front-porch/front_porch/modules/invoices/tools/parse_invoice_document_with_extend.py: Cannot parse for target version Python 3.10: 97:39:     SubmitInvoiceToExtendClient().run()```

2025-02-09 17:45:11[ERROR] Formatter 'black' error: error: cannot format /Users/tamjid/src/front-porch/front_porch/modules/invoices/tools/parse_invoice_document_with_extend.py: Cannot parse for target version Python 3.10: 97:39:     SubmitInvoiceToExtendClient().run()```

2025-02-09 17:45:17[ERROR] Formatter 'black' error: error: cannot format /Users/tamjid/src/front-porch/front_porch/modules/invoices/tools/parse_invoice_document_with_extend.py: Cannot parse for target version Python 3.10: 97:39:     SubmitInvoiceToExtendClient().run()```

2025-02-09 17:45:31[ERROR] Formatter 'black' error: error: cannot format /Users/tamjid/src/front-porch/front_porch/modules/invoices/tools/parse_invoice_document_with_extend.py: Cannot parse for target version Python 3.10: 97:39:     SubmitInvoiceToExtendClient().run()```

2025-02-09 17:45:56[ERROR] Formatter 'black' error: error: cannot format /Users/tamjid/src/front-porch/front_porch/modules/invoices/tools/parse_invoice_document_with_extend.py: Cannot parse for target version Python 3.10: 97:39:     SubmitInvoiceToExtendClient().run()```

2025-02-09 17:46:04[ERROR] Formatter 'black' error: error: cannot format /Users/tamjid/src/front-porch/front_porch/modules/invoices/tools/parse_invoice_document_with_extend.py: Cannot parse for target version Python 3.10: 97:39:     SubmitInvoiceToExtendClient().run()```

2025-02-09 18:15:34[ERROR] Formatter 'black' error: error: cannot format /Users/tamjid/src/front-porch/front_porch/modules/invoices/internals/invoice_document_parser/extend_invoice_document_parser.py: Cannot parse for target version Python 3.10: 106:17:             else if field["type"] == "array":

2025-02-09 18:15:46[ERROR] Formatter 'black' error: error: cannot format /Users/tamjid/src/front-porch/front_porch/modules/invoices/internals/invoice_document_parser/extend_invoice_document_parser.py: Cannot parse for target version Python 3.10: 106:17:             else if field["type"] == "array":

2025-02-09 18:15:55[ERROR] Formatter 'black' error: error: cannot format /Users/tamjid/src/front-porch/front_porch/modules/invoices/internals/invoice_document_parser/extend_invoice_document_parser.py: Cannot parse for target version Python 3.10: 122:38:                 simplified_field[key] = field[key]

2025-02-09 18:16:13[ERROR] Formatter 'black' error: error: cannot format /Users/tamjid/src/front-porch/front_porch/modules/invoices/internals/invoice_document_parser/extend_invoice_document_parser.py: Cannot parse for target version Python 3.10: 123:38:                 simplified_field[key] = field[key]

2025-02-09 18:16:25[ERROR] Formatter 'black' error: error: cannot format /Users/tamjid/src/front-porch/front_porch/modules/invoices/internals/invoice_document_parser/extend_invoice_document_parser.py: Cannot parse for target version Python 3.10: 122:38:                 simplified_field[key] = field[key]

2025-02-09 18:22:10[ERROR] Formatter 'black' error: error: cannot format /Users/tamjid/src/front-porch/front_porch/modules/invoices/internals/invoice_document_parser/extend_invoice_document_parser.py: Cannot parse for target version Python 3.10: 70:93:     def submit_processor_run(self, file_with_signed_url: FileWithSignedUrl) -> ExtendResponse

2025-02-09 18:34:29[ERROR] Formatter 'black' error: error: cannot format /Users/tamjid/src/front-porch/front_porch/modules/invoices/tools/parse_invoice_document_with_extend.py: Cannot parse for target version Python 3.10: 99:25: if __name__ == "__main__":

2025-02-09 18:34:38[ERROR] Formatter 'black' error: error: cannot format /Users/tamjid/src/front-porch/front_porch/modules/invoices/tools/parse_invoice_document_with_extend.py: Cannot parse for target version Python 3.10: 100:25: if __name__ == "__main__":

2025-02-11 08:10:25[ERROR] Formatter 'ruff_format' error: error: Failed to parse front_porch/modules/invoices/tests/test_invoice_service.py:439:30: Expected a statement

2025-02-11 08:12:24[ERROR] Formatter 'ruff_format' error: error: Failed to parse front_porch/modules/invoices/tests/test_invoice_service.py:419:30: Expected a statement

2025-02-11 09:36:47[ERROR] Formatter 'ruff_format' error: error: Failed to parse docling_test.py:59:1: unexpected EOF while parsing

2025-02-11 09:43:42[ERROR] Formatter 'ruff_format' error: error: Failed to parse docling_test.py:68:50: Expected a statement

2025-02-11 10:36:45[ERROR] Formatter 'ruff_format' error: error: Failed to parse docling_test.py:42:5: Expected '}', found 'elif'

2025-02-11 11:11:01[ERROR] Formatter 'ruff_format' error: error: Failed to parse docling_test.py:122:92: Expected an expression

2025-02-11 19:44:51[ERROR] Formatter 'black' error: error: cannot format /Users/tamjid/src/front-porch/front_porch/modules/expenses/internals/onboarded_corporate_advance_balances/onboarded_corporate_advance_balances_db.py: Cannot parse for target version Python 3.10: 34:0:        onboarding_datetime: str

2025-02-11 19:52:09[ERROR] Formatter 'black' error: error: cannot format /Users/tamjid/src/front-porch/front_porch/modules/expenses/internals/onboarded_corporate_advance_balances/onboarded_corporate_advance_balances_db.py: Cannot parse for target version Python 3.10: 28:8:         primary_key=True,

2025-02-13 20:22:58[ERROR] Formatter 'ruff_format' error: error: Failed to parse front_porch/modules/claims/internals/claims_funds_reconciliation/claim_funds_reconciliation_db.py:30:1: unindent does not match any outer indentation level

2025-02-13 20:23:18[ERROR] Formatter 'ruff_format' error: error: Failed to parse front_porch/modules/claims/internals/claims_funds_reconciliation/claim_funds_reconciliation_db.py:30:1: unindent does not match any outer indentation level

2025-02-13 20:27:46[ERROR] Formatter 'ruff_format' error: error: Failed to parse front_porch/modules/claims/internals/claim_payments/claim_payment_utils.py:18:1: unexpected EOF while parsing

2025-02-13 21:01:25[ERROR] Formatter 'ruff_format' error: error: Failed to parse front_porch/modules/claims/internals/claims_funds_reconciliation/claim_funds_reconciliation_reader.py:65:45: Expected ':', found 'not'

2025-02-13 21:03:10[ERROR] Formatter 'ruff_format' error: error: Failed to parse front_porch/modules/claims/internals/claims_funds_reconciliation/claim_funds_reconciliation_reader.py:65:45: Expected ':', found 'not'

2025-02-13 21:03:19[ERROR] Formatter 'ruff_format' error: error: Failed to parse front_porch/modules/claims/internals/claims_funds_reconciliation/claim_funds_reconciliation_reader.py:65:45: Expected ':', found 'not'

2025-02-18 12:01:24[ERROR] Formatter 'ruff_format' error: error: Failed to parse front_porch/modules/invoices/internals/invoice_payments/invoice_payment.py:289:119: Expected ':', found newline

2025-02-18 12:58:45[ERROR] Formatter 'ruff_format' error: error: Failed to parse front_porch/modules/invoices/internals/invoice_payments/invoice_payment_state_machine.py:58:9: Expected a statement

2025-02-18 14:49:09[ERROR] Formatter 'ruff_format' error: error: Failed to parse front_porch/modules/invoices/tests/test_invoice_service.py:610:5: Expected an indented block after function definition

2025-02-18 14:50:23[ERROR] Formatter 'ruff_format' error: error: Failed to parse front_porch/modules/invoices/tests/test_invoice_service.py:610:5: Expected an indented block after function definition

2025-02-18 14:50:24[ERROR] Formatter 'ruff_format' error: error: Failed to parse front_porch/modules/invoices/tests/test_invoice_service.py:610:5: Expected an indented block after function definition

2025-02-21 10:20:54[ERROR] Formatter 'ruff_format' error: error: Failed to parse front_porch/modules/expenses/tools/delete_reversed_escrow_advance_reimbursement_advances.py:137:9: Expected an expression

2025-02-21 10:21:03[ERROR] Formatter 'ruff_format' error: error: Failed to parse front_porch/modules/expenses/tools/delete_reversed_escrow_advance_reimbursement_advances.py:137:9: Expected an expression

2025-02-21 10:23:27[ERROR] Formatter 'ruff_format' error: error: Failed to parse front_porch/modules/expenses/tools/delete_reversed_escrow_advance_reimbursement_advances.py:123:9: Expected an expression

2025-02-21 10:25:35[ERROR] Formatter 'ruff_format' error: error: Failed to parse front_porch/modules/expenses/tools/delete_reversed_escrow_advance_reimbursement_advances.py:125:9: Expected an identifier

2025-02-21 10:26:38[ERROR] Formatter 'ruff_format' error: error: Failed to parse front_porch/modules/expenses/tools/delete_reversed_escrow_advance_reimbursement_advances.py:128:9: Expected an identifier

2025-02-21 10:26:54[ERROR] Formatter 'ruff_format' error: error: Failed to parse front_porch/modules/expenses/tools/delete_reversed_escrow_advance_reimbursement_advances.py:133:9: Expected an identifier

2025-02-21 10:32:49[ERROR] Formatter 'ruff_format' error: error: Failed to parse front_porch/modules/expenses/tools/delete_reversed_escrow_advance_reimbursement_advances.py:137:9: Expected an identifier

2025-02-21 10:33:22[ERROR] Formatter 'ruff_format' error: error: Failed to parse front_porch/modules/expenses/tools/delete_reversed_escrow_advance_reimbursement_advances.py:137:9: Expected an identifier

2025-02-21 10:33:33[ERROR] Formatter 'ruff_format' error: error: Failed to parse front_porch/modules/expenses/tools/delete_reversed_escrow_advance_reimbursement_advances.py:137:9: Expected an identifier

2025-02-21 10:37:33[ERROR] Formatter 'ruff_format' error: error: Failed to parse front_porch/modules/expenses/tools/delete_reversed_escrow_advance_reimbursement_advances.py:118:28: Expected ':', found '='

2025-02-21 10:37:54[ERROR] Formatter 'ruff_format' error: error: Failed to parse front_porch/modules/expenses/tools/delete_reversed_escrow_advance_reimbursement_advances.py:119:28: Expected ':', found '='

2025-02-21 10:38:28[ERROR] Formatter 'ruff_format' error: error: Failed to parse front_porch/modules/expenses/tools/delete_reversed_escrow_advance_reimbursement_advances.py:118:28: Expected ':', found '='

2025-02-21 10:38:53[ERROR] Formatter 'ruff_format' error: error: Failed to parse front_porch/modules/expenses/tools/delete_reversed_escrow_advance_reimbursement_advances.py:116:28: Expected ':', found '='

2025-02-21 10:41:08[ERROR] Formatter 'ruff_format' error: error: Failed to parse front_porch/modules/expenses/tools/delete_reversed_escrow_advance_reimbursement_advances.py:156:9: Expected an identifier

2025-02-21 10:41:49[ERROR] Formatter 'ruff_format' error: error: Failed to parse front_porch/modules/expenses/tools/delete_reversed_escrow_advance_reimbursement_advances.py:157:9: Expected an identifier

2025-02-21 10:42:10[ERROR] Formatter 'ruff_format' error: error: Failed to parse front_porch/modules/expenses/tools/delete_reversed_escrow_advance_reimbursement_advances.py:157:9: Expected an identifier

2025-02-21 10:42:33[ERROR] Formatter 'ruff_format' error: error: Failed to parse front_porch/modules/expenses/tools/delete_reversed_escrow_advance_reimbursement_advances.py:158:9: Expected an identifier

2025-02-21 10:44:51[ERROR] Formatter 'ruff_format' error: error: Failed to parse front_porch/modules/expenses/tools/delete_reversed_escrow_advance_reimbursement_advances.py:155:9: Expected an identifier

2025-02-21 10:45:06[ERROR] Formatter 'ruff_format' error: error: Failed to parse front_porch/modules/expenses/tools/delete_reversed_escrow_advance_reimbursement_advances.py:159:9: Expected an identifier

2025-02-21 10:45:34[ERROR] Formatter 'ruff_format' error: error: Failed to parse front_porch/modules/expenses/tools/delete_reversed_escrow_advance_reimbursement_advances.py:159:9: Expected an identifier

2025-02-21 10:45:40[ERROR] Formatter 'ruff_format' error: error: Failed to parse front_porch/modules/expenses/tools/delete_reversed_escrow_advance_reimbursement_advances.py:159:9: Expected an identifier

2025-02-21 10:47:43[ERROR] Formatter 'ruff_format' error: error: Failed to parse front_porch/modules/expenses/tools/delete_reversed_escrow_advance_reimbursement_advances.py:87:5: Expected an indented block after function definition

2025-02-21 10:48:21[ERROR] Formatter 'ruff_format' error: error: Failed to parse front_porch/modules/expenses/tools/delete_reversed_escrow_advance_reimbursement_advances.py:171:9: Expected an identifier

2025-02-21 10:56:12[ERROR] Formatter 'ruff_format' error: error: Failed to parse front_porch/modules/expenses/tools/delete_reversed_escrow_advance_reimbursement_advances.py:187:9: Expected an identifier

2025-02-21 11:02:34[ERROR] Formatter 'ruff_format' error: error: Failed to parse front_porch/modules/expenses/tools/delete_reversed_escrow_advance_reimbursement_advances.py:120:138: Expected 'else', found ']'

2025-02-21 11:02:41[ERROR] Formatter 'ruff_format' error: error: Failed to parse front_porch/modules/expenses/tools/delete_reversed_escrow_advance_reimbursement_advances.py:120:138: Expected 'else', found ']'

2025-02-21 11:02:51[ERROR] Formatter 'ruff_format' error: error: Failed to parse front_porch/modules/expenses/tools/delete_reversed_escrow_advance_reimbursement_advances.py:111:126: Expected 'else', found ']'

2025-02-21 11:03:11[ERROR] Formatter 'ruff_format' error: error: Failed to parse front_porch/modules/expenses/tools/delete_reversed_escrow_advance_reimbursement_advances.py:216:9: Expected an identifier

2025-02-21 11:10:45[ERROR] Formatter 'ruff_format' error: error: Failed to parse front_porch/modules/expenses/tools/delete_reversed_escrow_advance_reimbursement_advances.py:231:9: Expected an identifier

2025-02-21 11:14:23[ERROR] Formatter 'ruff_format' error: error: Failed to parse front_porch/modules/expenses/tools/delete_reversed_escrow_advance_reimbursement_advances.py:228:9: Expected an identifier

2025-02-21 11:15:37[ERROR] Formatter 'ruff_format' error: error: Failed to parse front_porch/modules/expenses/tools/delete_reversed_escrow_advance_reimbursement_advances.py:228:9: Expected an identifier

2025-02-21 11:18:38[ERROR] Formatter 'ruff_format' error: error: Failed to parse front_porch/modules/expenses/tools/delete_reversed_escrow_advance_reimbursement_advances.py:235:9: Expected an identifier

2025-02-21 11:18:50[ERROR] Formatter 'ruff_format' error: error: Failed to parse front_porch/modules/expenses/tools/delete_reversed_escrow_advance_reimbursement_advances.py:235:9: Expected an identifier

2025-02-21 11:19:04[ERROR] Formatter 'ruff_format' error: error: Failed to parse front_porch/modules/expenses/tools/delete_reversed_escrow_advance_reimbursement_advances.py:235:9: Expected an identifier

2025-02-21 11:50:36[ERROR] Formatter 'ruff_format' error: error: Failed to parse front_porch/modules/expenses/tools/delete_reversed_escrow_advance_reimbursement_advances.py:244:17: Expected ',', found name

2025-02-21 13:19:27[ERROR] Formatter 'ruff_format' error: error: Failed to parse front_porch/modules/expenses/tools/delete_reversed_escrow_advance_reimbursement_advances.py:205:40: Expected a statement

2025-02-21 13:21:27[ERROR] Formatter 'ruff_format' error: error: Failed to parse front_porch/modules/expenses/tools/delete_reversed_escrow_advance_reimbursement_advances.py:218:105: missing closing quote in string literal

2025-02-21 18:24:38[ERROR] Formatter 'ruff_format' error: error: Failed to parse front_porch/modules/expense_reimbursements/deprecated/tools/delete_reversed_escrow_advance_reimbursement_advances.py:74:26: Expected an identifier

2025-02-21 18:24:45[ERROR] Formatter 'ruff_format' error: error: Failed to parse front_porch/modules/expense_reimbursements/deprecated/tools/delete_reversed_escrow_advance_reimbursement_advances.py:74:26: Expected an identifier

2025-02-21 18:25:47[ERROR] Formatter 'ruff_format' error: error: Failed to parse front_porch/modules/expenses/tools/delete_reversed_escrow_advance_reimbursement_advances.py:74:26: Expected an identifier

2025-02-21 18:25:52[ERROR] Formatter 'ruff_format' error: error: Failed to parse front_porch/modules/expenses/tools/delete_reversed_escrow_advance_reimbursement_advances.py:74:26: Expected an identifier

2025-02-21 21:08:34[ERROR] Formatter 'black' error: error: cannot format /Users/tamjid/src/front-porch/front_porch/modules/expense_reimbursements/deprecated/tools/backfill_loan_ledger_for_reversed_escrow_advance_reimbursements.py: '\x04rom'

2025-02-22 10:54:35[ERROR] Formatter 'prettier' error: [error] /Users/tamjid/src/dotfiles/.config/nvim/lazy-lock.json: SyntaxError: Unexpected token, expected "," (58:3)
[error]   56 |   "vimux": { "branch": "master", "commit": "7db6b2f79d432ee3820668b1d4625311dbe1d0ad" },
[error]   57 |   "which-key.nvim": { "branch": "main", "commit": "68e37e12913a66b60073906f5d3f14dee0de19f2" }
[error] > 58 |   "LazyVim": { "branch": "main", "commit": "3f034d0a7f58031123300309f2efd3bb0356ee21" },
[error]      |   ^
[error]   59 |   "SchemaStore.nvim": { "branch": "main", "commit": "a64ba19b783af4c58c53dd2fb59cd71f98085f3e" },
[error]   60 |   "avante.nvim": { "branch": "main", "commit": "b04bffa4412a4739d89049891e3add288d2cbb22" },
[error]   61 |   "blink.cmp": { "branch": "main", "commit": "18b352d12b35bca148427b607098df14b75a218f" },

