[ERROR Tue Nov 19 21:12:51 2024] ...m/lazy/mason-lspconfig.nvim/lua/mason-lspconfig/init.lua:33: Failed to set up lspconfig integration. ...ig.nvim/lua/mason-lspconfig/server_config_extensions.lua:4: module 'lspconfig.server_configurations.omnisharp' not found:
	no field package.preload['lspconfig.server_configurations.omnisharp']
cache_loader: module lspconfig.server_configurations.omnisharp not found
cache_loader_lib: module lspconfig.server_configurations.omnisharp not found
	no file './lspconfig/server_configurations/omnisharp.lua'
	no file '/opt/homebrew/share/luajit-2.1/lspconfig/server_configurations/omnisharp.lua'
	no file '/usr/local/share/lua/5.1/lspconfig/server_configurations/omnisharp.lua'
	no file '/usr/local/share/lua/5.1/lspconfig/server_configurations/omnisharp/init.lua'
	no file '/opt/homebrew/share/lua/5.1/lspconfig/server_configurations/omnisharp.lua'
	no file '/opt/homebrew/share/lua/5.1/lspconfig/server_configurations/omnisharp/init.lua'
	no file '/Users/tamjid/.local/share/nvim/lazy-rocks/telescope.nvim/share/lua/5.1/lspconfig/server_configurations/omnisharp.lua'
	no file '/Users/tamjid/.local/share/nvim/lazy-rocks/telescope.nvim/share/lua/5.1/lspconfig/server_configurations/omnisharp/init.lua'
	no file './lspconfig/server_configurations/omnisharp.so'
	no file '/usr/local/lib/lua/5.1/lspconfig/server_configurations/omnisharp.so'
	no file '/opt/homebrew/lib/lua/5.1/lspconfig/server_configurations/omnisharp.so'
	no file '/usr/local/lib/lua/5.1/loadall.so'
	no file '/Users/tamjid/.local/share/nvim/lazy-rocks/telescope.nvim/lib/lua/5.1/lspconfig/server_configurations/omnisharp.so'
	no file '/Users/tamjid/.local/share/nvim/lazy-rocks/telescope.nvim/lib64/lua/5.1/lspconfig/server_configurations/omnisharp.so'
	no file './lspconfig.so'
	no file '/usr/local/lib/lua/5.1/lspconfig.so'
	no file '/opt/homebrew/lib/lua/5.1/lspconfig.so'
	no file '/usr/local/lib/lua/5.1/loadall.so'
	no file '/Users/tamjid/.local/share/nvim/lazy-rocks/telescope.nvim/lib/lua/5.1/lspconfig.so'
	no file '/Users/tamjid/.local/share/nvim/lazy-rocks/telescope.nvim/lib64/lua/5.1/lspconfig.so'
[INFO  Tue Nov 19 21:12:57 2024] ...e/nvim/lazy/mason.nvim/lua/mason-core/installer/init.lua:184: Executing installer for Package(name=html-lsp) {}
[INFO  Tue Nov 19 21:12:57 2024] ...e/nvim/lazy/mason.nvim/lua/mason-core/installer/init.lua:184: Executing installer for Package(name=css-lsp) {}
[INFO  Tue Nov 19 21:12:57 2024] ...e/nvim/lazy/mason.nvim/lua/mason-core/installer/init.lua:184: Executing installer for Package(name=tailwindcss-language-server) {}
[INFO  Tue Nov 19 21:12:57 2024] ...e/nvim/lazy/mason.nvim/lua/mason-core/installer/init.lua:184: Executing installer for Package(name=lua-language-server) {}
[INFO  Tue Nov 19 21:12:58 2024] ...e/nvim/lazy/mason.nvim/lua/mason-core/installer/init.lua:184: Executing installer for Package(name=graphql-language-service-cli) {}
[INFO  Tue Nov 19 21:12:58 2024] ...e/nvim/lazy/mason.nvim/lua/mason-core/installer/init.lua:245: Installation succeeded for Package(name=lua-language-server)
[INFO  Tue Nov 19 21:12:59 2024] ...e/nvim/lazy/mason.nvim/lua/mason-core/installer/init.lua:184: Executing installer for Package(name=emmet-ls) {}
[INFO  Tue Nov 19 21:12:59 2024] ...e/nvim/lazy/mason.nvim/lua/mason-core/installer/init.lua:245: Installation succeeded for Package(name=tailwindcss-language-server)
[INFO  Tue Nov 19 21:13:01 2024] ...e/nvim/lazy/mason.nvim/lua/mason-core/installer/init.lua:184: Executing installer for Package(name=prisma-language-server) {}
[INFO  Tue Nov 19 21:13:01 2024] ...e/nvim/lazy/mason.nvim/lua/mason-core/installer/init.lua:245: Installation succeeded for Package(name=html-lsp)
[INFO  Tue Nov 19 21:13:01 2024] ...e/nvim/lazy/mason.nvim/lua/mason-core/installer/init.lua:184: Executing installer for Package(name=prettier) {}
[INFO  Tue Nov 19 21:13:01 2024] ...e/nvim/lazy/mason.nvim/lua/mason-core/installer/init.lua:245: Installation succeeded for Package(name=css-lsp)
[INFO  Tue Nov 19 21:13:02 2024] ...e/nvim/lazy/mason.nvim/lua/mason-core/installer/init.lua:184: Executing installer for Package(name=stylua) {}
[INFO  Tue Nov 19 21:13:02 2024] ...e/nvim/lazy/mason.nvim/lua/mason-core/installer/init.lua:245: Installation succeeded for Package(name=prettier)
[INFO  Tue Nov 19 21:13:02 2024] ...e/nvim/lazy/mason.nvim/lua/mason-core/installer/init.lua:184: Executing installer for Package(name=isort) {}
[INFO  Tue Nov 19 21:13:02 2024] ...e/nvim/lazy/mason.nvim/lua/mason-core/installer/init.lua:245: Installation succeeded for Package(name=emmet-ls)
[INFO  Tue Nov 19 21:13:02 2024] ...e/nvim/lazy/mason.nvim/lua/mason-core/installer/init.lua:184: Executing installer for Package(name=black) {}
[INFO  Tue Nov 19 21:13:02 2024] ...e/nvim/lazy/mason.nvim/lua/mason-core/installer/init.lua:245: Installation succeeded for Package(name=stylua)
[INFO  Tue Nov 19 21:13:03 2024] ...e/nvim/lazy/mason.nvim/lua/mason-core/installer/init.lua:184: Executing installer for Package(name=eslint_d) {}
[INFO  Tue Nov 19 21:13:03 2024] ...e/nvim/lazy/mason.nvim/lua/mason-core/installer/init.lua:245: Installation succeeded for Package(name=prisma-language-server)
[INFO  Tue Nov 19 21:13:04 2024] ...e/nvim/lazy/mason.nvim/lua/mason-core/installer/init.lua:245: Installation succeeded for Package(name=isort)
[INFO  Tue Nov 19 21:13:05 2024] ...e/nvim/lazy/mason.nvim/lua/mason-core/installer/init.lua:245: Installation succeeded for Package(name=black)
[INFO  Tue Nov 19 21:13:05 2024] ...e/nvim/lazy/mason.nvim/lua/mason-core/installer/init.lua:245: Installation succeeded for Package(name=eslint_d)
[INFO  Tue Nov 19 21:13:06 2024] ...e/nvim/lazy/mason.nvim/lua/mason-core/installer/init.lua:245: Installation succeeded for Package(name=graphql-language-service-cli)
[ERROR Tue Nov 19 21:19:34 2024] ...m/lazy/mason-lspconfig.nvim/lua/mason-lspconfig/init.lua:33: Failed to set up lspconfig integration. ...ig.nvim/lua/mason-lspconfig/server_config_extensions.lua:4: module 'lspconfig.server_configurations.omnisharp' not found:
	no field package.preload['lspconfig.server_configurations.omnisharp']
cache_loader: module lspconfig.server_configurations.omnisharp not found
cache_loader_lib: module lspconfig.server_configurations.omnisharp not found
	no file './lspconfig/server_configurations/omnisharp.lua'
	no file '/opt/homebrew/share/luajit-2.1/lspconfig/server_configurations/omnisharp.lua'
	no file '/usr/local/share/lua/5.1/lspconfig/server_configurations/omnisharp.lua'
	no file '/usr/local/share/lua/5.1/lspconfig/server_configurations/omnisharp/init.lua'
	no file '/opt/homebrew/share/lua/5.1/lspconfig/server_configurations/omnisharp.lua'
	no file '/opt/homebrew/share/lua/5.1/lspconfig/server_configurations/omnisharp/init.lua'
	no file '/Users/tamjid/.local/share/nvim/lazy-rocks/telescope.nvim/share/lua/5.1/lspconfig/server_configurations/omnisharp.lua'
	no file '/Users/tamjid/.local/share/nvim/lazy-rocks/telescope.nvim/share/lua/5.1/lspconfig/server_configurations/omnisharp/init.lua'
	no file './lspconfig/server_configurations/omnisharp.so'
	no file '/usr/local/lib/lua/5.1/lspconfig/server_configurations/omnisharp.so'
	no file '/opt/homebrew/lib/lua/5.1/lspconfig/server_configurations/omnisharp.so'
	no file '/usr/local/lib/lua/5.1/loadall.so'
	no file '/Users/tamjid/.local/share/nvim/lazy-rocks/telescope.nvim/lib/lua/5.1/lspconfig/server_configurations/omnisharp.so'
	no file '/Users/tamjid/.local/share/nvim/lazy-rocks/telescope.nvim/lib64/lua/5.1/lspconfig/server_configurations/omnisharp.so'
	no file './lspconfig.so'
	no file '/usr/local/lib/lua/5.1/lspconfig.so'
	no file '/opt/homebrew/lib/lua/5.1/lspconfig.so'
	no file '/usr/local/lib/lua/5.1/loadall.so'
	no file '/Users/tamjid/.local/share/nvim/lazy-rocks/telescope.nvim/lib/lua/5.1/lspconfig.so'
	no file '/Users/tamjid/.local/share/nvim/lazy-rocks/telescope.nvim/lib64/lua/5.1/lspconfig.so'
[ERROR Tue Nov 19 21:21:31 2024] ...m/lazy/mason-lspconfig.nvim/lua/mason-lspconfig/init.lua:33: Failed to set up lspconfig integration. ...ig.nvim/lua/mason-lspconfig/server_config_extensions.lua:4: module 'lspconfig.server_configurations.omnisharp' not found:
	no field package.preload['lspconfig.server_configurations.omnisharp']
cache_loader: module lspconfig.server_configurations.omnisharp not found
cache_loader_lib: module lspconfig.server_configurations.omnisharp not found
	no file './lspconfig/server_configurations/omnisharp.lua'
	no file '/opt/homebrew/share/luajit-2.1/lspconfig/server_configurations/omnisharp.lua'
	no file '/usr/local/share/lua/5.1/lspconfig/server_configurations/omnisharp.lua'
	no file '/usr/local/share/lua/5.1/lspconfig/server_configurations/omnisharp/init.lua'
	no file '/opt/homebrew/share/lua/5.1/lspconfig/server_configurations/omnisharp.lua'
	no file '/opt/homebrew/share/lua/5.1/lspconfig/server_configurations/omnisharp/init.lua'
	no file '/Users/tamjid/.local/share/nvim/lazy-rocks/telescope.nvim/share/lua/5.1/lspconfig/server_configurations/omnisharp.lua'
	no file '/Users/tamjid/.local/share/nvim/lazy-rocks/telescope.nvim/share/lua/5.1/lspconfig/server_configurations/omnisharp/init.lua'
	no file './lspconfig/server_configurations/omnisharp.so'
	no file '/usr/local/lib/lua/5.1/lspconfig/server_configurations/omnisharp.so'
	no file '/opt/homebrew/lib/lua/5.1/lspconfig/server_configurations/omnisharp.so'
	no file '/usr/local/lib/lua/5.1/loadall.so'
	no file '/Users/tamjid/.local/share/nvim/lazy-rocks/telescope.nvim/lib/lua/5.1/lspconfig/server_configurations/omnisharp.so'
	no file '/Users/tamjid/.local/share/nvim/lazy-rocks/telescope.nvim/lib64/lua/5.1/lspconfig/server_configurations/omnisharp.so'
	no file './lspconfig.so'
	no file '/usr/local/lib/lua/5.1/lspconfig.so'
	no file '/opt/homebrew/lib/lua/5.1/lspconfig.so'
	no file '/usr/local/lib/lua/5.1/loadall.so'
	no file '/Users/tamjid/.local/share/nvim/lazy-rocks/telescope.nvim/lib/lua/5.1/lspconfig.so'
	no file '/Users/tamjid/.local/share/nvim/lazy-rocks/telescope.nvim/lib64/lua/5.1/lspconfig.so'
[ERROR Tue Nov 19 21:22:49 2024] ...m/lazy/mason-lspconfig.nvim/lua/mason-lspconfig/init.lua:33: Failed to set up lspconfig integration. ...ig.nvim/lua/mason-lspconfig/server_config_extensions.lua:4: module 'lspconfig.server_configurations.omnisharp' not found:
	no field package.preload['lspconfig.server_configurations.omnisharp']
cache_loader: module lspconfig.server_configurations.omnisharp not found
cache_loader_lib: module lspconfig.server_configurations.omnisharp not found
	no file './lspconfig/server_configurations/omnisharp.lua'
	no file '/opt/homebrew/share/luajit-2.1/lspconfig/server_configurations/omnisharp.lua'
	no file '/usr/local/share/lua/5.1/lspconfig/server_configurations/omnisharp.lua'
	no file '/usr/local/share/lua/5.1/lspconfig/server_configurations/omnisharp/init.lua'
	no file '/opt/homebrew/share/lua/5.1/lspconfig/server_configurations/omnisharp.lua'
	no file '/opt/homebrew/share/lua/5.1/lspconfig/server_configurations/omnisharp/init.lua'
	no file '/Users/tamjid/.local/share/nvim/lazy-rocks/telescope.nvim/share/lua/5.1/lspconfig/server_configurations/omnisharp.lua'
	no file '/Users/tamjid/.local/share/nvim/lazy-rocks/telescope.nvim/share/lua/5.1/lspconfig/server_configurations/omnisharp/init.lua'
	no file './lspconfig/server_configurations/omnisharp.so'
	no file '/usr/local/lib/lua/5.1/lspconfig/server_configurations/omnisharp.so'
	no file '/opt/homebrew/lib/lua/5.1/lspconfig/server_configurations/omnisharp.so'
	no file '/usr/local/lib/lua/5.1/loadall.so'
	no file '/Users/tamjid/.local/share/nvim/lazy-rocks/telescope.nvim/lib/lua/5.1/lspconfig/server_configurations/omnisharp.so'
	no file '/Users/tamjid/.local/share/nvim/lazy-rocks/telescope.nvim/lib64/lua/5.1/lspconfig/server_configurations/omnisharp.so'
	no file './lspconfig.so'
	no file '/usr/local/lib/lua/5.1/lspconfig.so'
	no file '/opt/homebrew/lib/lua/5.1/lspconfig.so'
	no file '/usr/local/lib/lua/5.1/loadall.so'
	no file '/Users/tamjid/.local/share/nvim/lazy-rocks/telescope.nvim/lib/lua/5.1/lspconfig.so'
	no file '/Users/tamjid/.local/share/nvim/lazy-rocks/telescope.nvim/lib64/lua/5.1/lspconfig.so'
[ERROR Tue Nov 19 21:28:10 2024] ...m/lazy/mason-lspconfig.nvim/lua/mason-lspconfig/init.lua:33: Failed to set up lspconfig integration. ...ig.nvim/lua/mason-lspconfig/server_config_extensions.lua:4: module 'lspconfig.server_configurations.omnisharp' not found:
	no field package.preload['lspconfig.server_configurations.omnisharp']
cache_loader: module lspconfig.server_configurations.omnisharp not found
cache_loader_lib: module lspconfig.server_configurations.omnisharp not found
	no file './lspconfig/server_configurations/omnisharp.lua'
	no file '/opt/homebrew/share/luajit-2.1/lspconfig/server_configurations/omnisharp.lua'
	no file '/usr/local/share/lua/5.1/lspconfig/server_configurations/omnisharp.lua'
	no file '/usr/local/share/lua/5.1/lspconfig/server_configurations/omnisharp/init.lua'
	no file '/opt/homebrew/share/lua/5.1/lspconfig/server_configurations/omnisharp.lua'
	no file '/opt/homebrew/share/lua/5.1/lspconfig/server_configurations/omnisharp/init.lua'
	no file '/Users/tamjid/.local/share/nvim/lazy-rocks/telescope.nvim/share/lua/5.1/lspconfig/server_configurations/omnisharp.lua'
	no file '/Users/tamjid/.local/share/nvim/lazy-rocks/telescope.nvim/share/lua/5.1/lspconfig/server_configurations/omnisharp/init.lua'
	no file './lspconfig/server_configurations/omnisharp.so'
	no file '/usr/local/lib/lua/5.1/lspconfig/server_configurations/omnisharp.so'
	no file '/opt/homebrew/lib/lua/5.1/lspconfig/server_configurations/omnisharp.so'
	no file '/usr/local/lib/lua/5.1/loadall.so'
	no file '/Users/tamjid/.local/share/nvim/lazy-rocks/telescope.nvim/lib/lua/5.1/lspconfig/server_configurations/omnisharp.so'
	no file '/Users/tamjid/.local/share/nvim/lazy-rocks/telescope.nvim/lib64/lua/5.1/lspconfig/server_configurations/omnisharp.so'
	no file './lspconfig.so'
	no file '/usr/local/lib/lua/5.1/lspconfig.so'
	no file '/opt/homebrew/lib/lua/5.1/lspconfig.so'
	no file '/usr/local/lib/lua/5.1/loadall.so'
	no file '/Users/tamjid/.local/share/nvim/lazy-rocks/telescope.nvim/lib/lua/5.1/lspconfig.so'
	no file '/Users/tamjid/.local/share/nvim/lazy-rocks/telescope.nvim/lib64/lua/5.1/lspconfig.so'
[ERROR Tue Nov 19 21:28:56 2024] ...m/lazy/mason-lspconfig.nvim/lua/mason-lspconfig/init.lua:33: Failed to set up lspconfig integration. ...ig.nvim/lua/mason-lspconfig/server_config_extensions.lua:4: module 'lspconfig.server_configurations.omnisharp' not found:
	no field package.preload['lspconfig.server_configurations.omnisharp']
cache_loader: module lspconfig.server_configurations.omnisharp not found
cache_loader_lib: module lspconfig.server_configurations.omnisharp not found
	no file './lspconfig/server_configurations/omnisharp.lua'
	no file '/opt/homebrew/share/luajit-2.1/lspconfig/server_configurations/omnisharp.lua'
	no file '/usr/local/share/lua/5.1/lspconfig/server_configurations/omnisharp.lua'
	no file '/usr/local/share/lua/5.1/lspconfig/server_configurations/omnisharp/init.lua'
	no file '/opt/homebrew/share/lua/5.1/lspconfig/server_configurations/omnisharp.lua'
	no file '/opt/homebrew/share/lua/5.1/lspconfig/server_configurations/omnisharp/init.lua'
	no file '/Users/tamjid/.local/share/nvim/lazy-rocks/telescope.nvim/share/lua/5.1/lspconfig/server_configurations/omnisharp.lua'
	no file '/Users/tamjid/.local/share/nvim/lazy-rocks/telescope.nvim/share/lua/5.1/lspconfig/server_configurations/omnisharp/init.lua'
	no file './lspconfig/server_configurations/omnisharp.so'
	no file '/usr/local/lib/lua/5.1/lspconfig/server_configurations/omnisharp.so'
	no file '/opt/homebrew/lib/lua/5.1/lspconfig/server_configurations/omnisharp.so'
	no file '/usr/local/lib/lua/5.1/loadall.so'
	no file '/Users/tamjid/.local/share/nvim/lazy-rocks/telescope.nvim/lib/lua/5.1/lspconfig/server_configurations/omnisharp.so'
	no file '/Users/tamjid/.local/share/nvim/lazy-rocks/telescope.nvim/lib64/lua/5.1/lspconfig/server_configurations/omnisharp.so'
	no file './lspconfig.so'
	no file '/usr/local/lib/lua/5.1/lspconfig.so'
	no file '/opt/homebrew/lib/lua/5.1/lspconfig.so'
	no file '/usr/local/lib/lua/5.1/loadall.so'
	no file '/Users/tamjid/.local/share/nvim/lazy-rocks/telescope.nvim/lib/lua/5.1/lspconfig.so'
	no file '/Users/tamjid/.local/share/nvim/lazy-rocks/telescope.nvim/lib64/lua/5.1/lspconfig.so'
[ERROR Tue Nov 19 21:29:19 2024] ...m/lazy/mason-lspconfig.nvim/lua/mason-lspconfig/init.lua:33: Failed to set up lspconfig integration. ...ig.nvim/lua/mason-lspconfig/server_config_extensions.lua:4: module 'lspconfig.server_configurations.omnisharp' not found:
	no field package.preload['lspconfig.server_configurations.omnisharp']
cache_loader: module lspconfig.server_configurations.omnisharp not found
cache_loader_lib: module lspconfig.server_configurations.omnisharp not found
	no file './lspconfig/server_configurations/omnisharp.lua'
	no file '/opt/homebrew/share/luajit-2.1/lspconfig/server_configurations/omnisharp.lua'
	no file '/usr/local/share/lua/5.1/lspconfig/server_configurations/omnisharp.lua'
	no file '/usr/local/share/lua/5.1/lspconfig/server_configurations/omnisharp/init.lua'
	no file '/opt/homebrew/share/lua/5.1/lspconfig/server_configurations/omnisharp.lua'
	no file '/opt/homebrew/share/lua/5.1/lspconfig/server_configurations/omnisharp/init.lua'
	no file './lspconfig/server_configurations/omnisharp.so'
	no file '/usr/local/lib/lua/5.1/lspconfig/server_configurations/omnisharp.so'
	no file '/opt/homebrew/lib/lua/5.1/lspconfig/server_configurations/omnisharp.so'
	no file '/usr/local/lib/lua/5.1/loadall.so'
	no file './lspconfig.so'
	no file '/usr/local/lib/lua/5.1/lspconfig.so'
	no file '/opt/homebrew/lib/lua/5.1/lspconfig.so'
	no file '/usr/local/lib/lua/5.1/loadall.so'
[ERROR Tue Nov 19 21:32:19 2024] ...m/lazy/mason-lspconfig.nvim/lua/mason-lspconfig/init.lua:33: Failed to set up lspconfig integration. ...ig.nvim/lua/mason-lspconfig/server_config_extensions.lua:4: module 'lspconfig.server_configurations.omnisharp' not found:
	no field package.preload['lspconfig.server_configurations.omnisharp']
cache_loader: module lspconfig.server_configurations.omnisharp not found
cache_loader_lib: module lspconfig.server_configurations.omnisharp not found
	no file './lspconfig/server_configurations/omnisharp.lua'
	no file '/opt/homebrew/share/luajit-2.1/lspconfig/server_configurations/omnisharp.lua'
	no file '/usr/local/share/lua/5.1/lspconfig/server_configurations/omnisharp.lua'
	no file '/usr/local/share/lua/5.1/lspconfig/server_configurations/omnisharp/init.lua'
	no file '/opt/homebrew/share/lua/5.1/lspconfig/server_configurations/omnisharp.lua'
	no file '/opt/homebrew/share/lua/5.1/lspconfig/server_configurations/omnisharp/init.lua'
	no file '/Users/tamjid/.local/share/nvim/lazy-rocks/telescope.nvim/share/lua/5.1/lspconfig/server_configurations/omnisharp.lua'
	no file '/Users/tamjid/.local/share/nvim/lazy-rocks/telescope.nvim/share/lua/5.1/lspconfig/server_configurations/omnisharp/init.lua'
	no file './lspconfig/server_configurations/omnisharp.so'
	no file '/usr/local/lib/lua/5.1/lspconfig/server_configurations/omnisharp.so'
	no file '/opt/homebrew/lib/lua/5.1/lspconfig/server_configurations/omnisharp.so'
	no file '/usr/local/lib/lua/5.1/loadall.so'
	no file '/Users/tamjid/.local/share/nvim/lazy-rocks/telescope.nvim/lib/lua/5.1/lspconfig/server_configurations/omnisharp.so'
	no file '/Users/tamjid/.local/share/nvim/lazy-rocks/telescope.nvim/lib64/lua/5.1/lspconfig/server_configurations/omnisharp.so'
	no file './lspconfig.so'
	no file '/usr/local/lib/lua/5.1/lspconfig.so'
	no file '/opt/homebrew/lib/lua/5.1/lspconfig.so'
	no file '/usr/local/lib/lua/5.1/loadall.so'
	no file '/Users/tamjid/.local/share/nvim/lazy-rocks/telescope.nvim/lib/lua/5.1/lspconfig.so'
	no file '/Users/tamjid/.local/share/nvim/lazy-rocks/telescope.nvim/lib64/lua/5.1/lspconfig.so'
[ERROR Tue Nov 19 21:34:40 2024] ...m/lazy/mason-lspconfig.nvim/lua/mason-lspconfig/init.lua:33: Failed to set up lspconfig integration. ...ig.nvim/lua/mason-lspconfig/server_config_extensions.lua:4: module 'lspconfig.server_configurations.omnisharp' not found:
	no field package.preload['lspconfig.server_configurations.omnisharp']
cache_loader: module lspconfig.server_configurations.omnisharp not found
cache_loader_lib: module lspconfig.server_configurations.omnisharp not found
	no file './lspconfig/server_configurations/omnisharp.lua'
	no file '/opt/homebrew/share/luajit-2.1/lspconfig/server_configurations/omnisharp.lua'
	no file '/usr/local/share/lua/5.1/lspconfig/server_configurations/omnisharp.lua'
	no file '/usr/local/share/lua/5.1/lspconfig/server_configurations/omnisharp/init.lua'
	no file '/opt/homebrew/share/lua/5.1/lspconfig/server_configurations/omnisharp.lua'
	no file '/opt/homebrew/share/lua/5.1/lspconfig/server_configurations/omnisharp/init.lua'
	no file '/Users/tamjid/.local/share/nvim/lazy-rocks/telescope.nvim/share/lua/5.1/lspconfig/server_configurations/omnisharp.lua'
	no file '/Users/tamjid/.local/share/nvim/lazy-rocks/telescope.nvim/share/lua/5.1/lspconfig/server_configurations/omnisharp/init.lua'
	no file './lspconfig/server_configurations/omnisharp.so'
	no file '/usr/local/lib/lua/5.1/lspconfig/server_configurations/omnisharp.so'
	no file '/opt/homebrew/lib/lua/5.1/lspconfig/server_configurations/omnisharp.so'
	no file '/usr/local/lib/lua/5.1/loadall.so'
	no file '/Users/tamjid/.local/share/nvim/lazy-rocks/telescope.nvim/lib/lua/5.1/lspconfig/server_configurations/omnisharp.so'
	no file '/Users/tamjid/.local/share/nvim/lazy-rocks/telescope.nvim/lib64/lua/5.1/lspconfig/server_configurations/omnisharp.so'
	no file './lspconfig.so'
	no file '/usr/local/lib/lua/5.1/lspconfig.so'
	no file '/opt/homebrew/lib/lua/5.1/lspconfig.so'
	no file '/usr/local/lib/lua/5.1/loadall.so'
	no file '/Users/tamjid/.local/share/nvim/lazy-rocks/telescope.nvim/lib/lua/5.1/lspconfig.so'
	no file '/Users/tamjid/.local/share/nvim/lazy-rocks/telescope.nvim/lib64/lua/5.1/lspconfig.so'
[ERROR Tue Nov 19 22:48:54 2024] ...m/lazy/mason-lspconfig.nvim/lua/mason-lspconfig/init.lua:33: Failed to set up lspconfig integration. ...ig.nvim/lua/mason-lspconfig/server_config_extensions.lua:4: module 'lspconfig.server_configurations.omnisharp' not found:
	no field package.preload['lspconfig.server_configurations.omnisharp']
cache_loader: module lspconfig.server_configurations.omnisharp not found
cache_loader_lib: module lspconfig.server_configurations.omnisharp not found
	no file './lspconfig/server_configurations/omnisharp.lua'
	no file '/opt/homebrew/share/luajit-2.1/lspconfig/server_configurations/omnisharp.lua'
	no file '/usr/local/share/lua/5.1/lspconfig/server_configurations/omnisharp.lua'
	no file '/usr/local/share/lua/5.1/lspconfig/server_configurations/omnisharp/init.lua'
	no file '/opt/homebrew/share/lua/5.1/lspconfig/server_configurations/omnisharp.lua'
	no file '/opt/homebrew/share/lua/5.1/lspconfig/server_configurations/omnisharp/init.lua'
	no file '/Users/tamjid/.local/share/nvim/lazy-rocks/telescope.nvim/share/lua/5.1/lspconfig/server_configurations/omnisharp.lua'
	no file '/Users/tamjid/.local/share/nvim/lazy-rocks/telescope.nvim/share/lua/5.1/lspconfig/server_configurations/omnisharp/init.lua'
	no file './lspconfig/server_configurations/omnisharp.so'
	no file '/usr/local/lib/lua/5.1/lspconfig/server_configurations/omnisharp.so'
	no file '/opt/homebrew/lib/lua/5.1/lspconfig/server_configurations/omnisharp.so'
	no file '/usr/local/lib/lua/5.1/loadall.so'
	no file '/Users/tamjid/.local/share/nvim/lazy-rocks/telescope.nvim/lib/lua/5.1/lspconfig/server_configurations/omnisharp.so'
	no file '/Users/tamjid/.local/share/nvim/lazy-rocks/telescope.nvim/lib64/lua/5.1/lspconfig/server_configurations/omnisharp.so'
	no file './lspconfig.so'
	no file '/usr/local/lib/lua/5.1/lspconfig.so'
	no file '/opt/homebrew/lib/lua/5.1/lspconfig.so'
	no file '/usr/local/lib/lua/5.1/loadall.so'
	no file '/Users/tamjid/.local/share/nvim/lazy-rocks/telescope.nvim/lib/lua/5.1/lspconfig.so'
	no file '/Users/tamjid/.local/share/nvim/lazy-rocks/telescope.nvim/lib64/lua/5.1/lspconfig.so'
[ERROR Tue Nov 19 22:57:21 2024] ...m/lazy/mason-lspconfig.nvim/lua/mason-lspconfig/init.lua:33: Failed to set up lspconfig integration. ...ig.nvim/lua/mason-lspconfig/server_config_extensions.lua:4: module 'lspconfig.server_configurations.omnisharp' not found:
	no field package.preload['lspconfig.server_configurations.omnisharp']
cache_loader: module lspconfig.server_configurations.omnisharp not found
cache_loader_lib: module lspconfig.server_configurations.omnisharp not found
	no file './lspconfig/server_configurations/omnisharp.lua'
	no file '/opt/homebrew/share/luajit-2.1/lspconfig/server_configurations/omnisharp.lua'
	no file '/usr/local/share/lua/5.1/lspconfig/server_configurations/omnisharp.lua'
	no file '/usr/local/share/lua/5.1/lspconfig/server_configurations/omnisharp/init.lua'
	no file '/opt/homebrew/share/lua/5.1/lspconfig/server_configurations/omnisharp.lua'
	no file '/opt/homebrew/share/lua/5.1/lspconfig/server_configurations/omnisharp/init.lua'
	no file '/Users/tamjid/.local/share/nvim/lazy-rocks/telescope.nvim/share/lua/5.1/lspconfig/server_configurations/omnisharp.lua'
	no file '/Users/tamjid/.local/share/nvim/lazy-rocks/telescope.nvim/share/lua/5.1/lspconfig/server_configurations/omnisharp/init.lua'
	no file './lspconfig/server_configurations/omnisharp.so'
	no file '/usr/local/lib/lua/5.1/lspconfig/server_configurations/omnisharp.so'
	no file '/opt/homebrew/lib/lua/5.1/lspconfig/server_configurations/omnisharp.so'
	no file '/usr/local/lib/lua/5.1/loadall.so'
	no file '/Users/tamjid/.local/share/nvim/lazy-rocks/telescope.nvim/lib/lua/5.1/lspconfig/server_configurations/omnisharp.so'
	no file '/Users/tamjid/.local/share/nvim/lazy-rocks/telescope.nvim/lib64/lua/5.1/lspconfig/server_configurations/omnisharp.so'
	no file './lspconfig.so'
	no file '/usr/local/lib/lua/5.1/lspconfig.so'
	no file '/opt/homebrew/lib/lua/5.1/lspconfig.so'
	no file '/usr/local/lib/lua/5.1/loadall.so'
	no file '/Users/tamjid/.local/share/nvim/lazy-rocks/telescope.nvim/lib/lua/5.1/lspconfig.so'
	no file '/Users/tamjid/.local/share/nvim/lazy-rocks/telescope.nvim/lib64/lua/5.1/lspconfig.so'
[ERROR Tue Nov 19 22:58:37 2024] ...m/lazy/mason-lspconfig.nvim/lua/mason-lspconfig/init.lua:33: Failed to set up lspconfig integration. ...ig.nvim/lua/mason-lspconfig/server_config_extensions.lua:4: module 'lspconfig.server_configurations.omnisharp' not found:
	no field package.preload['lspconfig.server_configurations.omnisharp']
cache_loader: module lspconfig.server_configurations.omnisharp not found
cache_loader_lib: module lspconfig.server_configurations.omnisharp not found
	no file './lspconfig/server_configurations/omnisharp.lua'
	no file '/opt/homebrew/share/luajit-2.1/lspconfig/server_configurations/omnisharp.lua'
	no file '/usr/local/share/lua/5.1/lspconfig/server_configurations/omnisharp.lua'
	no file '/usr/local/share/lua/5.1/lspconfig/server_configurations/omnisharp/init.lua'
	no file '/opt/homebrew/share/lua/5.1/lspconfig/server_configurations/omnisharp.lua'
	no file '/opt/homebrew/share/lua/5.1/lspconfig/server_configurations/omnisharp/init.lua'
	no file '/Users/tamjid/.local/share/nvim/lazy-rocks/telescope.nvim/share/lua/5.1/lspconfig/server_configurations/omnisharp.lua'
	no file '/Users/tamjid/.local/share/nvim/lazy-rocks/telescope.nvim/share/lua/5.1/lspconfig/server_configurations/omnisharp/init.lua'
	no file './lspconfig/server_configurations/omnisharp.so'
	no file '/usr/local/lib/lua/5.1/lspconfig/server_configurations/omnisharp.so'
	no file '/opt/homebrew/lib/lua/5.1/lspconfig/server_configurations/omnisharp.so'
	no file '/usr/local/lib/lua/5.1/loadall.so'
	no file '/Users/tamjid/.local/share/nvim/lazy-rocks/telescope.nvim/lib/lua/5.1/lspconfig/server_configurations/omnisharp.so'
	no file '/Users/tamjid/.local/share/nvim/lazy-rocks/telescope.nvim/lib64/lua/5.1/lspconfig/server_configurations/omnisharp.so'
	no file './lspconfig.so'
	no file '/usr/local/lib/lua/5.1/lspconfig.so'
	no file '/opt/homebrew/lib/lua/5.1/lspconfig.so'
	no file '/usr/local/lib/lua/5.1/loadall.so'
	no file '/Users/tamjid/.local/share/nvim/lazy-rocks/telescope.nvim/lib/lua/5.1/lspconfig.so'
	no file '/Users/tamjid/.local/share/nvim/lazy-rocks/telescope.nvim/lib64/lua/5.1/lspconfig.so'
[ERROR Tue Nov 19 23:00:31 2024] ...m/lazy/mason-lspconfig.nvim/lua/mason-lspconfig/init.lua:33: Failed to set up lspconfig integration. ...ig.nvim/lua/mason-lspconfig/server_config_extensions.lua:4: module 'lspconfig.server_configurations.omnisharp' not found:
	no field package.preload['lspconfig.server_configurations.omnisharp']
cache_loader: module lspconfig.server_configurations.omnisharp not found
cache_loader_lib: module lspconfig.server_configurations.omnisharp not found
	no file './lspconfig/server_configurations/omnisharp.lua'
	no file '/opt/homebrew/share/luajit-2.1/lspconfig/server_configurations/omnisharp.lua'
	no file '/usr/local/share/lua/5.1/lspconfig/server_configurations/omnisharp.lua'
	no file '/usr/local/share/lua/5.1/lspconfig/server_configurations/omnisharp/init.lua'
	no file '/opt/homebrew/share/lua/5.1/lspconfig/server_configurations/omnisharp.lua'
	no file '/opt/homebrew/share/lua/5.1/lspconfig/server_configurations/omnisharp/init.lua'
	no file '/Users/tamjid/.local/share/nvim/lazy-rocks/telescope.nvim/share/lua/5.1/lspconfig/server_configurations/omnisharp.lua'
	no file '/Users/tamjid/.local/share/nvim/lazy-rocks/telescope.nvim/share/lua/5.1/lspconfig/server_configurations/omnisharp/init.lua'
	no file './lspconfig/server_configurations/omnisharp.so'
	no file '/usr/local/lib/lua/5.1/lspconfig/server_configurations/omnisharp.so'
	no file '/opt/homebrew/lib/lua/5.1/lspconfig/server_configurations/omnisharp.so'
	no file '/usr/local/lib/lua/5.1/loadall.so'
	no file '/Users/tamjid/.local/share/nvim/lazy-rocks/telescope.nvim/lib/lua/5.1/lspconfig/server_configurations/omnisharp.so'
	no file '/Users/tamjid/.local/share/nvim/lazy-rocks/telescope.nvim/lib64/lua/5.1/lspconfig/server_configurations/omnisharp.so'
	no file './lspconfig.so'
	no file '/usr/local/lib/lua/5.1/lspconfig.so'
	no file '/opt/homebrew/lib/lua/5.1/lspconfig.so'
	no file '/usr/local/lib/lua/5.1/loadall.so'
	no file '/Users/tamjid/.local/share/nvim/lazy-rocks/telescope.nvim/lib/lua/5.1/lspconfig.so'
	no file '/Users/tamjid/.local/share/nvim/lazy-rocks/telescope.nvim/lib64/lua/5.1/lspconfig.so'
[ERROR Tue Nov 19 23:05:35 2024] ...m/lazy/mason-lspconfig.nvim/lua/mason-lspconfig/init.lua:33: Failed to set up lspconfig integration. ...ig.nvim/lua/mason-lspconfig/server_config_extensions.lua:4: module 'lspconfig.server_configurations.omnisharp' not found:
	no field package.preload['lspconfig.server_configurations.omnisharp']
cache_loader: module lspconfig.server_configurations.omnisharp not found
cache_loader_lib: module lspconfig.server_configurations.omnisharp not found
	no file './lspconfig/server_configurations/omnisharp.lua'
	no file '/opt/homebrew/share/luajit-2.1/lspconfig/server_configurations/omnisharp.lua'
	no file '/usr/local/share/lua/5.1/lspconfig/server_configurations/omnisharp.lua'
	no file '/usr/local/share/lua/5.1/lspconfig/server_configurations/omnisharp/init.lua'
	no file '/opt/homebrew/share/lua/5.1/lspconfig/server_configurations/omnisharp.lua'
	no file '/opt/homebrew/share/lua/5.1/lspconfig/server_configurations/omnisharp/init.lua'
	no file '/Users/tamjid/.local/share/nvim/lazy-rocks/telescope.nvim/share/lua/5.1/lspconfig/server_configurations/omnisharp.lua'
	no file '/Users/tamjid/.local/share/nvim/lazy-rocks/telescope.nvim/share/lua/5.1/lspconfig/server_configurations/omnisharp/init.lua'
	no file './lspconfig/server_configurations/omnisharp.so'
	no file '/usr/local/lib/lua/5.1/lspconfig/server_configurations/omnisharp.so'
	no file '/opt/homebrew/lib/lua/5.1/lspconfig/server_configurations/omnisharp.so'
	no file '/usr/local/lib/lua/5.1/loadall.so'
	no file '/Users/tamjid/.local/share/nvim/lazy-rocks/telescope.nvim/lib/lua/5.1/lspconfig/server_configurations/omnisharp.so'
	no file '/Users/tamjid/.local/share/nvim/lazy-rocks/telescope.nvim/lib64/lua/5.1/lspconfig/server_configurations/omnisharp.so'
	no file './lspconfig.so'
	no file '/usr/local/lib/lua/5.1/lspconfig.so'
	no file '/opt/homebrew/lib/lua/5.1/lspconfig.so'
	no file '/usr/local/lib/lua/5.1/loadall.so'
	no file '/Users/tamjid/.local/share/nvim/lazy-rocks/telescope.nvim/lib/lua/5.1/lspconfig.so'
	no file '/Users/tamjid/.local/share/nvim/lazy-rocks/telescope.nvim/lib64/lua/5.1/lspconfig.so'
[ERROR Tue Nov 19 23:06:09 2024] ...m/lazy/mason-lspconfig.nvim/lua/mason-lspconfig/init.lua:33: Failed to set up lspconfig integration. ...ig.nvim/lua/mason-lspconfig/server_config_extensions.lua:4: module 'lspconfig.server_configurations.omnisharp' not found:
	no field package.preload['lspconfig.server_configurations.omnisharp']
cache_loader: module lspconfig.server_configurations.omnisharp not found
cache_loader_lib: module lspconfig.server_configurations.omnisharp not found
	no file './lspconfig/server_configurations/omnisharp.lua'
	no file '/opt/homebrew/share/luajit-2.1/lspconfig/server_configurations/omnisharp.lua'
	no file '/usr/local/share/lua/5.1/lspconfig/server_configurations/omnisharp.lua'
	no file '/usr/local/share/lua/5.1/lspconfig/server_configurations/omnisharp/init.lua'
	no file '/opt/homebrew/share/lua/5.1/lspconfig/server_configurations/omnisharp.lua'
	no file '/opt/homebrew/share/lua/5.1/lspconfig/server_configurations/omnisharp/init.lua'
	no file '/Users/tamjid/.local/share/nvim/lazy-rocks/telescope.nvim/share/lua/5.1/lspconfig/server_configurations/omnisharp.lua'
	no file '/Users/tamjid/.local/share/nvim/lazy-rocks/telescope.nvim/share/lua/5.1/lspconfig/server_configurations/omnisharp/init.lua'
	no file './lspconfig/server_configurations/omnisharp.so'
	no file '/usr/local/lib/lua/5.1/lspconfig/server_configurations/omnisharp.so'
	no file '/opt/homebrew/lib/lua/5.1/lspconfig/server_configurations/omnisharp.so'
	no file '/usr/local/lib/lua/5.1/loadall.so'
	no file '/Users/tamjid/.local/share/nvim/lazy-rocks/telescope.nvim/lib/lua/5.1/lspconfig/server_configurations/omnisharp.so'
	no file '/Users/tamjid/.local/share/nvim/lazy-rocks/telescope.nvim/lib64/lua/5.1/lspconfig/server_configurations/omnisharp.so'
	no file './lspconfig.so'
	no file '/usr/local/lib/lua/5.1/lspconfig.so'
	no file '/opt/homebrew/lib/lua/5.1/lspconfig.so'
	no file '/usr/local/lib/lua/5.1/loadall.so'
	no file '/Users/tamjid/.local/share/nvim/lazy-rocks/telescope.nvim/lib/lua/5.1/lspconfig.so'
	no file '/Users/tamjid/.local/share/nvim/lazy-rocks/telescope.nvim/lib64/lua/5.1/lspconfig.so'
[ERROR Tue Nov 19 23:08:11 2024] ...m/lazy/mason-lspconfig.nvim/lua/mason-lspconfig/init.lua:33: Failed to set up lspconfig integration. ...ig.nvim/lua/mason-lspconfig/server_config_extensions.lua:4: module 'lspconfig.server_configurations.omnisharp' not found:
	no field package.preload['lspconfig.server_configurations.omnisharp']
cache_loader: module lspconfig.server_configurations.omnisharp not found
cache_loader_lib: module lspconfig.server_configurations.omnisharp not found
	no file './lspconfig/server_configurations/omnisharp.lua'
	no file '/opt/homebrew/share/luajit-2.1/lspconfig/server_configurations/omnisharp.lua'
	no file '/usr/local/share/lua/5.1/lspconfig/server_configurations/omnisharp.lua'
	no file '/usr/local/share/lua/5.1/lspconfig/server_configurations/omnisharp/init.lua'
	no file '/opt/homebrew/share/lua/5.1/lspconfig/server_configurations/omnisharp.lua'
	no file '/opt/homebrew/share/lua/5.1/lspconfig/server_configurations/omnisharp/init.lua'
	no file '/Users/tamjid/.local/share/nvim/lazy-rocks/telescope.nvim/share/lua/5.1/lspconfig/server_configurations/omnisharp.lua'
	no file '/Users/tamjid/.local/share/nvim/lazy-rocks/telescope.nvim/share/lua/5.1/lspconfig/server_configurations/omnisharp/init.lua'
	no file './lspconfig/server_configurations/omnisharp.so'
	no file '/usr/local/lib/lua/5.1/lspconfig/server_configurations/omnisharp.so'
	no file '/opt/homebrew/lib/lua/5.1/lspconfig/server_configurations/omnisharp.so'
	no file '/usr/local/lib/lua/5.1/loadall.so'
	no file '/Users/tamjid/.local/share/nvim/lazy-rocks/telescope.nvim/lib/lua/5.1/lspconfig/server_configurations/omnisharp.so'
	no file '/Users/tamjid/.local/share/nvim/lazy-rocks/telescope.nvim/lib64/lua/5.1/lspconfig/server_configurations/omnisharp.so'
	no file './lspconfig.so'
	no file '/usr/local/lib/lua/5.1/lspconfig.so'
	no file '/opt/homebrew/lib/lua/5.1/lspconfig.so'
	no file '/usr/local/lib/lua/5.1/loadall.so'
	no file '/Users/tamjid/.local/share/nvim/lazy-rocks/telescope.nvim/lib/lua/5.1/lspconfig.so'
	no file '/Users/tamjid/.local/share/nvim/lazy-rocks/telescope.nvim/lib64/lua/5.1/lspconfig.so'
[ERROR Tue Nov 19 23:08:39 2024] ...m/lazy/mason-lspconfig.nvim/lua/mason-lspconfig/init.lua:33: Failed to set up lspconfig integration. ...ig.nvim/lua/mason-lspconfig/server_config_extensions.lua:4: module 'lspconfig.server_configurations.omnisharp' not found:
	no field package.preload['lspconfig.server_configurations.omnisharp']
cache_loader: module lspconfig.server_configurations.omnisharp not found
cache_loader_lib: module lspconfig.server_configurations.omnisharp not found
	no file './lspconfig/server_configurations/omnisharp.lua'
	no file '/opt/homebrew/share/luajit-2.1/lspconfig/server_configurations/omnisharp.lua'
	no file '/usr/local/share/lua/5.1/lspconfig/server_configurations/omnisharp.lua'
	no file '/usr/local/share/lua/5.1/lspconfig/server_configurations/omnisharp/init.lua'
	no file '/opt/homebrew/share/lua/5.1/lspconfig/server_configurations/omnisharp.lua'
	no file '/opt/homebrew/share/lua/5.1/lspconfig/server_configurations/omnisharp/init.lua'
	no file '/Users/tamjid/.local/share/nvim/lazy-rocks/telescope.nvim/share/lua/5.1/lspconfig/server_configurations/omnisharp.lua'
	no file '/Users/tamjid/.local/share/nvim/lazy-rocks/telescope.nvim/share/lua/5.1/lspconfig/server_configurations/omnisharp/init.lua'
	no file './lspconfig/server_configurations/omnisharp.so'
	no file '/usr/local/lib/lua/5.1/lspconfig/server_configurations/omnisharp.so'
	no file '/opt/homebrew/lib/lua/5.1/lspconfig/server_configurations/omnisharp.so'
	no file '/usr/local/lib/lua/5.1/loadall.so'
	no file '/Users/tamjid/.local/share/nvim/lazy-rocks/telescope.nvim/lib/lua/5.1/lspconfig/server_configurations/omnisharp.so'
	no file '/Users/tamjid/.local/share/nvim/lazy-rocks/telescope.nvim/lib64/lua/5.1/lspconfig/server_configurations/omnisharp.so'
	no file './lspconfig.so'
	no file '/usr/local/lib/lua/5.1/lspconfig.so'
	no file '/opt/homebrew/lib/lua/5.1/lspconfig.so'
	no file '/usr/local/lib/lua/5.1/loadall.so'
	no file '/Users/tamjid/.local/share/nvim/lazy-rocks/telescope.nvim/lib/lua/5.1/lspconfig.so'
	no file '/Users/tamjid/.local/share/nvim/lazy-rocks/telescope.nvim/lib64/lua/5.1/lspconfig.so'
[ERROR Tue Nov 19 23:23:19 2024] ...m/lazy/mason-lspconfig.nvim/lua/mason-lspconfig/init.lua:33: Failed to set up lspconfig integration. ...ig.nvim/lua/mason-lspconfig/server_config_extensions.lua:4: module 'lspconfig.server_configurations.omnisharp' not found:
	no field package.preload['lspconfig.server_configurations.omnisharp']
cache_loader: module lspconfig.server_configurations.omnisharp not found
cache_loader_lib: module lspconfig.server_configurations.omnisharp not found
	no file './lspconfig/server_configurations/omnisharp.lua'
	no file '/opt/homebrew/share/luajit-2.1/lspconfig/server_configurations/omnisharp.lua'
	no file '/usr/local/share/lua/5.1/lspconfig/server_configurations/omnisharp.lua'
	no file '/usr/local/share/lua/5.1/lspconfig/server_configurations/omnisharp/init.lua'
	no file '/opt/homebrew/share/lua/5.1/lspconfig/server_configurations/omnisharp.lua'
	no file '/opt/homebrew/share/lua/5.1/lspconfig/server_configurations/omnisharp/init.lua'
	no file '/Users/tamjid/.local/share/nvim/lazy-rocks/telescope.nvim/share/lua/5.1/lspconfig/server_configurations/omnisharp.lua'
	no file '/Users/tamjid/.local/share/nvim/lazy-rocks/telescope.nvim/share/lua/5.1/lspconfig/server_configurations/omnisharp/init.lua'
	no file './lspconfig/server_configurations/omnisharp.so'
	no file '/usr/local/lib/lua/5.1/lspconfig/server_configurations/omnisharp.so'
	no file '/opt/homebrew/lib/lua/5.1/lspconfig/server_configurations/omnisharp.so'
	no file '/usr/local/lib/lua/5.1/loadall.so'
	no file '/Users/tamjid/.local/share/nvim/lazy-rocks/telescope.nvim/lib/lua/5.1/lspconfig/server_configurations/omnisharp.so'
	no file '/Users/tamjid/.local/share/nvim/lazy-rocks/telescope.nvim/lib64/lua/5.1/lspconfig/server_configurations/omnisharp.so'
	no file './lspconfig.so'
	no file '/usr/local/lib/lua/5.1/lspconfig.so'
	no file '/opt/homebrew/lib/lua/5.1/lspconfig.so'
	no file '/usr/local/lib/lua/5.1/loadall.so'
	no file '/Users/tamjid/.local/share/nvim/lazy-rocks/telescope.nvim/lib/lua/5.1/lspconfig.so'
	no file '/Users/tamjid/.local/share/nvim/lazy-rocks/telescope.nvim/lib64/lua/5.1/lspconfig.so'
[ERROR Tue Nov 19 23:24:50 2024] ...m/lazy/mason-lspconfig.nvim/lua/mason-lspconfig/init.lua:33: Failed to set up lspconfig integration. ...ig.nvim/lua/mason-lspconfig/server_config_extensions.lua:4: module 'lspconfig.server_configurations.omnisharp' not found:
	no field package.preload['lspconfig.server_configurations.omnisharp']
cache_loader: module lspconfig.server_configurations.omnisharp not found
cache_loader_lib: module lspconfig.server_configurations.omnisharp not found
	no file './lspconfig/server_configurations/omnisharp.lua'
	no file '/opt/homebrew/share/luajit-2.1/lspconfig/server_configurations/omnisharp.lua'
	no file '/usr/local/share/lua/5.1/lspconfig/server_configurations/omnisharp.lua'
	no file '/usr/local/share/lua/5.1/lspconfig/server_configurations/omnisharp/init.lua'
	no file '/opt/homebrew/share/lua/5.1/lspconfig/server_configurations/omnisharp.lua'
	no file '/opt/homebrew/share/lua/5.1/lspconfig/server_configurations/omnisharp/init.lua'
	no file '/Users/tamjid/.local/share/nvim/lazy-rocks/telescope.nvim/share/lua/5.1/lspconfig/server_configurations/omnisharp.lua'
	no file '/Users/tamjid/.local/share/nvim/lazy-rocks/telescope.nvim/share/lua/5.1/lspconfig/server_configurations/omnisharp/init.lua'
	no file './lspconfig/server_configurations/omnisharp.so'
	no file '/usr/local/lib/lua/5.1/lspconfig/server_configurations/omnisharp.so'
	no file '/opt/homebrew/lib/lua/5.1/lspconfig/server_configurations/omnisharp.so'
	no file '/usr/local/lib/lua/5.1/loadall.so'
	no file '/Users/tamjid/.local/share/nvim/lazy-rocks/telescope.nvim/lib/lua/5.1/lspconfig/server_configurations/omnisharp.so'
	no file '/Users/tamjid/.local/share/nvim/lazy-rocks/telescope.nvim/lib64/lua/5.1/lspconfig/server_configurations/omnisharp.so'
	no file './lspconfig.so'
	no file '/usr/local/lib/lua/5.1/lspconfig.so'
	no file '/opt/homebrew/lib/lua/5.1/lspconfig.so'
	no file '/usr/local/lib/lua/5.1/loadall.so'
	no file '/Users/tamjid/.local/share/nvim/lazy-rocks/telescope.nvim/lib/lua/5.1/lspconfig.so'
	no file '/Users/tamjid/.local/share/nvim/lazy-rocks/telescope.nvim/lib64/lua/5.1/lspconfig.so'
[ERROR Tue Nov 19 23:25:54 2024] ...m/lazy/mason-lspconfig.nvim/lua/mason-lspconfig/init.lua:33: Failed to set up lspconfig integration. ...ig.nvim/lua/mason-lspconfig/server_config_extensions.lua:4: module 'lspconfig.server_configurations.omnisharp' not found:
	no field package.preload['lspconfig.server_configurations.omnisharp']
cache_loader: module lspconfig.server_configurations.omnisharp not found
cache_loader_lib: module lspconfig.server_configurations.omnisharp not found
	no file './lspconfig/server_configurations/omnisharp.lua'
	no file '/opt/homebrew/share/luajit-2.1/lspconfig/server_configurations/omnisharp.lua'
	no file '/usr/local/share/lua/5.1/lspconfig/server_configurations/omnisharp.lua'
	no file '/usr/local/share/lua/5.1/lspconfig/server_configurations/omnisharp/init.lua'
	no file '/opt/homebrew/share/lua/5.1/lspconfig/server_configurations/omnisharp.lua'
	no file '/opt/homebrew/share/lua/5.1/lspconfig/server_configurations/omnisharp/init.lua'
	no file '/Users/tamjid/.local/share/nvim/lazy-rocks/telescope.nvim/share/lua/5.1/lspconfig/server_configurations/omnisharp.lua'
	no file '/Users/tamjid/.local/share/nvim/lazy-rocks/telescope.nvim/share/lua/5.1/lspconfig/server_configurations/omnisharp/init.lua'
	no file './lspconfig/server_configurations/omnisharp.so'
	no file '/usr/local/lib/lua/5.1/lspconfig/server_configurations/omnisharp.so'
	no file '/opt/homebrew/lib/lua/5.1/lspconfig/server_configurations/omnisharp.so'
	no file '/usr/local/lib/lua/5.1/loadall.so'
	no file '/Users/tamjid/.local/share/nvim/lazy-rocks/telescope.nvim/lib/lua/5.1/lspconfig/server_configurations/omnisharp.so'
	no file '/Users/tamjid/.local/share/nvim/lazy-rocks/telescope.nvim/lib64/lua/5.1/lspconfig/server_configurations/omnisharp.so'
	no file './lspconfig.so'
	no file '/usr/local/lib/lua/5.1/lspconfig.so'
	no file '/opt/homebrew/lib/lua/5.1/lspconfig.so'
	no file '/usr/local/lib/lua/5.1/loadall.so'
	no file '/Users/tamjid/.local/share/nvim/lazy-rocks/telescope.nvim/lib/lua/5.1/lspconfig.so'
	no file '/Users/tamjid/.local/share/nvim/lazy-rocks/telescope.nvim/lib64/lua/5.1/lspconfig.so'
[INFO  Thu Nov 21 10:58:20 2024] ...e/nvim/lazy/mason.nvim/lua/mason-core/installer/init.lua:184: Executing installer for Package(name=python-lsp-server) {}
[INFO  Thu Nov 21 10:58:25 2024] ...e/nvim/lazy/mason.nvim/lua/mason-core/installer/init.lua:245: Installation succeeded for Package(name=python-lsp-server)
[INFO  Thu Nov 21 11:07:06 2024] ...e/nvim/lazy/mason.nvim/lua/mason-core/installer/init.lua:184: Executing installer for Package(name=ruff-lsp) {}
[INFO  Thu Nov 21 11:07:10 2024] ...e/nvim/lazy/mason.nvim/lua/mason-core/installer/init.lua:245: Installation succeeded for Package(name=ruff-lsp)
[INFO  Thu Nov 21 11:07:42 2024] ...e/nvim/lazy/mason.nvim/lua/mason-core/installer/init.lua:184: Executing installer for Package(name=css-lsp) {}
[INFO  Thu Nov 21 11:07:46 2024] ...e/nvim/lazy/mason.nvim/lua/mason-core/installer/init.lua:245: Installation succeeded for Package(name=css-lsp)
[INFO  Thu Nov 21 11:10:08 2024] ...e/nvim/lazy/mason.nvim/lua/mason-core/installer/init.lua:184: Executing installer for Package(name=python-lsp-server) {}
[INFO  Thu Nov 21 11:10:12 2024] ...e/nvim/lazy/mason.nvim/lua/mason-core/installer/init.lua:245: Installation succeeded for Package(name=python-lsp-server)
[INFO  Thu Nov 21 11:10:19 2024] ...e/nvim/lazy/mason.nvim/lua/mason-core/installer/init.lua:184: Executing installer for Package(name=ruff) {}
[INFO  Thu Nov 21 11:10:21 2024] ...e/nvim/lazy/mason.nvim/lua/mason-core/installer/init.lua:245: Installation succeeded for Package(name=ruff)
[INFO  Thu Nov 21 11:11:12 2024] ...e/nvim/lazy/mason.nvim/lua/mason-core/installer/init.lua:184: Executing installer for Package(name=black) {}
[INFO  Thu Nov 21 11:11:13 2024] ...e/nvim/lazy/mason.nvim/lua/mason-core/installer/init.lua:184: Executing installer for Package(name=isort) {}
[INFO  Thu Nov 21 11:11:14 2024] ...e/nvim/lazy/mason.nvim/lua/mason-core/installer/init.lua:245: Installation succeeded for Package(name=black)
[INFO  Thu Nov 21 11:11:15 2024] ...e/nvim/lazy/mason.nvim/lua/mason-core/installer/init.lua:245: Installation succeeded for Package(name=isort)
[INFO  Thu Nov 21 11:12:43 2024] ...e/nvim/lazy/mason.nvim/lua/mason-core/installer/init.lua:184: Executing installer for Package(name=ruff) {}
[INFO  Thu Nov 21 11:12:45 2024] ...e/nvim/lazy/mason.nvim/lua/mason-core/installer/init.lua:245: Installation succeeded for Package(name=ruff)
[INFO  Thu Nov 21 11:12:56 2024] ...e/nvim/lazy/mason.nvim/lua/mason-core/installer/init.lua:184: Executing installer for Package(name=html-lsp) {}
[INFO  Thu Nov 21 11:12:56 2024] ...e/nvim/lazy/mason.nvim/lua/mason-core/installer/init.lua:184: Executing installer for Package(name=css-lsp) {}
[INFO  Thu Nov 21 11:12:56 2024] ...e/nvim/lazy/mason.nvim/lua/mason-core/installer/init.lua:184: Executing installer for Package(name=tailwindcss-language-server) {}
[INFO  Thu Nov 21 11:12:56 2024] ...e/nvim/lazy/mason.nvim/lua/mason-core/installer/init.lua:184: Executing installer for Package(name=lua-language-server) {}
[INFO  Thu Nov 21 11:12:57 2024] ...e/nvim/lazy/mason.nvim/lua/mason-core/installer/init.lua:184: Executing installer for Package(name=graphql-language-service-cli) {}
[INFO  Thu Nov 21 11:12:57 2024] ...e/nvim/lazy/mason.nvim/lua/mason-core/installer/init.lua:245: Installation succeeded for Package(name=tailwindcss-language-server)
[INFO  Thu Nov 21 11:12:57 2024] ...e/nvim/lazy/mason.nvim/lua/mason-core/installer/init.lua:184: Executing installer for Package(name=emmet-ls) {}
[INFO  Thu Nov 21 11:12:57 2024] ...e/nvim/lazy/mason.nvim/lua/mason-core/installer/init.lua:245: Installation succeeded for Package(name=lua-language-server)
[INFO  Thu Nov 21 11:12:59 2024] ...e/nvim/lazy/mason.nvim/lua/mason-core/installer/init.lua:184: Executing installer for Package(name=prisma-language-server) {}
[INFO  Thu Nov 21 11:12:59 2024] ...e/nvim/lazy/mason.nvim/lua/mason-core/installer/init.lua:245: Installation succeeded for Package(name=html-lsp)
[INFO  Thu Nov 21 11:12:59 2024] ...e/nvim/lazy/mason.nvim/lua/mason-core/installer/init.lua:184: Executing installer for Package(name=prettier) {}
[INFO  Thu Nov 21 11:12:59 2024] ...e/nvim/lazy/mason.nvim/lua/mason-core/installer/init.lua:245: Installation succeeded for Package(name=css-lsp)
[INFO  Thu Nov 21 11:13:00 2024] ...e/nvim/lazy/mason.nvim/lua/mason-core/installer/init.lua:184: Executing installer for Package(name=stylua) {}
[INFO  Thu Nov 21 11:13:00 2024] ...e/nvim/lazy/mason.nvim/lua/mason-core/installer/init.lua:245: Installation succeeded for Package(name=prettier)
[INFO  Thu Nov 21 11:13:00 2024] ...e/nvim/lazy/mason.nvim/lua/mason-core/installer/init.lua:184: Executing installer for Package(name=isort) {}
[INFO  Thu Nov 21 11:13:00 2024] ...e/nvim/lazy/mason.nvim/lua/mason-core/installer/init.lua:245: Installation succeeded for Package(name=stylua)
[INFO  Thu Nov 21 11:13:02 2024] ...e/nvim/lazy/mason.nvim/lua/mason-core/installer/init.lua:184: Executing installer for Package(name=black) {}
[INFO  Thu Nov 21 11:13:02 2024] ...e/nvim/lazy/mason.nvim/lua/mason-core/installer/init.lua:245: Installation succeeded for Package(name=emmet-ls)
[INFO  Thu Nov 21 11:13:02 2024] ...e/nvim/lazy/mason.nvim/lua/mason-core/installer/init.lua:184: Executing installer for Package(name=eslint_d) {}
[INFO  Thu Nov 21 11:13:02 2024] ...e/nvim/lazy/mason.nvim/lua/mason-core/installer/init.lua:245: Installation succeeded for Package(name=isort)
[INFO  Thu Nov 21 11:13:05 2024] ...e/nvim/lazy/mason.nvim/lua/mason-core/installer/init.lua:245: Installation succeeded for Package(name=black)
[INFO  Thu Nov 21 11:13:05 2024] ...e/nvim/lazy/mason.nvim/lua/mason-core/installer/init.lua:245: Installation succeeded for Package(name=eslint_d)
[INFO  Thu Nov 21 11:13:06 2024] ...e/nvim/lazy/mason.nvim/lua/mason-core/installer/init.lua:245: Installation succeeded for Package(name=graphql-language-service-cli)
[INFO  Thu Nov 21 11:13:06 2024] ...e/nvim/lazy/mason.nvim/lua/mason-core/installer/init.lua:245: Installation succeeded for Package(name=prisma-language-server)
[INFO  Thu Nov 21 11:22:57 2024] ...e/nvim/lazy/mason.nvim/lua/mason-core/installer/init.lua:184: Executing installer for Package(name=mypy) {}
[INFO  Thu Nov 21 11:23:00 2024] ...e/nvim/lazy/mason.nvim/lua/mason-core/installer/init.lua:245: Installation succeeded for Package(name=mypy)
[INFO  Thu Nov 21 11:23:48 2024] ...e/nvim/lazy/mason.nvim/lua/mason-core/installer/init.lua:184: Executing installer for Package(name=python-lsp-server) {}
[INFO  Thu Nov 21 11:23:52 2024] ...e/nvim/lazy/mason.nvim/lua/mason-core/installer/init.lua:245: Installation succeeded for Package(name=python-lsp-server)
[INFO  Thu Nov 21 11:26:57 2024] ...e/nvim/lazy/mason.nvim/lua/mason-core/installer/init.lua:184: Executing installer for Package(name=python-lsp-server) {}
[INFO  Thu Nov 21 11:27:01 2024] ...e/nvim/lazy/mason.nvim/lua/mason-core/installer/init.lua:245: Installation succeeded for Package(name=python-lsp-server)
[INFO  Thu Nov 21 11:27:21 2024] ...e/nvim/lazy/mason.nvim/lua/mason-core/installer/init.lua:184: Executing installer for Package(name=ruff) {}
[INFO  Thu Nov 21 11:27:23 2024] ...e/nvim/lazy/mason.nvim/lua/mason-core/installer/init.lua:245: Installation succeeded for Package(name=ruff)
[INFO  Thu Nov 21 11:28:01 2024] ...e/nvim/lazy/mason.nvim/lua/mason-core/installer/init.lua:184: Executing installer for Package(name=html-lsp) {}
[INFO  Thu Nov 21 11:28:01 2024] ...e/nvim/lazy/mason.nvim/lua/mason-core/installer/init.lua:184: Executing installer for Package(name=css-lsp) {}
[INFO  Thu Nov 21 11:28:01 2024] ...e/nvim/lazy/mason.nvim/lua/mason-core/installer/init.lua:184: Executing installer for Package(name=tailwindcss-language-server) {}
[INFO  Thu Nov 21 11:28:01 2024] ...e/nvim/lazy/mason.nvim/lua/mason-core/installer/init.lua:184: Executing installer for Package(name=lua-language-server) {}
[INFO  Thu Nov 21 11:28:02 2024] ...e/nvim/lazy/mason.nvim/lua/mason-core/installer/init.lua:184: Executing installer for Package(name=graphql-language-service-cli) {}
[INFO  Thu Nov 21 11:28:02 2024] ...e/nvim/lazy/mason.nvim/lua/mason-core/installer/init.lua:245: Installation succeeded for Package(name=lua-language-server)
[INFO  Thu Nov 21 11:28:03 2024] ...e/nvim/lazy/mason.nvim/lua/mason-core/installer/init.lua:184: Executing installer for Package(name=emmet-ls) {}
[INFO  Thu Nov 21 11:28:03 2024] ...e/nvim/lazy/mason.nvim/lua/mason-core/installer/init.lua:245: Installation succeeded for Package(name=tailwindcss-language-server)
[INFO  Thu Nov 21 11:28:04 2024] ...e/nvim/lazy/mason.nvim/lua/mason-core/installer/init.lua:184: Executing installer for Package(name=prisma-language-server) {}
[INFO  Thu Nov 21 11:28:04 2024] ...e/nvim/lazy/mason.nvim/lua/mason-core/installer/init.lua:245: Installation succeeded for Package(name=css-lsp)
[INFO  Thu Nov 21 11:28:04 2024] ...e/nvim/lazy/mason.nvim/lua/mason-core/installer/init.lua:184: Executing installer for Package(name=prettier) {}
[INFO  Thu Nov 21 11:28:04 2024] ...e/nvim/lazy/mason.nvim/lua/mason-core/installer/init.lua:245: Installation succeeded for Package(name=html-lsp)
[INFO  Thu Nov 21 11:28:05 2024] ...e/nvim/lazy/mason.nvim/lua/mason-core/installer/init.lua:184: Executing installer for Package(name=stylua) {}
[INFO  Thu Nov 21 11:28:05 2024] ...e/nvim/lazy/mason.nvim/lua/mason-core/installer/init.lua:245: Installation succeeded for Package(name=emmet-ls)
[INFO  Thu Nov 21 11:28:05 2024] ...e/nvim/lazy/mason.nvim/lua/mason-core/installer/init.lua:184: Executing installer for Package(name=isort) {}
[INFO  Thu Nov 21 11:28:05 2024] ...e/nvim/lazy/mason.nvim/lua/mason-core/installer/init.lua:245: Installation succeeded for Package(name=prettier)
[INFO  Thu Nov 21 11:28:05 2024] ...e/nvim/lazy/mason.nvim/lua/mason-core/installer/init.lua:184: Executing installer for Package(name=black) {}
[INFO  Thu Nov 21 11:28:05 2024] ...e/nvim/lazy/mason.nvim/lua/mason-core/installer/init.lua:245: Installation succeeded for Package(name=stylua)
[INFO  Thu Nov 21 11:28:06 2024] ...e/nvim/lazy/mason.nvim/lua/mason-core/installer/init.lua:184: Executing installer for Package(name=eslint_d) {}
[INFO  Thu Nov 21 11:28:06 2024] ...e/nvim/lazy/mason.nvim/lua/mason-core/installer/init.lua:245: Installation succeeded for Package(name=prisma-language-server)
[INFO  Thu Nov 21 11:28:07 2024] ...e/nvim/lazy/mason.nvim/lua/mason-core/installer/init.lua:245: Installation succeeded for Package(name=isort)
[INFO  Thu Nov 21 11:28:07 2024] ...e/nvim/lazy/mason.nvim/lua/mason-core/installer/init.lua:245: Installation succeeded for Package(name=black)
[INFO  Thu Nov 21 11:28:08 2024] ...e/nvim/lazy/mason.nvim/lua/mason-core/installer/init.lua:245: Installation succeeded for Package(name=eslint_d)
[INFO  Thu Nov 21 11:28:09 2024] ...e/nvim/lazy/mason.nvim/lua/mason-core/installer/init.lua:245: Installation succeeded for Package(name=graphql-language-service-cli)
[INFO  Thu Nov 21 11:41:47 2024] ...e/nvim/lazy/mason.nvim/lua/mason-core/installer/init.lua:184: Executing installer for Package(name=pyright) {}
[INFO  Thu Nov 21 11:41:50 2024] ...e/nvim/lazy/mason.nvim/lua/mason-core/installer/init.lua:245: Installation succeeded for Package(name=pyright)
[INFO  Thu Nov 21 11:48:56 2024] ...e/nvim/lazy/mason.nvim/lua/mason-core/installer/init.lua:184: Executing installer for Package(name=pyright) {}
[INFO  Thu Nov 21 11:48:59 2024] ...e/nvim/lazy/mason.nvim/lua/mason-core/installer/init.lua:245: Installation succeeded for Package(name=pyright)
[INFO  Thu Nov 21 11:49:02 2024] ...e/nvim/lazy/mason.nvim/lua/mason-core/installer/init.lua:184: Executing installer for Package(name=ruff) {}
[INFO  Thu Nov 21 11:49:05 2024] ...e/nvim/lazy/mason.nvim/lua/mason-core/installer/init.lua:245: Installation succeeded for Package(name=ruff)
[INFO  Thu Nov 21 11:58:37 2024] ...e/nvim/lazy/mason.nvim/lua/mason-core/installer/init.lua:184: Executing installer for Package(name=python-lsp-server) {}
[INFO  Thu Nov 21 11:58:41 2024] ...e/nvim/lazy/mason.nvim/lua/mason-core/installer/init.lua:245: Installation succeeded for Package(name=python-lsp-server)
[INFO  Thu Nov 21 11:59:22 2024] ...e/nvim/lazy/mason.nvim/lua/mason-core/installer/init.lua:184: Executing installer for Package(name=html-lsp) {}
[INFO  Thu Nov 21 11:59:22 2024] ...e/nvim/lazy/mason.nvim/lua/mason-core/installer/init.lua:184: Executing installer for Package(name=css-lsp) {}
[INFO  Thu Nov 21 11:59:22 2024] ...e/nvim/lazy/mason.nvim/lua/mason-core/installer/init.lua:184: Executing installer for Package(name=tailwindcss-language-server) {}
[INFO  Thu Nov 21 11:59:22 2024] ...e/nvim/lazy/mason.nvim/lua/mason-core/installer/init.lua:184: Executing installer for Package(name=lua-language-server) {}
[INFO  Thu Nov 21 11:59:23 2024] ...e/nvim/lazy/mason.nvim/lua/mason-core/installer/init.lua:184: Executing installer for Package(name=graphql-language-service-cli) {}
[INFO  Thu Nov 21 11:59:23 2024] ...e/nvim/lazy/mason.nvim/lua/mason-core/installer/init.lua:245: Installation succeeded for Package(name=lua-language-server)
[INFO  Thu Nov 21 11:59:23 2024] ...e/nvim/lazy/mason.nvim/lua/mason-core/installer/init.lua:184: Executing installer for Package(name=emmet-ls) {}
[INFO  Thu Nov 21 11:59:23 2024] ...e/nvim/lazy/mason.nvim/lua/mason-core/installer/init.lua:245: Installation succeeded for Package(name=tailwindcss-language-server)
[INFO  Thu Nov 21 11:59:25 2024] ...e/nvim/lazy/mason.nvim/lua/mason-core/installer/init.lua:184: Executing installer for Package(name=prisma-language-server) {}
[INFO  Thu Nov 21 11:59:25 2024] ...e/nvim/lazy/mason.nvim/lua/mason-core/installer/init.lua:245: Installation succeeded for Package(name=html-lsp)
[INFO  Thu Nov 21 11:59:25 2024] ...e/nvim/lazy/mason.nvim/lua/mason-core/installer/init.lua:184: Executing installer for Package(name=prettier) {}
[INFO  Thu Nov 21 11:59:25 2024] ...e/nvim/lazy/mason.nvim/lua/mason-core/installer/init.lua:245: Installation succeeded for Package(name=emmet-ls)
[INFO  Thu Nov 21 11:59:25 2024] ...e/nvim/lazy/mason.nvim/lua/mason-core/installer/init.lua:184: Executing installer for Package(name=stylua) {}
[INFO  Thu Nov 21 11:59:25 2024] ...e/nvim/lazy/mason.nvim/lua/mason-core/installer/init.lua:245: Installation succeeded for Package(name=css-lsp)
[INFO  Thu Nov 21 11:59:25 2024] ...e/nvim/lazy/mason.nvim/lua/mason-core/installer/init.lua:184: Executing installer for Package(name=isort) {}
[INFO  Thu Nov 21 11:59:25 2024] ...e/nvim/lazy/mason.nvim/lua/mason-core/installer/init.lua:245: Installation succeeded for Package(name=stylua)
[INFO  Thu Nov 21 11:59:25 2024] ...e/nvim/lazy/mason.nvim/lua/mason-core/installer/init.lua:184: Executing installer for Package(name=black) {}
[INFO  Thu Nov 21 11:59:25 2024] ...e/nvim/lazy/mason.nvim/lua/mason-core/installer/init.lua:245: Installation succeeded for Package(name=prettier)
[INFO  Thu Nov 21 11:59:27 2024] ...e/nvim/lazy/mason.nvim/lua/mason-core/installer/init.lua:184: Executing installer for Package(name=eslint_d) {}
[INFO  Thu Nov 21 11:59:27 2024] ...e/nvim/lazy/mason.nvim/lua/mason-core/installer/init.lua:245: Installation succeeded for Package(name=prisma-language-server)
[INFO  Thu Nov 21 11:59:28 2024] ...e/nvim/lazy/mason.nvim/lua/mason-core/installer/init.lua:245: Installation succeeded for Package(name=isort)
[INFO  Thu Nov 21 11:59:28 2024] ...e/nvim/lazy/mason.nvim/lua/mason-core/installer/init.lua:245: Installation succeeded for Package(name=black)
[ERROR Thu Nov 21 11:59:29 2024] ...e/nvim/lazy/mason.nvim/lua/mason-core/installer/init.lua:249: Installation failed for Package(name=eslint_d) error="Installation was aborted."
[ERROR Thu Nov 21 11:59:29 2024] ...e/nvim/lazy/mason.nvim/lua/mason-core/installer/init.lua:249: Installation failed for Package(name=graphql-language-service-cli) error="Installation was aborted."
[INFO  Thu Nov 21 11:59:30 2024] ...e/nvim/lazy/mason.nvim/lua/mason-core/installer/init.lua:184: Executing installer for Package(name=graphql-language-service-cli) {}
[INFO  Thu Nov 21 11:59:30 2024] ...e/nvim/lazy/mason.nvim/lua/mason-core/installer/init.lua:184: Executing installer for Package(name=eslint_d) {}
[INFO  Thu Nov 21 11:59:32 2024] ...e/nvim/lazy/mason.nvim/lua/mason-core/installer/init.lua:245: Installation succeeded for Package(name=eslint_d)
[INFO  Thu Nov 21 11:59:34 2024] ...e/nvim/lazy/mason.nvim/lua/mason-core/installer/init.lua:245: Installation succeeded for Package(name=graphql-language-service-cli)
[INFO  Thu Nov 21 12:12:54 2024] ...e/nvim/lazy/mason.nvim/lua/mason-core/installer/init.lua:184: Executing installer for Package(name=python-lsp-server) {}
[INFO  Thu Nov 21 12:13:00 2024] ...e/nvim/lazy/mason.nvim/lua/mason-core/installer/init.lua:245: Installation succeeded for Package(name=python-lsp-server)
[INFO  Thu Nov 21 12:17:49 2024] ...e/nvim/lazy/mason.nvim/lua/mason-core/installer/init.lua:184: Executing installer for Package(name=html-lsp) {}
[INFO  Thu Nov 21 12:17:49 2024] ...e/nvim/lazy/mason.nvim/lua/mason-core/installer/init.lua:184: Executing installer for Package(name=css-lsp) {}
[INFO  Thu Nov 21 12:17:49 2024] ...e/nvim/lazy/mason.nvim/lua/mason-core/installer/init.lua:184: Executing installer for Package(name=tailwindcss-language-server) {}
[INFO  Thu Nov 21 12:17:49 2024] ...e/nvim/lazy/mason.nvim/lua/mason-core/installer/init.lua:184: Executing installer for Package(name=lua-language-server) {}
[INFO  Thu Nov 21 12:17:50 2024] ...e/nvim/lazy/mason.nvim/lua/mason-core/installer/init.lua:184: Executing installer for Package(name=graphql-language-service-cli) {}
[INFO  Thu Nov 21 12:17:50 2024] ...e/nvim/lazy/mason.nvim/lua/mason-core/installer/init.lua:245: Installation succeeded for Package(name=lua-language-server)
[INFO  Thu Nov 21 12:17:50 2024] ...e/nvim/lazy/mason.nvim/lua/mason-core/installer/init.lua:184: Executing installer for Package(name=emmet-ls) {}
[INFO  Thu Nov 21 12:17:50 2024] ...e/nvim/lazy/mason.nvim/lua/mason-core/installer/init.lua:245: Installation succeeded for Package(name=tailwindcss-language-server)
[INFO  Thu Nov 21 12:17:52 2024] ...e/nvim/lazy/mason.nvim/lua/mason-core/installer/init.lua:184: Executing installer for Package(name=prisma-language-server) {}
[INFO  Thu Nov 21 12:17:52 2024] ...e/nvim/lazy/mason.nvim/lua/mason-core/installer/init.lua:245: Installation succeeded for Package(name=html-lsp)
[INFO  Thu Nov 21 12:17:52 2024] ...e/nvim/lazy/mason.nvim/lua/mason-core/installer/init.lua:184: Executing installer for Package(name=prettier) {}
[INFO  Thu Nov 21 12:17:52 2024] ...e/nvim/lazy/mason.nvim/lua/mason-core/installer/init.lua:245: Installation succeeded for Package(name=css-lsp)
[INFO  Thu Nov 21 12:17:53 2024] ...e/nvim/lazy/mason.nvim/lua/mason-core/installer/init.lua:184: Executing installer for Package(name=stylua) {}
[INFO  Thu Nov 21 12:17:53 2024] ...e/nvim/lazy/mason.nvim/lua/mason-core/installer/init.lua:245: Installation succeeded for Package(name=prettier)
[INFO  Thu Nov 21 12:17:53 2024] ...e/nvim/lazy/mason.nvim/lua/mason-core/installer/init.lua:184: Executing installer for Package(name=isort) {}
[INFO  Thu Nov 21 12:17:53 2024] ...e/nvim/lazy/mason.nvim/lua/mason-core/installer/init.lua:245: Installation succeeded for Package(name=emmet-ls)
[INFO  Thu Nov 21 12:17:54 2024] ...e/nvim/lazy/mason.nvim/lua/mason-core/installer/init.lua:184: Executing installer for Package(name=black) {}
[INFO  Thu Nov 21 12:17:54 2024] ...e/nvim/lazy/mason.nvim/lua/mason-core/installer/init.lua:245: Installation succeeded for Package(name=stylua)
[INFO  Thu Nov 21 12:17:55 2024] ...e/nvim/lazy/mason.nvim/lua/mason-core/installer/init.lua:184: Executing installer for Package(name=eslint_d) {}
[INFO  Thu Nov 21 12:17:55 2024] ...e/nvim/lazy/mason.nvim/lua/mason-core/installer/init.lua:245: Installation succeeded for Package(name=prisma-language-server)
[INFO  Thu Nov 21 12:17:55 2024] ...e/nvim/lazy/mason.nvim/lua/mason-core/installer/init.lua:245: Installation succeeded for Package(name=isort)
[INFO  Thu Nov 21 12:17:56 2024] ...e/nvim/lazy/mason.nvim/lua/mason-core/installer/init.lua:245: Installation succeeded for Package(name=black)
[INFO  Thu Nov 21 12:17:58 2024] ...e/nvim/lazy/mason.nvim/lua/mason-core/installer/init.lua:245: Installation succeeded for Package(name=graphql-language-service-cli)
[INFO  Thu Nov 21 12:18:07 2024] ...e/nvim/lazy/mason.nvim/lua/mason-core/installer/init.lua:245: Installation succeeded for Package(name=eslint_d)
[INFO  Thu Nov 21 12:21:00 2024] ...e/nvim/lazy/mason.nvim/lua/mason-core/installer/init.lua:184: Executing installer for Package(name=python-lsp-server) {}
[INFO  Thu Nov 21 12:21:04 2024] ...e/nvim/lazy/mason.nvim/lua/mason-core/installer/init.lua:245: Installation succeeded for Package(name=python-lsp-server)
[INFO  Thu Nov 21 12:22:10 2024] ...e/nvim/lazy/mason.nvim/lua/mason-core/installer/init.lua:184: Executing installer for Package(name=html-lsp) {}
[INFO  Thu Nov 21 12:22:10 2024] ...e/nvim/lazy/mason.nvim/lua/mason-core/installer/init.lua:184: Executing installer for Package(name=css-lsp) {}
[INFO  Thu Nov 21 12:22:10 2024] ...e/nvim/lazy/mason.nvim/lua/mason-core/installer/init.lua:184: Executing installer for Package(name=tailwindcss-language-server) {}
[INFO  Thu Nov 21 12:22:10 2024] ...e/nvim/lazy/mason.nvim/lua/mason-core/installer/init.lua:184: Executing installer for Package(name=lua-language-server) {}
[INFO  Thu Nov 21 12:22:11 2024] ...e/nvim/lazy/mason.nvim/lua/mason-core/installer/init.lua:184: Executing installer for Package(name=graphql-language-service-cli) {}
[INFO  Thu Nov 21 12:22:11 2024] ...e/nvim/lazy/mason.nvim/lua/mason-core/installer/init.lua:245: Installation succeeded for Package(name=lua-language-server)
[INFO  Thu Nov 21 12:22:12 2024] ...e/nvim/lazy/mason.nvim/lua/mason-core/installer/init.lua:184: Executing installer for Package(name=emmet-ls) {}
[INFO  Thu Nov 21 12:22:12 2024] ...e/nvim/lazy/mason.nvim/lua/mason-core/installer/init.lua:245: Installation succeeded for Package(name=tailwindcss-language-server)
[INFO  Thu Nov 21 12:22:12 2024] ...e/nvim/lazy/mason.nvim/lua/mason-core/installer/init.lua:184: Executing installer for Package(name=prisma-language-server) {}
[INFO  Thu Nov 21 12:22:12 2024] ...e/nvim/lazy/mason.nvim/lua/mason-core/installer/init.lua:245: Installation succeeded for Package(name=html-lsp)
[INFO  Thu Nov 21 12:22:12 2024] ...e/nvim/lazy/mason.nvim/lua/mason-core/installer/init.lua:184: Executing installer for Package(name=prettier) {}
[INFO  Thu Nov 21 12:22:12 2024] ...e/nvim/lazy/mason.nvim/lua/mason-core/installer/init.lua:245: Installation succeeded for Package(name=css-lsp)
[INFO  Thu Nov 21 12:22:13 2024] ...e/nvim/lazy/mason.nvim/lua/mason-core/installer/init.lua:184: Executing installer for Package(name=stylua) {}
[INFO  Thu Nov 21 12:22:13 2024] ...e/nvim/lazy/mason.nvim/lua/mason-core/installer/init.lua:245: Installation succeeded for Package(name=prettier)
[INFO  Thu Nov 21 12:22:13 2024] ...e/nvim/lazy/mason.nvim/lua/mason-core/installer/init.lua:184: Executing installer for Package(name=isort) {}
[INFO  Thu Nov 21 12:22:13 2024] ...e/nvim/lazy/mason.nvim/lua/mason-core/installer/init.lua:245: Installation succeeded for Package(name=emmet-ls)
[INFO  Thu Nov 21 12:22:13 2024] ...e/nvim/lazy/mason.nvim/lua/mason-core/installer/init.lua:184: Executing installer for Package(name=black) {}
[INFO  Thu Nov 21 12:22:13 2024] ...e/nvim/lazy/mason.nvim/lua/mason-core/installer/init.lua:245: Installation succeeded for Package(name=prisma-language-server)
[INFO  Thu Nov 21 12:22:13 2024] ...e/nvim/lazy/mason.nvim/lua/mason-core/installer/init.lua:184: Executing installer for Package(name=eslint_d) {}
[INFO  Thu Nov 21 12:22:13 2024] ...e/nvim/lazy/mason.nvim/lua/mason-core/installer/init.lua:245: Installation succeeded for Package(name=stylua)
[INFO  Thu Nov 21 12:22:14 2024] ...e/nvim/lazy/mason.nvim/lua/mason-core/installer/init.lua:245: Installation succeeded for Package(name=graphql-language-service-cli)
[INFO  Thu Nov 21 12:22:14 2024] ...e/nvim/lazy/mason.nvim/lua/mason-core/installer/init.lua:245: Installation succeeded for Package(name=eslint_d)
[INFO  Thu Nov 21 12:22:15 2024] ...e/nvim/lazy/mason.nvim/lua/mason-core/installer/init.lua:245: Installation succeeded for Package(name=isort)
[INFO  Thu Nov 21 12:22:15 2024] ...e/nvim/lazy/mason.nvim/lua/mason-core/installer/init.lua:245: Installation succeeded for Package(name=black)
[INFO  Thu Nov 21 12:22:38 2024] ...e/nvim/lazy/mason.nvim/lua/mason-core/installer/init.lua:184: Executing installer for Package(name=python-lsp-server) {}
[INFO  Thu Nov 21 12:22:42 2024] ...e/nvim/lazy/mason.nvim/lua/mason-core/installer/init.lua:245: Installation succeeded for Package(name=python-lsp-server)
[INFO  Thu Nov 21 12:25:55 2024] ...e/nvim/lazy/mason.nvim/lua/mason-core/installer/init.lua:184: Executing installer for Package(name=html-lsp) {}
[INFO  Thu Nov 21 12:25:55 2024] ...e/nvim/lazy/mason.nvim/lua/mason-core/installer/init.lua:184: Executing installer for Package(name=css-lsp) {}
[INFO  Thu Nov 21 12:25:55 2024] ...e/nvim/lazy/mason.nvim/lua/mason-core/installer/init.lua:184: Executing installer for Package(name=tailwindcss-language-server) {}
[INFO  Thu Nov 21 12:25:55 2024] ...e/nvim/lazy/mason.nvim/lua/mason-core/installer/init.lua:184: Executing installer for Package(name=lua-language-server) {}
[INFO  Thu Nov 21 12:25:56 2024] ...e/nvim/lazy/mason.nvim/lua/mason-core/installer/init.lua:184: Executing installer for Package(name=graphql-language-service-cli) {}
[INFO  Thu Nov 21 12:25:56 2024] ...e/nvim/lazy/mason.nvim/lua/mason-core/installer/init.lua:245: Installation succeeded for Package(name=lua-language-server)
[INFO  Thu Nov 21 12:25:57 2024] ...e/nvim/lazy/mason.nvim/lua/mason-core/installer/init.lua:184: Executing installer for Package(name=emmet-ls) {}
[INFO  Thu Nov 21 12:25:57 2024] ...e/nvim/lazy/mason.nvim/lua/mason-core/installer/init.lua:245: Installation succeeded for Package(name=tailwindcss-language-server)
[INFO  Thu Nov 21 12:25:59 2024] ...e/nvim/lazy/mason.nvim/lua/mason-core/installer/init.lua:184: Executing installer for Package(name=prisma-language-server) {}
[INFO  Thu Nov 21 12:25:59 2024] ...e/nvim/lazy/mason.nvim/lua/mason-core/installer/init.lua:245: Installation succeeded for Package(name=html-lsp)
[INFO  Thu Nov 21 12:25:59 2024] ...e/nvim/lazy/mason.nvim/lua/mason-core/installer/init.lua:184: Executing installer for Package(name=python-lsp-server) {}
[INFO  Thu Nov 21 12:25:59 2024] ...e/nvim/lazy/mason.nvim/lua/mason-core/installer/init.lua:245: Installation succeeded for Package(name=css-lsp)
[INFO  Thu Nov 21 12:25:59 2024] ...e/nvim/lazy/mason.nvim/lua/mason-core/installer/init.lua:184: Executing installer for Package(name=prettier) {}
[INFO  Thu Nov 21 12:25:59 2024] ...e/nvim/lazy/mason.nvim/lua/mason-core/installer/init.lua:245: Installation succeeded for Package(name=emmet-ls)
[INFO  Thu Nov 21 12:26:00 2024] ...e/nvim/lazy/mason.nvim/lua/mason-core/installer/init.lua:184: Executing installer for Package(name=stylua) {}
[INFO  Thu Nov 21 12:26:00 2024] ...e/nvim/lazy/mason.nvim/lua/mason-core/installer/init.lua:245: Installation succeeded for Package(name=prisma-language-server)
[INFO  Thu Nov 21 12:26:00 2024] ...e/nvim/lazy/mason.nvim/lua/mason-core/installer/init.lua:184: Executing installer for Package(name=isort) {}
[INFO  Thu Nov 21 12:26:00 2024] ...e/nvim/lazy/mason.nvim/lua/mason-core/installer/init.lua:245: Installation succeeded for Package(name=prettier)
[INFO  Thu Nov 21 12:26:01 2024] ...e/nvim/lazy/mason.nvim/lua/mason-core/installer/init.lua:184: Executing installer for Package(name=black) {}
[INFO  Thu Nov 21 12:26:01 2024] ...e/nvim/lazy/mason.nvim/lua/mason-core/installer/init.lua:245: Installation succeeded for Package(name=stylua)
[INFO  Thu Nov 21 12:26:02 2024] ...e/nvim/lazy/mason.nvim/lua/mason-core/installer/init.lua:184: Executing installer for Package(name=eslint_d) {}
[INFO  Thu Nov 21 12:26:02 2024] ...e/nvim/lazy/mason.nvim/lua/mason-core/installer/init.lua:245: Installation succeeded for Package(name=isort)
[INFO  Thu Nov 21 12:26:03 2024] ...e/nvim/lazy/mason.nvim/lua/mason-core/installer/init.lua:245: Installation succeeded for Package(name=python-lsp-server)
[INFO  Thu Nov 21 12:26:03 2024] ...e/nvim/lazy/mason.nvim/lua/mason-core/installer/init.lua:245: Installation succeeded for Package(name=black)
[INFO  Thu Nov 21 12:26:04 2024] ...e/nvim/lazy/mason.nvim/lua/mason-core/installer/init.lua:245: Installation succeeded for Package(name=graphql-language-service-cli)
[INFO  Thu Nov 21 12:26:05 2024] ...e/nvim/lazy/mason.nvim/lua/mason-core/installer/init.lua:245: Installation succeeded for Package(name=eslint_d)
[INFO  Fri Dec 27 12:19:07 2024] ...e/nvim/lazy/mason.nvim/lua/mason-core/installer/init.lua:184: Executing installer for Package(name=ruff) {}
[INFO  Fri Dec 27 12:19:10 2024] ...e/nvim/lazy/mason.nvim/lua/mason-core/installer/init.lua:245: Installation succeeded for Package(name=ruff)
[INFO  Fri Dec 27 15:15:14 2024] ...e/nvim/lazy/mason.nvim/lua/mason-core/installer/init.lua:184: Executing installer for Package(name=pyright) {}
[INFO  Fri Dec 27 15:15:17 2024] ...e/nvim/lazy/mason.nvim/lua/mason-core/installer/init.lua:245: Installation succeeded for Package(name=pyright)
[INFO  Tue Dec 31 17:27:52 2024] ...e/nvim/lazy/mason.nvim/lua/mason-core/installer/init.lua:184: Executing installer for Package(name=sqls) {}
[ERROR Tue Dec 31 17:27:52 2024] ...e/nvim/lazy/mason.nvim/lua/mason-core/installer/init.lua:249: Installation failed for Package(name=sqls) error=spawn: go failed with exit code - and signal -. go is not executable
[INFO  Tue Dec 31 17:27:56 2024] ...e/nvim/lazy/mason.nvim/lua/mason-core/installer/init.lua:184: Executing installer for Package(name=sqls) {}
[ERROR Tue Dec 31 17:27:56 2024] ...e/nvim/lazy/mason.nvim/lua/mason-core/installer/init.lua:249: Installation failed for Package(name=sqls) error=spawn: go failed with exit code - and signal -. go is not executable
[ERROR Sun Jan  5 10:56:59 2025] ...e/nvim/lazy/mason.nvim/lua/mason-core/providers/init.lua:81: Provider "github" "get_latest_release" failed: spawn: wget failed with exit code 4 and signal 0. 
[ERROR Sun Jan  5 10:57:59 2025] ...e/nvim/lazy/mason.nvim/lua/mason-core/providers/init.lua:81: Provider "github" "get_latest_release" failed: spawn: wget failed with exit code 4 and signal 0. 
[ERROR Sun Jan  5 10:57:59 2025] ...e/nvim/lazy/mason.nvim/lua/mason-core/providers/init.lua:92: No provider implementation succeeded for github.get_latest_release
[ERROR Sun Jan  5 10:57:59 2025] ...im/lazy/mason.nvim/lua/mason-registry/sources/github.lua:146: Failed to install registry GitHubRegistrySource(repo=mason-org/mason-registry). "Failed to fetch latest registry version from GitHub API."
[INFO  Sat Feb  8 17:23:13 2025] ...e/nvim/lazy/mason.nvim/lua/mason-core/installer/init.lua:184: Executing installer for Package(name=ruff-lsp) {}
[INFO  Sat Feb  8 17:23:16 2025] ...e/nvim/lazy/mason.nvim/lua/mason-core/installer/init.lua:245: Installation succeeded for Package(name=ruff-lsp)
[INFO  Sat Feb  8 17:26:23 2025] ...e/nvim/lazy/mason.nvim/lua/mason-core/installer/init.lua:184: Executing installer for Package(name=python-lsp-server) {}
[INFO  Sat Feb  8 17:26:26 2025] ...e/nvim/lazy/mason.nvim/lua/mason-core/installer/init.lua:184: Executing installer for Package(name=black) {}
[INFO  Sat Feb  8 17:26:27 2025] ...e/nvim/lazy/mason.nvim/lua/mason-core/installer/init.lua:184: Executing installer for Package(name=isort) {}
[INFO  Sat Feb  8 17:26:28 2025] ...e/nvim/lazy/mason.nvim/lua/mason-core/installer/init.lua:184: Executing installer for Package(name=pyright) {}
[INFO  Sat Feb  8 17:26:29 2025] ...e/nvim/lazy/mason.nvim/lua/mason-core/installer/init.lua:184: Executing installer for Package(name=ruff) {}
[INFO  Sat Feb  8 17:26:29 2025] ...e/nvim/lazy/mason.nvim/lua/mason-core/installer/init.lua:245: Installation succeeded for Package(name=black)
[INFO  Sat Feb  8 17:26:30 2025] ...e/nvim/lazy/mason.nvim/lua/mason-core/installer/init.lua:245: Installation succeeded for Package(name=python-lsp-server)
[INFO  Sat Feb  8 17:26:30 2025] ...e/nvim/lazy/mason.nvim/lua/mason-core/installer/init.lua:245: Installation succeeded for Package(name=isort)
[INFO  Sat Feb  8 17:26:32 2025] ...e/nvim/lazy/mason.nvim/lua/mason-core/installer/init.lua:245: Installation succeeded for Package(name=pyright)
[INFO  Sat Feb  8 17:26:33 2025] ...e/nvim/lazy/mason.nvim/lua/mason-core/installer/init.lua:245: Installation succeeded for Package(name=ruff)
[INFO  Sat Feb  8 17:26:35 2025] ...e/nvim/lazy/mason.nvim/lua/mason-core/installer/init.lua:184: Executing installer for Package(name=lua-language-server) Package(name=lua-language-server)
[INFO  Sat Feb  8 17:26:35 2025] ...e/nvim/lazy/mason.nvim/lua/mason-core/installer/init.lua:184: Executing installer for Package(name=prettier) Package(name=prettier)
[INFO  Sat Feb  8 17:26:35 2025] ...e/nvim/lazy/mason.nvim/lua/mason-core/installer/init.lua:184: Executing installer for Package(name=prisma-language-server) Package(name=prisma-language-server)
[INFO  Sat Feb  8 17:26:35 2025] ...e/nvim/lazy/mason.nvim/lua/mason-core/installer/init.lua:184: Executing installer for Package(name=stylua) Package(name=stylua)
[INFO  Sat Feb  8 17:26:35 2025] ...e/nvim/lazy/mason.nvim/lua/mason-core/installer/init.lua:184: Executing installer for Package(name=tailwindcss-language-server) Package(name=tailwindcss-language-server)
[INFO  Sat Feb  8 17:26:35 2025] ...e/nvim/lazy/mason.nvim/lua/mason-core/installer/init.lua:245: Installation succeeded for Package(name=stylua)
[INFO  Sat Feb  8 17:26:36 2025] ...e/nvim/lazy/mason.nvim/lua/mason-core/installer/init.lua:184: Executing installer for Package(name=eslint_d) Package(name=eslint_d)
[INFO  Sat Feb  8 17:26:36 2025] ...e/nvim/lazy/mason.nvim/lua/mason-core/installer/init.lua:245: Installation succeeded for Package(name=prettier)
[INFO  Sat Feb  8 17:26:36 2025] ...e/nvim/lazy/mason.nvim/lua/mason-core/installer/init.lua:245: Installation succeeded for Package(name=lua-language-server)
[INFO  Sat Feb  8 17:26:37 2025] ...e/nvim/lazy/mason.nvim/lua/mason-core/installer/init.lua:245: Installation succeeded for Package(name=tailwindcss-language-server)
[INFO  Sat Feb  8 17:26:38 2025] ...e/nvim/lazy/mason.nvim/lua/mason-core/installer/init.lua:245: Installation succeeded for Package(name=prisma-language-server)
[INFO  Sat Feb  8 17:26:39 2025] ...e/nvim/lazy/mason.nvim/lua/mason-core/installer/init.lua:245: Installation succeeded for Package(name=eslint_d)
[INFO  Sat Feb  8 17:28:27 2025] ...e/nvim/lazy/mason.nvim/lua/mason-core/installer/init.lua:184: Executing installer for Package(name=pyright) {}
[INFO  Sat Feb  8 17:28:29 2025] ...e/nvim/lazy/mason.nvim/lua/mason-core/installer/init.lua:245: Installation succeeded for Package(name=pyright)
[INFO  Sat Feb  8 17:29:30 2025] ...e/nvim/lazy/mason.nvim/lua/mason-core/installer/init.lua:184: Executing installer for Package(name=ruff) {}
[INFO  Sat Feb  8 17:29:33 2025] ...e/nvim/lazy/mason.nvim/lua/mason-core/installer/init.lua:245: Installation succeeded for Package(name=ruff)
[INFO  Sat Feb  8 18:07:44 2025] ...e/nvim/lazy/mason.nvim/lua/mason-core/installer/init.lua:184: Executing installer for Package(name=pyright) {}
[INFO  Sat Feb  8 18:07:46 2025] ...e/nvim/lazy/mason.nvim/lua/mason-core/installer/init.lua:245: Installation succeeded for Package(name=pyright)
