

Wed Feb 12 21:22:32 2025
...d/.local/share/nvim/lazy/nui.nvim/lua/nui/split/init.lua:169: Error executing lua: ...d/.local/share/nvim/lazy/nui.nvim/lua/nui/split/init.lua:170: SwapExists Autocommands for "*": Vim(split):E811: Not allowed to change buffer information now
stack traceback:
	[C]: in function 'nvim_command'
	...d/.local/share/nvim/lazy/nui.nvim/lua/nui/split/init.lua:170: in function <...d/.local/share/nvim/lazy/nui.nvim/lua/nui/split/init.lua:169>
	[C]: in function 'nvim_win_call'
	...d/.local/share/nvim/lazy/nui.nvim/lua/nui/split/init.lua:169: in function '_open_window'
	...d/.local/share/nvim/lazy/nui.nvim/lua/nui/split/init.lua:257: in function 'mount'
	....local/share/nvim/lazy/noice.nvim/lua/noice/view/nui.lua:107: in function 'mount'
	....local/share/nvim/lazy/noice.nvim/lua/noice/view/nui.lua:94: in function 'create'
	....local/share/nvim/lazy/noice.nvim/lua/noice/view/nui.lua:271: in function 'show'
	...local/share/nvim/lazy/noice.nvim/lua/noice/view/init.lua:163: in function <...local/share/nvim/lazy/noice.nvim/lua/noice/view/init.lua:161>
	[C]: in function 'xpcall'
	...local/share/nvim/lazy/noice.nvim/lua/noice/util/call.lua:149: in function <...local/share/nvim/lazy/noice.nvim/lua/noice/util/call.lua:134>
	...local/share/nvim/lazy/noice.nvim/lua/noice/view/init.lua:170: in function 'display'
	.../share/nvim/lazy/noice.nvim/lua/noice/message/router.lua:214: in function <.../share/nvim/lazy/noice.nvim/lua/noice/message/router.lua:148>
	[C]: in function 'xpcall'
	...local/share/nvim/lazy/noice.nvim/lua/noice/util/call.lua:149: in function 'try'
	.../.local/share/nvim/lazy/noice.nvim/lua/noice/ui/init.lua:144: in function <.../.local/share/nvim/lazy/noice.nvim/lua/noice/ui/init.lua:143>

stack traceback:
	[C]: in function 'pcall'
	...local/share/nvim/lazy/noice.nvim/lua/noice/util/call.lua:144: in function <...local/share/nvim/lazy/noice.nvim/lua/noice/util/call.lua:143>
	[C]: in function 'nvim_win_call'
	...d/.local/share/nvim/lazy/nui.nvim/lua/nui/split/init.lua:169: in function '_open_window'
	...d/.local/share/nvim/lazy/nui.nvim/lua/nui/split/init.lua:257: in function 'mount'
	....local/share/nvim/lazy/noice.nvim/lua/noice/view/nui.lua:107: in function 'mount'
	....local/share/nvim/lazy/noice.nvim/lua/noice/view/nui.lua:94: in function 'create'
	....local/share/nvim/lazy/noice.nvim/lua/noice/view/nui.lua:271: in function 'show'
	...local/share/nvim/lazy/noice.nvim/lua/noice/view/init.lua:163: in function <...local/share/nvim/lazy/noice.nvim/lua/noice/view/init.lua:161>
	[C]: in function 'xpcall'
	...local/share/nvim/lazy/noice.nvim/lua/noice/util/call.lua:149: in function <...local/share/nvim/lazy/noice.nvim/lua/noice/util/call.lua:134>
	...local/share/nvim/lazy/noice.nvim/lua/noice/view/init.lua:170: in function 'display'
	.../share/nvim/lazy/noice.nvim/lua/noice/message/router.lua:214: in function <.../share/nvim/lazy/noice.nvim/lua/noice/message/router.lua:148>
	[C]: in function 'xpcall'
	...local/share/nvim/lazy/noice.nvim/lua/noice/util/call.lua:149: in function 'try'
	.../.local/share/nvim/lazy/noice.nvim/lua/noice/ui/init.lua:144: in function <.../.local/share/nvim/lazy/noice.nvim/lua/noice/ui/init.lua:143>