2025-01-27 17:55:42,820 DEBUG    root            Loaded Command Group: ['gcloud', 'auth']
2025-01-27 17:55:42,829 DEBUG    root            Loaded Command Group: ['gcloud', 'auth', 'login']
2025-01-27 17:55:42,829 DEBUG    root            Running [gcloud.auth.login] with arguments: []
2025-01-27 17:55:42,859 DEBUG    requests_oauthlib.oauth2_session Generated new state poz4JlQKX6qjFHeBay5I4RZXWKoMGN.
2025-01-27 17:55:42,981 INFO     ___FILE_ONLY___ Your browser has been opened to visit:

    https://accounts.google.com/o/oauth2/auth?response_type=code&client_id=32555940559.apps.googleusercontent.com&redirect_uri=http%3A%2F%2Flocalhost%3A8085%2F&scope=openid+https%3A%2F%2Fwww.googleapis.com%2Fauth%2Fuserinfo.email+https%3A%2F%2Fwww.googleapis.com%2Fauth%2Fcloud-platform+https%3A%2F%2Fwww.googleapis.com%2Fauth%2Fappengine.admin+https%3A%2F%2Fwww.googleapis.com%2Fauth%2Fsqlservice.login+https%3A%2F%2Fwww.googleapis.com%2Fauth%2Fcompute+https%3A%2F%2Fwww.googleapis.com%2Fauth%2Faccounts.reauth&state=poz4JlQKX6qjFHeBay5I4RZXWKoMGN&access_type=offline&code_challenge=fEiRGoeeRhp4mWOZPWn3WA_QEiYO_-2XHWQ2uY4Kp8A&code_challenge_method=S256


2025-01-27 17:55:57,787 INFO     google_auth_oauthlib.flow "GET /?state=poz4JlQKX6qjFHeBay5I4RZXWKoMGN&code=4/0ASVgi3KssMamrIFBODycrtS-gqBbsbeMGQPV4kXbw5qfRFiNEyhbheEjBdC-ypSSEjJKFQ&scope=email%20openid%20https://www.googleapis.com/auth/userinfo.email%20https://www.googleapis.com/auth/cloud-platform%20https://www.googleapis.com/auth/appengine.admin%20https://www.googleapis.com/auth/sqlservice.login%20https://www.googleapis.com/auth/compute%20https://www.googleapis.com/auth/accounts.reauth&authuser=0&hd=valon.com&prompt=consent HTTP/1.1" 200 959
2025-01-27 17:55:57,788 DEBUG    requests_oauthlib.oauth2_session Requesting url https://oauth2.googleapis.com/token using method POST.
2025-01-27 17:55:57,788 DEBUG    requests_oauthlib.oauth2_session Supplying headers {b'Accept': b'application/json', b'Content-Type': b'application/x-www-form-urlencoded;charset=UTF-8', b'user-agent': b'google-cloud-sdk gcloud/475.0.0 command/gcloud.auth.login invocation-id/f395feb4e256446eb96419c07a8e8cdc environment/None environment-version/None client-os/MACOSX client-os-ver/24.2.0 client-pltf-arch/arm interactive/False from-script/False python/3.11.6 term/screen-256color (Macintosh; Intel Mac OS X 24.2.0)'} and data {'grant_type': 'authorization_code', 'client_id': '32555940559.apps.googleusercontent.com', 'client_secret': 'ZmssLNjJy2998hD4CTg2ejr2', 'code': '4/0ASVgi3KssMamrIFBODycrtS-gqBbsbeMGQPV4kXbw5qfRFiNEyhbheEjBdC-ypSSEjJKFQ', 'redirect_uri': 'http://localhost:8085/', 'code_verifier': 'ygSgyKKPmFhtOkHmGqF~UZY77Ns_a5.mI4GW6Xp16TM0JaXiW18YxTk.qNw18TNmLR1HOT5Lgmv6VFFG6.HaLi4avacMExo2aDnV-e8l_PdVR.8KQUEW.ibNHO70gba9'}
2025-01-27 17:55:57,788 DEBUG    requests_oauthlib.oauth2_session Passing through key word arguments {'json': None, 'timeout': None, 'auth': None, 'verify': None, 'proxies': None}.
2025-01-27 17:55:57,797 DEBUG    urllib3.connectionpool Starting new HTTPS connection (1): oauth2.googleapis.com:443
2025-01-27 17:55:57,987 DEBUG    urllib3.connectionpool https://oauth2.googleapis.com:443 "POST /token HTTP/1.1" 200 None
2025-01-27 17:55:57,989 DEBUG    requests_oauthlib.oauth2_session Prepared fetch token request body grant_type=authorization_code&client_id=32555940559.apps.googleusercontent.com&client_secret=ZmssLNjJy2998hD4CTg2ejr2&code=4%2F0ASVgi3KssMamrIFBODycrtS-gqBbsbeMGQPV4kXbw5qfRFiNEyhbheEjBdC-ypSSEjJKFQ&redirect_uri=http%3A%2F%2Flocalhost%3A8085%2F&code_verifier=ygSgyKKPmFhtOkHmGqF~UZY77Ns_a5.mI4GW6Xp16TM0JaXiW18YxTk.qNw18TNmLR1HOT5Lgmv6VFFG6.HaLi4avacMExo2aDnV-e8l_PdVR.8KQUEW.ibNHO70gba9
2025-01-27 17:55:57,989 DEBUG    requests_oauthlib.oauth2_session Request to fetch token completed with status 200.
2025-01-27 17:55:57,989 DEBUG    requests_oauthlib.oauth2_session Request headers were {'user-agent': b'google-cloud-sdk gcloud/475.0.0 command/gcloud.auth.login invocation-id/f395feb4e256446eb96419c07a8e8cdc environment/None environment-version/None client-os/MACOSX client-os-ver/24.2.0 client-pltf-arch/arm interactive/False from-script/False python/3.11.6 term/screen-256color (Macintosh; Intel Mac OS X 24.2.0)', 'Accept-Encoding': 'gzip, deflate', 'Accept': b'application/json', 'Connection': 'keep-alive', 'Content-Type': b'application/x-www-form-urlencoded;charset=UTF-8', 'Content-Length': '387'}
2025-01-27 17:55:57,989 DEBUG    requests_oauthlib.oauth2_session Request body was grant_type=authorization_code&client_id=32555940559.apps.googleusercontent.com&client_secret=ZmssLNjJy2998hD4CTg2ejr2&code=4%2F0ASVgi3KssMamrIFBODycrtS-gqBbsbeMGQPV4kXbw5qfRFiNEyhbheEjBdC-ypSSEjJKFQ&redirect_uri=http%3A%2F%2Flocalhost%3A8085%2F&code_verifier=ygSgyKKPmFhtOkHmGqF~UZY77Ns_a5.mI4GW6Xp16TM0JaXiW18YxTk.qNw18TNmLR1HOT5Lgmv6VFFG6.HaLi4avacMExo2aDnV-e8l_PdVR.8KQUEW.ibNHO70gba9
2025-01-27 17:55:57,989 DEBUG    requests_oauthlib.oauth2_session Response headers were {'Expires': 'Mon, 01 Jan 1990 00:00:00 GMT', 'Pragma': 'no-cache', 'Date': 'Mon, 27 Jan 2025 22:55:57 GMT', 'Cache-Control': 'no-cache, no-store, max-age=0, must-revalidate', 'Content-Type': 'application/json; charset=utf-8', 'Vary': 'Origin, X-Origin, Referer', 'Content-Encoding': 'gzip', 'Server': 'scaffolding on HTTPServer2', 'X-XSS-Protection': '0', 'X-Frame-Options': 'SAMEORIGIN', 'X-Content-Type-Options': 'nosniff', 'Alt-Svc': 'h3=":443"; ma=2592000,h3-29=":443"; ma=2592000', 'Transfer-Encoding': 'chunked'} and content {
  "access_token": "ya29.a0AXeO80Th40JzoQmURTDprDK_BX3Hz5J_LclkWh5dOW8iBKDh75GfF-ZAYGRWM8f2VR-GE5_YOJPUFoPNHQqCdBmbzEOjNyPId_FPC-_Pwnhg1it0IHFI4U0-FqV5aAWisV_y7M7nCrVVMi7E9FlZCAxe4wGkWqSN4IT3B8NmEmdP7gaCgYKAUkSARISFQHGX2MirQkpWz_ie8ZVG5dTDkFr-A0181",
  "expires_in": 3599,
  "refresh_token": "1//01DP-Wfo-mZUCCgYIARAAGAESNwF-L9Ir3SuOdz3LOZAXMFm1AOqdhCKoL0jX-X_NuEx2_lFNnNc-6sPDnd1vdDj4zJkZs3SGgHg",
  "scope": "https://www.googleapis.com/auth/cloud-platform https://www.googleapis.com/auth/userinfo.email openid https://www.googleapis.com/auth/sqlservice.login https://www.googleapis.com/auth/accounts.reauth https://www.googleapis.com/auth/appengine.admin https://www.googleapis.com/auth/compute",
  "token_type": "Bearer",
  "id_token": "eyJhbGciOiJSUzI1NiIsImtpZCI6IjYzMzdiZTYzNjRmMzgyNDAwOGQwZTkwMDNmNTBiYjZiNDNkNWE5YzYiLCJ0eXAiOiJKV1QifQ.eyJpc3MiOiJodHRwczovL2FjY291bnRzLmdvb2dsZS5jb20iLCJhenAiOiIzMjU1NTk0MDU1OS5hcHBzLmdvb2dsZXVzZXJjb250ZW50LmNvbSIsImF1ZCI6IjMyNTU1OTQwNTU5LmFwcHMuZ29vZ2xldXNlcmNvbnRlbnQuY29tIiwic3ViIjoiMTAwNjUyNDM4NTEyNzgzNjkzMzI5IiwiaGQiOiJ2YWxvbi5jb20iLCJlbWFpbCI6InRhbWppZC5yYWhtYW5AdmFsb24uY29tIiwiZW1haWxfdmVyaWZpZWQiOnRydWUsImF0X2hhc2giOiJPcHdhLTBhVmVZQzJiQ2c2ZnJHMUpRIiwiaWF0IjoxNzM4MDE4NTU3LCJleHAiOjE3MzgwMjIxNTd9.tgLILBRdw_KWRiVzN7v5y1QIolY9LhBvSpnPIL70C6pRrelzRjTIiDwqh9pAoGHcoUxT12wyhy0ZRhDcH5W5GCiuCAMcViI5yYYCajarD3oK9kqUj_Gs0ptn6telYmOoJSr4uF__qFhEWQ3horkrYaAK0MGHZbEmVzpS5Nk-PxwLaWm27qV_AQo4mnZtCRdyQxC_fqfGrshUx0gHex4zZy0WAhzWxLcFnKHSi4IfIgZVlMkVlWVmD1jqvCfxRgQirXwNH-EBYm0drUax14BFooeuR450svbbVCb03IcEtzgXZc2h4VF-aoWVqv58vaNNwHwRZg1WUhpc2N3NgPv2Ow"
}.
2025-01-27 17:55:57,989 DEBUG    requests_oauthlib.oauth2_session Invoking 0 token response hooks.
2025-01-27 17:55:57,989 DEBUG    requests_oauthlib.oauth2_session Obtained token {'access_token': 'ya29.a0AXeO80Th40JzoQmURTDprDK_BX3Hz5J_LclkWh5dOW8iBKDh75GfF-ZAYGRWM8f2VR-GE5_YOJPUFoPNHQqCdBmbzEOjNyPId_FPC-_Pwnhg1it0IHFI4U0-FqV5aAWisV_y7M7nCrVVMi7E9FlZCAxe4wGkWqSN4IT3B8NmEmdP7gaCgYKAUkSARISFQHGX2MirQkpWz_ie8ZVG5dTDkFr-A0181', 'expires_in': 3599, 'refresh_token': '1//01DP-Wfo-mZUCCgYIARAAGAESNwF-L9Ir3SuOdz3LOZAXMFm1AOqdhCKoL0jX-X_NuEx2_lFNnNc-6sPDnd1vdDj4zJkZs3SGgHg', 'scope': ['https://www.googleapis.com/auth/cloud-platform', 'https://www.googleapis.com/auth/userinfo.email', 'openid', 'https://www.googleapis.com/auth/sqlservice.login', 'https://www.googleapis.com/auth/accounts.reauth', 'https://www.googleapis.com/auth/appengine.admin', 'https://www.googleapis.com/auth/compute'], 'token_type': 'Bearer', 'id_token': 'eyJhbGciOiJSUzI1NiIsImtpZCI6IjYzMzdiZTYzNjRmMzgyNDAwOGQwZTkwMDNmNTBiYjZiNDNkNWE5YzYiLCJ0eXAiOiJKV1QifQ.eyJpc3MiOiJodHRwczovL2FjY291bnRzLmdvb2dsZS5jb20iLCJhenAiOiIzMjU1NTk0MDU1OS5hcHBzLmdvb2dsZXVzZXJjb250ZW50LmNvbSIsImF1ZCI6IjMyNTU1OTQwNTU5LmFwcHMuZ29vZ2xldXNlcmNvbnRlbnQuY29tIiwic3ViIjoiMTAwNjUyNDM4NTEyNzgzNjkzMzI5IiwiaGQiOiJ2YWxvbi5jb20iLCJlbWFpbCI6InRhbWppZC5yYWhtYW5AdmFsb24uY29tIiwiZW1haWxfdmVyaWZpZWQiOnRydWUsImF0X2hhc2giOiJPcHdhLTBhVmVZQzJiQ2c2ZnJHMUpRIiwiaWF0IjoxNzM4MDE4NTU3LCJleHAiOjE3MzgwMjIxNTd9.tgLILBRdw_KWRiVzN7v5y1QIolY9LhBvSpnPIL70C6pRrelzRjTIiDwqh9pAoGHcoUxT12wyhy0ZRhDcH5W5GCiuCAMcViI5yYYCajarD3oK9kqUj_Gs0ptn6telYmOoJSr4uF__qFhEWQ3horkrYaAK0MGHZbEmVzpS5Nk-PxwLaWm27qV_AQo4mnZtCRdyQxC_fqfGrshUx0gHex4zZy0WAhzWxLcFnKHSi4IfIgZVlMkVlWVmD1jqvCfxRgQirXwNH-EBYm0drUax14BFooeuR450svbbVCb03IcEtzgXZc2h4VF-aoWVqv58vaNNwHwRZg1WUhpc2N3NgPv2Ow', 'expires_at': 1738022156.9898722}.
2025-01-27 17:55:58,011 INFO     ___FILE_ONLY___ 
You are now logged in as [tamjid.rahman@valon.com].
Your current project is [prod-peach-street].  You can change this setting by running:
  $ gcloud config set project PROJECT_ID

2025-01-27 17:55:58,011 DEBUG    root            Chosen display Format:none
2025-01-27 17:55:58,012 INFO     root            Display format: "none"
