2025-01-29 12:00:02,250 DEBUG    root            Loaded Command Group: ['gcloud', 'auth']
2025-01-29 12:00:02,252 DEBUG    root            Loaded Command Group: ['gcloud', 'auth', 'application_default']
2025-01-29 12:00:02,264 DEBUG    root            Loaded Command Group: ['gcloud', 'auth', 'application-default', 'login']
2025-01-29 12:00:02,265 DEBUG    root            Running [gcloud.auth.application-default.login] with arguments: []
2025-01-29 12:00:02,301 DEBUG    requests_oauthlib.oauth2_session Generated new state JGIePw4dUcqfqyCaZiDxtV5pPYj8ZK.
2025-01-29 12:00:02,415 INFO     ___FILE_ONLY___ Your browser has been opened to visit:

    https://accounts.google.com/o/oauth2/auth?response_type=code&client_id=764086051850-6qr4p6gpi6hn506pt8ejuq83di341hur.apps.googleusercontent.com&redirect_uri=http%3A%2F%2Flocalhost%3A8085%2F&scope=openid+https%3A%2F%2Fwww.googleapis.com%2Fauth%2Fuserinfo.email+https%3A%2F%2Fwww.googleapis.com%2Fauth%2Fcloud-platform+https%3A%2F%2Fwww.googleapis.com%2Fauth%2Fsqlservice.login&state=JGIePw4dUcqfqyCaZiDxtV5pPYj8ZK&access_type=offline&code_challenge=YqbebNyJBLKliP8bg9VosgqxU0l9ceMDV7P9rbpLq7E&code_challenge_method=S256


2025-01-29 12:00:19,646 INFO     google_auth_oauthlib.flow "GET /?state=JGIePw4dUcqfqyCaZiDxtV5pPYj8ZK&code=4/0ASVgi3Ixb-P9y-IDCbhcjODuRIib1EWOfT1piS4ROA_s5UtNxrNfgQPaK85vSuPs5sVopQ&scope=email%20openid%20https://www.googleapis.com/auth/userinfo.email%20https://www.googleapis.com/auth/cloud-platform%20https://www.googleapis.com/auth/sqlservice.login&authuser=0&hd=valon.com&prompt=consent HTTP/1.1" 200 959
2025-01-29 12:00:19,647 DEBUG    requests_oauthlib.oauth2_session Requesting url https://oauth2.googleapis.com/token using method POST.
2025-01-29 12:00:19,647 DEBUG    requests_oauthlib.oauth2_session Supplying headers {b'Accept': b'application/json', b'Content-Type': b'application/x-www-form-urlencoded;charset=UTF-8', b'user-agent': b'google-cloud-sdk gcloud/475.0.0 command/gcloud.auth.application-default.login invocation-id/0e619b7842474a52914d6fae7c67c17a environment/None environment-version/None client-os/MACOSX client-os-ver/24.2.0 client-pltf-arch/arm interactive/False from-script/False python/3.11.6 term/screen-256color (Macintosh; Intel Mac OS X 24.2.0)'} and data {'grant_type': 'authorization_code', 'client_id': '764086051850-6qr4p6gpi6hn506pt8ejuq83di341hur.apps.googleusercontent.com', 'client_secret': 'd-FL95Q19q7MQmFpd7hHD0Ty', 'code': '4/0ASVgi3Ixb-P9y-IDCbhcjODuRIib1EWOfT1piS4ROA_s5UtNxrNfgQPaK85vSuPs5sVopQ', 'redirect_uri': 'http://localhost:8085/', 'code_verifier': 'G.bV1Z5Xyg5gghbRAYJMkq.9No3nhLvqvuuLXs-_KAUWKbhTnEZP9hccqywYk7Y73wovzu8JiawRP_KvFVg2bC19pXmq2ZENCPs4e~f-~4ILRidBQSpQfuZXMKbP.89T'}
2025-01-29 12:00:19,647 DEBUG    requests_oauthlib.oauth2_session Passing through key word arguments {'json': None, 'timeout': None, 'auth': None, 'verify': None, 'proxies': None}.
2025-01-29 12:00:19,658 DEBUG    urllib3.connectionpool Starting new HTTPS connection (1): oauth2.googleapis.com:443
2025-01-29 12:00:19,863 DEBUG    urllib3.connectionpool https://oauth2.googleapis.com:443 "POST /token HTTP/1.1" 200 None
2025-01-29 12:00:19,864 DEBUG    requests_oauthlib.oauth2_session Prepared fetch token request body grant_type=authorization_code&client_id=764086051850-6qr4p6gpi6hn506pt8ejuq83di341hur.apps.googleusercontent.com&client_secret=d-FL95Q19q7MQmFpd7hHD0Ty&code=4%2F0ASVgi3Ixb-P9y-IDCbhcjODuRIib1EWOfT1piS4ROA_s5UtNxrNfgQPaK85vSuPs5sVopQ&redirect_uri=http%3A%2F%2Flocalhost%3A8085%2F&code_verifier=G.bV1Z5Xyg5gghbRAYJMkq.9No3nhLvqvuuLXs-_KAUWKbhTnEZP9hccqywYk7Y73wovzu8JiawRP_KvFVg2bC19pXmq2ZENCPs4e~f-~4ILRidBQSpQfuZXMKbP.89T
2025-01-29 12:00:19,865 DEBUG    requests_oauthlib.oauth2_session Request to fetch token completed with status 200.
2025-01-29 12:00:19,865 DEBUG    requests_oauthlib.oauth2_session Request headers were {'user-agent': b'google-cloud-sdk gcloud/475.0.0 command/gcloud.auth.application-default.login invocation-id/0e619b7842474a52914d6fae7c67c17a environment/None environment-version/None client-os/MACOSX client-os-ver/24.2.0 client-pltf-arch/arm interactive/False from-script/False python/3.11.6 term/screen-256color (Macintosh; Intel Mac OS X 24.2.0)', 'Accept-Encoding': 'gzip, deflate', 'Accept': b'application/json', 'Connection': 'keep-alive', 'Content-Type': b'application/x-www-form-urlencoded;charset=UTF-8', 'Content-Length': '421'}
2025-01-29 12:00:19,865 DEBUG    requests_oauthlib.oauth2_session Request body was grant_type=authorization_code&client_id=764086051850-6qr4p6gpi6hn506pt8ejuq83di341hur.apps.googleusercontent.com&client_secret=d-FL95Q19q7MQmFpd7hHD0Ty&code=4%2F0ASVgi3Ixb-P9y-IDCbhcjODuRIib1EWOfT1piS4ROA_s5UtNxrNfgQPaK85vSuPs5sVopQ&redirect_uri=http%3A%2F%2Flocalhost%3A8085%2F&code_verifier=G.bV1Z5Xyg5gghbRAYJMkq.9No3nhLvqvuuLXs-_KAUWKbhTnEZP9hccqywYk7Y73wovzu8JiawRP_KvFVg2bC19pXmq2ZENCPs4e~f-~4ILRidBQSpQfuZXMKbP.89T
2025-01-29 12:00:19,865 DEBUG    requests_oauthlib.oauth2_session Response headers were {'Date': 'Wed, 29 Jan 2025 17:00:19 GMT', 'Expires': 'Mon, 01 Jan 1990 00:00:00 GMT', 'Cache-Control': 'no-cache, no-store, max-age=0, must-revalidate', 'Pragma': 'no-cache', 'Content-Type': 'application/json; charset=utf-8', 'Vary': 'Origin, X-Origin, Referer', 'Content-Encoding': 'gzip', 'Server': 'scaffolding on HTTPServer2', 'X-XSS-Protection': '0', 'X-Frame-Options': 'SAMEORIGIN', 'X-Content-Type-Options': 'nosniff', 'Alt-Svc': 'h3=":443"; ma=2592000,h3-29=":443"; ma=2592000', 'Transfer-Encoding': 'chunked'} and content {
  "access_token": "ya29.a0AXeO80Q9COm6NNMbQdatHxOXDFa_9qXqo4zWqtgYWTUeinNxz8Hycwt4NCAIWDfcWOZ7IJd8UXLiJ7d7ysaHyTF3JaMYGqhTBkA1A65EWszqMGmQDCq85cn_0UcAuE9uBMPUKrmZ0ZZwRpsXE4sTplVp2eLgR1ijtw2mj2i1aCgYKAUYSARISFQHGX2MiSpU8A9CxTC3qNJ_L3BdqMg0175",
  "expires_in": 3599,
  "refresh_token": "1//01-g3stVQGe4tCgYIARAAGAESNwF-L9Irx-wNDqC49VcFZscoMT1SiQXDso8AzTMLFg_R0bREtULAXH2x-5IHfUoeVr4kBiSAWwE",
  "scope": "https://www.googleapis.com/auth/cloud-platform openid https://www.googleapis.com/auth/sqlservice.login https://www.googleapis.com/auth/userinfo.email",
  "token_type": "Bearer",
  "id_token": "eyJhbGciOiJSUzI1NiIsImtpZCI6ImZhMDcyZjc1Nzg0NjQyNjE1MDg3YzcxODJjMTAxMzQxZTE4ZjdhM2EiLCJ0eXAiOiJKV1QifQ.eyJpc3MiOiJodHRwczovL2FjY291bnRzLmdvb2dsZS5jb20iLCJhenAiOiI3NjQwODYwNTE4NTAtNnFyNHA2Z3BpNmhuNTA2cHQ4ZWp1cTgzZGkzNDFodXIuYXBwcy5nb29nbGV1c2VyY29udGVudC5jb20iLCJhdWQiOiI3NjQwODYwNTE4NTAtNnFyNHA2Z3BpNmhuNTA2cHQ4ZWp1cTgzZGkzNDFodXIuYXBwcy5nb29nbGV1c2VyY29udGVudC5jb20iLCJzdWIiOiIxMDA2NTI0Mzg1MTI3ODM2OTMzMjkiLCJoZCI6InZhbG9uLmNvbSIsImVtYWlsIjoidGFtamlkLnJhaG1hbkB2YWxvbi5jb20iLCJlbWFpbF92ZXJpZmllZCI6dHJ1ZSwiYXRfaGFzaCI6Im5GSmZaeVNhV0VjcWxqblFKVWpNTWciLCJpYXQiOjE3MzgxNzAwMTksImV4cCI6MTczODE3MzYxOX0.GFa21vkue5Km6Xr7Ofm3n7wx5DddC1OrFqc6qA1DjuZb71WdXyaNIJJddm4liHCfzhZytCO3qXPm5DostdSI39-AjECOBsR_qdBhknmfamG9v3xF_x6rjsQ1Aa_2QugYZXGWmDJ_ruCmvz09GJWD7GecNFJvQ-baCuzedPJB_POya5MsKucpEzavqBhGc222Awpk-ht2ZA6buwg74CdEaASVSOwcr4UYi7UfzbmbTVwkZf0bdnx7FzTAmVq3VibRngnXftmWbryjB-NrqMcJxE5dmbdog-DYgAQZtyuubq0XU7Oa5fduq3hyDGTSXy1IeRWOKcwDfs__GsGr6v-ifA"
}.
2025-01-29 12:00:19,865 DEBUG    requests_oauthlib.oauth2_session Invoking 0 token response hooks.
2025-01-29 12:00:19,865 DEBUG    requests_oauthlib.oauth2_session Obtained token {'access_token': 'ya29.a0AXeO80Q9COm6NNMbQdatHxOXDFa_9qXqo4zWqtgYWTUeinNxz8Hycwt4NCAIWDfcWOZ7IJd8UXLiJ7d7ysaHyTF3JaMYGqhTBkA1A65EWszqMGmQDCq85cn_0UcAuE9uBMPUKrmZ0ZZwRpsXE4sTplVp2eLgR1ijtw2mj2i1aCgYKAUYSARISFQHGX2MiSpU8A9CxTC3qNJ_L3BdqMg0175', 'expires_in': 3599, 'refresh_token': '1//01-g3stVQGe4tCgYIARAAGAESNwF-L9Irx-wNDqC49VcFZscoMT1SiQXDso8AzTMLFg_R0bREtULAXH2x-5IHfUoeVr4kBiSAWwE', 'scope': ['https://www.googleapis.com/auth/cloud-platform', 'openid', 'https://www.googleapis.com/auth/sqlservice.login', 'https://www.googleapis.com/auth/userinfo.email'], 'token_type': 'Bearer', 'id_token': 'eyJhbGciOiJSUzI1NiIsImtpZCI6ImZhMDcyZjc1Nzg0NjQyNjE1MDg3YzcxODJjMTAxMzQxZTE4ZjdhM2EiLCJ0eXAiOiJKV1QifQ.eyJpc3MiOiJodHRwczovL2FjY291bnRzLmdvb2dsZS5jb20iLCJhenAiOiI3NjQwODYwNTE4NTAtNnFyNHA2Z3BpNmhuNTA2cHQ4ZWp1cTgzZGkzNDFodXIuYXBwcy5nb29nbGV1c2VyY29udGVudC5jb20iLCJhdWQiOiI3NjQwODYwNTE4NTAtNnFyNHA2Z3BpNmhuNTA2cHQ4ZWp1cTgzZGkzNDFodXIuYXBwcy5nb29nbGV1c2VyY29udGVudC5jb20iLCJzdWIiOiIxMDA2NTI0Mzg1MTI3ODM2OTMzMjkiLCJoZCI6InZhbG9uLmNvbSIsImVtYWlsIjoidGFtamlkLnJhaG1hbkB2YWxvbi5jb20iLCJlbWFpbF92ZXJpZmllZCI6dHJ1ZSwiYXRfaGFzaCI6Im5GSmZaeVNhV0VjcWxqblFKVWpNTWciLCJpYXQiOjE3MzgxNzAwMTksImV4cCI6MTczODE3MzYxOX0.GFa21vkue5Km6Xr7Ofm3n7wx5DddC1OrFqc6qA1DjuZb71WdXyaNIJJddm4liHCfzhZytCO3qXPm5DostdSI39-AjECOBsR_qdBhknmfamG9v3xF_x6rjsQ1Aa_2QugYZXGWmDJ_ruCmvz09GJWD7GecNFJvQ-baCuzedPJB_POya5MsKucpEzavqBhGc222Awpk-ht2ZA6buwg74CdEaASVSOwcr4UYi7UfzbmbTVwkZf0bdnx7FzTAmVq3VibRngnXftmWbryjB-NrqMcJxE5dmbdog-DYgAQZtyuubq0XU7Oa5fduq3hyDGTSXy1IeRWOKcwDfs__GsGr6v-ifA', 'expires_at': 1738173618.8657532}.
2025-01-29 12:00:19,877 INFO     ___FILE_ONLY___ 
Credentials saved to file: [/Users/tamjid/.config/gcloud/application_default_credentials.json]

2025-01-29 12:00:19,877 INFO     ___FILE_ONLY___ 
These credentials will be used by any library that requests Application Default Credentials (ADC).

2025-01-29 12:00:19,888 INFO     root            Using alternate credentials from file: [/Users/tamjid/.config/gcloud/application_default_credentials.json]
2025-01-29 12:00:19,893 DEBUG    google.auth.transport.requests Making request: POST https://oauth2.googleapis.com/token
2025-01-29 12:00:19,896 DEBUG    urllib3.connectionpool Starting new HTTPS connection (1): oauth2.googleapis.com:443
2025-01-29 12:00:20,077 DEBUG    urllib3.connectionpool https://oauth2.googleapis.com:443 "POST /token HTTP/1.1" 200 None
2025-01-29 12:00:20,087 INFO     root            Using alternate credentials from file: [/Users/tamjid/.config/gcloud/application_default_credentials.json]
2025-01-29 12:00:20,150 DEBUG    urllib3.connectionpool Starting new HTTPS connection (1): cloudresourcemanager.googleapis.com:443
2025-01-29 12:00:20,525 DEBUG    urllib3.connectionpool https://cloudresourcemanager.googleapis.com:443 "POST /v1/projects/prod-peach-street:testIamPermissions?alt=json HTTP/1.1" 200 None
2025-01-29 12:00:20,529 WARNING  root            
Cannot add the project "prod-peach-street" to ADC as the quota project because the account in ADC does not have the "serviceusage.services.use" permission on this project. You might receive a "quota_exceeded" or "API not enabled" error. Run $ gcloud auth application-default set-quota-project to add a quota project.
2025-01-29 12:00:20,531 DEBUG    root            Chosen display Format:none
2025-01-29 12:00:20,532 INFO     root            Display format: "none"
