2025-01-29 12:16:43,455 DEBUG    root            Loaded Command Group: ['gcloud', 'config']
2025-01-29 12:16:43,457 DEBUG    root            Loaded Command Group: ['gcloud', 'config', 'config_helper']
2025-01-29 12:16:43,457 DEBUG    root            Running [gcloud.config.config-helper] with arguments: [--format: "json", --min-expiry: "3600"]
2025-01-29 12:16:43,463 DEBUG    google.auth.transport.requests Making request: POST https://oauth2.googleapis.com/token
2025-01-29 12:16:43,469 DEBUG    urllib3.connectionpool Starting new HTTPS connection (1): oauth2.googleapis.com:443
2025-01-29 12:16:43,647 DEBUG    urllib3.connectionpool https://oauth2.googleapis.com:443 "POST /token HTTP/1.1" 200 None
2025-01-29 12:16:43,652 DEBUG    root            Chosen display Format:default json
2025-01-29 12:16:43,652 INFO     root            Display format: "default json"
2025-01-29 12:16:43,671 INFO     ___FILE_ONLY___ {
  "configuration": {
    "active_configuration": "default",
    "properties": {
      "core": {
        "account": "tamjid.rahman@valon.com",
        "disable_prompts": "false",
        "disable_usage_reporting": "True",
        "project": "prod-peach-street"
      }
    }
  },
  "credential": {
    "access_token": "ya29.a0AXeO80TrFqcaYIYa-YLN4wYnCGVsm_IGP-p_pfI2m9Cyv0cPqx5VTi96djPSqepYYGHMbUVE8vEI43Jn--RpxjVKyoA8ktHFwuUxDtpko2E8OhPJIRnB983B2vc-4pCp7CnO84VeiWkxhZFbqziMucTGWUcrmh02TG9h3sMG-win7gaCgYKAYsSARISFQHGX2Mia4MR6TXRRPyt3EnJMXD1RQ0181",
    "id_token": "eyJhbGciOiJSUzI1NiIsImtpZCI6ImZhMDcyZjc1Nzg0NjQyNjE1MDg3YzcxODJjMTAxMzQxZTE4ZjdhM2EiLCJ0eXAiOiJKV1QifQ.eyJpc3MiOiJodHRwczovL2FjY291bnRzLmdvb2dsZS5jb20iLCJhenAiOiIzMjU1NTk0MDU1OS5hcHBzLmdvb2dsZXVzZXJjb250ZW50LmNvbSIsImF1ZCI6IjMyNTU1OTQwNTU5LmFwcHMuZ29vZ2xldXNlcmNvbnRlbnQuY29tIiwic3ViIjoiMTAwNjUyNDM4NTEyNzgzNjkzMzI5IiwiaGQiOiJ2YWxvbi5jb20iLCJlbWFpbCI6InRhbWppZC5yYWhtYW5AdmFsb24uY29tIiwiZW1haWxfdmVyaWZpZWQiOnRydWUsImF0X2hhc2giOiJNM0QtQUpfZkw5VGQtc1I3MTNmSDF3IiwiaWF0IjoxNzM4MTcxMDAzLCJleHAiOjE3MzgxNzQ2MDN9.PZQL1CK5Ryi6-aUASWOfLG7IC8r62D09awG2peFqsz5NwZT8TFv73t_E0irxTp5WY2ef4hbPtEApKQ3MHmr09KgHX5AZwgSQBJxKtzdQGWozEXPoWiNdTOl_SLsg-f6siuH4XBJRprnJKcxvYVyarvVxtDq7scrfoxK03k2cvvX7iAQ4pXnGTLobVnjq0Obe0_qd1AqzyswDVq6TVrKAstVOUAXMAfb2CLssn6k7g06ABLsZPDItftky5sdsFXKXUh8cnbHibPp9uLV8soqCrAZZGn5cTwfozys8JoQdvXoWtRCOB4LNN0ZHUxBhnKoQ_VEhDLvd9ibVOCcoID33kw",
    "token_expiry": "2025-01-29T18:16:42Z"
  },
  "sentinels": {
    "config_sentinel": "/Users/tamjid/.config/gcloud/config_sentinel"
  }
}
2025-01-29 12:16:43,671 INFO     ___FILE_ONLY___ 

