2025-01-29 12:16:20,490 DEBUG    root            Loaded Command Group: ['gcloud', 'config']
2025-01-29 12:16:20,492 DEBUG    root            Loaded Command Group: ['gcloud', 'config', 'config_helper']
2025-01-29 12:16:20,492 DEBUG    root            Running [gcloud.config.config-helper] with arguments: [--format: "json", --min-expiry: "3600"]
2025-01-29 12:16:20,506 DEBUG    google.auth.transport.requests Making request: POST https://oauth2.googleapis.com/token
2025-01-29 12:16:20,540 DEBUG    urllib3.connectionpool Starting new HTTPS connection (1): oauth2.googleapis.com:443
2025-01-29 12:16:20,712 DEBUG    urllib3.connectionpool https://oauth2.googleapis.com:443 "POST /token HTTP/1.1" 400 None
2025-01-29 12:16:20,713 INFO     root            Reauthentication not performed as we cannot prompt during non-interactive execution.
2025-01-29 12:16:20,719 DEBUG    google.auth.transport.requests Making request: POST https://oauth2.googleapis.com/token
2025-01-29 12:16:20,721 DEBUG    urllib3.connectionpool Starting new HTTPS connection (1): oauth2.googleapis.com:443
2025-01-29 12:16:20,887 DEBUG    urllib3.connectionpool https://oauth2.googleapis.com:443 "POST /token HTTP/1.1" 400 None
2025-01-29 12:16:20,888 INFO     root            Reauthentication not performed as we cannot prompt during non-interactive execution.
2025-01-29 12:16:20,894 DEBUG    root            Chosen display Format:default json
2025-01-29 12:16:20,894 INFO     root            Display format: "default json"
2025-01-29 12:16:20,931 INFO     ___FILE_ONLY___ {
  "configuration": {
    "active_configuration": "default",
    "properties": {
      "core": {
        "account": "tamjid.rahman@valon.com",
        "disable_prompts": "false",
        "disable_usage_reporting": "True",
        "project": "prod-peach-street"
      }
    }
  },
  "credential": {
    "access_token": "ya29.a0AXeO80Sg0RR9irSYvYisB62UurL2bkwWNSZJ6d4U4SeZngwi7nus6Ksy9dvJKrlb5KtyxQOetXK1GjJEnUqIZR_t2-ZZWr2xhOe5gmds4YBfNxQpm9jTI_kAgCjGUMuIuSSUSjC4L1BrZqRzySGRx6h95b8WBeuJhVIrFiR3sD8drTwaCgYKAbISARISFQHGX2MiQsq0Ik2MxlST9722zdY1KQ0182",
    "id_token": "eyJhbGciOiJSUzI1NiIsImtpZCI6ImZhMDcyZjc1Nzg0NjQyNjE1MDg3YzcxODJjMTAxMzQxZTE4ZjdhM2EiLCJ0eXAiOiJKV1QifQ.eyJpc3MiOiJodHRwczovL2FjY291bnRzLmdvb2dsZS5jb20iLCJhenAiOiIzMjU1NTk0MDU1OS5hcHBzLmdvb2dsZXVzZXJjb250ZW50LmNvbSIsImF1ZCI6IjMyNTU1OTQwNTU5LmFwcHMuZ29vZ2xldXNlcmNvbnRlbnQuY29tIiwic3ViIjoiMTAwNjUyNDM4NTEyNzgzNjkzMzI5IiwiaGQiOiJ2YWxvbi5jb20iLCJlbWFpbCI6InRhbWppZC5yYWhtYW5AdmFsb24uY29tIiwiZW1haWxfdmVyaWZpZWQiOnRydWUsImF0X2hhc2giOiJGMzYweXBKSlBhVjhHbVBLTVVicktnIiwiaWF0IjoxNzM4MTYzMTM0LCJleHAiOjE3MzgxNjY3MzR9.Ln107TFyFlORXHNN4Q5r9LPgmjtIAgvCu5XOXYx7S9E-p37gtl-QWXz5BTp9D8abZP0VTRJcMcRxou-7rphjVNDSEujG1k9owqJogzbjM8LhCm3kBpIaE6vKGfO2GExN8QKmhWgzhS2CIrfZYsTRScF3q7qMrfMNAKkzLGbXVVfsBlm_o7lLGY18spiZSv33PM9eM1BpDUhDyHXMoiqqP96cfFQHSiEAvDEEbitpEOvaDgDF4o5FOfv2_nQk6Rhy2eWQbz9HfEHnj7VmHNlQMUsKIXmxZKiORnESQ3_yvGpcYOqE-ZmsPXUlL1tBSfkwJ0jUxBl1CC1wvJJn98EU4w",
    "token_expiry": "2025-01-29T16:05:33Z"
  },
  "sentinels": {
    "config_sentinel": "/Users/tamjid/.config/gcloud/config_sentinel"
  }
}
2025-01-29 12:16:20,931 INFO     ___FILE_ONLY___ 

