2025-01-29 12:16:29,667 DEBUG    root            Loaded Command Group: ['gcloud', 'auth']
2025-01-29 12:16:29,676 DEBUG    root            Loaded Command Group: ['gcloud', 'auth', 'login']
2025-01-29 12:16:29,677 DEBUG    root            Running [gcloud.auth.login] with arguments: []
2025-01-29 12:16:29,702 DEBUG    requests_oauthlib.oauth2_session Generated new state kWycg58U1reca4YUXW4zvOQOrVa5cI.
2025-01-29 12:16:29,845 INFO     ___FILE_ONLY___ Your browser has been opened to visit:

    https://accounts.google.com/o/oauth2/auth?response_type=code&client_id=32555940559.apps.googleusercontent.com&redirect_uri=http%3A%2F%2Flocalhost%3A8085%2F&scope=openid+https%3A%2F%2Fwww.googleapis.com%2Fauth%2Fuserinfo.email+https%3A%2F%2Fwww.googleapis.com%2Fauth%2Fcloud-platform+https%3A%2F%2Fwww.googleapis.com%2Fauth%2Fappengine.admin+https%3A%2F%2Fwww.googleapis.com%2Fauth%2Fsqlservice.login+https%3A%2F%2Fwww.googleapis.com%2Fauth%2Fcompute+https%3A%2F%2Fwww.googleapis.com%2Fauth%2Faccounts.reauth&state=kWycg58U1reca4YUXW4zvOQOrVa5cI&access_type=offline&code_challenge=luIco8w-uciRWk-1flXAwHE1o_8kIBuPb5uGuGWRbs4&code_challenge_method=S256


2025-01-29 12:16:42,635 INFO     google_auth_oauthlib.flow "GET /?state=kWycg58U1reca4YUXW4zvOQOrVa5cI&code=4/0ASVgi3LzO-vyefKMqnBR1avW4F3iOLl2W1VVTHt7YPe1bGdxvcGgF8K_3ywSs6GoBO1f2g&scope=email%20openid%20https://www.googleapis.com/auth/userinfo.email%20https://www.googleapis.com/auth/cloud-platform%20https://www.googleapis.com/auth/appengine.admin%20https://www.googleapis.com/auth/sqlservice.login%20https://www.googleapis.com/auth/compute%20https://www.googleapis.com/auth/accounts.reauth&authuser=0&hd=valon.com&prompt=consent HTTP/1.1" 200 959
2025-01-29 12:16:42,636 DEBUG    requests_oauthlib.oauth2_session Requesting url https://oauth2.googleapis.com/token using method POST.
2025-01-29 12:16:42,636 DEBUG    requests_oauthlib.oauth2_session Supplying headers {b'Accept': b'application/json', b'Content-Type': b'application/x-www-form-urlencoded;charset=UTF-8', b'user-agent': b'google-cloud-sdk gcloud/475.0.0 command/gcloud.auth.login invocation-id/d5907b19b51e44d6af4e9ea47bf0bd9c environment/None environment-version/None client-os/MACOSX client-os-ver/24.2.0 client-pltf-arch/arm interactive/False from-script/False python/3.11.6 term/screen-256color (Macintosh; Intel Mac OS X 24.2.0)'} and data {'grant_type': 'authorization_code', 'client_id': '32555940559.apps.googleusercontent.com', 'client_secret': 'ZmssLNjJy2998hD4CTg2ejr2', 'code': '4/0ASVgi3LzO-vyefKMqnBR1avW4F3iOLl2W1VVTHt7YPe1bGdxvcGgF8K_3ywSs6GoBO1f2g', 'redirect_uri': 'http://localhost:8085/', 'code_verifier': 'V84OQyJN5Hj88p.txRzFL_xsgwhsshgwb_946tTkRJXhGMKGun1e-QlAawLPrOJkm_47Lm0L2brwZKjB_ISchhdWIlhRsxm0sd-eBtUPo1LlQAlJo_.h8yAjjIIDCaxD'}
2025-01-29 12:16:42,636 DEBUG    requests_oauthlib.oauth2_session Passing through key word arguments {'json': None, 'timeout': None, 'auth': None, 'verify': None, 'proxies': None}.
2025-01-29 12:16:42,646 DEBUG    urllib3.connectionpool Starting new HTTPS connection (1): oauth2.googleapis.com:443
2025-01-29 12:16:42,851 DEBUG    urllib3.connectionpool https://oauth2.googleapis.com:443 "POST /token HTTP/1.1" 200 None
2025-01-29 12:16:42,853 DEBUG    requests_oauthlib.oauth2_session Prepared fetch token request body grant_type=authorization_code&client_id=32555940559.apps.googleusercontent.com&client_secret=ZmssLNjJy2998hD4CTg2ejr2&code=4%2F0ASVgi3LzO-vyefKMqnBR1avW4F3iOLl2W1VVTHt7YPe1bGdxvcGgF8K_3ywSs6GoBO1f2g&redirect_uri=http%3A%2F%2Flocalhost%3A8085%2F&code_verifier=V84OQyJN5Hj88p.txRzFL_xsgwhsshgwb_946tTkRJXhGMKGun1e-QlAawLPrOJkm_47Lm0L2brwZKjB_ISchhdWIlhRsxm0sd-eBtUPo1LlQAlJo_.h8yAjjIIDCaxD
2025-01-29 12:16:42,853 DEBUG    requests_oauthlib.oauth2_session Request to fetch token completed with status 200.
2025-01-29 12:16:42,853 DEBUG    requests_oauthlib.oauth2_session Request headers were {'user-agent': b'google-cloud-sdk gcloud/475.0.0 command/gcloud.auth.login invocation-id/d5907b19b51e44d6af4e9ea47bf0bd9c environment/None environment-version/None client-os/MACOSX client-os-ver/24.2.0 client-pltf-arch/arm interactive/False from-script/False python/3.11.6 term/screen-256color (Macintosh; Intel Mac OS X 24.2.0)', 'Accept-Encoding': 'gzip, deflate', 'Accept': b'application/json', 'Connection': 'keep-alive', 'Content-Type': b'application/x-www-form-urlencoded;charset=UTF-8', 'Content-Length': '387'}
2025-01-29 12:16:42,853 DEBUG    requests_oauthlib.oauth2_session Request body was grant_type=authorization_code&client_id=32555940559.apps.googleusercontent.com&client_secret=ZmssLNjJy2998hD4CTg2ejr2&code=4%2F0ASVgi3LzO-vyefKMqnBR1avW4F3iOLl2W1VVTHt7YPe1bGdxvcGgF8K_3ywSs6GoBO1f2g&redirect_uri=http%3A%2F%2Flocalhost%3A8085%2F&code_verifier=V84OQyJN5Hj88p.txRzFL_xsgwhsshgwb_946tTkRJXhGMKGun1e-QlAawLPrOJkm_47Lm0L2brwZKjB_ISchhdWIlhRsxm0sd-eBtUPo1LlQAlJo_.h8yAjjIIDCaxD
2025-01-29 12:16:42,854 DEBUG    requests_oauthlib.oauth2_session Response headers were {'Cache-Control': 'no-cache, no-store, max-age=0, must-revalidate', 'Date': 'Wed, 29 Jan 2025 17:16:42 GMT', 'Expires': 'Mon, 01 Jan 1990 00:00:00 GMT', 'Pragma': 'no-cache', 'Content-Type': 'application/json; charset=utf-8', 'Vary': 'Origin, X-Origin, Referer', 'Content-Encoding': 'gzip', 'Server': 'scaffolding on HTTPServer2', 'X-XSS-Protection': '0', 'X-Frame-Options': 'SAMEORIGIN', 'X-Content-Type-Options': 'nosniff', 'Alt-Svc': 'h3=":443"; ma=2592000,h3-29=":443"; ma=2592000', 'Transfer-Encoding': 'chunked'} and content {
  "access_token": "ya29.a0AXeO80QteR_HNArvqjYP5jqohrFtlKnjg3UjGQ5U8C1o8pLMurDb-KfScEuzVKOZr-CawvF25arO8m0tpeD4DLsDCWHrUbbmMwKnsVgebXLAXiS6D9BG8fWG66k-j9WXn7dQGSq5SVNCpnF8gdyk8PDMNp30CT_fO984KyXzvxAqvAaCgYKATcSARISFQHGX2Mi8AYSrXQMnP9pO1AHFWpGZg0181",
  "expires_in": 3599,
  "refresh_token": "1//01Z8DnpzujCpcCgYIARAAGAESNwF-L9IrPdffH8li22mEPcrGBdvG7xSVuYCCNu9IQOB906Lou-nK_amH1h2QX_OtcUY15rLLpaM",
  "scope": "https://www.googleapis.com/auth/accounts.reauth https://www.googleapis.com/auth/appengine.admin https://www.googleapis.com/auth/sqlservice.login https://www.googleapis.com/auth/userinfo.email https://www.googleapis.com/auth/compute https://www.googleapis.com/auth/cloud-platform openid",
  "token_type": "Bearer",
  "id_token": "eyJhbGciOiJSUzI1NiIsImtpZCI6ImZhMDcyZjc1Nzg0NjQyNjE1MDg3YzcxODJjMTAxMzQxZTE4ZjdhM2EiLCJ0eXAiOiJKV1QifQ.eyJpc3MiOiJodHRwczovL2FjY291bnRzLmdvb2dsZS5jb20iLCJhenAiOiIzMjU1NTk0MDU1OS5hcHBzLmdvb2dsZXVzZXJjb250ZW50LmNvbSIsImF1ZCI6IjMyNTU1OTQwNTU5LmFwcHMuZ29vZ2xldXNlcmNvbnRlbnQuY29tIiwic3ViIjoiMTAwNjUyNDM4NTEyNzgzNjkzMzI5IiwiaGQiOiJ2YWxvbi5jb20iLCJlbWFpbCI6InRhbWppZC5yYWhtYW5AdmFsb24uY29tIiwiZW1haWxfdmVyaWZpZWQiOnRydWUsImF0X2hhc2giOiJOUDZMQXlwZkFqeWJ1MUFyakFqN0hBIiwiaWF0IjoxNzM4MTcxMDAyLCJleHAiOjE3MzgxNzQ2MDJ9.E2S2Ye0wSf_pl3e_AYNGQIicHFlF4KLWiqeicqxx8zd3wZ31ySjNLnZ6On7ueInM-5c5MiMI3_g9-Eq-yuSf1UDYFfJ76NZSUDPC6YVxkXx2oVNiwtmJu_NG2B-71NmMDyQvfE7_HVvWfDPshCJ9cCYSdOv3kcnxcchTakwGxkjtRv8JQEBB8gHP0tQ6t9SBeXovABO7u735z3BbmrGQ7S6FWFpSuJo-QjG26NKdkZTtOmwUGIqLYH_sxkz02kpGeJtLWIPJKqrDMiG9g4pfPLe8m9ebKzSVvYJzVPjVTf6t48GeJySwE86gRU8z7AgB-YDEYzjVokZQRn4Mdr287g"
}.
2025-01-29 12:16:42,854 DEBUG    requests_oauthlib.oauth2_session Invoking 0 token response hooks.
2025-01-29 12:16:42,854 DEBUG    requests_oauthlib.oauth2_session Obtained token {'access_token': 'ya29.a0AXeO80QteR_HNArvqjYP5jqohrFtlKnjg3UjGQ5U8C1o8pLMurDb-KfScEuzVKOZr-CawvF25arO8m0tpeD4DLsDCWHrUbbmMwKnsVgebXLAXiS6D9BG8fWG66k-j9WXn7dQGSq5SVNCpnF8gdyk8PDMNp30CT_fO984KyXzvxAqvAaCgYKATcSARISFQHGX2Mi8AYSrXQMnP9pO1AHFWpGZg0181', 'expires_in': 3599, 'refresh_token': '1//01Z8DnpzujCpcCgYIARAAGAESNwF-L9IrPdffH8li22mEPcrGBdvG7xSVuYCCNu9IQOB906Lou-nK_amH1h2QX_OtcUY15rLLpaM', 'scope': ['https://www.googleapis.com/auth/accounts.reauth', 'https://www.googleapis.com/auth/appengine.admin', 'https://www.googleapis.com/auth/sqlservice.login', 'https://www.googleapis.com/auth/userinfo.email', 'https://www.googleapis.com/auth/compute', 'https://www.googleapis.com/auth/cloud-platform', 'openid'], 'token_type': 'Bearer', 'id_token': 'eyJhbGciOiJSUzI1NiIsImtpZCI6ImZhMDcyZjc1Nzg0NjQyNjE1MDg3YzcxODJjMTAxMzQxZTE4ZjdhM2EiLCJ0eXAiOiJKV1QifQ.eyJpc3MiOiJodHRwczovL2FjY291bnRzLmdvb2dsZS5jb20iLCJhenAiOiIzMjU1NTk0MDU1OS5hcHBzLmdvb2dsZXVzZXJjb250ZW50LmNvbSIsImF1ZCI6IjMyNTU1OTQwNTU5LmFwcHMuZ29vZ2xldXNlcmNvbnRlbnQuY29tIiwic3ViIjoiMTAwNjUyNDM4NTEyNzgzNjkzMzI5IiwiaGQiOiJ2YWxvbi5jb20iLCJlbWFpbCI6InRhbWppZC5yYWhtYW5AdmFsb24uY29tIiwiZW1haWxfdmVyaWZpZWQiOnRydWUsImF0X2hhc2giOiJOUDZMQXlwZkFqeWJ1MUFyakFqN0hBIiwiaWF0IjoxNzM4MTcxMDAyLCJleHAiOjE3MzgxNzQ2MDJ9.E2S2Ye0wSf_pl3e_AYNGQIicHFlF4KLWiqeicqxx8zd3wZ31ySjNLnZ6On7ueInM-5c5MiMI3_g9-Eq-yuSf1UDYFfJ76NZSUDPC6YVxkXx2oVNiwtmJu_NG2B-71NmMDyQvfE7_HVvWfDPshCJ9cCYSdOv3kcnxcchTakwGxkjtRv8JQEBB8gHP0tQ6t9SBeXovABO7u735z3BbmrGQ7S6FWFpSuJo-QjG26NKdkZTtOmwUGIqLYH_sxkz02kpGeJtLWIPJKqrDMiG9g4pfPLe8m9ebKzSVvYJzVPjVTf6t48GeJySwE86gRU8z7AgB-YDEYzjVokZQRn4Mdr287g', 'expires_at': 1738174601.854382}.
2025-01-29 12:16:42,882 INFO     ___FILE_ONLY___ 
You are now logged in as [tamjid.rahman@valon.com].
Your current project is [prod-peach-street].  You can change this setting by running:
  $ gcloud config set project PROJECT_ID

2025-01-29 12:16:42,882 DEBUG    root            Chosen display Format:none
2025-01-29 12:16:42,882 INFO     root            Display format: "none"
