2025-01-29 13:27:53,884 DEBUG    root            Loaded Command Group: ['gcloud', 'config']
2025-01-29 13:27:53,885 DEBUG    root            Loaded Command Group: ['gcloud', 'config', 'config_helper']
2025-01-29 13:27:53,886 DEBUG    root            Running [gcloud.config.config-helper] with arguments: [--format: "json", --min-expiry: "3600"]
2025-01-29 13:27:53,891 DEBUG    google.auth.transport.requests Making request: POST https://oauth2.googleapis.com/token
2025-01-29 13:27:53,896 DEBUG    urllib3.connectionpool Starting new HTTPS connection (1): oauth2.googleapis.com:443
2025-01-29 13:27:54,061 DEBUG    urllib3.connectionpool https://oauth2.googleapis.com:443 "POST /token HTTP/1.1" 200 None
2025-01-29 13:27:54,064 DEBUG    root            Chosen display Format:default json
2025-01-29 13:27:54,065 INFO     root            Display format: "default json"
2025-01-29 13:27:54,080 INFO     ___FILE_ONLY___ {
  "configuration": {
    "active_configuration": "default",
    "properties": {
      "core": {
        "account": "tamjid.rahman@valon.com",
        "disable_prompts": "false",
        "disable_usage_reporting": "True",
        "project": "prod-peach-street"
      }
    }
  },
  "credential": {
    "access_token": "ya29.a0AXeO80RlXV8mYnCrlS-wz2ZZssZBTWnqxTWegq9ZdTsGT7-RFmHVxr6uZYi2Ow2lnA-njc_HjnNGLWZJ8zX0qZopnwNdMva-tr3HSnuuSiblOeUP6ct46NjgtLI6q4471uab7TiyB-l9YSfh5vXw-uODpSLPPXaZu92AUVM3IDyW5AaCgYKAb4SARISFQHGX2Mi4Cj9cMbHgDwezWcuFyH4Rg0181",
    "id_token": "eyJhbGciOiJSUzI1NiIsImtpZCI6ImZhMDcyZjc1Nzg0NjQyNjE1MDg3YzcxODJjMTAxMzQxZTE4ZjdhM2EiLCJ0eXAiOiJKV1QifQ.eyJpc3MiOiJodHRwczovL2FjY291bnRzLmdvb2dsZS5jb20iLCJhenAiOiIzMjU1NTk0MDU1OS5hcHBzLmdvb2dsZXVzZXJjb250ZW50LmNvbSIsImF1ZCI6IjMyNTU1OTQwNTU5LmFwcHMuZ29vZ2xldXNlcmNvbnRlbnQuY29tIiwic3ViIjoiMTAwNjUyNDM4NTEyNzgzNjkzMzI5IiwiaGQiOiJ2YWxvbi5jb20iLCJlbWFpbCI6InRhbWppZC5yYWhtYW5AdmFsb24uY29tIiwiZW1haWxfdmVyaWZpZWQiOnRydWUsImF0X2hhc2giOiJvZ2otY1dUSVR5Y2VPSEFUZi1TamJBIiwiaWF0IjoxNzM4MTc1Mjc0LCJleHAiOjE3MzgxNzg4NzR9.jy8a5OmVtF72EN-zt28_NSLgeocwrIXY4_eG7ZLiWJkLo82mBV0on8DwQpJPIisyeuqua_co6Pa-Ix8oZk1d5cT6ZvPEwlEwxiIc-ykxvNPdLaxZzu6xlPCkBf8W38Fx1zdi8seevJjhCnyPaGoM_y-jX6w3uOGpXLz18DxlruYzmxp-utsX2glYCYBrO4EPnHhHcEPhOfg_ZqyhJ7e_2kzLBhcFCGsZ2vpNhGoJyumkfuA5pZCqJZTgVtidlWy2t1zJhjrH-yvOIxxeKW3e9xoiZnzK92kDubaix86xvvEEAsiePgrb4k-BQYwr5PqmEjPHzV-xBi12fH4ObQX-UQ",
    "token_expiry": "2025-01-29T19:27:53Z"
  },
  "sentinels": {
    "config_sentinel": "/Users/tamjid/.config/gcloud/config_sentinel"
  }
}
2025-01-29 13:27:54,080 INFO     ___FILE_ONLY___ 

