2025-01-29 13:27:53,364 DEBUG    root            Loaded Command Group: ['gcloud', 'config']
2025-01-29 13:27:53,366 DEBUG    root            Loaded Command Group: ['gcloud', 'config', 'config_helper']
2025-01-29 13:27:53,366 DEBUG    root            Running [gcloud.config.config-helper] with arguments: [--format: "json", --min-expiry: "3600"]
2025-01-29 13:27:53,382 DEBUG    google.auth.transport.requests Making request: POST https://oauth2.googleapis.com/token
2025-01-29 13:27:53,418 DEBUG    urllib3.connectionpool Starting new HTTPS connection (1): oauth2.googleapis.com:443
2025-01-29 13:27:53,596 DEBUG    urllib3.connectionpool https://oauth2.googleapis.com:443 "POST /token HTTP/1.1" 200 None
2025-01-29 13:27:53,600 DEBUG    root            Chosen display Format:default json
2025-01-29 13:27:53,600 INFO     root            Display format: "default json"
2025-01-29 13:27:53,626 INFO     ___FILE_ONLY___ {
  "configuration": {
    "active_configuration": "default",
    "properties": {
      "core": {
        "account": "tamjid.rahman@valon.com",
        "disable_prompts": "false",
        "disable_usage_reporting": "True",
        "project": "prod-peach-street"
      }
    }
  },
  "credential": {
    "access_token": "ya29.a0AXeO80QzNn5fpW029rKwfJzA_kltPfG-qBQGr9vpN8BOu14UKZnxbwQhm7zD0G_hxhKO769qawSxA0ga_2WJnb7Ew6at579aFsX_E6Ln68RATWJCbWGEON44Xks7_ax9VgD8nlUEVuSPiwyTdFRiJvE85-gN0baKA3fkA15EEyja9waCgYKAYwSARISFQHGX2MifEw6S72pQzt2uPwxYKlczg0181",
    "id_token": "eyJhbGciOiJSUzI1NiIsImtpZCI6ImZhMDcyZjc1Nzg0NjQyNjE1MDg3YzcxODJjMTAxMzQxZTE4ZjdhM2EiLCJ0eXAiOiJKV1QifQ.eyJpc3MiOiJodHRwczovL2FjY291bnRzLmdvb2dsZS5jb20iLCJhenAiOiIzMjU1NTk0MDU1OS5hcHBzLmdvb2dsZXVzZXJjb250ZW50LmNvbSIsImF1ZCI6IjMyNTU1OTQwNTU5LmFwcHMuZ29vZ2xldXNlcmNvbnRlbnQuY29tIiwic3ViIjoiMTAwNjUyNDM4NTEyNzgzNjkzMzI5IiwiaGQiOiJ2YWxvbi5jb20iLCJlbWFpbCI6InRhbWppZC5yYWhtYW5AdmFsb24uY29tIiwiZW1haWxfdmVyaWZpZWQiOnRydWUsImF0X2hhc2giOiJiLUNHV1JIczc3V24xWmJyX1RucS13IiwiaWF0IjoxNzM4MTc1MjczLCJleHAiOjE3MzgxNzg4NzN9.oLhRDMKD0yUjlZxSW6J1AK0mbRpSZA-iW3dvqQ7HASpxVv6GyBuSCN5UvrAEpw1zFvtBPRLs4MdultMutOX_f2kc2m4O8pCG7jhanBoYZRLAzB5uYU6HGMSoPTVktRdGao1lREGG3HDbgX3kI52qHBo1FJV5aTAEkNr5EffDIOkHnTLFTPSQDI8m_ujFapaxohaGZb0op3HmYBhOouEO4_UsVAfWyoQduoaU5lkFXfEBGsB0gdYinodBqWiH8mVtk0Yv0-LjN3gZnWWHz0EJxXXMMK0ygvakxMaAwftCvkf7SVMRIeJNYnhnds5Vsl_Ab65vdceX9Wv7bCv4eBMldA",
    "token_expiry": "2025-01-29T19:27:52Z"
  },
  "sentinels": {
    "config_sentinel": "/Users/tamjid/.config/gcloud/config_sentinel"
  }
}
2025-01-29 13:27:53,626 INFO     ___FILE_ONLY___ 

