2025-01-29 14:26:58,365 DEBUG    root            Loaded Command Group: ['gcloud', 'config']
2025-01-29 14:26:58,367 DEBUG    root            Loaded Command Group: ['gcloud', 'config', 'config_helper']
2025-01-29 14:26:58,368 DEBUG    root            Running [gcloud.config.config-helper] with arguments: [--format: "json", --min-expiry: "3600"]
2025-01-29 14:26:58,376 DEBUG    google.auth.transport.requests Making request: POST https://oauth2.googleapis.com/token
2025-01-29 14:26:58,409 DEBUG    urllib3.connectionpool Starting new HTTPS connection (1): oauth2.googleapis.com:443
2025-01-29 14:26:58,573 DEBUG    urllib3.connectionpool https://oauth2.googleapis.com:443 "POST /token HTTP/1.1" 200 None
2025-01-29 14:26:58,581 DEBUG    google.auth.transport.requests Making request: POST https://oauth2.googleapis.com/token
2025-01-29 14:26:58,583 DEBUG    urllib3.connectionpool Starting new HTTPS connection (1): oauth2.googleapis.com:443
2025-01-29 14:26:58,747 DEBUG    urllib3.connectionpool https://oauth2.googleapis.com:443 "POST /token HTTP/1.1" 200 None
2025-01-29 14:26:58,751 DEBUG    root            Chosen display Format:default json
2025-01-29 14:26:58,751 INFO     root            Display format: "default json"
2025-01-29 14:26:58,777 INFO     ___FILE_ONLY___ {
  "configuration": {
    "active_configuration": "default",
    "properties": {
      "core": {
        "account": "tamjid.rahman@valon.com",
        "disable_prompts": "false",
        "disable_usage_reporting": "True",
        "project": "prod-peach-street"
      }
    }
  },
  "credential": {
    "access_token": "ya29.a0AXeO80QG8_mPQ27KYBu9gYpZwhMeB54U6yt5NIPDvqtxGTe5akqQTqMfGioQVWmPBQZsXOsfFgn1KbKRiRdNFQ59_gIiJbEz0PqRl3-2tgMxhyHVUXtAXefVqhCCXWy44f8ytJc5W8Cf2hR-_KWJtOo64OKrargSKUteCIJV0L80lgaCgYKAVoSARISFQHGX2MiIFAquPPZXLFhDep0310KpA0181",
    "id_token": "eyJhbGciOiJSUzI1NiIsImtpZCI6ImZhMDcyZjc1Nzg0NjQyNjE1MDg3YzcxODJjMTAxMzQxZTE4ZjdhM2EiLCJ0eXAiOiJKV1QifQ.eyJpc3MiOiJodHRwczovL2FjY291bnRzLmdvb2dsZS5jb20iLCJhenAiOiIzMjU1NTk0MDU1OS5hcHBzLmdvb2dsZXVzZXJjb250ZW50LmNvbSIsImF1ZCI6IjMyNTU1OTQwNTU5LmFwcHMuZ29vZ2xldXNlcmNvbnRlbnQuY29tIiwic3ViIjoiMTAwNjUyNDM4NTEyNzgzNjkzMzI5IiwiaGQiOiJ2YWxvbi5jb20iLCJlbWFpbCI6InRhbWppZC5yYWhtYW5AdmFsb24uY29tIiwiZW1haWxfdmVyaWZpZWQiOnRydWUsImF0X2hhc2giOiJXMW5fdHRzbnJpcENYRkJpeXBsbFpnIiwiaWF0IjoxNzM4MTc4ODE4LCJleHAiOjE3MzgxODI0MTh9.Bhk-Iv3OaN6qnr6ts_OTWhVO7acB_ojV46Fao3GJnyR7KcPzrq0u_BIW0WHWEE-YZ8DlzQSocW5aaPdQwLrFRoOKi5kaIqsUET9u0lszNAk4B6uoGCszFi-J4-k_d1suRl6crHpn2nH8g5r1tPkxJ7oW2Hc1giO2lMtxaBx6mJ3ujeth8oG4xVyCDj9Qzmx0XbxIkoUGs1ZK6cBUdFGnLhB8joew43pm3SIgMD_BCYjHa_0SN9nw7LpO95jtErhudp_LwUQZZDDTtnnocIs-ZaCbkBuCEv2JV02P3I2q_EgUMwJNZAQJ_ytIURfAm1Jt3BVQVi9ix5iYYHn5eJmRSQ",
    "token_expiry": "2025-01-29T20:26:57Z"
  },
  "sentinels": {
    "config_sentinel": "/Users/tamjid/.config/gcloud/config_sentinel"
  }
}
2025-01-29 14:26:58,777 INFO     ___FILE_ONLY___ 

