2025-01-28 15:19:12,466 DEBUG    root            Loaded Command Group: ['gcloud', 'config']
2025-01-28 15:19:12,466 DEBUG    root            Loaded Command Group: ['gcloud', 'config', 'config_helper']
2025-01-28 15:19:12,467 DEBUG    root            Running [gcloud.config.config-helper] with arguments: [--format: "json", --min-expiry: "3600"]
2025-01-28 15:19:12,473 DEBUG    google.auth.transport.requests Making request: POST https://oauth2.googleapis.com/token
2025-01-28 15:19:12,478 DEBUG    urllib3.connectionpool Starting new HTTPS connection (1): oauth2.googleapis.com:443
2025-01-28 15:19:12,655 DEBUG    urllib3.connectionpool https://oauth2.googleapis.com:443 "POST /token HTTP/1.1" 400 None
2025-01-28 15:19:12,655 INFO     root            Reauthentication not performed as we cannot prompt during non-interactive execution.
2025-01-28 15:19:12,660 DEBUG    google.auth.transport.requests Making request: POST https://oauth2.googleapis.com/token
2025-01-28 15:19:12,661 DEBUG    urllib3.connectionpool Starting new HTTPS connection (1): oauth2.googleapis.com:443
2025-01-28 15:19:12,826 DEBUG    urllib3.connectionpool https://oauth2.googleapis.com:443 "POST /token HTTP/1.1" 400 None
2025-01-28 15:19:12,826 INFO     root            Reauthentication not performed as we cannot prompt during non-interactive execution.
2025-01-28 15:19:12,829 DEBUG    root            Chosen display Format:default json
2025-01-28 15:19:12,829 INFO     root            Display format: "default json"
2025-01-28 15:19:12,853 INFO     ___FILE_ONLY___ {
  "configuration": {
    "active_configuration": "default",
    "properties": {
      "core": {
        "account": "tamjid.rahman@valon.com",
        "disable_prompts": "false",
        "disable_usage_reporting": "True",
        "project": "prod-peach-street"
      }
    }
  },
  "credential": {
    "access_token": "ya29.a0AXeO80Rtdv4WhqcWGQu98DeAfByifggaSgXIfk3-KlpjTrNrnKGA1_lf9naLmCTvMYPPX4aWgc3zJ6O3N03dBV09YGpLnWF00akU_KvmvYDFbkkCfEOa9z4ik-qHM6H1A7iji17AH7O6GexItLMzuh9bP4DVXMZ6pGUQuYfF-TNlZAaCgYKAXgSARISFQHGX2Mi0aldf6E2vi6FgI1B5Ed89A0181",
    "id_token": "eyJhbGciOiJSUzI1NiIsImtpZCI6IjYzMzdiZTYzNjRmMzgyNDAwOGQwZTkwMDNmNTBiYjZiNDNkNWE5YzYiLCJ0eXAiOiJKV1QifQ.eyJpc3MiOiJodHRwczovL2FjY291bnRzLmdvb2dsZS5jb20iLCJhenAiOiIzMjU1NTk0MDU1OS5hcHBzLmdvb2dsZXVzZXJjb250ZW50LmNvbSIsImF1ZCI6IjMyNTU1OTQwNTU5LmFwcHMuZ29vZ2xldXNlcmNvbnRlbnQuY29tIiwic3ViIjoiMTAwNjUyNDM4NTEyNzgzNjkzMzI5IiwiaGQiOiJ2YWxvbi5jb20iLCJlbWFpbCI6InRhbWppZC5yYWhtYW5AdmFsb24uY29tIiwiZW1haWxfdmVyaWZpZWQiOnRydWUsImF0X2hhc2giOiJPRzg0SEJ3MEducmdKQnA2R2xXX1BBIiwiaWF0IjoxNzM4MDE4NTU4LCJleHAiOjE3MzgwMjIxNTh9.MAT4UfllC6oeLjaP9vnUFsMhlYlmUIsvAFA4F9PC5h33qSaw-FzOu5qODqWyvIZpIaT6slHZPl658cmqLLHcKrrOVjKClkQZFPV4Z5YEelr_jLYL4NHTUdh_FLIao-09u1-40U5MOmLAU_ouAZ-yW5vPd0KmBvWAZ2WmXZkFJmryWQSW2iKjwthQAiT9qdw5nnYxchmbu3LlLPnPCVJeM2W3zjgN4Gtii8G4h2TWju1JtrIxQ3TChaDu9JcN3t8cpeCoZ5hPE2qpKdYwOn1Jq0is-ZK3qbk158Qz5bTN6IK04EyIX0Tr8FL4qIswvKWfbQFUNDz2BGLKcKX4Tyx17A",
    "token_expiry": "2025-01-27T23:55:57Z"
  },
  "sentinels": {
    "config_sentinel": "/Users/tamjid/.config/gcloud/config_sentinel"
  }
}
2025-01-28 15:19:12,854 INFO     ___FILE_ONLY___ 

