2025-01-28 15:19:49,232 DEBUG    root            Loaded Command Group: ['gcloud', 'config']
2025-01-28 15:19:49,233 DEBUG    root            Loaded Command Group: ['gcloud', 'config', 'config_helper']
2025-01-28 15:19:49,234 DEBUG    root            Running [gcloud.config.config-helper] with arguments: [--format: "json", --min-expiry: "3600"]
2025-01-28 15:19:49,240 DEBUG    google.auth.transport.requests Making request: POST https://oauth2.googleapis.com/token
2025-01-28 15:19:49,245 DEBUG    urllib3.connectionpool Starting new HTTPS connection (1): oauth2.googleapis.com:443
2025-01-28 15:19:49,397 DEBUG    urllib3.connectionpool https://oauth2.googleapis.com:443 "POST /token HTTP/1.1" 200 None
2025-01-28 15:19:49,401 DEBUG    root            Chosen display Format:default json
2025-01-28 15:19:49,401 INFO     root            Display format: "default json"
2025-01-28 15:19:49,418 INFO     ___FILE_ONLY___ {
  "configuration": {
    "active_configuration": "default",
    "properties": {
      "core": {
        "account": "tamjid.rahman@valon.com",
        "disable_prompts": "false",
        "disable_usage_reporting": "True",
        "project": "prod-peach-street"
      }
    }
  },
  "credential": {
    "access_token": "ya29.a0AXeO80RN9odkBESjon6ce-XR3V06gqmy4WJ4y4VkU2vUe12Ta2z0mGh8jfv24rcs3tozUEXy3CrWAlZ4P2gFgDGM4EQJWUWmr1PRZ83nkOoISw6ZWbB22ylhMEw7VYEOwERDMUWlOgqRO4MrsDFcun0C_O3ojc_8lTKJqeTyG_yO1gaCgYKAecSARISFQHGX2MiziCOp8U8La0lDFDngKDqnQ0181",
    "id_token": "eyJhbGciOiJSUzI1NiIsImtpZCI6ImZhMDcyZjc1Nzg0NjQyNjE1MDg3YzcxODJjMTAxMzQxZTE4ZjdhM2EiLCJ0eXAiOiJKV1QifQ.eyJpc3MiOiJodHRwczovL2FjY291bnRzLmdvb2dsZS5jb20iLCJhenAiOiIzMjU1NTk0MDU1OS5hcHBzLmdvb2dsZXVzZXJjb250ZW50LmNvbSIsImF1ZCI6IjMyNTU1OTQwNTU5LmFwcHMuZ29vZ2xldXNlcmNvbnRlbnQuY29tIiwic3ViIjoiMTAwNjUyNDM4NTEyNzgzNjkzMzI5IiwiaGQiOiJ2YWxvbi5jb20iLCJlbWFpbCI6InRhbWppZC5yYWhtYW5AdmFsb24uY29tIiwiZW1haWxfdmVyaWZpZWQiOnRydWUsImF0X2hhc2giOiJwUlFlZXo3Y3lCd1p5QUVLcDRXY3RBIiwiaWF0IjoxNzM4MDk1NTg5LCJleHAiOjE3MzgwOTkxODl9.dxo4kkhEsUtoOsD6Ut1-zzZxNVkT7eXA6utbMWPR1nagPztXXsAJObU6JkkZnScxjP3IdXXqaBCY9PjykXUfK3hyt0w7LvSmb64EWlE3B0ny5i_XSXrwmow41spnwNe5Mj3lpiooSqbPKP7_JeyEp1RddNrr_oO5qFF2otymsou4zu2Duro8gl5Y6ciVRd8ilR6hqJVUdAIAmni0yi_Q1MkG2o1ncqS-5HKMrwtb8BNMIx6BW4DOTX690pQ-gtZTEYMPm8bz--HwBkDHeSw364U8napcp_nReege0roYXSA8DzvgWBdZM61Lbyu9r-PZOFUKZFTic7GWm2GFXCwEpQ",
    "token_expiry": "2025-01-28T21:19:48Z"
  },
  "sentinels": {
    "config_sentinel": "/Users/tamjid/.config/gcloud/config_sentinel"
  }
}
2025-01-28 15:19:49,418 INFO     ___FILE_ONLY___ 

