2025-01-28 15:20:10,915 DEBUG    root            Loaded Command Group: ['gcloud', 'config']
2025-01-28 15:20:10,916 DEBUG    root            Loaded Command Group: ['gcloud', 'config', 'config_helper']
2025-01-28 15:20:10,917 DEBUG    root            Running [gcloud.config.config-helper] with arguments: [--format: "json", --min-expiry: "3600"]
2025-01-28 15:20:10,923 DEBUG    google.auth.transport.requests Making request: POST https://oauth2.googleapis.com/token
2025-01-28 15:20:10,928 DEBUG    urllib3.connectionpool Starting new HTTPS connection (1): oauth2.googleapis.com:443
2025-01-28 15:20:11,084 DEBUG    urllib3.connectionpool https://oauth2.googleapis.com:443 "POST /token HTTP/1.1" 200 None
2025-01-28 15:20:11,088 DEBUG    root            Chosen display Format:default json
2025-01-28 15:20:11,088 INFO     root            Display format: "default json"
2025-01-28 15:20:11,107 INFO     ___FILE_ONLY___ {
  "configuration": {
    "active_configuration": "default",
    "properties": {
      "core": {
        "account": "tamjid.rahman@valon.com",
        "disable_prompts": "false",
        "disable_usage_reporting": "True",
        "project": "prod-peach-street"
      }
    }
  },
  "credential": {
    "access_token": "ya29.a0AXeO80SVifiGP77IcpUpM9DxSLrTZpzDGVG8BFVqNT928fUGfRKOxv941wjghbJlxHiUG4OAZDjmHrW6w8zLl-4CZ71anGX_Z4tGKZ4t0sGcahsRXP3720Rf0hH1iKxvl-3cihAEGVCJGU4rFiTBSQF2k4d5Gwuy9-U_WEtcLokDaQaCgYKAZUSARISFQHGX2MiOqlHHyp7j_Ys0CmgaqPxIg0181",
    "id_token": "eyJhbGciOiJSUzI1NiIsImtpZCI6ImZhMDcyZjc1Nzg0NjQyNjE1MDg3YzcxODJjMTAxMzQxZTE4ZjdhM2EiLCJ0eXAiOiJKV1QifQ.eyJpc3MiOiJodHRwczovL2FjY291bnRzLmdvb2dsZS5jb20iLCJhenAiOiIzMjU1NTk0MDU1OS5hcHBzLmdvb2dsZXVzZXJjb250ZW50LmNvbSIsImF1ZCI6IjMyNTU1OTQwNTU5LmFwcHMuZ29vZ2xldXNlcmNvbnRlbnQuY29tIiwic3ViIjoiMTAwNjUyNDM4NTEyNzgzNjkzMzI5IiwiaGQiOiJ2YWxvbi5jb20iLCJlbWFpbCI6InRhbWppZC5yYWhtYW5AdmFsb24uY29tIiwiZW1haWxfdmVyaWZpZWQiOnRydWUsImF0X2hhc2giOiJ5WlJKanJuMkpfdzJpSEYzUjljcHdnIiwiaWF0IjoxNzM4MDk1NjExLCJleHAiOjE3MzgwOTkyMTF9.B15mtV90xB-25yYmjmBYK7oWMcrjiPIX6tZoHgKyTMHl3vo1ncAKIMfyVNWTMFUijKeH12--Y7M620HtzSrh3Mw2myRCyuGABOYDI82SwLzIBIaYiH0-oXEeniMuXD3pzqe5dFmbMh9bYeFen26d1ZvyAkOfme3v7WQisPdXn77OqKKG6rTrhpqjOE2fGhDrTy6PX7zWEUg-FFDSJr5-wc6ZX5lYSPTOA76-xTaQz3upWiQ__B0iWZZVnAzWKFFXA65n8ATCQUiLD0FOTh6QgX_H-QTPGpXUPqntCK4NkJVCaS-YATbpdIDrsL8I2IwYLEbD_GY6FdnuTIimq7NkzQ",
    "token_expiry": "2025-01-28T21:20:10Z"
  },
  "sentinels": {
    "config_sentinel": "/Users/tamjid/.config/gcloud/config_sentinel"
  }
}
2025-01-28 15:20:11,107 INFO     ___FILE_ONLY___ 

