2025-02-03 16:32:32,571 DEBUG    root            Loaded Command Group: ['gcloud', 'auth']
2025-02-03 16:32:32,582 DEBUG    root            Loaded Command Group: ['gcloud', 'auth', 'login']
2025-02-03 16:32:32,584 DEBUG    root            Running [gcloud.auth.login] with arguments: []
2025-02-03 16:32:32,624 DEBUG    requests_oauthlib.oauth2_session Generated new state tut2NwPbVtMp7P1gMnBTWKqKZ5XC2k.
2025-02-03 16:32:32,755 INFO     ___FILE_ONLY___ Your browser has been opened to visit:

    https://accounts.google.com/o/oauth2/auth?response_type=code&client_id=32555940559.apps.googleusercontent.com&redirect_uri=http%3A%2F%2Flocalhost%3A8085%2F&scope=openid+https%3A%2F%2Fwww.googleapis.com%2Fauth%2Fuserinfo.email+https%3A%2F%2Fwww.googleapis.com%2Fauth%2Fcloud-platform+https%3A%2F%2Fwww.googleapis.com%2Fauth%2Fappengine.admin+https%3A%2F%2Fwww.googleapis.com%2Fauth%2Fsqlservice.login+https%3A%2F%2Fwww.googleapis.com%2Fauth%2Fcompute+https%3A%2F%2Fwww.googleapis.com%2Fauth%2Faccounts.reauth&state=tut2NwPbVtMp7P1gMnBTWKqKZ5XC2k&access_type=offline&code_challenge=M6dma6pbi1zbghjqcvnA9a_JTqK9QfqW0TNb5XuGxKk&code_challenge_method=S256


2025-02-03 16:32:48,726 INFO     google_auth_oauthlib.flow "GET /?state=tut2NwPbVtMp7P1gMnBTWKqKZ5XC2k&code=4/0ASVgi3LZbpNatuzTSE4H1u-43gzgUMy-e-IR-5znVpEFC5k1Zy1EfeOS2OsSabitK0JpQQ&scope=email%20openid%20https://www.googleapis.com/auth/userinfo.email%20https://www.googleapis.com/auth/cloud-platform%20https://www.googleapis.com/auth/appengine.admin%20https://www.googleapis.com/auth/sqlservice.login%20https://www.googleapis.com/auth/compute%20https://www.googleapis.com/auth/accounts.reauth&authuser=0&hd=valon.com&prompt=consent HTTP/1.1" 200 959
2025-02-03 16:32:48,726 DEBUG    requests_oauthlib.oauth2_session Requesting url https://oauth2.googleapis.com/token using method POST.
2025-02-03 16:32:48,726 DEBUG    requests_oauthlib.oauth2_session Supplying headers {b'Accept': b'application/json', b'Content-Type': b'application/x-www-form-urlencoded;charset=UTF-8', b'user-agent': b'google-cloud-sdk gcloud/475.0.0 command/gcloud.auth.login invocation-id/27877f11b6d54a66b2cd423553500772 environment/None environment-version/None client-os/MACOSX client-os-ver/24.2.0 client-pltf-arch/arm interactive/False from-script/False python/3.11.6 term/screen-256color (Macintosh; Intel Mac OS X 24.2.0)'} and data {'grant_type': 'authorization_code', 'client_id': '32555940559.apps.googleusercontent.com', 'client_secret': 'ZmssLNjJy2998hD4CTg2ejr2', 'code': '4/0ASVgi3LZbpNatuzTSE4H1u-43gzgUMy-e-IR-5znVpEFC5k1Zy1EfeOS2OsSabitK0JpQQ', 'redirect_uri': 'http://localhost:8085/', 'code_verifier': 'B5BI.-FofCuJMHr5tgnaNGbt.IohH5xpHuvp~08qcnTWQONTUFMzK3ipOj3f7kLDy-MOy7Tleu-QfMwghKNv0ZxS-E~8cmfEH7IpdQi27F.QWf9zqafTHYF8iHhzybW-'}
2025-02-03 16:32:48,726 DEBUG    requests_oauthlib.oauth2_session Passing through key word arguments {'json': None, 'timeout': None, 'auth': None, 'verify': None, 'proxies': None}.
2025-02-03 16:32:48,736 DEBUG    urllib3.connectionpool Starting new HTTPS connection (1): oauth2.googleapis.com:443
2025-02-03 16:32:48,946 DEBUG    urllib3.connectionpool https://oauth2.googleapis.com:443 "POST /token HTTP/1.1" 200 None
2025-02-03 16:32:48,947 DEBUG    requests_oauthlib.oauth2_session Prepared fetch token request body grant_type=authorization_code&client_id=32555940559.apps.googleusercontent.com&client_secret=ZmssLNjJy2998hD4CTg2ejr2&code=4%2F0ASVgi3LZbpNatuzTSE4H1u-43gzgUMy-e-IR-5znVpEFC5k1Zy1EfeOS2OsSabitK0JpQQ&redirect_uri=http%3A%2F%2Flocalhost%3A8085%2F&code_verifier=B5BI.-FofCuJMHr5tgnaNGbt.IohH5xpHuvp~08qcnTWQONTUFMzK3ipOj3f7kLDy-MOy7Tleu-QfMwghKNv0ZxS-E~8cmfEH7IpdQi27F.QWf9zqafTHYF8iHhzybW-
2025-02-03 16:32:48,947 DEBUG    requests_oauthlib.oauth2_session Request to fetch token completed with status 200.
2025-02-03 16:32:48,947 DEBUG    requests_oauthlib.oauth2_session Request headers were {'user-agent': b'google-cloud-sdk gcloud/475.0.0 command/gcloud.auth.login invocation-id/27877f11b6d54a66b2cd423553500772 environment/None environment-version/None client-os/MACOSX client-os-ver/24.2.0 client-pltf-arch/arm interactive/False from-script/False python/3.11.6 term/screen-256color (Macintosh; Intel Mac OS X 24.2.0)', 'Accept-Encoding': 'gzip, deflate', 'Accept': b'application/json', 'Connection': 'keep-alive', 'Content-Type': b'application/x-www-form-urlencoded;charset=UTF-8', 'Content-Length': '387'}
2025-02-03 16:32:48,947 DEBUG    requests_oauthlib.oauth2_session Request body was grant_type=authorization_code&client_id=32555940559.apps.googleusercontent.com&client_secret=ZmssLNjJy2998hD4CTg2ejr2&code=4%2F0ASVgi3LZbpNatuzTSE4H1u-43gzgUMy-e-IR-5znVpEFC5k1Zy1EfeOS2OsSabitK0JpQQ&redirect_uri=http%3A%2F%2Flocalhost%3A8085%2F&code_verifier=B5BI.-FofCuJMHr5tgnaNGbt.IohH5xpHuvp~08qcnTWQONTUFMzK3ipOj3f7kLDy-MOy7Tleu-QfMwghKNv0ZxS-E~8cmfEH7IpdQi27F.QWf9zqafTHYF8iHhzybW-
2025-02-03 16:32:48,948 DEBUG    requests_oauthlib.oauth2_session Response headers were {'Expires': 'Mon, 01 Jan 1990 00:00:00 GMT', 'Cache-Control': 'no-cache, no-store, max-age=0, must-revalidate', 'Pragma': 'no-cache', 'Date': 'Mon, 03 Feb 2025 21:32:49 GMT', 'Content-Type': 'application/json; charset=utf-8', 'Vary': 'Origin, X-Origin, Referer', 'Content-Encoding': 'gzip', 'Server': 'scaffolding on HTTPServer2', 'X-XSS-Protection': '0', 'X-Frame-Options': 'SAMEORIGIN', 'X-Content-Type-Options': 'nosniff', 'Alt-Svc': 'h3=":443"; ma=2592000,h3-29=":443"; ma=2592000', 'Transfer-Encoding': 'chunked'} and content {
  "access_token": "ya29.a0AXeO80SEy9zhSfblevLnrFFWN5VOtM6GfosCJIYDcV0orcnxD5h4vakYYZAs-N0JMLwng0sDS6fr9RfjCFvxBs6281AYFOsQd5aGxX26alYddIHDciLiSizzniEXs_5CGXGQJX8undNPUfpknj8hURwI4wsv8KOI8uUBIjQLP0HECAaCgYKAQYSARISFQHGX2Mig5jfbT4nIHxwthO5xR0TUA0181",
  "expires_in": 3599,
  "refresh_token": "1//01BOw7tSkEAX-CgYIARAAGAESNwF-L9Irbi_UVki3EBYD6xZzwUVB7JFtWqF_n2gXUvBaNom2hNYtikSO_hYcfj1ecOKQc4kaJJE",
  "scope": "https://www.googleapis.com/auth/appengine.admin https://www.googleapis.com/auth/cloud-platform https://www.googleapis.com/auth/sqlservice.login openid https://www.googleapis.com/auth/compute https://www.googleapis.com/auth/userinfo.email https://www.googleapis.com/auth/accounts.reauth",
  "token_type": "Bearer",
  "id_token": "eyJhbGciOiJSUzI1NiIsImtpZCI6ImZhMDcyZjc1Nzg0NjQyNjE1MDg3YzcxODJjMTAxMzQxZTE4ZjdhM2EiLCJ0eXAiOiJKV1QifQ.eyJpc3MiOiJodHRwczovL2FjY291bnRzLmdvb2dsZS5jb20iLCJhenAiOiIzMjU1NTk0MDU1OS5hcHBzLmdvb2dsZXVzZXJjb250ZW50LmNvbSIsImF1ZCI6IjMyNTU1OTQwNTU5LmFwcHMuZ29vZ2xldXNlcmNvbnRlbnQuY29tIiwic3ViIjoiMTAwNjUyNDM4NTEyNzgzNjkzMzI5IiwiaGQiOiJ2YWxvbi5jb20iLCJlbWFpbCI6InRhbWppZC5yYWhtYW5AdmFsb24uY29tIiwiZW1haWxfdmVyaWZpZWQiOnRydWUsImF0X2hhc2giOiJHZVN5M3VUdnRzZzNuU2FBRDVyYTBRIiwiaWF0IjoxNzM4NjE4MzY5LCJleHAiOjE3Mzg2MjE5Njl9.OCbhfBTQ6rRvu8WNMQ7wJmpTVECfjZ4Bx1fnXEB6ZFVfgXCfwIv1S3gB7Zu5tw_SLjCkfnLQZUK4fKHMaZ55VBYbmPJnIGoC-rs8wkkLXILs5iU28i6uJ_pGDFyyEGeexEtLNJ4C3r2G8s-dHemjJv-y5bf9SXXnyB8WGd30fEjeh5LmWkTnnQ_5CByIGRASqNNzacGMhqEi9I_gsTC3s7GlmvaVF6P0X30kiD0IL8fV-WzNkaaeaSdjiU5g7WLvVdnMNUyzBJAswEsXE_6dWBkM3W_jLx3mH_N3hFgWNp4tw4Ff7osBdGm4CgSQ7muS_lWhNFNvGppLMsCZ4Ur-Lw"
}.
2025-02-03 16:32:48,948 DEBUG    requests_oauthlib.oauth2_session Invoking 0 token response hooks.
2025-02-03 16:32:48,948 DEBUG    requests_oauthlib.oauth2_session Obtained token {'access_token': 'ya29.a0AXeO80SEy9zhSfblevLnrFFWN5VOtM6GfosCJIYDcV0orcnxD5h4vakYYZAs-N0JMLwng0sDS6fr9RfjCFvxBs6281AYFOsQd5aGxX26alYddIHDciLiSizzniEXs_5CGXGQJX8undNPUfpknj8hURwI4wsv8KOI8uUBIjQLP0HECAaCgYKAQYSARISFQHGX2Mig5jfbT4nIHxwthO5xR0TUA0181', 'expires_in': 3599, 'refresh_token': '1//01BOw7tSkEAX-CgYIARAAGAESNwF-L9Irbi_UVki3EBYD6xZzwUVB7JFtWqF_n2gXUvBaNom2hNYtikSO_hYcfj1ecOKQc4kaJJE', 'scope': ['https://www.googleapis.com/auth/appengine.admin', 'https://www.googleapis.com/auth/cloud-platform', 'https://www.googleapis.com/auth/sqlservice.login', 'openid', 'https://www.googleapis.com/auth/compute', 'https://www.googleapis.com/auth/userinfo.email', 'https://www.googleapis.com/auth/accounts.reauth'], 'token_type': 'Bearer', 'id_token': 'eyJhbGciOiJSUzI1NiIsImtpZCI6ImZhMDcyZjc1Nzg0NjQyNjE1MDg3YzcxODJjMTAxMzQxZTE4ZjdhM2EiLCJ0eXAiOiJKV1QifQ.eyJpc3MiOiJodHRwczovL2FjY291bnRzLmdvb2dsZS5jb20iLCJhenAiOiIzMjU1NTk0MDU1OS5hcHBzLmdvb2dsZXVzZXJjb250ZW50LmNvbSIsImF1ZCI6IjMyNTU1OTQwNTU5LmFwcHMuZ29vZ2xldXNlcmNvbnRlbnQuY29tIiwic3ViIjoiMTAwNjUyNDM4NTEyNzgzNjkzMzI5IiwiaGQiOiJ2YWxvbi5jb20iLCJlbWFpbCI6InRhbWppZC5yYWhtYW5AdmFsb24uY29tIiwiZW1haWxfdmVyaWZpZWQiOnRydWUsImF0X2hhc2giOiJHZVN5M3VUdnRzZzNuU2FBRDVyYTBRIiwiaWF0IjoxNzM4NjE4MzY5LCJleHAiOjE3Mzg2MjE5Njl9.OCbhfBTQ6rRvu8WNMQ7wJmpTVECfjZ4Bx1fnXEB6ZFVfgXCfwIv1S3gB7Zu5tw_SLjCkfnLQZUK4fKHMaZ55VBYbmPJnIGoC-rs8wkkLXILs5iU28i6uJ_pGDFyyEGeexEtLNJ4C3r2G8s-dHemjJv-y5bf9SXXnyB8WGd30fEjeh5LmWkTnnQ_5CByIGRASqNNzacGMhqEi9I_gsTC3s7GlmvaVF6P0X30kiD0IL8fV-WzNkaaeaSdjiU5g7WLvVdnMNUyzBJAswEsXE_6dWBkM3W_jLx3mH_N3hFgWNp4tw4Ff7osBdGm4CgSQ7muS_lWhNFNvGppLMsCZ4Ur-Lw', 'expires_at': 1738621967.948253}.
2025-02-03 16:32:48,967 INFO     ___FILE_ONLY___ 
You are now logged in as [tamjid.rahman@valon.com].
Your current project is [prod-peach-street].  You can change this setting by running:
  $ gcloud config set project PROJECT_ID

2025-02-03 16:32:48,967 DEBUG    root            Chosen display Format:none
2025-02-03 16:32:48,968 INFO     root            Display format: "none"
