2025-02-20 11:17:01,061 DEBUG    root            Loaded Command Group: ['gcloud', 'auth']
2025-02-20 11:17:01,071 DEBUG    root            Loaded Command Group: ['gcloud', 'auth', 'login']
2025-02-20 11:17:01,072 DEBUG    root            Running [gcloud.auth.login] with arguments: []
2025-02-20 11:17:01,104 DEBUG    requests_oauthlib.oauth2_session Generated new state M6uEDDdwIdgu8Ris0F4xAz9HSGdVYe.
2025-02-20 11:17:01,225 INFO     ___FILE_ONLY___ Your browser has been opened to visit:

    https://accounts.google.com/o/oauth2/auth?response_type=code&client_id=32555940559.apps.googleusercontent.com&redirect_uri=http%3A%2F%2Flocalhost%3A8085%2F&scope=openid+https%3A%2F%2Fwww.googleapis.com%2Fauth%2Fuserinfo.email+https%3A%2F%2Fwww.googleapis.com%2Fauth%2Fcloud-platform+https%3A%2F%2Fwww.googleapis.com%2Fauth%2Fappengine.admin+https%3A%2F%2Fwww.googleapis.com%2Fauth%2Fsqlservice.login+https%3A%2F%2Fwww.googleapis.com%2Fauth%2Fcompute+https%3A%2F%2Fwww.googleapis.com%2Fauth%2Faccounts.reauth&state=M6uEDDdwIdgu8Ris0F4xAz9HSGdVYe&access_type=offline&code_challenge=gnnPM5Ay4o2IexcLn4p3O4wn-i_FmyFuoE18GyEhXGQ&code_challenge_method=S256


2025-02-20 11:17:11,100 INFO     google_auth_oauthlib.flow "GET /?state=M6uEDDdwIdgu8Ris0F4xAz9HSGdVYe&code=4/0ASVgi3JHFVMMP1OjcNoG1EzgAfR_EL7B1jAwAoAJDS3-SExJCdjfcdsSNDTlq7PZdzMFgA&scope=email%20openid%20https://www.googleapis.com/auth/userinfo.email%20https://www.googleapis.com/auth/cloud-platform%20https://www.googleapis.com/auth/appengine.admin%20https://www.googleapis.com/auth/sqlservice.login%20https://www.googleapis.com/auth/compute%20https://www.googleapis.com/auth/accounts.reauth&authuser=0&hd=valon.com&prompt=consent HTTP/1.1" 200 959
2025-02-20 11:17:11,101 DEBUG    requests_oauthlib.oauth2_session Requesting url https://oauth2.googleapis.com/token using method POST.
2025-02-20 11:17:11,101 DEBUG    requests_oauthlib.oauth2_session Supplying headers {b'Accept': b'application/json', b'Content-Type': b'application/x-www-form-urlencoded;charset=UTF-8', b'user-agent': b'google-cloud-sdk gcloud/475.0.0 command/gcloud.auth.login invocation-id/8b7bf1e99ddc40089f5328d62822a768 environment/None environment-version/None client-os/MACOSX client-os-ver/24.3.0 client-pltf-arch/arm interactive/False from-script/False python/3.11.6 term/screen-256color (Macintosh; Intel Mac OS X 24.3.0)'} and data {'grant_type': 'authorization_code', 'client_id': '32555940559.apps.googleusercontent.com', 'client_secret': 'ZmssLNjJy2998hD4CTg2ejr2', 'code': '4/0ASVgi3JHFVMMP1OjcNoG1EzgAfR_EL7B1jAwAoAJDS3-SExJCdjfcdsSNDTlq7PZdzMFgA', 'redirect_uri': 'http://localhost:8085/', 'code_verifier': 'bD69k0KtVIxwkfp7KjioQESaqGP0NIw4vDA6ras7zGMCcvYepsaaweiftbqln07ya-_GTzca1tRtP_3PhNquM.x45jhC5e8MOJFKVgxg67nbQTF6QY8AxmJeD5s~IxVZ'}
2025-02-20 11:17:11,101 DEBUG    requests_oauthlib.oauth2_session Passing through key word arguments {'json': None, 'timeout': None, 'auth': None, 'verify': None, 'proxies': None}.
2025-02-20 11:17:11,111 DEBUG    urllib3.connectionpool Starting new HTTPS connection (1): oauth2.googleapis.com:443
2025-02-20 11:17:11,313 DEBUG    urllib3.connectionpool https://oauth2.googleapis.com:443 "POST /token HTTP/1.1" 200 None
2025-02-20 11:17:11,314 DEBUG    requests_oauthlib.oauth2_session Prepared fetch token request body grant_type=authorization_code&client_id=32555940559.apps.googleusercontent.com&client_secret=ZmssLNjJy2998hD4CTg2ejr2&code=4%2F0ASVgi3JHFVMMP1OjcNoG1EzgAfR_EL7B1jAwAoAJDS3-SExJCdjfcdsSNDTlq7PZdzMFgA&redirect_uri=http%3A%2F%2Flocalhost%3A8085%2F&code_verifier=bD69k0KtVIxwkfp7KjioQESaqGP0NIw4vDA6ras7zGMCcvYepsaaweiftbqln07ya-_GTzca1tRtP_3PhNquM.x45jhC5e8MOJFKVgxg67nbQTF6QY8AxmJeD5s~IxVZ
2025-02-20 11:17:11,314 DEBUG    requests_oauthlib.oauth2_session Request to fetch token completed with status 200.
2025-02-20 11:17:11,315 DEBUG    requests_oauthlib.oauth2_session Request headers were {'user-agent': b'google-cloud-sdk gcloud/475.0.0 command/gcloud.auth.login invocation-id/8b7bf1e99ddc40089f5328d62822a768 environment/None environment-version/None client-os/MACOSX client-os-ver/24.3.0 client-pltf-arch/arm interactive/False from-script/False python/3.11.6 term/screen-256color (Macintosh; Intel Mac OS X 24.3.0)', 'Accept-Encoding': 'gzip, deflate', 'Accept': b'application/json', 'Connection': 'keep-alive', 'Content-Type': b'application/x-www-form-urlencoded;charset=UTF-8', 'Content-Length': '387'}
2025-02-20 11:17:11,315 DEBUG    requests_oauthlib.oauth2_session Request body was grant_type=authorization_code&client_id=32555940559.apps.googleusercontent.com&client_secret=ZmssLNjJy2998hD4CTg2ejr2&code=4%2F0ASVgi3JHFVMMP1OjcNoG1EzgAfR_EL7B1jAwAoAJDS3-SExJCdjfcdsSNDTlq7PZdzMFgA&redirect_uri=http%3A%2F%2Flocalhost%3A8085%2F&code_verifier=bD69k0KtVIxwkfp7KjioQESaqGP0NIw4vDA6ras7zGMCcvYepsaaweiftbqln07ya-_GTzca1tRtP_3PhNquM.x45jhC5e8MOJFKVgxg67nbQTF6QY8AxmJeD5s~IxVZ
2025-02-20 11:17:11,315 DEBUG    requests_oauthlib.oauth2_session Response headers were {'Pragma': 'no-cache', 'Date': 'Thu, 20 Feb 2025 16:17:11 GMT', 'Expires': 'Mon, 01 Jan 1990 00:00:00 GMT', 'Cache-Control': 'no-cache, no-store, max-age=0, must-revalidate', 'Content-Type': 'application/json; charset=utf-8', 'Vary': 'Origin, X-Origin, Referer', 'Content-Encoding': 'gzip', 'Server': 'scaffolding on HTTPServer2', 'X-XSS-Protection': '0', 'X-Frame-Options': 'SAMEORIGIN', 'X-Content-Type-Options': 'nosniff', 'Alt-Svc': 'h3=":443"; ma=2592000,h3-29=":443"; ma=2592000', 'Transfer-Encoding': 'chunked'} and content {
  "access_token": "ya29.a0AXeO80RRwGoWZbyQabAfqdIu5Gcm32Gh7dLQT810w4889_5hOmUjwfxlPrsU_yElnrKtApEuQf0iKrHI91e8YlINQk6mro2Wh0YtNQso83RIK2S7KYfIN6IOJLGTAEzt5ZtTGiql9-eyvqZKLfU7ycYaYSGVmuDx6OQ6hWK-GrFKUgaCgYKAR8SARISFQHGX2MiF3QQYLBf3xeGAxS8MFYDGg0181",
  "expires_in": 3599,
  "refresh_token": "1//01jPchNr5MsLCCgYIARAAGAESNwF-L9Ir9ilxg3X-7vGoAM6N1DTuKs0EtF1rlfcKOoYSEOORJ3cXIX8ah6PNSM94KQckdlF6AjM",
  "scope": "https://www.googleapis.com/auth/sqlservice.login https://www.googleapis.com/auth/userinfo.email openid https://www.googleapis.com/auth/accounts.reauth https://www.googleapis.com/auth/cloud-platform https://www.googleapis.com/auth/appengine.admin https://www.googleapis.com/auth/compute",
  "token_type": "Bearer",
  "id_token": "eyJhbGciOiJSUzI1NiIsImtpZCI6IjVkMTJhYjc4MmNiNjA5NjI4NWY2OWU0OGFlYTk5MDc5YmI1OWNiODYiLCJ0eXAiOiJKV1QifQ.eyJpc3MiOiJodHRwczovL2FjY291bnRzLmdvb2dsZS5jb20iLCJhenAiOiIzMjU1NTk0MDU1OS5hcHBzLmdvb2dsZXVzZXJjb250ZW50LmNvbSIsImF1ZCI6IjMyNTU1OTQwNTU5LmFwcHMuZ29vZ2xldXNlcmNvbnRlbnQuY29tIiwic3ViIjoiMTAwNjUyNDM4NTEyNzgzNjkzMzI5IiwiaGQiOiJ2YWxvbi5jb20iLCJlbWFpbCI6InRhbWppZC5yYWhtYW5AdmFsb24uY29tIiwiZW1haWxfdmVyaWZpZWQiOnRydWUsImF0X2hhc2giOiJ3NlJHYTJyTnV3b2Fucy1hRmRrSXdnIiwiaWF0IjoxNzQwMDY4MjMxLCJleHAiOjE3NDAwNzE4MzF9.aGNxoL3UCR9c7sOFZ5RG4nQFhiQG5g6fgYh6viUJkvIiKos9IF4pVUhE61bcw9GjfoxSfNyR9pdsDtI1aEUNxxYxa-kSaxOZAefxFZOf2ytlEw3ParVESFcrLgWIMzXb0xQ5ure6xmkL9aNBokNoJlenUwl-KvYshH2coL-_jyVbGX9bubptee-_kXdujrqktxftLEtygZ1FNsW3J8E49-BM2KrAbavctqANT522bCXroHzYI2B82kKxdSMR-JQRleqDrQXYwPXVLyzDGOd0MMW_1iZGiD60aV3P_IvwpPyHqbcmtNnbLn4lhJT9FHOerqkNk65KvAJqKca6C6xQpg"
}.
2025-02-20 11:17:11,315 DEBUG    requests_oauthlib.oauth2_session Invoking 0 token response hooks.
2025-02-20 11:17:11,315 DEBUG    requests_oauthlib.oauth2_session Obtained token {'access_token': 'ya29.a0AXeO80RRwGoWZbyQabAfqdIu5Gcm32Gh7dLQT810w4889_5hOmUjwfxlPrsU_yElnrKtApEuQf0iKrHI91e8YlINQk6mro2Wh0YtNQso83RIK2S7KYfIN6IOJLGTAEzt5ZtTGiql9-eyvqZKLfU7ycYaYSGVmuDx6OQ6hWK-GrFKUgaCgYKAR8SARISFQHGX2MiF3QQYLBf3xeGAxS8MFYDGg0181', 'expires_in': 3599, 'refresh_token': '1//01jPchNr5MsLCCgYIARAAGAESNwF-L9Ir9ilxg3X-7vGoAM6N1DTuKs0EtF1rlfcKOoYSEOORJ3cXIX8ah6PNSM94KQckdlF6AjM', 'scope': ['https://www.googleapis.com/auth/sqlservice.login', 'https://www.googleapis.com/auth/userinfo.email', 'openid', 'https://www.googleapis.com/auth/accounts.reauth', 'https://www.googleapis.com/auth/cloud-platform', 'https://www.googleapis.com/auth/appengine.admin', 'https://www.googleapis.com/auth/compute'], 'token_type': 'Bearer', 'id_token': 'eyJhbGciOiJSUzI1NiIsImtpZCI6IjVkMTJhYjc4MmNiNjA5NjI4NWY2OWU0OGFlYTk5MDc5YmI1OWNiODYiLCJ0eXAiOiJKV1QifQ.eyJpc3MiOiJodHRwczovL2FjY291bnRzLmdvb2dsZS5jb20iLCJhenAiOiIzMjU1NTk0MDU1OS5hcHBzLmdvb2dsZXVzZXJjb250ZW50LmNvbSIsImF1ZCI6IjMyNTU1OTQwNTU5LmFwcHMuZ29vZ2xldXNlcmNvbnRlbnQuY29tIiwic3ViIjoiMTAwNjUyNDM4NTEyNzgzNjkzMzI5IiwiaGQiOiJ2YWxvbi5jb20iLCJlbWFpbCI6InRhbWppZC5yYWhtYW5AdmFsb24uY29tIiwiZW1haWxfdmVyaWZpZWQiOnRydWUsImF0X2hhc2giOiJ3NlJHYTJyTnV3b2Fucy1hRmRrSXdnIiwiaWF0IjoxNzQwMDY4MjMxLCJleHAiOjE3NDAwNzE4MzF9.aGNxoL3UCR9c7sOFZ5RG4nQFhiQG5g6fgYh6viUJkvIiKos9IF4pVUhE61bcw9GjfoxSfNyR9pdsDtI1aEUNxxYxa-kSaxOZAefxFZOf2ytlEw3ParVESFcrLgWIMzXb0xQ5ure6xmkL9aNBokNoJlenUwl-KvYshH2coL-_jyVbGX9bubptee-_kXdujrqktxftLEtygZ1FNsW3J8E49-BM2KrAbavctqANT522bCXroHzYI2B82kKxdSMR-JQRleqDrQXYwPXVLyzDGOd0MMW_1iZGiD60aV3P_IvwpPyHqbcmtNnbLn4lhJT9FHOerqkNk65KvAJqKca6C6xQpg', 'expires_at': 1740071830.315377}.
2025-02-20 11:17:11,335 INFO     ___FILE_ONLY___ 
You are now logged in as [tamjid.rahman@valon.com].
Your current project is [prod-peach-street].  You can change this setting by running:
  $ gcloud config set project PROJECT_ID

2025-02-20 11:17:11,335 DEBUG    root            Chosen display Format:none
2025-02-20 11:17:11,335 INFO     root            Display format: "none"
