2025-02-20 11:25:23,848 DEBUG    root            Loaded Command Group: ['gcloud', 'config']
2025-02-20 11:25:23,850 DEBUG    root            Loaded Command Group: ['gcloud', 'config', 'config_helper']
2025-02-20 11:25:23,851 DEBUG    root            Running [gcloud.config.config-helper] with arguments: [--format: "json", --min-expiry: "3600"]
2025-02-20 11:25:23,855 DEBUG    google.auth.transport.requests Making request: POST https://oauth2.googleapis.com/token
2025-02-20 11:25:23,860 DEBUG    urllib3.connectionpool Starting new HTTPS connection (1): oauth2.googleapis.com:443
2025-02-20 11:25:24,020 DEBUG    urllib3.connectionpool https://oauth2.googleapis.com:443 "POST /token HTTP/1.1" 200 None
2025-02-20 11:25:24,024 DEBUG    root            Chosen display Format:default json
2025-02-20 11:25:24,024 INFO     root            Display format: "default json"
2025-02-20 11:25:24,043 INFO     ___FILE_ONLY___ {
  "configuration": {
    "active_configuration": "default",
    "properties": {
      "core": {
        "account": "tamjid.rahman@valon.com",
        "disable_prompts": "false",
        "disable_usage_reporting": "True",
        "project": "prod-peach-street"
      }
    }
  },
  "credential": {
    "access_token": "ya29.a0AXeO80RodfiwCsJJm0gL1ofhpIku9Fnbn1cH-ImLnpjWRWsw5i8JRqYuOJKRkIzztA3WXNufJWHAwhF-71-RUGn3KK_E9LVUPCNT7mGZHaP0BlzYUfGofYeV2G9UJRtiKu_5rXDxRW9l-P361oyvd5m1MKlwCG8Jv3NBGHULV5AaZgaCgYKAagSARISFQHGX2MimUiPq63Ph1GqTZPhW6zrBA0181",
    "id_token": "eyJhbGciOiJSUzI1NiIsImtpZCI6IjVkMTJhYjc4MmNiNjA5NjI4NWY2OWU0OGFlYTk5MDc5YmI1OWNiODYiLCJ0eXAiOiJKV1QifQ.eyJpc3MiOiJodHRwczovL2FjY291bnRzLmdvb2dsZS5jb20iLCJhenAiOiIzMjU1NTk0MDU1OS5hcHBzLmdvb2dsZXVzZXJjb250ZW50LmNvbSIsImF1ZCI6IjMyNTU1OTQwNTU5LmFwcHMuZ29vZ2xldXNlcmNvbnRlbnQuY29tIiwic3ViIjoiMTAwNjUyNDM4NTEyNzgzNjkzMzI5IiwiaGQiOiJ2YWxvbi5jb20iLCJlbWFpbCI6InRhbWppZC5yYWhtYW5AdmFsb24uY29tIiwiZW1haWxfdmVyaWZpZWQiOnRydWUsImF0X2hhc2giOiJlZXBMc2VLaHFYU2xKcndPRlNZNEhRIiwiaWF0IjoxNzQwMDY4NzI0LCJleHAiOjE3NDAwNzIzMjR9.AheIHBWKzjV2V9OnnDEee56tBonSO32IgRU-T_ZCPK_RsBDBl08qy-6FTF7Eml0vesbxY4tU3-TRx03Mlxe5RxzI1xET_QUOtLTNp8VP4qGwuSFzRs3RxvJ_NRw64KBrRdIGAeiqDqy-pFm9mcyWoMI__LNCoUU-ukFzKv6uqPmckQusuIP321NP9OnCMo2UHUW2ucXmAGvJnppBBq_nWJb9xRkvcQH6_-333HkDetbTNAa-tw72tQ6Jz_a1WclGzrkhkiNaSSplDitrVuKj9bHYKJDMb7M-WZX_ht_4he1axKWfavDGE75yP78lyvQuDs8RySw3Wzl4_qs2mC_eiA",
    "token_expiry": "2025-02-20T17:25:23Z"
  },
  "sentinels": {
    "config_sentinel": "/Users/tamjid/.config/gcloud/config_sentinel"
  }
}
2025-02-20 11:25:24,043 INFO     ___FILE_ONLY___ 

