2025-02-20 11:20:56,618 DEBUG    root            Loaded Command Group: ['gcloud', 'config']
2025-02-20 11:20:56,621 DEBUG    root            Loaded Command Group: ['gcloud', 'config', 'config_helper']
2025-02-20 11:20:56,621 DEBUG    root            Running [gcloud.config.config-helper] with arguments: [--format: "json"]
2025-02-20 11:20:56,627 DEBUG    root            Chosen display Format:default json
2025-02-20 11:20:56,628 INFO     root            Display format: "default json"
2025-02-20 11:20:56,656 INFO     ___FILE_ONLY___ {
  "configuration": {
    "active_configuration": "default",
    "properties": {
      "core": {
        "account": "tamjid.rahman@valon.com",
        "disable_prompts": "false",
        "disable_usage_reporting": "True",
        "project": "prod-peach-street"
      }
    }
  },
  "credential": {
    "access_token": "ya29.a0AXeO80RRwGoWZbyQabAfqdIu5Gcm32Gh7dLQT810w4889_5hOmUjwfxlPrsU_yElnrKtApEuQf0iKrHI91e8YlINQk6mro2Wh0YtNQso83RIK2S7KYfIN6IOJLGTAEzt5ZtTGiql9-eyvqZKLfU7ycYaYSGVmuDx6OQ6hWK-GrFKUgaCgYKAR8SARISFQHGX2MiF3QQYLBf3xeGAxS8MFYDGg0181",
    "id_token": "eyJhbGciOiJSUzI1NiIsImtpZCI6IjVkMTJhYjc4MmNiNjA5NjI4NWY2OWU0OGFlYTk5MDc5YmI1OWNiODYiLCJ0eXAiOiJKV1QifQ.eyJpc3MiOiJodHRwczovL2FjY291bnRzLmdvb2dsZS5jb20iLCJhenAiOiIzMjU1NTk0MDU1OS5hcHBzLmdvb2dsZXVzZXJjb250ZW50LmNvbSIsImF1ZCI6IjMyNTU1OTQwNTU5LmFwcHMuZ29vZ2xldXNlcmNvbnRlbnQuY29tIiwic3ViIjoiMTAwNjUyNDM4NTEyNzgzNjkzMzI5IiwiaGQiOiJ2YWxvbi5jb20iLCJlbWFpbCI6InRhbWppZC5yYWhtYW5AdmFsb24uY29tIiwiZW1haWxfdmVyaWZpZWQiOnRydWUsImF0X2hhc2giOiJ3NlJHYTJyTnV3b2Fucy1hRmRrSXdnIiwiaWF0IjoxNzQwMDY4MjMxLCJleHAiOjE3NDAwNzE4MzF9.aGNxoL3UCR9c7sOFZ5RG4nQFhiQG5g6fgYh6viUJkvIiKos9IF4pVUhE61bcw9GjfoxSfNyR9pdsDtI1aEUNxxYxa-kSaxOZAefxFZOf2ytlEw3ParVESFcrLgWIMzXb0xQ5ure6xmkL9aNBokNoJlenUwl-KvYshH2coL-_jyVbGX9bubptee-_kXdujrqktxftLEtygZ1FNsW3J8E49-BM2KrAbavctqANT522bCXroHzYI2B82kKxdSMR-JQRleqDrQXYwPXVLyzDGOd0MMW_1iZGiD60aV3P_IvwpPyHqbcmtNnbLn4lhJT9FHOerqkNk65KvAJqKca6C6xQpg",
    "token_expiry": "2025-02-20T17:17:10Z"
  },
  "sentinels": {
    "config_sentinel": "/Users/tamjid/.config/gcloud/config_sentinel"
  }
}
2025-02-20 11:20:56,656 INFO     ___FILE_ONLY___ 

