2025-02-20 13:27:58,308 DEBUG    root            Loaded Command Group: ['gcloud', 'config']
2025-02-20 13:27:58,310 DEBUG    root            Loaded Command Group: ['gcloud', 'config', 'config_helper']
2025-02-20 13:27:58,310 DEBUG    root            Running [gcloud.config.config-helper] with arguments: [--format: "json"]
2025-02-20 13:27:58,315 DEBUG    root            Chosen display Format:default json
2025-02-20 13:27:58,315 INFO     root            Display format: "default json"
2025-02-20 13:27:58,329 INFO     ___FILE_ONLY___ {
  "configuration": {
    "active_configuration": "default",
    "properties": {
      "core": {
        "account": "tamjid.rahman@valon.com",
        "disable_prompts": "false",
        "disable_usage_reporting": "True",
        "project": "prod-peach-street"
      }
    }
  },
  "credential": {
    "access_token": "ya29.a0AXeO80SJ1xuqJjsUDwQJBQbQRGuBgPaau_JT6ByhuNCDdrpwFj4aQSmLYV0gFqxNmCp4IZSE8jgPShrQ_EuKndFEQqXijbbvVLio9tsXoK58AKHvEZuoBmO9yTh42FI7t7I-k2a3PS8is5EyGhVeT0Rw2bsJcVL04GPpBcEuMW2drAaCgYKARISARISFQHGX2MifWXJTjyDMrU3QOEvChhc7A0181",
    "id_token": "eyJhbGciOiJSUzI1NiIsImtpZCI6IjVkMTJhYjc4MmNiNjA5NjI4NWY2OWU0OGFlYTk5MDc5YmI1OWNiODYiLCJ0eXAiOiJKV1QifQ.eyJpc3MiOiJodHRwczovL2FjY291bnRzLmdvb2dsZS5jb20iLCJhenAiOiIzMjU1NTk0MDU1OS5hcHBzLmdvb2dsZXVzZXJjb250ZW50LmNvbSIsImF1ZCI6IjMyNTU1OTQwNTU5LmFwcHMuZ29vZ2xldXNlcmNvbnRlbnQuY29tIiwic3ViIjoiMTAwNjUyNDM4NTEyNzgzNjkzMzI5IiwiaGQiOiJ2YWxvbi5jb20iLCJlbWFpbCI6InRhbWppZC5yYWhtYW5AdmFsb24uY29tIiwiZW1haWxfdmVyaWZpZWQiOnRydWUsImF0X2hhc2giOiJxZTRXMUtkQ2ZhX2hMY3lfMExtcUFnIiwiaWF0IjoxNzQwMDc1Njg3LCJleHAiOjE3NDAwNzkyODd9.DZB8hWmHQDvKKIeUAeobY6LMpkIN6Z7SthbsUkpOz3OQPamBjjarog2iv-qebIgg5wGlGC6IqU_ab1bJ02d2-fs0JfqXCub6JsWdIEbvgVB_cNQq06Z6oskyqf9Os2tAFsqTGQXUmqgxqRODvQPMwki7fj8YvbBf0c4CDQeMi2qE8IK3qLbcZiMRGQMEEOysu3bxQlq-veKtwmqOic1cng0itnmozTgywCOR5sJmOZQKcf7Yrm3nUfFsGoJqXZjxL-EhDfvpN3gJX5Bv2kpvsn_gkEd43DU2teTwoJkL6Ks6zbZDekh8vBjZ0cSQeEa2NsCSqyvsM8jW2GAUz8VEkQ",
    "token_expiry": "2025-02-20T19:21:26Z"
  },
  "sentinels": {
    "config_sentinel": "/Users/tamjid/.config/gcloud/config_sentinel"
  }
}
2025-02-20 13:27:58,329 INFO     ___FILE_ONLY___ 

