2025-02-20 14:48:55,227 DEBUG    root            Loaded Command Group: ['gcloud', 'config']
2025-02-20 14:48:55,229 DEBUG    root            Loaded Command Group: ['gcloud', 'config', 'config_helper']
2025-02-20 14:48:55,229 DEBUG    root            Running [gcloud.config.config-helper] with arguments: [--format: "json", --min-expiry: "3600"]
2025-02-20 14:48:55,236 DEBUG    google.auth.transport.requests Making request: POST https://oauth2.googleapis.com/token
2025-02-20 14:48:55,273 DEBUG    urllib3.connectionpool Starting new HTTPS connection (1): oauth2.googleapis.com:443
2025-02-20 14:48:55,429 DEBUG    urllib3.connectionpool https://oauth2.googleapis.com:443 "POST /token HTTP/1.1" 200 None
2025-02-20 14:48:55,433 DEBUG    root            Chosen display Format:default json
2025-02-20 14:48:55,433 INFO     root            Display format: "default json"
2025-02-20 14:48:55,452 INFO     ___FILE_ONLY___ {
  "configuration": {
    "active_configuration": "default",
    "properties": {
      "core": {
        "account": "tamjid.rahman@valon.com",
        "disable_prompts": "false",
        "disable_usage_reporting": "True",
        "project": "prod-peach-street"
      }
    }
  },
  "credential": {
    "access_token": "ya29.a0AXeO80RMjkrboYfk8sVHfmMBlNFYOLO-ZFqR41Yx99iVkN5vECgtWRE0dGVMBcbxjy-7Lxf0nUxebjyYFBUU3ybz6_BfqH7txjmiHxgQWqgdmjt_Gp0h1MNQCwA71E5KO4oDrPM5megsUc1BLlg_kjFafgvhEMMnUwt5CNAWUKW9ogaCgYKAdISARISFQHGX2Mi--RosUTiKQs_EJqcNbwjSA0181",
    "id_token": "eyJhbGciOiJSUzI1NiIsImtpZCI6IjVkMTJhYjc4MmNiNjA5NjI4NWY2OWU0OGFlYTk5MDc5YmI1OWNiODYiLCJ0eXAiOiJKV1QifQ.eyJpc3MiOiJodHRwczovL2FjY291bnRzLmdvb2dsZS5jb20iLCJhenAiOiIzMjU1NTk0MDU1OS5hcHBzLmdvb2dsZXVzZXJjb250ZW50LmNvbSIsImF1ZCI6IjMyNTU1OTQwNTU5LmFwcHMuZ29vZ2xldXNlcmNvbnRlbnQuY29tIiwic3ViIjoiMTAwNjUyNDM4NTEyNzgzNjkzMzI5IiwiaGQiOiJ2YWxvbi5jb20iLCJlbWFpbCI6InRhbWppZC5yYWhtYW5AdmFsb24uY29tIiwiZW1haWxfdmVyaWZpZWQiOnRydWUsImF0X2hhc2giOiJQb2tqS2lNcDF1MHdaZVNvN1ZyQTJRIiwiaWF0IjoxNzQwMDgwOTM1LCJleHAiOjE3NDAwODQ1MzV9.iPvCfeulSS1FnAorpEpUCJJ0vFFV-REtKeUeKnbVO7cs_RabehChcMvAB24paDA_jS7xg3eRIDUhlvoWJjufv6vcr-Hxm9zhf5gcnzXKwKqiMo8IzlF7iVGgSoBqiL74RAgUlj0PP20CyF4DG1EyTUAq258fCOei_qhsquJwN4E09uwnbfgzYbuWv5J1koHMS5-1_Sl4KLt2bu_m-byGYCmskHq25OY4FgOxZ98bGK096MnC4IhCr6k4oqk-CvIflU1iLuTYgLIMonTL6LDY1ol_SVpRZq3hoQq2h4gjgRFnrIZEW1gKXPcwXA-8qPQfdRHMBH25PpX8XQJx_5JP4g",
    "token_expiry": "2025-02-20T20:48:54Z"
  },
  "sentinels": {
    "config_sentinel": "/Users/tamjid/.config/gcloud/config_sentinel"
  }
}
2025-02-20 14:48:55,453 INFO     ___FILE_ONLY___ 

