2025-02-20 14:44:19,526 DEBUG    root            Loaded Command Group: ['gcloud', 'config']
2025-02-20 14:44:19,527 DEBUG    root            Loaded Command Group: ['gcloud', 'config', 'config_helper']
2025-02-20 14:44:19,528 DEBUG    root            Running [gcloud.config.config-helper] with arguments: [--format: "json", --min-expiry: "3600"]
2025-02-20 14:44:19,535 DEBUG    google.auth.transport.requests Making request: POST https://oauth2.googleapis.com/token
2025-02-20 14:44:19,542 DEBUG    urllib3.connectionpool Starting new HTTPS connection (1): oauth2.googleapis.com:443
2025-02-20 14:44:19,704 DEBUG    urllib3.connectionpool https://oauth2.googleapis.com:443 "POST /token HTTP/1.1" 200 None
2025-02-20 14:44:19,709 DEBUG    root            Chosen display Format:default json
2025-02-20 14:44:19,709 INFO     root            Display format: "default json"
2025-02-20 14:44:19,729 INFO     ___FILE_ONLY___ {
  "configuration": {
    "active_configuration": "default",
    "properties": {
      "core": {
        "account": "tamjid.rahman@valon.com",
        "disable_prompts": "false",
        "disable_usage_reporting": "True",
        "project": "prod-peach-street"
      }
    }
  },
  "credential": {
    "access_token": "ya29.a0AXeO80QdPi8zMoAqK8K2NLTkeDbgfAg4BDD0kb9Ixu4jtqf9anTm9y8_lVg_qslhoIMZu22seF7-gquGzwqiDQOrDzZQmBHT7fjR9MaJDNvcvIJ9NN785mXDMcLzU6CAnGw5V5HFyvJJDz00hVJ2zmYq-EX9y8fAVSMGVkKB4njO-gaCgYKAdoSARISFQHGX2MiAbHG94-C9l0BkmfEcO0_Kw0181",
    "id_token": "eyJhbGciOiJSUzI1NiIsImtpZCI6IjVkMTJhYjc4MmNiNjA5NjI4NWY2OWU0OGFlYTk5MDc5YmI1OWNiODYiLCJ0eXAiOiJKV1QifQ.eyJpc3MiOiJodHRwczovL2FjY291bnRzLmdvb2dsZS5jb20iLCJhenAiOiIzMjU1NTk0MDU1OS5hcHBzLmdvb2dsZXVzZXJjb250ZW50LmNvbSIsImF1ZCI6IjMyNTU1OTQwNTU5LmFwcHMuZ29vZ2xldXNlcmNvbnRlbnQuY29tIiwic3ViIjoiMTAwNjUyNDM4NTEyNzgzNjkzMzI5IiwiaGQiOiJ2YWxvbi5jb20iLCJlbWFpbCI6InRhbWppZC5yYWhtYW5AdmFsb24uY29tIiwiZW1haWxfdmVyaWZpZWQiOnRydWUsImF0X2hhc2giOiI4OUR1UkpRWThIT2lHSXR0aGhtRFZRIiwiaWF0IjoxNzQwMDgwNjU5LCJleHAiOjE3NDAwODQyNTl9.qtfkY9ta1_p_HccQZI3fYOq--kUIbqyjHwoSnysTUmJX9RBTkfaXz9kRHNGn_M4FrytdCICrULaqFP3Ua5ROmwgFzt0F1k7yptk7TXQrCtAgdaTo_YHDcLVMpN5kwTyVJm15XuwR_MYbyKYzvjXP7kNj5EPK3yyK2HhWkdppJRgO1c6ktDbuc6HLLU4GMb7DJ0RCkMcyr9RRK9i7IIQLVKgs5FE0z0d0hFGrcHCsGGM9vXoJhCJ2wceRICPaJXn2myI2Vb71T51vKhn93F5z5xYYoETWFCNjuYBUZw3wUINFDBktIKMcDM9OAd7APktChBV3y-Ks8bcCeHYbniWmYA",
    "token_expiry": "2025-02-20T20:44:18Z"
  },
  "sentinels": {
    "config_sentinel": "/Users/tamjid/.config/gcloud/config_sentinel"
  }
}
2025-02-20 14:44:19,729 INFO     ___FILE_ONLY___ 

