2025-02-20 14:53:40,341 DEBUG    root            Loaded Command Group: ['gcloud', 'config']
2025-02-20 14:53:40,343 DEBUG    root            Loaded Command Group: ['gcloud', 'config', 'config_helper']
2025-02-20 14:53:40,343 DEBUG    root            Running [gcloud.config.config-helper] with arguments: [--format: "json", --min-expiry: "3600"]
2025-02-20 14:53:40,350 DEBUG    google.auth.transport.requests Making request: POST https://oauth2.googleapis.com/token
2025-02-20 14:53:40,381 DEBUG    urllib3.connectionpool Starting new HTTPS connection (1): oauth2.googleapis.com:443
2025-02-20 14:53:40,552 DEBUG    urllib3.connectionpool https://oauth2.googleapis.com:443 "POST /token HTTP/1.1" 200 None
2025-02-20 14:53:40,557 DEBUG    root            Chosen display Format:default json
2025-02-20 14:53:40,557 INFO     root            Display format: "default json"
2025-02-20 14:53:40,577 INFO     ___FILE_ONLY___ {
  "configuration": {
    "active_configuration": "default",
    "properties": {
      "core": {
        "account": "tamjid.rahman@valon.com",
        "disable_prompts": "false",
        "disable_usage_reporting": "True",
        "project": "prod-peach-street"
      }
    }
  },
  "credential": {
    "access_token": "ya29.a0AXeO80QSxvg-VKBLHlZAhQBf-ncJ18fBYs-5kNSiIiwEnLKqL7JCAqxsOD0aqMmoh6458xPRt0A1wRDpkKJOMyKjbxsqzAoLVf8OnVXIgLKIt8qkYdUQDlooLXGvgIU-mqqZtg1W74jbAnMWbHwQqDTg8Ij1uOxCLi9mozUoxFAOEL4aCgYKAZASARISFQHGX2MioIzVAkck260FP5aL075fxg0182",
    "id_token": "eyJhbGciOiJSUzI1NiIsImtpZCI6IjVkMTJhYjc4MmNiNjA5NjI4NWY2OWU0OGFlYTk5MDc5YmI1OWNiODYiLCJ0eXAiOiJKV1QifQ.eyJpc3MiOiJodHRwczovL2FjY291bnRzLmdvb2dsZS5jb20iLCJhenAiOiIzMjU1NTk0MDU1OS5hcHBzLmdvb2dsZXVzZXJjb250ZW50LmNvbSIsImF1ZCI6IjMyNTU1OTQwNTU5LmFwcHMuZ29vZ2xldXNlcmNvbnRlbnQuY29tIiwic3ViIjoiMTAwNjUyNDM4NTEyNzgzNjkzMzI5IiwiaGQiOiJ2YWxvbi5jb20iLCJlbWFpbCI6InRhbWppZC5yYWhtYW5AdmFsb24uY29tIiwiZW1haWxfdmVyaWZpZWQiOnRydWUsImF0X2hhc2giOiJKTnEyT3FWUzZrSGg0cTV0UmZhNWF3IiwiaWF0IjoxNzQwMDgxMjIwLCJleHAiOjE3NDAwODQ4MjB9.X63Cje8A1yvJ2-YzDIq8EqrZlyzOf9UNVw6nmrukSrg37D0c9nIRjm8_IKN8PfFfCEV2pcrnEDxqL6QxxwkwDOD3o0FlfKa86JHDHCMi0aX1WDhqH9P7Nw_cudeO5VoNMDiqAHTtF-svtwkjMCVVb8deXlMd07DF35ntrGW4uOtAJm7zrlK4tfX0pM-Fpo0NoCgTIhV8hLV-NgaGgD2oWzfI2wVKGxLJEzDTxz-lOx4is59q798TFsRox3oD1OhUJ6WEiFwOqbuRIaIPshv4XcwlOAqGmEF0nVQbsQcnnw-Q2PWEuJZhNTD3l5N2IesULdEKBRPO5khAeamruoMhmA",
    "token_expiry": "2025-02-20T20:53:39Z"
  },
  "sentinels": {
    "config_sentinel": "/Users/tamjid/.config/gcloud/config_sentinel"
  }
}
2025-02-20 14:53:40,577 INFO     ___FILE_ONLY___ 

