2025-02-20 15:53:22,228 DEBUG    root            Loaded Command Group: ['gcloud', 'config']
2025-02-20 15:53:22,229 DEBUG    root            Loaded Command Group: ['gcloud', 'config', 'config_helper']
2025-02-20 15:53:22,229 DEBUG    root            Running [gcloud.config.config-helper] with arguments: [--format: "json", --min-expiry: "3600"]
2025-02-20 15:53:22,235 DEBUG    google.auth.transport.requests Making request: POST https://oauth2.googleapis.com/token
2025-02-20 15:53:22,240 DEBUG    urllib3.connectionpool Starting new HTTPS connection (1): oauth2.googleapis.com:443
2025-02-20 15:53:22,409 DEBUG    urllib3.connectionpool https://oauth2.googleapis.com:443 "POST /token HTTP/1.1" 200 None
2025-02-20 15:53:22,413 DEBUG    root            Chosen display Format:default json
2025-02-20 15:53:22,413 INFO     root            Display format: "default json"
2025-02-20 15:53:22,434 INFO     ___FILE_ONLY___ {
  "configuration": {
    "active_configuration": "default",
    "properties": {
      "core": {
        "account": "tamjid.rahman@valon.com",
        "disable_prompts": "false",
        "disable_usage_reporting": "True",
        "project": "prod-peach-street"
      }
    }
  },
  "credential": {
    "access_token": "ya29.a0AXeO80SuRGnBjrF6gRQ_qJuc3lgNP9CYqcik0tQ10u_Ehl1hFG1djn0BS61K-dVBcuANbYCyC42_3ZSKkf_8aVvpBw8VFXgft1jXNWH08VT51Yj1Lg4ODDON2CJkxgKVs7D912Dk-CpXVNo4MYcB03-JJJNqLlhPZjTQNaBB3r_H7-8aCgYKARISARISFQHGX2MieZ62IMeBwxxtE87iT_9GaA0182",
    "id_token": "eyJhbGciOiJSUzI1NiIsImtpZCI6IjVkMTJhYjc4MmNiNjA5NjI4NWY2OWU0OGFlYTk5MDc5YmI1OWNiODYiLCJ0eXAiOiJKV1QifQ.eyJpc3MiOiJodHRwczovL2FjY291bnRzLmdvb2dsZS5jb20iLCJhenAiOiIzMjU1NTk0MDU1OS5hcHBzLmdvb2dsZXVzZXJjb250ZW50LmNvbSIsImF1ZCI6IjMyNTU1OTQwNTU5LmFwcHMuZ29vZ2xldXNlcmNvbnRlbnQuY29tIiwic3ViIjoiMTAwNjUyNDM4NTEyNzgzNjkzMzI5IiwiaGQiOiJ2YWxvbi5jb20iLCJlbWFpbCI6InRhbWppZC5yYWhtYW5AdmFsb24uY29tIiwiZW1haWxfdmVyaWZpZWQiOnRydWUsImF0X2hhc2giOiJyMVRCeWIzeGk2LVhTb05pMDVHRWdBIiwiaWF0IjoxNzQwMDg0ODAyLCJleHAiOjE3NDAwODg0MDJ9.Fehxf9iMX9iGrPwfV9SBgjxMULVyT93axl03jIoRWO6SVKvOHQEbh9jDYMD4WSqr2h-CQMVHPoab8eEAZH_Eyso0YvBwHmv68aCRqu-GqYaJy407wPKyZxzeetzThW4sowZvFr3L4Zg0vDNwSBYTHVblRnEPlwxtZuHjAtGcBu5wmdK_4xHs8rMtgeVGRh32u-MTj6WtqHXB3kQWXfMcoOiH45Q9_Xm7Oc2Daw70YMqFc94jokR1Et0HfyKfhrXtmo7kTtz31HVIPuKE80cAuOSZegAmLenmg3vQ2NnkNo1WHg9ltk0ft-aEqP01SBDskSs-O7ejK3mVaH_aVdlICQ",
    "token_expiry": "2025-02-20T21:53:21Z"
  },
  "sentinels": {
    "config_sentinel": "/Users/tamjid/.config/gcloud/config_sentinel"
  }
}
2025-02-20 15:53:22,434 INFO     ___FILE_ONLY___ 

