2025-02-20 15:53:21,335 DEBUG    root            Loaded Command Group: ['gcloud', 'config']
2025-02-20 15:53:21,337 DEBUG    root            Loaded Command Group: ['gcloud', 'config', 'config_helper']
2025-02-20 15:53:21,338 DEBUG    root            Running [gcloud.config.config-helper] with arguments: [--format: "json", --min-expiry: "3600"]
2025-02-20 15:53:21,509 DEBUG    google.auth.transport.requests Making request: POST https://oauth2.googleapis.com/token
2025-02-20 15:53:21,546 DEBUG    urllib3.connectionpool Starting new HTTPS connection (1): oauth2.googleapis.com:443
2025-02-20 15:53:21,724 DEBUG    urllib3.connectionpool https://oauth2.googleapis.com:443 "POST /token HTTP/1.1" 200 None
2025-02-20 15:53:21,730 DEBUG    google.auth.transport.requests Making request: POST https://oauth2.googleapis.com/token
2025-02-20 15:53:21,732 DEBUG    urllib3.connectionpool Starting new HTTPS connection (1): oauth2.googleapis.com:443
2025-02-20 15:53:21,914 DEBUG    urllib3.connectionpool https://oauth2.googleapis.com:443 "POST /token HTTP/1.1" 200 None
2025-02-20 15:53:21,919 DEBUG    root            Chosen display Format:default json
2025-02-20 15:53:21,919 INFO     root            Display format: "default json"
2025-02-20 15:53:21,952 INFO     ___FILE_ONLY___ {
  "configuration": {
    "active_configuration": "default",
    "properties": {
      "core": {
        "account": "tamjid.rahman@valon.com",
        "disable_prompts": "false",
        "disable_usage_reporting": "True",
        "project": "prod-peach-street"
      }
    }
  },
  "credential": {
    "access_token": "ya29.a0AXeO80QCN1loJjdk1MdCc32q2yzP5ePaSxD30biL8nrhkeri09zxkqSF-7mgxNV3ciQCODp0zuel1vS92Qbj8-EdaVSQl7Jnbsp2EHtqNZbpAjXh_To_i06C2diL9L4LrU1DW-rdwvGy1jTJqXEpfAPdv8FbFTjOqqcr3V5TUH4vfToaCgYKAbESARISFQHGX2MiERrH8Ebl8wwmru732X64VQ0182",
    "id_token": "eyJhbGciOiJSUzI1NiIsImtpZCI6IjVkMTJhYjc4MmNiNjA5NjI4NWY2OWU0OGFlYTk5MDc5YmI1OWNiODYiLCJ0eXAiOiJKV1QifQ.eyJpc3MiOiJodHRwczovL2FjY291bnRzLmdvb2dsZS5jb20iLCJhenAiOiIzMjU1NTk0MDU1OS5hcHBzLmdvb2dsZXVzZXJjb250ZW50LmNvbSIsImF1ZCI6IjMyNTU1OTQwNTU5LmFwcHMuZ29vZ2xldXNlcmNvbnRlbnQuY29tIiwic3ViIjoiMTAwNjUyNDM4NTEyNzgzNjkzMzI5IiwiaGQiOiJ2YWxvbi5jb20iLCJlbWFpbCI6InRhbWppZC5yYWhtYW5AdmFsb24uY29tIiwiZW1haWxfdmVyaWZpZWQiOnRydWUsImF0X2hhc2giOiJ1S2RUXzFtS2VxVm9kZjdRbzdkbW5RIiwiaWF0IjoxNzQwMDg0ODAxLCJleHAiOjE3NDAwODg0MDF9.Jd-nTRXJCBs7Scjq_6bzt7CEi7tQnBraCC7fjqBiqnPnQ4vjg2mY2U9LJF7VnMv4Bm2P_zHbpiLBCVpA_b3bKB_ZkgsolrPeL_bAG1FUTgMILecE9hmXglDzsaRy036_NuK-eAOY9pLoFL1rkCJQDr0RWKSjVGKc7WN_hvWvwzKQny_HKJVrwuR2tRKUtlJgRPmuQARXcFKVsbreRAoVl3SoxTPxoE8pVzEhd1xHyohKNXA9OXFrTR34m6Hh6LsGQb0GXfWkDLCylnrOPxGbIZWyqjemDuHtNAop-bvE1BC4a5kbesjOktZMQ7vAF1KppfYEkGwQBvf-2fEUcY6cuA",
    "token_expiry": "2025-02-20T21:53:20Z"
  },
  "sentinels": {
    "config_sentinel": "/Users/tamjid/.config/gcloud/config_sentinel"
  }
}
2025-02-20 15:53:21,952 INFO     ___FILE_ONLY___ 

