2025-02-21 10:17:37,047 DEBUG    root            Loaded Command Group: ['gcloud', 'config']
2025-02-21 10:17:37,049 DEBUG    root            Loaded Command Group: ['gcloud', 'config', 'config_helper']
2025-02-21 10:17:37,049 DEBUG    root            Running [gcloud.config.config-helper] with arguments: [--format: "json", --min-expiry: "3600"]
2025-02-21 10:17:37,054 DEBUG    google.auth.transport.requests Making request: POST https://oauth2.googleapis.com/token
2025-02-21 10:17:37,060 DEBUG    urllib3.connectionpool Starting new HTTPS connection (1): oauth2.googleapis.com:443
2025-02-21 10:17:37,227 DEBUG    urllib3.connectionpool https://oauth2.googleapis.com:443 "POST /token HTTP/1.1" 200 None
2025-02-21 10:17:37,231 DEBUG    root            Chosen display Format:default json
2025-02-21 10:17:37,231 INFO     root            Display format: "default json"
2025-02-21 10:17:37,248 INFO     ___FILE_ONLY___ {
  "configuration": {
    "active_configuration": "default",
    "properties": {
      "core": {
        "account": "tamjid.rahman@valon.com",
        "disable_prompts": "false",
        "disable_usage_reporting": "True",
        "project": "prod-peach-street"
      }
    }
  },
  "credential": {
    "access_token": "ya29.a0AXeO80RGBXvPLdcggG83ajSzeQHl4FF_jRtJIawCEMyiWtTuzUiw3Lc1OzlybwmSpibKdrbCGJIVUC3fJgy9qyC6V24ephvVetIvbMDoHzPnQLR1Za5KTL2O-dXr445Iv99a-Pav50NEupmolONujHS3IYUQgvrZ76iJ1LneQJK6UQaCgYKAY0SARISFQHGX2MiqvG2T5UGuups-Qkc7zJaFg0181",
    "id_token": "eyJhbGciOiJSUzI1NiIsImtpZCI6Ijc2M2Y3YzRjZDI2YTFlYjJiMWIzOWE4OGY0NDM0ZDFmNGQ5YTM2OGIiLCJ0eXAiOiJKV1QifQ.eyJpc3MiOiJodHRwczovL2FjY291bnRzLmdvb2dsZS5jb20iLCJhenAiOiIzMjU1NTk0MDU1OS5hcHBzLmdvb2dsZXVzZXJjb250ZW50LmNvbSIsImF1ZCI6IjMyNTU1OTQwNTU5LmFwcHMuZ29vZ2xldXNlcmNvbnRlbnQuY29tIiwic3ViIjoiMTAwNjUyNDM4NTEyNzgzNjkzMzI5IiwiaGQiOiJ2YWxvbi5jb20iLCJlbWFpbCI6InRhbWppZC5yYWhtYW5AdmFsb24uY29tIiwiZW1haWxfdmVyaWZpZWQiOnRydWUsImF0X2hhc2giOiJBeGIwS3MtendqazdYRVlsRU1qSGN3IiwiaWF0IjoxNzQwMTUxMDU3LCJleHAiOjE3NDAxNTQ2NTd9.KKm_ccBbuxGbV7J97iBy48OqpJN1Elo_lmW0vdyBB9JyYJv9PAC8Nur8TyVsKlHVDjiijBllU7UwuCSUDCkWomsje4PB5Xcl6uyAlIsgINyLH63qcGm4owCaL3Xa5A5GGRDH3Z5FHRML9zREAN127jO9lU-xZapwK8LOjNx_NgWdPp322yj47dXYb_v5eFAMBM3vDmHydofptlhyuQnqDhVq0lnqXvyJP4qmRN2RuPfy0hRBYz4ngz0Aqh2CFPPgZqw0_8XyYVxRhK_Iiw77Cugx6fyW19OaN2mOtTP9DJCT-jLBA3tFcV53-d5z33U2iTKQ3OEwK0NfYiOoW5xH0A",
    "token_expiry": "2025-02-21T16:17:36Z"
  },
  "sentinels": {
    "config_sentinel": "/Users/tamjid/.config/gcloud/config_sentinel"
  }
}
2025-02-21 10:17:37,248 INFO     ___FILE_ONLY___ 

