2025-02-21 10:16:50,012 DEBUG    root            Loaded Command Group: ['gcloud', 'auth']
2025-02-21 10:16:50,022 DEBUG    root            Loaded Command Group: ['gcloud', 'auth', 'login']
2025-02-21 10:16:50,023 DEBUG    root            Running [gcloud.auth.login] with arguments: []
2025-02-21 10:16:50,049 DEBUG    requests_oauthlib.oauth2_session Generated new state k4TEyonGSfHPBKqdTIS3EGWkolzBbr.
2025-02-21 10:16:50,159 INFO     ___FILE_ONLY___ Your browser has been opened to visit:

    https://accounts.google.com/o/oauth2/auth?response_type=code&client_id=32555940559.apps.googleusercontent.com&redirect_uri=http%3A%2F%2Flocalhost%3A8085%2F&scope=openid+https%3A%2F%2Fwww.googleapis.com%2Fauth%2Fuserinfo.email+https%3A%2F%2Fwww.googleapis.com%2Fauth%2Fcloud-platform+https%3A%2F%2Fwww.googleapis.com%2Fauth%2Fappengine.admin+https%3A%2F%2Fwww.googleapis.com%2Fauth%2Fsqlservice.login+https%3A%2F%2Fwww.googleapis.com%2Fauth%2Fcompute+https%3A%2F%2Fwww.googleapis.com%2Fauth%2Faccounts.reauth&state=k4TEyonGSfHPBKqdTIS3EGWkolzBbr&access_type=offline&code_challenge=VeREqY9LfRzBtaTE2yzIIh50cyw0XdDoiAmCetPQaRg&code_challenge_method=S256


2025-02-21 10:17:36,308 INFO     google_auth_oauthlib.flow "GET /?state=k4TEyonGSfHPBKqdTIS3EGWkolzBbr&code=4/0ASVgi3IiVm4XDqAVlfZPQEqdB4dt1mT0Uao6_PXh2FKXg5DjEzAA2sdvhRNjDH7zxdpVyQ&scope=email%20openid%20https://www.googleapis.com/auth/userinfo.email%20https://www.googleapis.com/auth/cloud-platform%20https://www.googleapis.com/auth/appengine.admin%20https://www.googleapis.com/auth/sqlservice.login%20https://www.googleapis.com/auth/compute%20https://www.googleapis.com/auth/accounts.reauth&authuser=0&hd=valon.com&prompt=consent HTTP/1.1" 200 959
2025-02-21 10:17:36,308 DEBUG    requests_oauthlib.oauth2_session Requesting url https://oauth2.googleapis.com/token using method POST.
2025-02-21 10:17:36,308 DEBUG    requests_oauthlib.oauth2_session Supplying headers {b'Accept': b'application/json', b'Content-Type': b'application/x-www-form-urlencoded;charset=UTF-8', b'user-agent': b'google-cloud-sdk gcloud/475.0.0 command/gcloud.auth.login invocation-id/c499930e0f3f4f358930acd4e0cffe39 environment/None environment-version/None client-os/MACOSX client-os-ver/24.3.0 client-pltf-arch/arm interactive/False from-script/False python/3.11.6 term/screen-256color (Macintosh; Intel Mac OS X 24.3.0)'} and data {'grant_type': 'authorization_code', 'client_id': '32555940559.apps.googleusercontent.com', 'client_secret': 'ZmssLNjJy2998hD4CTg2ejr2', 'code': '4/0ASVgi3IiVm4XDqAVlfZPQEqdB4dt1mT0Uao6_PXh2FKXg5DjEzAA2sdvhRNjDH7zxdpVyQ', 'redirect_uri': 'http://localhost:8085/', 'code_verifier': '2Nm0GGg_~sKQqVtmGmQ0ERl6p4NU3zs_ynimIdu5xqHwo-~rg6mxKQDAGvM3RvnKllOoeOitgfT053SqMzEBjcbHqbEHDDDDX0dUiEjJO6Flsog6PMqWeD.YYlkI8.8p'}
2025-02-21 10:17:36,308 DEBUG    requests_oauthlib.oauth2_session Passing through key word arguments {'json': None, 'timeout': None, 'auth': None, 'verify': None, 'proxies': None}.
2025-02-21 10:17:36,318 DEBUG    urllib3.connectionpool Starting new HTTPS connection (1): oauth2.googleapis.com:443
2025-02-21 10:17:36,516 DEBUG    urllib3.connectionpool https://oauth2.googleapis.com:443 "POST /token HTTP/1.1" 200 None
2025-02-21 10:17:36,517 DEBUG    requests_oauthlib.oauth2_session Prepared fetch token request body grant_type=authorization_code&client_id=32555940559.apps.googleusercontent.com&client_secret=ZmssLNjJy2998hD4CTg2ejr2&code=4%2F0ASVgi3IiVm4XDqAVlfZPQEqdB4dt1mT0Uao6_PXh2FKXg5DjEzAA2sdvhRNjDH7zxdpVyQ&redirect_uri=http%3A%2F%2Flocalhost%3A8085%2F&code_verifier=2Nm0GGg_~sKQqVtmGmQ0ERl6p4NU3zs_ynimIdu5xqHwo-~rg6mxKQDAGvM3RvnKllOoeOitgfT053SqMzEBjcbHqbEHDDDDX0dUiEjJO6Flsog6PMqWeD.YYlkI8.8p
2025-02-21 10:17:36,518 DEBUG    requests_oauthlib.oauth2_session Request to fetch token completed with status 200.
2025-02-21 10:17:36,518 DEBUG    requests_oauthlib.oauth2_session Request headers were {'user-agent': b'google-cloud-sdk gcloud/475.0.0 command/gcloud.auth.login invocation-id/c499930e0f3f4f358930acd4e0cffe39 environment/None environment-version/None client-os/MACOSX client-os-ver/24.3.0 client-pltf-arch/arm interactive/False from-script/False python/3.11.6 term/screen-256color (Macintosh; Intel Mac OS X 24.3.0)', 'Accept-Encoding': 'gzip, deflate', 'Accept': b'application/json', 'Connection': 'keep-alive', 'Content-Type': b'application/x-www-form-urlencoded;charset=UTF-8', 'Content-Length': '387'}
2025-02-21 10:17:36,518 DEBUG    requests_oauthlib.oauth2_session Request body was grant_type=authorization_code&client_id=32555940559.apps.googleusercontent.com&client_secret=ZmssLNjJy2998hD4CTg2ejr2&code=4%2F0ASVgi3IiVm4XDqAVlfZPQEqdB4dt1mT0Uao6_PXh2FKXg5DjEzAA2sdvhRNjDH7zxdpVyQ&redirect_uri=http%3A%2F%2Flocalhost%3A8085%2F&code_verifier=2Nm0GGg_~sKQqVtmGmQ0ERl6p4NU3zs_ynimIdu5xqHwo-~rg6mxKQDAGvM3RvnKllOoeOitgfT053SqMzEBjcbHqbEHDDDDX0dUiEjJO6Flsog6PMqWeD.YYlkI8.8p
2025-02-21 10:17:36,518 DEBUG    requests_oauthlib.oauth2_session Response headers were {'Pragma': 'no-cache', 'Cache-Control': 'no-cache, no-store, max-age=0, must-revalidate', 'Date': 'Fri, 21 Feb 2025 15:17:36 GMT', 'Expires': 'Mon, 01 Jan 1990 00:00:00 GMT', 'Content-Type': 'application/json; charset=utf-8', 'Vary': 'Origin, X-Origin, Referer', 'Content-Encoding': 'gzip', 'Server': 'scaffolding on HTTPServer2', 'X-XSS-Protection': '0', 'X-Frame-Options': 'SAMEORIGIN', 'X-Content-Type-Options': 'nosniff', 'Alt-Svc': 'h3=":443"; ma=2592000,h3-29=":443"; ma=2592000', 'Transfer-Encoding': 'chunked'} and content {
  "access_token": "ya29.a0AXeO80Q1daF0U1A8DXRtzMcE8PqFdvCGUb1GVL6H-05GstVvvQdu35g5J3kUDUW-zb_jAzaZKuAtOqMTR0GIeIKIumSr_bBC4b_ofGC_cZPifbiF1c11si36qz4aqrG31ID1Ri9sPxhsXJltaZaevWqHUQ_Kuha-a51SRrt0NO4OAAaCgYKAfESARISFQHGX2MiWvrVwLswh26g9W1jJbt5fA0181",
  "expires_in": 3599,
  "refresh_token": "1//01pVWOpuvzX6eCgYIARAAGAESNwF-L9Ir6NXy95POVCU-0C9AWw_38EJdemvLkPN90Apbap46Av4Ff87TKk-0MAj9cd6CfSIkxME",
  "scope": "https://www.googleapis.com/auth/userinfo.email https://www.googleapis.com/auth/appengine.admin https://www.googleapis.com/auth/accounts.reauth openid https://www.googleapis.com/auth/compute https://www.googleapis.com/auth/sqlservice.login https://www.googleapis.com/auth/cloud-platform",
  "token_type": "Bearer",
  "id_token": "eyJhbGciOiJSUzI1NiIsImtpZCI6Ijc2M2Y3YzRjZDI2YTFlYjJiMWIzOWE4OGY0NDM0ZDFmNGQ5YTM2OGIiLCJ0eXAiOiJKV1QifQ.eyJpc3MiOiJodHRwczovL2FjY291bnRzLmdvb2dsZS5jb20iLCJhenAiOiIzMjU1NTk0MDU1OS5hcHBzLmdvb2dsZXVzZXJjb250ZW50LmNvbSIsImF1ZCI6IjMyNTU1OTQwNTU5LmFwcHMuZ29vZ2xldXNlcmNvbnRlbnQuY29tIiwic3ViIjoiMTAwNjUyNDM4NTEyNzgzNjkzMzI5IiwiaGQiOiJ2YWxvbi5jb20iLCJlbWFpbCI6InRhbWppZC5yYWhtYW5AdmFsb24uY29tIiwiZW1haWxfdmVyaWZpZWQiOnRydWUsImF0X2hhc2giOiIzU3gwZ2c0NVdVaUZ1ZmdyOGZHeld3IiwiaWF0IjoxNzQwMTUxMDU2LCJleHAiOjE3NDAxNTQ2NTZ9.S7V-iWi6kRxRkMs1HFrcIC7-_06QOF4l6Pyp1yrWPHAZ3sTJckNN_-K3Osc6CRtIXJWIza4YUP6AJQSexLwb36PM067Kn85OEHxO121RyRnaWFPULwpqOSQXXHV7wk1cxy6sxzXOsUj7Z4A4WgGyo9ineAgRoTF5vl7uF4CkZVgj-lms7De1DuvbXid1UQ3JiUXbySAw7hlAvHVuRkXaySM2NRneIesO-GoB9uXLsipDtMhf4QQK3dm4kCVt53sZviWWVYCUJ6pnljTvGLOXPvb0JqouadKSnnbiqPbjlwXTUClK4bxyTx10WL4snPI7u2yxlvuzKyTv0-obOi8seg"
}.
2025-02-21 10:17:36,518 DEBUG    requests_oauthlib.oauth2_session Invoking 0 token response hooks.
2025-02-21 10:17:36,518 DEBUG    requests_oauthlib.oauth2_session Obtained token {'access_token': 'ya29.a0AXeO80Q1daF0U1A8DXRtzMcE8PqFdvCGUb1GVL6H-05GstVvvQdu35g5J3kUDUW-zb_jAzaZKuAtOqMTR0GIeIKIumSr_bBC4b_ofGC_cZPifbiF1c11si36qz4aqrG31ID1Ri9sPxhsXJltaZaevWqHUQ_Kuha-a51SRrt0NO4OAAaCgYKAfESARISFQHGX2MiWvrVwLswh26g9W1jJbt5fA0181', 'expires_in': 3599, 'refresh_token': '1//01pVWOpuvzX6eCgYIARAAGAESNwF-L9Ir6NXy95POVCU-0C9AWw_38EJdemvLkPN90Apbap46Av4Ff87TKk-0MAj9cd6CfSIkxME', 'scope': ['https://www.googleapis.com/auth/userinfo.email', 'https://www.googleapis.com/auth/appengine.admin', 'https://www.googleapis.com/auth/accounts.reauth', 'openid', 'https://www.googleapis.com/auth/compute', 'https://www.googleapis.com/auth/sqlservice.login', 'https://www.googleapis.com/auth/cloud-platform'], 'token_type': 'Bearer', 'id_token': 'eyJhbGciOiJSUzI1NiIsImtpZCI6Ijc2M2Y3YzRjZDI2YTFlYjJiMWIzOWE4OGY0NDM0ZDFmNGQ5YTM2OGIiLCJ0eXAiOiJKV1QifQ.eyJpc3MiOiJodHRwczovL2FjY291bnRzLmdvb2dsZS5jb20iLCJhenAiOiIzMjU1NTk0MDU1OS5hcHBzLmdvb2dsZXVzZXJjb250ZW50LmNvbSIsImF1ZCI6IjMyNTU1OTQwNTU5LmFwcHMuZ29vZ2xldXNlcmNvbnRlbnQuY29tIiwic3ViIjoiMTAwNjUyNDM4NTEyNzgzNjkzMzI5IiwiaGQiOiJ2YWxvbi5jb20iLCJlbWFpbCI6InRhbWppZC5yYWhtYW5AdmFsb24uY29tIiwiZW1haWxfdmVyaWZpZWQiOnRydWUsImF0X2hhc2giOiIzU3gwZ2c0NVdVaUZ1ZmdyOGZHeld3IiwiaWF0IjoxNzQwMTUxMDU2LCJleHAiOjE3NDAxNTQ2NTZ9.S7V-iWi6kRxRkMs1HFrcIC7-_06QOF4l6Pyp1yrWPHAZ3sTJckNN_-K3Osc6CRtIXJWIza4YUP6AJQSexLwb36PM067Kn85OEHxO121RyRnaWFPULwpqOSQXXHV7wk1cxy6sxzXOsUj7Z4A4WgGyo9ineAgRoTF5vl7uF4CkZVgj-lms7De1DuvbXid1UQ3JiUXbySAw7hlAvHVuRkXaySM2NRneIesO-GoB9uXLsipDtMhf4QQK3dm4kCVt53sZviWWVYCUJ6pnljTvGLOXPvb0JqouadKSnnbiqPbjlwXTUClK4bxyTx10WL4snPI7u2yxlvuzKyTv0-obOi8seg', 'expires_at': 1740154655.518462}.
2025-02-21 10:17:36,538 INFO     ___FILE_ONLY___ 
You are now logged in as [tamjid.rahman@valon.com].
Your current project is [prod-peach-street].  You can change this setting by running:
  $ gcloud config set project PROJECT_ID

2025-02-21 10:17:36,538 DEBUG    root            Chosen display Format:none
2025-02-21 10:17:36,539 INFO     root            Display format: "none"
