2025-02-21 10:29:21,762 DEBUG    root            Loaded Command Group: ['gcloud', 'config']
2025-02-21 10:29:21,763 DEBUG    root            Loaded Command Group: ['gcloud', 'config', 'config_helper']
2025-02-21 10:29:21,763 DEBUG    root            Running [gcloud.config.config-helper] with arguments: [--format: "json", --min-expiry: "3600"]
2025-02-21 10:29:21,769 DEBUG    google.auth.transport.requests Making request: POST https://oauth2.googleapis.com/token
2025-02-21 10:29:21,773 DEBUG    urllib3.connectionpool Starting new HTTPS connection (1): oauth2.googleapis.com:443
2025-02-21 10:29:21,925 DEBUG    urllib3.connectionpool https://oauth2.googleapis.com:443 "POST /token HTTP/1.1" 200 None
2025-02-21 10:29:21,928 DEBUG    root            Chosen display Format:default json
2025-02-21 10:29:21,928 INFO     root            Display format: "default json"
2025-02-21 10:29:21,945 INFO     ___FILE_ONLY___ {
  "configuration": {
    "active_configuration": "default",
    "properties": {
      "core": {
        "account": "tamjid.rahman@valon.com",
        "disable_prompts": "false",
        "disable_usage_reporting": "True",
        "project": "prod-peach-street"
      }
    }
  },
  "credential": {
    "access_token": "ya29.a0AXeO80R0_BvufCPwwaMKdiSPfRO1wMe18N1gKIOaUt2OAnxP2O-YyrZXoDkemzREhlqrrierqVnWA1NyoM7KwVr65-qcdlpLP8gquhJgz9JXblvTtKyXlLMPBakWQ4FuP5qG8vbxDjeWCmwXWs0uYA329FD0HeIADvQGWo4FGHdFGQaCgYKAaESARISFQHGX2MiFZCyocCKfckuhXLXMQ3F0A0181",
    "id_token": "eyJhbGciOiJSUzI1NiIsImtpZCI6Ijc2M2Y3YzRjZDI2YTFlYjJiMWIzOWE4OGY0NDM0ZDFmNGQ5YTM2OGIiLCJ0eXAiOiJKV1QifQ.eyJpc3MiOiJodHRwczovL2FjY291bnRzLmdvb2dsZS5jb20iLCJhenAiOiIzMjU1NTk0MDU1OS5hcHBzLmdvb2dsZXVzZXJjb250ZW50LmNvbSIsImF1ZCI6IjMyNTU1OTQwNTU5LmFwcHMuZ29vZ2xldXNlcmNvbnRlbnQuY29tIiwic3ViIjoiMTAwNjUyNDM4NTEyNzgzNjkzMzI5IiwiaGQiOiJ2YWxvbi5jb20iLCJlbWFpbCI6InRhbWppZC5yYWhtYW5AdmFsb24uY29tIiwiZW1haWxfdmVyaWZpZWQiOnRydWUsImF0X2hhc2giOiJldDcyMXIzNWlucDdFQ1FLX3NvdnlnIiwiaWF0IjoxNzQwMTUxNzYxLCJleHAiOjE3NDAxNTUzNjF9.OqUrIk5Eo7EEcaOqVNLEev2Udq98nGUVd5x0IDqoKJElgBdUH5I9fOtN4yU9WOkfpg-uUsiPnqpwMDoZuAeQIWY2renNAQI7bbMO7kQ7kN6tonmlg26MWlMDrcqhfutPmdunPRoQNziqEJFppV66qML8SjM7ineHEa-XED1Uu3YS9J3-nz0lQxs1vUj-6ffttotHcbZxfs4bo0iicpCI6Ul9vP-UHSTU1ruuvmS5Iy6y1sbftFWwQ5sBE8Aj_bTgFUQ8RKLpdoO_AzUUis5BFX9e57FxPdMuYsXanDZrqDQXnGSvkxbpSoz7FyZaarDmZeSsS1PEMn2Tx1JsXT4y2Q",
    "token_expiry": "2025-02-21T16:29:20Z"
  },
  "sentinels": {
    "config_sentinel": "/Users/tamjid/.config/gcloud/config_sentinel"
  }
}
2025-02-21 10:29:21,945 INFO     ___FILE_ONLY___ 

