2025-02-21 10:29:14,486 DEBUG    root            Loaded Command Group: ['gcloud', 'config']
2025-02-21 10:29:14,486 DEBUG    root            Loaded Command Group: ['gcloud', 'config', 'config_helper']
2025-02-21 10:29:14,487 DEBUG    root            Running [gcloud.config.config-helper] with arguments: [--format: "json", --min-expiry: "3600"]
2025-02-21 10:29:14,492 DEBUG    google.auth.transport.requests Making request: POST https://oauth2.googleapis.com/token
2025-02-21 10:29:14,497 DEBUG    urllib3.connectionpool Starting new HTTPS connection (1): oauth2.googleapis.com:443
2025-02-21 10:29:14,665 DEBUG    urllib3.connectionpool https://oauth2.googleapis.com:443 "POST /token HTTP/1.1" 200 None
2025-02-21 10:29:14,670 DEBUG    root            Chosen display Format:default json
2025-02-21 10:29:14,670 INFO     root            Display format: "default json"
2025-02-21 10:29:14,689 INFO     ___FILE_ONLY___ {
  "configuration": {
    "active_configuration": "default",
    "properties": {
      "core": {
        "account": "tamjid.rahman@valon.com",
        "disable_prompts": "false",
        "disable_usage_reporting": "True",
        "project": "prod-peach-street"
      }
    }
  },
  "credential": {
    "access_token": "ya29.a0AXeO80QNvy-FYPkM4p8xCIDYnHt80QwJnnc0vDZBGvtISF3TUX98RaV0DPedfyd1lQzAcryzr9Fx3bxZ-6E85d7E1z4ak81JwqIAdvenKQXxSTQQhmvfYHoAV1bFh7xTQTcsYh0mzq6IAL2a_rOQ-NKt_MyJqowLBGRetgGIZbVRQgaCgYKAWgSARISFQHGX2MiEtLaj4tQ4fwFgek0u7TvZw0181",
    "id_token": "eyJhbGciOiJSUzI1NiIsImtpZCI6Ijc2M2Y3YzRjZDI2YTFlYjJiMWIzOWE4OGY0NDM0ZDFmNGQ5YTM2OGIiLCJ0eXAiOiJKV1QifQ.eyJpc3MiOiJodHRwczovL2FjY291bnRzLmdvb2dsZS5jb20iLCJhenAiOiIzMjU1NTk0MDU1OS5hcHBzLmdvb2dsZXVzZXJjb250ZW50LmNvbSIsImF1ZCI6IjMyNTU1OTQwNTU5LmFwcHMuZ29vZ2xldXNlcmNvbnRlbnQuY29tIiwic3ViIjoiMTAwNjUyNDM4NTEyNzgzNjkzMzI5IiwiaGQiOiJ2YWxvbi5jb20iLCJlbWFpbCI6InRhbWppZC5yYWhtYW5AdmFsb24uY29tIiwiZW1haWxfdmVyaWZpZWQiOnRydWUsImF0X2hhc2giOiJzNjJQb0taQWlDbDk3SVhraHdpYWdRIiwiaWF0IjoxNzQwMTUxNzU0LCJleHAiOjE3NDAxNTUzNTR9.MuzxzggjMIml0hvBnS_b9_pbEHH_aLkK3WXwDSziddJ_z0upd3LDDdY5W3z6vUHpPvsZ7e6cpiOlcehWfTQ0PVXvJpm-BGQ2zI-EFXnEFnfCGG5_Uxtxfo0GG5JOKxfxUIHTYCokBBKRB_EYPOJ06luXCHbrd03w8O9L2niVwleWfVi4Ow1Zqxr6Eb5S7t59c9RnORikHV9yIudrrT4mXl5ifEZxWkkdFML85AOeUpQoOkCaRkE5XJrVMIwPzyf1AF5cgwNJMtnHiTLVwpQpuRx7C7FpTrnNkUiP93i6d_q3wLxkT403aGK2wa7shBtutkxvO2V1qWEcBhlK9Xu1Mw",
    "token_expiry": "2025-02-21T16:29:13Z"
  },
  "sentinels": {
    "config_sentinel": "/Users/tamjid/.config/gcloud/config_sentinel"
  }
}
2025-02-21 10:29:14,689 INFO     ___FILE_ONLY___ 

