2025-02-21 13:05:59,078 DEBUG    root            Loaded Command Group: ['gcloud', 'config']
2025-02-21 13:05:59,080 DEBUG    root            Loaded Command Group: ['gcloud', 'config', 'config_helper']
2025-02-21 13:05:59,080 DEBUG    root            Running [gcloud.config.config-helper] with arguments: [--format: "json"]
2025-02-21 13:05:59,088 DEBUG    root            Chosen display Format:default json
2025-02-21 13:05:59,089 INFO     root            Display format: "default json"
2025-02-21 13:05:59,108 INFO     ___FILE_ONLY___ {
  "configuration": {
    "active_configuration": "default",
    "properties": {
      "core": {
        "account": "tamjid.rahman@valon.com",
        "disable_prompts": "false",
        "disable_usage_reporting": "True",
        "project": "prod-peach-street"
      }
    }
  },
  "credential": {
    "access_token": "ya29.a0AXeO80TYcsD--QQh8jey-E9jU8csam0EU-Gmb8oZwl3QnXJ7_5iUqGwja0F3p6sbONLON1BBH3Wr-6grfwr11ypQSPSrN8xc23c7ISoTjJZxF-hw5zPITom2vf_wBWUPmxrKUc0ndNz6jqLrd4akU2r_7Lc_9YlatCWqgs0buOOEpAaCgYKAYwSARISFQHGX2MiGrYpRPb0Rp0ZQauQagBYtA0181",
    "id_token": "eyJhbGciOiJSUzI1NiIsImtpZCI6Ijc2M2Y3YzRjZDI2YTFlYjJiMWIzOWE4OGY0NDM0ZDFmNGQ5YTM2OGIiLCJ0eXAiOiJKV1QifQ.eyJpc3MiOiJodHRwczovL2FjY291bnRzLmdvb2dsZS5jb20iLCJhenAiOiIzMjU1NTk0MDU1OS5hcHBzLmdvb2dsZXVzZXJjb250ZW50LmNvbSIsImF1ZCI6IjMyNTU1OTQwNTU5LmFwcHMuZ29vZ2xldXNlcmNvbnRlbnQuY29tIiwic3ViIjoiMTAwNjUyNDM4NTEyNzgzNjkzMzI5IiwiaGQiOiJ2YWxvbi5jb20iLCJlbWFpbCI6InRhbWppZC5yYWhtYW5AdmFsb24uY29tIiwiZW1haWxfdmVyaWZpZWQiOnRydWUsImF0X2hhc2giOiJIZjk5UmZqY3V3UTQ4YU9UMHV3allRIiwiaWF0IjoxNzQwMTYwODcxLCJleHAiOjE3NDAxNjQ0NzF9.U78WUPkr9xDld8qF8dJ9R66zWV4wCO3AsZKwNVF8IpaHYiBV3JRvq0Ciz8yb4MY8IBQtFzXU-FpTiIZi-PIPh1ainuAs0xL02zxX4syP4Qih7nZfMHlhKtzLmxOBRUyKpuROgZKQkTgtHdBJzIg7gz9kQzvPbTBGfxiH7k0W605EWz6RSz7ouosV5OBCLgbUaNXhLQjkjUqLheRrSze9m1lSp-QAI9Q9rmhKqtjHKkoETcO_-k_WsboOWBp0FJUgXeIUdmUu3LdSURBVG4c7KH3Sv8e-05LgleMpIVPeu8mYOoKNBKXGdm_hFIbSjBfJ-WvQtDdEAAmJTsGA4xoezA",
    "token_expiry": "2025-02-21T19:01:10Z"
  },
  "sentinels": {
    "config_sentinel": "/Users/tamjid/.config/gcloud/config_sentinel"
  }
}
2025-02-21 13:05:59,108 INFO     ___FILE_ONLY___ 

