2025-02-21 13:54:21,337 DEBUG    root            Loaded Command Group: ['gcloud', 'auth']
2025-02-21 13:54:21,339 DEBUG    root            Loaded Command Group: ['gcloud', 'auth', 'application_default']
2025-02-21 13:54:21,353 DEBUG    root            Loaded Command Group: ['gcloud', 'auth', 'application-default', 'login']
2025-02-21 13:54:21,354 DEBUG    root            Running [gcloud.auth.application-default.login] with arguments: []
2025-02-21 13:54:21,408 DEBUG    requests_oauthlib.oauth2_session Generated new state VQpnEaICea2NEehg3N4AjPid1PFhfu.
2025-02-21 13:54:21,615 INFO     ___FILE_ONLY___ Your browser has been opened to visit:

    https://accounts.google.com/o/oauth2/auth?response_type=code&client_id=764086051850-6qr4p6gpi6hn506pt8ejuq83di341hur.apps.googleusercontent.com&redirect_uri=http%3A%2F%2Flocalhost%3A8085%2F&scope=openid+https%3A%2F%2Fwww.googleapis.com%2Fauth%2Fuserinfo.email+https%3A%2F%2Fwww.googleapis.com%2Fauth%2Fcloud-platform+https%3A%2F%2Fwww.googleapis.com%2Fauth%2Fsqlservice.login&state=VQpnEaICea2NEehg3N4AjPid1PFhfu&access_type=offline&code_challenge=lx0MPNM1BzLB41JVb8uXbgSjHLfw1qBDHd73ypJpDYE&code_challenge_method=S256


2025-02-21 13:54:31,768 INFO     google_auth_oauthlib.flow "GET /?state=VQpnEaICea2NEehg3N4AjPid1PFhfu&code=4/0ASVgi3LzPEwIxPBr_aBt1lFt5LIB7_U8K6aCNm1z7DxCvJr2oFOZPdkkqvAAXn5LLQnsuQ&scope=email%20openid%20https://www.googleapis.com/auth/userinfo.email%20https://www.googleapis.com/auth/cloud-platform%20https://www.googleapis.com/auth/sqlservice.login&authuser=0&hd=valon.com&prompt=consent HTTP/1.1" 200 959
2025-02-21 13:54:31,768 DEBUG    requests_oauthlib.oauth2_session Requesting url https://oauth2.googleapis.com/token using method POST.
2025-02-21 13:54:31,768 DEBUG    requests_oauthlib.oauth2_session Supplying headers {b'Accept': b'application/json', b'Content-Type': b'application/x-www-form-urlencoded;charset=UTF-8', b'user-agent': b'google-cloud-sdk gcloud/475.0.0 command/gcloud.auth.application-default.login invocation-id/ac8cadbc106f4f70aa5297f9be9feaaf environment/None environment-version/None client-os/MACOSX client-os-ver/24.3.0 client-pltf-arch/arm interactive/False from-script/False python/3.11.6 term/screen-256color (Macintosh; Intel Mac OS X 24.3.0)'} and data {'grant_type': 'authorization_code', 'client_id': '764086051850-6qr4p6gpi6hn506pt8ejuq83di341hur.apps.googleusercontent.com', 'client_secret': 'd-FL95Q19q7MQmFpd7hHD0Ty', 'code': '4/0ASVgi3LzPEwIxPBr_aBt1lFt5LIB7_U8K6aCNm1z7DxCvJr2oFOZPdkkqvAAXn5LLQnsuQ', 'redirect_uri': 'http://localhost:8085/', 'code_verifier': '_eWjMP96c1dKSGKRDslt_JEJ9x9I-.e6TM7DzernW7dz-I3NXKobGWU5eVhnLiGuvEwjGqKY2ku6ffFlWMA5l.xi9cVd~cZcJZyIQfJ4BHnkSK7JRxMM-z090hTNNfQ5'}
2025-02-21 13:54:31,768 DEBUG    requests_oauthlib.oauth2_session Passing through key word arguments {'json': None, 'timeout': None, 'auth': None, 'verify': None, 'proxies': None}.
2025-02-21 13:54:31,773 DEBUG    urllib3.connectionpool Starting new HTTPS connection (1): oauth2.googleapis.com:443
2025-02-21 13:54:31,973 DEBUG    urllib3.connectionpool https://oauth2.googleapis.com:443 "POST /token HTTP/1.1" 200 None
2025-02-21 13:54:31,973 DEBUG    requests_oauthlib.oauth2_session Prepared fetch token request body grant_type=authorization_code&client_id=764086051850-6qr4p6gpi6hn506pt8ejuq83di341hur.apps.googleusercontent.com&client_secret=d-FL95Q19q7MQmFpd7hHD0Ty&code=4%2F0ASVgi3LzPEwIxPBr_aBt1lFt5LIB7_U8K6aCNm1z7DxCvJr2oFOZPdkkqvAAXn5LLQnsuQ&redirect_uri=http%3A%2F%2Flocalhost%3A8085%2F&code_verifier=_eWjMP96c1dKSGKRDslt_JEJ9x9I-.e6TM7DzernW7dz-I3NXKobGWU5eVhnLiGuvEwjGqKY2ku6ffFlWMA5l.xi9cVd~cZcJZyIQfJ4BHnkSK7JRxMM-z090hTNNfQ5
2025-02-21 13:54:31,973 DEBUG    requests_oauthlib.oauth2_session Request to fetch token completed with status 200.
2025-02-21 13:54:31,973 DEBUG    requests_oauthlib.oauth2_session Request headers were {'user-agent': b'google-cloud-sdk gcloud/475.0.0 command/gcloud.auth.application-default.login invocation-id/ac8cadbc106f4f70aa5297f9be9feaaf environment/None environment-version/None client-os/MACOSX client-os-ver/24.3.0 client-pltf-arch/arm interactive/False from-script/False python/3.11.6 term/screen-256color (Macintosh; Intel Mac OS X 24.3.0)', 'Accept-Encoding': 'gzip, deflate', 'Accept': b'application/json', 'Connection': 'keep-alive', 'Content-Type': b'application/x-www-form-urlencoded;charset=UTF-8', 'Content-Length': '421'}
2025-02-21 13:54:31,973 DEBUG    requests_oauthlib.oauth2_session Request body was grant_type=authorization_code&client_id=764086051850-6qr4p6gpi6hn506pt8ejuq83di341hur.apps.googleusercontent.com&client_secret=d-FL95Q19q7MQmFpd7hHD0Ty&code=4%2F0ASVgi3LzPEwIxPBr_aBt1lFt5LIB7_U8K6aCNm1z7DxCvJr2oFOZPdkkqvAAXn5LLQnsuQ&redirect_uri=http%3A%2F%2Flocalhost%3A8085%2F&code_verifier=_eWjMP96c1dKSGKRDslt_JEJ9x9I-.e6TM7DzernW7dz-I3NXKobGWU5eVhnLiGuvEwjGqKY2ku6ffFlWMA5l.xi9cVd~cZcJZyIQfJ4BHnkSK7JRxMM-z090hTNNfQ5
2025-02-21 13:54:31,973 DEBUG    requests_oauthlib.oauth2_session Response headers were {'Pragma': 'no-cache', 'Cache-Control': 'no-cache, no-store, max-age=0, must-revalidate', 'Date': 'Fri, 21 Feb 2025 18:54:32 GMT', 'Expires': 'Mon, 01 Jan 1990 00:00:00 GMT', 'Content-Type': 'application/json; charset=utf-8', 'Vary': 'Origin, X-Origin, Referer', 'Content-Encoding': 'gzip', 'Server': 'scaffolding on HTTPServer2', 'X-XSS-Protection': '0', 'X-Frame-Options': 'SAMEORIGIN', 'X-Content-Type-Options': 'nosniff', 'Alt-Svc': 'h3=":443"; ma=2592000,h3-29=":443"; ma=2592000', 'Transfer-Encoding': 'chunked'} and content {
  "access_token": "ya29.a0AXeO80TA7-A04j0YtrXWWdmhS5W17fd4HdW2u0mGogo1e1mTHzTHlrvTVTugOy23gpdRJ8b_8vaLKTThN-twK-GPnpHPrhIOFXrk_kqf6CKmtiaBBHmUaNuMcQulKXB6GDx2MRx1Ocew9YRkGWuPtAxi3DMp3hrLDEmlsmYcaCgYKAV0SARISFQHGX2MiOw3iE22VhDw2XYQMb6Em1Q0175",
  "expires_in": 3599,
  "refresh_token": "1//01oOWh8l37AXfCgYIARAAGAESNwF-L9IrZiGy-QytrVYJnAYod1E8DdwgE-TbZozQoDBaUHxyLkwEM9vtDc1NJVG3w85y_RPhMVs",
  "scope": "https://www.googleapis.com/auth/userinfo.email https://www.googleapis.com/auth/sqlservice.login openid https://www.googleapis.com/auth/cloud-platform",
  "token_type": "Bearer",
  "id_token": "eyJhbGciOiJSUzI1NiIsImtpZCI6Ijc2M2Y3YzRjZDI2YTFlYjJiMWIzOWE4OGY0NDM0ZDFmNGQ5YTM2OGIiLCJ0eXAiOiJKV1QifQ.eyJpc3MiOiJodHRwczovL2FjY291bnRzLmdvb2dsZS5jb20iLCJhenAiOiI3NjQwODYwNTE4NTAtNnFyNHA2Z3BpNmhuNTA2cHQ4ZWp1cTgzZGkzNDFodXIuYXBwcy5nb29nbGV1c2VyY29udGVudC5jb20iLCJhdWQiOiI3NjQwODYwNTE4NTAtNnFyNHA2Z3BpNmhuNTA2cHQ4ZWp1cTgzZGkzNDFodXIuYXBwcy5nb29nbGV1c2VyY29udGVudC5jb20iLCJzdWIiOiIxMDA2NTI0Mzg1MTI3ODM2OTMzMjkiLCJoZCI6InZhbG9uLmNvbSIsImVtYWlsIjoidGFtamlkLnJhaG1hbkB2YWxvbi5jb20iLCJlbWFpbF92ZXJpZmllZCI6dHJ1ZSwiYXRfaGFzaCI6IkdvdS1Rc21JSmtwWXJjUURZYV90NWciLCJpYXQiOjE3NDAxNjQwNzIsImV4cCI6MTc0MDE2NzY3Mn0.ZhLSdBDTzBzSVucOp6Cqr_pvb9CnHFLggqgRiM_VYatza6LYti0BbUKxutT7jx6HgroavfgGLPi9Ni7Js6Q48ZTyBdDmLDjWX2DfwytEOTqE1Ea3IVM7yhrnyflmQe9z_cGDCWC1UM4AFRvDRdQZcHRPgziNE8fJ7bsuZIDEfyUzZp9Vff7kOsw-GJ8pYMaU25Kl7mVdTV7C_2xlxKtILbTRqn_RJdeKinr-cXFizpQsgH5SVLAAcuFAF923n-AIv2gUsaEP72BrH7kmwuHk3Kscl23oP4-koZ-wxupdCvAXErbpuc2Hh6A6daZbs0Goghm4aRaWJ_jPfRvCstrUQg"
}.
2025-02-21 13:54:31,973 DEBUG    requests_oauthlib.oauth2_session Invoking 0 token response hooks.
2025-02-21 13:54:31,973 DEBUG    requests_oauthlib.oauth2_session Obtained token {'access_token': 'ya29.a0AXeO80TA7-A04j0YtrXWWdmhS5W17fd4HdW2u0mGogo1e1mTHzTHlrvTVTugOy23gpdRJ8b_8vaLKTThN-twK-GPnpHPrhIOFXrk_kqf6CKmtiaBBHmUaNuMcQulKXB6GDx2MRx1Ocew9YRkGWuPtAxi3DMp3hrLDEmlsmYcaCgYKAV0SARISFQHGX2MiOw3iE22VhDw2XYQMb6Em1Q0175', 'expires_in': 3599, 'refresh_token': '1//01oOWh8l37AXfCgYIARAAGAESNwF-L9IrZiGy-QytrVYJnAYod1E8DdwgE-TbZozQoDBaUHxyLkwEM9vtDc1NJVG3w85y_RPhMVs', 'scope': ['https://www.googleapis.com/auth/userinfo.email', 'https://www.googleapis.com/auth/sqlservice.login', 'openid', 'https://www.googleapis.com/auth/cloud-platform'], 'token_type': 'Bearer', 'id_token': 'eyJhbGciOiJSUzI1NiIsImtpZCI6Ijc2M2Y3YzRjZDI2YTFlYjJiMWIzOWE4OGY0NDM0ZDFmNGQ5YTM2OGIiLCJ0eXAiOiJKV1QifQ.eyJpc3MiOiJodHRwczovL2FjY291bnRzLmdvb2dsZS5jb20iLCJhenAiOiI3NjQwODYwNTE4NTAtNnFyNHA2Z3BpNmhuNTA2cHQ4ZWp1cTgzZGkzNDFodXIuYXBwcy5nb29nbGV1c2VyY29udGVudC5jb20iLCJhdWQiOiI3NjQwODYwNTE4NTAtNnFyNHA2Z3BpNmhuNTA2cHQ4ZWp1cTgzZGkzNDFodXIuYXBwcy5nb29nbGV1c2VyY29udGVudC5jb20iLCJzdWIiOiIxMDA2NTI0Mzg1MTI3ODM2OTMzMjkiLCJoZCI6InZhbG9uLmNvbSIsImVtYWlsIjoidGFtamlkLnJhaG1hbkB2YWxvbi5jb20iLCJlbWFpbF92ZXJpZmllZCI6dHJ1ZSwiYXRfaGFzaCI6IkdvdS1Rc21JSmtwWXJjUURZYV90NWciLCJpYXQiOjE3NDAxNjQwNzIsImV4cCI6MTc0MDE2NzY3Mn0.ZhLSdBDTzBzSVucOp6Cqr_pvb9CnHFLggqgRiM_VYatza6LYti0BbUKxutT7jx6HgroavfgGLPi9Ni7Js6Q48ZTyBdDmLDjWX2DfwytEOTqE1Ea3IVM7yhrnyflmQe9z_cGDCWC1UM4AFRvDRdQZcHRPgziNE8fJ7bsuZIDEfyUzZp9Vff7kOsw-GJ8pYMaU25Kl7mVdTV7C_2xlxKtILbTRqn_RJdeKinr-cXFizpQsgH5SVLAAcuFAF923n-AIv2gUsaEP72BrH7kmwuHk3Kscl23oP4-koZ-wxupdCvAXErbpuc2Hh6A6daZbs0Goghm4aRaWJ_jPfRvCstrUQg', 'expires_at': 1740167670.973831}.
2025-02-21 13:54:31,975 INFO     ___FILE_ONLY___ 
Credentials saved to file: [/Users/tamjid/.config/gcloud/application_default_credentials.json]

2025-02-21 13:54:31,975 INFO     ___FILE_ONLY___ 
These credentials will be used by any library that requests Application Default Credentials (ADC).

2025-02-21 13:54:31,978 INFO     root            Using alternate credentials from file: [/Users/tamjid/.config/gcloud/application_default_credentials.json]
2025-02-21 13:54:31,980 DEBUG    google.auth.transport.requests Making request: POST https://oauth2.googleapis.com/token
2025-02-21 13:54:31,982 DEBUG    urllib3.connectionpool Starting new HTTPS connection (1): oauth2.googleapis.com:443
2025-02-21 13:54:32,146 DEBUG    urllib3.connectionpool https://oauth2.googleapis.com:443 "POST /token HTTP/1.1" 200 None
2025-02-21 13:54:32,148 INFO     root            Using alternate credentials from file: [/Users/tamjid/.config/gcloud/application_default_credentials.json]
2025-02-21 13:54:32,154 DEBUG    urllib3.connectionpool Starting new HTTPS connection (1): cloudresourcemanager.googleapis.com:443
2025-02-21 13:54:32,501 DEBUG    urllib3.connectionpool https://cloudresourcemanager.googleapis.com:443 "POST /v1/projects/prod-peach-street:testIamPermissions?alt=json HTTP/1.1" 200 None
2025-02-21 13:54:32,502 WARNING  root            
Cannot add the project "prod-peach-street" to ADC as the quota project because the account in ADC does not have the "serviceusage.services.use" permission on this project. You might receive a "quota_exceeded" or "API not enabled" error. Run $ gcloud auth application-default set-quota-project to add a quota project.
2025-02-21 13:54:32,502 DEBUG    root            Chosen display Format:none
2025-02-21 13:54:32,502 INFO     root            Display format: "none"
