2025-02-21 14:16:53,739 DEBUG    root            Loaded Command Group: ['gcloud', 'config']
2025-02-21 14:16:53,741 DEBUG    root            Loaded Command Group: ['gcloud', 'config', 'config_helper']
2025-02-21 14:16:53,742 DEBUG    root            Running [gcloud.config.config-helper] with arguments: [--format: "json"]
2025-02-21 14:16:53,751 DEBUG    root            Chosen display Format:default json
2025-02-21 14:16:53,751 INFO     root            Display format: "default json"
2025-02-21 14:16:53,774 INFO     ___FILE_ONLY___ {
  "configuration": {
    "active_configuration": "default",
    "properties": {
      "core": {
        "account": "tamjid.rahman@valon.com",
        "disable_prompts": "false",
        "disable_usage_reporting": "True",
        "project": "prod-peach-street"
      }
    }
  },
  "credential": {
    "access_token": "ya29.a0AXeO80RMw9CYtWaSpYSwI1XQQsowj53xpgaGqWwbR4c28V2nQlQuVJ1vHF15WGfCS5qCS4l4a2tvziKnl4pSLFxi4738XblfWwR0vFAcyz-3_AdhyFtD4FmvCExWJCVZ8Q9sZe8zH31u3LXdAUWFTwD58lHaz1S935UOuAOxZgJ-cdQaCgYKAYcSARISFQHGX2Mir-2dZbt_voLYgpTwNioOlQ0182",
    "id_token": "eyJhbGciOiJSUzI1NiIsImtpZCI6Ijc2M2Y3YzRjZDI2YTFlYjJiMWIzOWE4OGY0NDM0ZDFmNGQ5YTM2OGIiLCJ0eXAiOiJKV1QifQ.eyJpc3MiOiJodHRwczovL2FjY291bnRzLmdvb2dsZS5jb20iLCJhenAiOiIzMjU1NTk0MDU1OS5hcHBzLmdvb2dsZXVzZXJjb250ZW50LmNvbSIsImF1ZCI6IjMyNTU1OTQwNTU5LmFwcHMuZ29vZ2xldXNlcmNvbnRlbnQuY29tIiwic3ViIjoiMTAwNjUyNDM4NTEyNzgzNjkzMzI5IiwiaGQiOiJ2YWxvbi5jb20iLCJlbWFpbCI6InRhbWppZC5yYWhtYW5AdmFsb24uY29tIiwiZW1haWxfdmVyaWZpZWQiOnRydWUsImF0X2hhc2giOiJFX290azR1ZjJROTd1NjgyRTVndldnIiwiaWF0IjoxNzQwMTY1MjAwLCJleHAiOjE3NDAxNjg4MDB9.HFU7Xa0WM3Hy4UFLKRXp5MuNN74-Vi44XHdIgWV5xtJbsQHYIFVRw7kdWPzkN993UR3iemr35zMSMasu4Pc4VGEWagjLUmlFMzW-o8NH27kH9Pg64hAwNv7S2GzPpwsD1z-3c6tTpb70xA6cQvLrnRzM1KthM5SRpJim5Ls0RoQAGONdnk82rivR2z0GJT5ZgzEefaH-6g2ryPBQgc_k61IWj3S--GBN_dWToSHPiu3Avo5kpQqgdHEj5wvqCH2j0pyTpZ2niOLBr0_7r3djAHRGvnDB8-RuXUz1smPadsZ-fHYA_iazJdrDiixTsstyRWtJJiWeeRfw_3SlW9kgAA",
    "token_expiry": "2025-02-21T20:13:19Z"
  },
  "sentinels": {
    "config_sentinel": "/Users/tamjid/.config/gcloud/config_sentinel"
  }
}
2025-02-21 14:16:53,774 INFO     ___FILE_ONLY___ 

