2025-02-21 14:49:56,609 DEBUG    root            Loaded Command Group: ['gcloud', 'config']
2025-02-21 14:49:56,610 DEBUG    root            Loaded Command Group: ['gcloud', 'config', 'config_helper']
2025-02-21 14:49:56,610 DEBUG    root            Running [gcloud.config.config-helper] with arguments: [--format: "json", --min-expiry: "3600"]
2025-02-21 14:49:56,616 DEBUG    google.auth.transport.requests Making request: POST https://oauth2.googleapis.com/token
2025-02-21 14:49:56,621 DEBUG    urllib3.connectionpool Starting new HTTPS connection (1): oauth2.googleapis.com:443
2025-02-21 14:49:56,787 DEBUG    urllib3.connectionpool https://oauth2.googleapis.com:443 "POST /token HTTP/1.1" 200 None
2025-02-21 14:49:56,791 DEBUG    root            Chosen display Format:default json
2025-02-21 14:49:56,791 INFO     root            Display format: "default json"
2025-02-21 14:49:56,808 INFO     ___FILE_ONLY___ {
  "configuration": {
    "active_configuration": "default",
    "properties": {
      "core": {
        "account": "tamjid.rahman@valon.com",
        "disable_prompts": "false",
        "disable_usage_reporting": "True",
        "project": "prod-peach-street"
      }
    }
  },
  "credential": {
    "access_token": "ya29.a0AXeO80SowSlyyYkd9xCwTwlW58d9v4CJvuLITyK8cXlgsl3te_PoMV4FzTTHr7LrGM1f6NQffyr1GTG4Z0WcWeGKrYC6OU0R-tMrKq5LJMQLo0DMi82W79DKWMb8xskeqBMXFHBe0vcs42vkk5CzuaYQ9QDsCUu0gUd2uqRwiShdC00aCgYKAbISARISFQHGX2MibAOJmdgCmiInLiHi6aWhig0182",
    "id_token": "eyJhbGciOiJSUzI1NiIsImtpZCI6Ijc2M2Y3YzRjZDI2YTFlYjJiMWIzOWE4OGY0NDM0ZDFmNGQ5YTM2OGIiLCJ0eXAiOiJKV1QifQ.eyJpc3MiOiJodHRwczovL2FjY291bnRzLmdvb2dsZS5jb20iLCJhenAiOiIzMjU1NTk0MDU1OS5hcHBzLmdvb2dsZXVzZXJjb250ZW50LmNvbSIsImF1ZCI6IjMyNTU1OTQwNTU5LmFwcHMuZ29vZ2xldXNlcmNvbnRlbnQuY29tIiwic3ViIjoiMTAwNjUyNDM4NTEyNzgzNjkzMzI5IiwiaGQiOiJ2YWxvbi5jb20iLCJlbWFpbCI6InRhbWppZC5yYWhtYW5AdmFsb24uY29tIiwiZW1haWxfdmVyaWZpZWQiOnRydWUsImF0X2hhc2giOiJvVFA2czFnQzJZVjdZTGNTc1hyREx3IiwiaWF0IjoxNzQwMTY3Mzk2LCJleHAiOjE3NDAxNzA5OTZ9.uEMe5y57WL4unixfypmDfyXTcwFzlc72NHeqv8E_cpDK4usij1xFAZ2ETZM7mAtA840y_amg9RYQwNPBCnrIaQ4A3hvSNVzLBVH3DWI8unnBF_SL5iwmfjlh8QvgSG_swZTWagwN3uLWgfqKBMaTcpQHi22rNJ8qDXBv2Ncz8Z6S5F7QKrtdWpjoyY-wMZ2Md5EJVbRJy0LbhxVyG_Uw1CZ6HAUxsjDDQqsSepZ4TfDBnPYOKLrOB_dLdp8YlYYsUTqNLjC3jEi6S6hvjy_nmW_AeUzojKl0NhBhEkA3UCi5qW_mNB4YQawqUu0_0UUNk9QVvDP7fsPsH0-uL6QNoA",
    "token_expiry": "2025-02-21T20:49:55Z"
  },
  "sentinels": {
    "config_sentinel": "/Users/tamjid/.config/gcloud/config_sentinel"
  }
}
2025-02-21 14:49:56,808 INFO     ___FILE_ONLY___ 

