2025-02-21 18:53:54,620 DEBUG    root            Loaded Command Group: ['gcloud', 'config']
2025-02-21 18:53:54,621 DEBUG    root            Loaded Command Group: ['gcloud', 'config', 'config_helper']
2025-02-21 18:53:54,622 DEBUG    root            Running [gcloud.config.config-helper] with arguments: [--format: "json", --min-expiry: "3600"]
2025-02-21 18:53:54,627 DEBUG    google.auth.transport.requests Making request: POST https://oauth2.googleapis.com/token
2025-02-21 18:53:54,633 DEBUG    urllib3.connectionpool Starting new HTTPS connection (1): oauth2.googleapis.com:443
2025-02-21 18:53:54,798 DEBUG    urllib3.connectionpool https://oauth2.googleapis.com:443 "POST /token HTTP/1.1" 200 None
2025-02-21 18:53:54,802 DEBUG    root            Chosen display Format:default json
2025-02-21 18:53:54,802 INFO     root            Display format: "default json"
2025-02-21 18:53:54,820 INFO     ___FILE_ONLY___ {
  "configuration": {
    "active_configuration": "default",
    "properties": {
      "core": {
        "account": "tamjid.rahman@valon.com",
        "disable_prompts": "false",
        "disable_usage_reporting": "True",
        "project": "prod-peach-street"
      }
    }
  },
  "credential": {
    "access_token": "ya29.a0AXeO80QDh_I0gA1Xi_DiI_kr_64S8KrmW0pjhB7TUorcED0gYvPnU9ZpTpgVrdAeERiYLI0pGcxRHckN26b5t1fs5UaWlXaZ3ZIjDzqG0b3C2la9c82XnfUVlgOH3e3wTePxysF99g_P02vBzwyZgiIl081t7RK9CJG7yEz-VmC76ooaCgYKAScSARISFQHGX2MiEdwOgXqsZDZLUNt8nXCEkQ0182",
    "id_token": "eyJhbGciOiJSUzI1NiIsImtpZCI6Ijc2M2Y3YzRjZDI2YTFlYjJiMWIzOWE4OGY0NDM0ZDFmNGQ5YTM2OGIiLCJ0eXAiOiJKV1QifQ.eyJpc3MiOiJodHRwczovL2FjY291bnRzLmdvb2dsZS5jb20iLCJhenAiOiIzMjU1NTk0MDU1OS5hcHBzLmdvb2dsZXVzZXJjb250ZW50LmNvbSIsImF1ZCI6IjMyNTU1OTQwNTU5LmFwcHMuZ29vZ2xldXNlcmNvbnRlbnQuY29tIiwic3ViIjoiMTAwNjUyNDM4NTEyNzgzNjkzMzI5IiwiaGQiOiJ2YWxvbi5jb20iLCJlbWFpbCI6InRhbWppZC5yYWhtYW5AdmFsb24uY29tIiwiZW1haWxfdmVyaWZpZWQiOnRydWUsImF0X2hhc2giOiJ5bHpLeE9QQ1laY0hGNHAxQWluQnd3IiwiaWF0IjoxNzQwMTgyMDM0LCJleHAiOjE3NDAxODU2MzR9.oNy3wNc02xkyBmZFXiFf4cKrYxfoXBU4CNuDtSdebuXOIxfi_eUQeJjFpj-U-n1Iu83HnOCdkWtA5w9NiCRqprQ4JREEJ-ViM4YoAr3SXjGqxI40Cm3oUYgMQg2DbfyrSDL-LQ3SWIROiioOOPhRxdiFtGTu-VHFAcTQ1uYnfkmG76r_vo4OFeufZYx0kjxXDiwopThui_dZ_npGk6sYAOF-SfHGbeDU1jwkj1zncUed63_e2XjtSSKFQ9pdgY1En3fvQj50VESTlCx3zPX5cwk2lPYhdQFfQqP5LNwOzefLSzJfaOI1nRrVsbdhSYR1vbBpvyLpUz7E7LFK1oV00g",
    "token_expiry": "2025-02-22T00:53:53Z"
  },
  "sentinels": {
    "config_sentinel": "/Users/tamjid/.config/gcloud/config_sentinel"
  }
}
2025-02-21 18:53:54,821 INFO     ___FILE_ONLY___ 

