2025-02-21 18:53:53,926 DEBUG    root            Loaded Command Group: ['gcloud', 'config']
2025-02-21 18:53:53,928 DEBUG    root            Loaded Command Group: ['gcloud', 'config', 'config_helper']
2025-02-21 18:53:53,929 DEBUG    root            Running [gcloud.config.config-helper] with arguments: [--format: "json", --min-expiry: "3600"]
2025-02-21 18:53:54,092 DEBUG    google.auth.transport.requests Making request: POST https://oauth2.googleapis.com/token
2025-02-21 18:53:54,123 DEBUG    urllib3.connectionpool Starting new HTTPS connection (1): oauth2.googleapis.com:443
2025-02-21 18:53:54,323 DEBUG    urllib3.connectionpool https://oauth2.googleapis.com:443 "POST /token HTTP/1.1" 200 None
2025-02-21 18:53:54,328 DEBUG    root            Chosen display Format:default json
2025-02-21 18:53:54,328 INFO     root            Display format: "default json"
2025-02-21 18:53:54,349 INFO     ___FILE_ONLY___ {
  "configuration": {
    "active_configuration": "default",
    "properties": {
      "core": {
        "account": "tamjid.rahman@valon.com",
        "disable_prompts": "false",
        "disable_usage_reporting": "True",
        "project": "prod-peach-street"
      }
    }
  },
  "credential": {
    "access_token": "ya29.a0AXeO80Q8_MiSQHCquegQxPIJBG5BrNdLgzl0KoB9PIPrg4yMN5rBkf5OtanwT4yjqxXmiNTlXJQsqSUTrxbrDhQCutw0S6sWn9KYZrBC3DiU0zxEKBMry2cl_jIw32MnNtlBYgGKSyo_Sv5fc7hAfBbpgaP8q3eOgvrkjlfTU5QB0XQaCgYKAWISARISFQHGX2Mibx0seRULQC-QzawY2Ci-EA0182",
    "id_token": "eyJhbGciOiJSUzI1NiIsImtpZCI6Ijc2M2Y3YzRjZDI2YTFlYjJiMWIzOWE4OGY0NDM0ZDFmNGQ5YTM2OGIiLCJ0eXAiOiJKV1QifQ.eyJpc3MiOiJodHRwczovL2FjY291bnRzLmdvb2dsZS5jb20iLCJhenAiOiIzMjU1NTk0MDU1OS5hcHBzLmdvb2dsZXVzZXJjb250ZW50LmNvbSIsImF1ZCI6IjMyNTU1OTQwNTU5LmFwcHMuZ29vZ2xldXNlcmNvbnRlbnQuY29tIiwic3ViIjoiMTAwNjUyNDM4NTEyNzgzNjkzMzI5IiwiaGQiOiJ2YWxvbi5jb20iLCJlbWFpbCI6InRhbWppZC5yYWhtYW5AdmFsb24uY29tIiwiZW1haWxfdmVyaWZpZWQiOnRydWUsImF0X2hhc2giOiJRUU84ZnVDZnh1MTE2bHJYaU1qWE93IiwiaWF0IjoxNzQwMTgyMDM0LCJleHAiOjE3NDAxODU2MzR9.OKL-7Coz9z-6OaUmB9-MjGnusJQVGGbWKzynY0JxuwIz5QAL87WPqyE_MEVvaSIkK7G8IaAZEQT2ggH2zsKvZkJGfMWibBRD25mXc1pq5YY24lhNplX9k9xLxPbQMIprtXoxwUU2ztrtWs5_sfdhrOa0c2ldsy1LNQlVomS45t11Hp49l0S_VtZ5p2N_z5AiLAaIPntWCHG8TP0_JrsIGVPVswavB7_G7ByjzJJBMSwgNsGonjFTFINt1jfG9cFDJRCo75NWd3w_gVpEXDJl1n2vgPVflH8b_2UJMLibV_Y-OWn2sFjAoPW6p-KQa5NwHEekzQO6kEkBScwkzjvEVg",
    "token_expiry": "2025-02-22T00:53:53Z"
  },
  "sentinels": {
    "config_sentinel": "/Users/tamjid/.config/gcloud/config_sentinel"
  }
}
2025-02-21 18:53:54,349 INFO     ___FILE_ONLY___ 

