2025-02-21 19:58:30,688 DEBUG    root            Loaded Command Group: ['gcloud', 'config']
2025-02-21 19:58:30,690 DEBUG    root            Loaded Command Group: ['gcloud', 'config', 'config_helper']
2025-02-21 19:58:30,690 DEBUG    root            Running [gcloud.config.config-helper] with arguments: [--format: "json"]
2025-02-21 19:58:30,695 DEBUG    root            Chosen display Format:default json
2025-02-21 19:58:30,695 INFO     root            Display format: "default json"
2025-02-21 19:58:30,708 INFO     ___FILE_ONLY___ {
  "configuration": {
    "active_configuration": "default",
    "properties": {
      "core": {
        "account": "tamjid.rahman@valon.com",
        "disable_prompts": "false",
        "disable_usage_reporting": "True",
        "project": "prod-peach-street"
      }
    }
  },
  "credential": {
    "access_token": "ya29.a0AXeO80TNAUImPcvxEm_F58ua2Ef-p6gffGcu69Cwj4LIsODeugM_uibJz08yJXyBxp5vKRdea-rTh7wxFLkc9WM_6FlvYZO1gk_Qpqyr53cArlyLviNV_k-O-IOjONO6_JWXjQEe-U0J8NXxoqq9Di4nqBC-ltw5lBmUkLpc1SQYPGsaCgYKAe4SARISFQHGX2Mi1H_4s_rGXgLfjZmwm6zB6w0182",
    "id_token": "eyJhbGciOiJSUzI1NiIsImtpZCI6Ijc2M2Y3YzRjZDI2YTFlYjJiMWIzOWE4OGY0NDM0ZDFmNGQ5YTM2OGIiLCJ0eXAiOiJKV1QifQ.eyJpc3MiOiJodHRwczovL2FjY291bnRzLmdvb2dsZS5jb20iLCJhenAiOiIzMjU1NTk0MDU1OS5hcHBzLmdvb2dsZXVzZXJjb250ZW50LmNvbSIsImF1ZCI6IjMyNTU1OTQwNTU5LmFwcHMuZ29vZ2xldXNlcmNvbnRlbnQuY29tIiwic3ViIjoiMTAwNjUyNDM4NTEyNzgzNjkzMzI5IiwiaGQiOiJ2YWxvbi5jb20iLCJlbWFpbCI6InRhbWppZC5yYWhtYW5AdmFsb24uY29tIiwiZW1haWxfdmVyaWZpZWQiOnRydWUsImF0X2hhc2giOiJERnJmdFBvTlRjcWo4Z3EtZEJfR3RBIiwiaWF0IjoxNzQwMTg1ODgzLCJleHAiOjE3NDAxODk0ODN9.SxISMyosbS4QoovnXa6lqPu2cpfx68voveHF3eArAMoSImK0-MTVMc4864B4v0F8Slj5gpIj6wzdwp_PlB0rhBQD_V2PGNCyVs4OoX3x_2N-DDmA1-DReUAXiCNKvfAwVOS9sN8b4x_2s9930DFfWys2q6e7wUYr_kdvHKzK54oBFXf_kxtUQWXGrYqqzFY4Vy983s4DJwcR8gpzFBRFFkfHvHg1u07zVioXvvvd5Y7yrssEBK-IVClNsxwlHLKAWNd1iTu8HfD73PEmbPJdVTYhZEiWGkOUnQqix2PwonQSMyjI3VaC-_R0K5Z5btp7GSfIFhEh1OOjcoNWfZuRXw",
    "token_expiry": "2025-02-22T01:58:02Z"
  },
  "sentinels": {
    "config_sentinel": "/Users/tamjid/.config/gcloud/config_sentinel"
  }
}
2025-02-21 19:58:30,708 INFO     ___FILE_ONLY___ 

