2025-02-21 19:52:58,310 DEBUG    root            Loaded Command Group: ['gcloud', 'config']
2025-02-21 19:52:58,312 DEBUG    root            Loaded Command Group: ['gcloud', 'config', 'config_helper']
2025-02-21 19:52:58,313 DEBUG    root            Running [gcloud.config.config-helper] with arguments: [--format: "json", --min-expiry: "3600"]
2025-02-21 19:52:58,318 DEBUG    google.auth.transport.requests Making request: POST https://oauth2.googleapis.com/token
2025-02-21 19:52:58,350 DEBUG    urllib3.connectionpool Starting new HTTPS connection (1): oauth2.googleapis.com:443
2025-02-21 19:52:58,540 DEBUG    urllib3.connectionpool https://oauth2.googleapis.com:443 "POST /token HTTP/1.1" 200 None
2025-02-21 19:52:58,544 DEBUG    root            Chosen display Format:default json
2025-02-21 19:52:58,544 INFO     root            Display format: "default json"
2025-02-21 19:52:58,564 INFO     ___FILE_ONLY___ {
  "configuration": {
    "active_configuration": "default",
    "properties": {
      "core": {
        "account": "tamjid.rahman@valon.com",
        "disable_prompts": "false",
        "disable_usage_reporting": "True",
        "project": "prod-peach-street"
      }
    }
  },
  "credential": {
    "access_token": "ya29.a0AXeO80T3skOgUQO-AYyUArLJ04LVfWh0rU8wEPCMT9iRppTDXuicMcEiQ0LRfbYT4hdBMBwN5Hj_oY9wZewyB_1B8SHHusqrpkTT4DRcAXarohCjzaz9Bvqexc4jYiybNsfISDC1aahzqEYj6sHT-X-zio9ntd4NkGWH4xFahoTI3JEaCgYKAY0SARISFQHGX2MiIvHPxoy8Oi0ZMpbJo4a4Xw0182",
    "id_token": "eyJhbGciOiJSUzI1NiIsImtpZCI6Ijc2M2Y3YzRjZDI2YTFlYjJiMWIzOWE4OGY0NDM0ZDFmNGQ5YTM2OGIiLCJ0eXAiOiJKV1QifQ.eyJpc3MiOiJodHRwczovL2FjY291bnRzLmdvb2dsZS5jb20iLCJhenAiOiIzMjU1NTk0MDU1OS5hcHBzLmdvb2dsZXVzZXJjb250ZW50LmNvbSIsImF1ZCI6IjMyNTU1OTQwNTU5LmFwcHMuZ29vZ2xldXNlcmNvbnRlbnQuY29tIiwic3ViIjoiMTAwNjUyNDM4NTEyNzgzNjkzMzI5IiwiaGQiOiJ2YWxvbi5jb20iLCJlbWFpbCI6InRhbWppZC5yYWhtYW5AdmFsb24uY29tIiwiZW1haWxfdmVyaWZpZWQiOnRydWUsImF0X2hhc2giOiJ5bXIzX24ybmVQbUFVTjM3eDJuRTV3IiwiaWF0IjoxNzQwMTg1NTc4LCJleHAiOjE3NDAxODkxNzh9.GDuDweYBGR1OmdP_MssUivDwtvvonDxu6szId2-OlhHGAnLd5QyrsbP3fhx5ccqQ6YLheoMFs-Hj6TlPXnbLxnXoQtgfjPbgkz5ra66jhZ8Xnx29Na1Q5XenfDaOOeZOP6ciLpigRQ1hAwezZAQmXIm63MDGm4pxH9EDsxeU1OyZhjI1XZoaZGVXSZXMaWxyXvLXu1dhi1rqVcvfgbixwKJXnNyp7W_Kj5kxQRSZFEbUvWYvoozTpdtkpBrKOTNHWwrDnAbWZlwSdnR7j28YdL9ptFTAybwnLZ-1GChQd4qZQ7ihMqh-eYvqnNG3DtHoYBVCE-6Sw2Q5jTtXhGFzDg",
    "token_expiry": "2025-02-22T01:52:57Z"
  },
  "sentinels": {
    "config_sentinel": "/Users/tamjid/.config/gcloud/config_sentinel"
  }
}
2025-02-21 19:52:58,564 INFO     ___FILE_ONLY___ 

