2025-02-21 20:52:02,503 DEBUG    root            Loaded Command Group: ['gcloud', 'config']
2025-02-21 20:52:02,504 DEBUG    root            Loaded Command Group: ['gcloud', 'config', 'config_helper']
2025-02-21 20:52:02,505 DEBUG    root            Running [gcloud.config.config-helper] with arguments: [--format: "json", --min-expiry: "3600"]
2025-02-21 20:52:02,515 DEBUG    google.auth.transport.requests Making request: POST https://oauth2.googleapis.com/token
2025-02-21 20:52:02,549 DEBUG    urllib3.connectionpool Starting new HTTPS connection (1): oauth2.googleapis.com:443
2025-02-21 20:52:02,733 DEBUG    urllib3.connectionpool https://oauth2.googleapis.com:443 "POST /token HTTP/1.1" 200 None
2025-02-21 20:52:02,737 DEBUG    root            Chosen display Format:default json
2025-02-21 20:52:02,737 INFO     root            Display format: "default json"
2025-02-21 20:52:02,762 INFO     ___FILE_ONLY___ {
  "configuration": {
    "active_configuration": "default",
    "properties": {
      "core": {
        "account": "tamjid.rahman@valon.com",
        "disable_prompts": "false",
        "disable_usage_reporting": "True",
        "project": "prod-peach-street"
      }
    }
  },
  "credential": {
    "access_token": "ya29.a0AXeO80QUj9BTh6oEHBbXk3oEVsh2E0x_fDMgsXbWe6hFLAyob-tn_AMB6R2r7WIFHJrmkDppZ3khid2IG661CtOrTdqMR3eZPlOOv2oXLxHNG4enRCE2m9GPTPP_APMrlCIZd5IMtpkpY78xgLWmVehCkIbqzuuJc2ELibl8R3VP-08aCgYKAQMSARISFQHGX2MiaV9lYdgmzE-ZqzOcB1xx-A0182",
    "id_token": "eyJhbGciOiJSUzI1NiIsImtpZCI6Ijc2M2Y3YzRjZDI2YTFlYjJiMWIzOWE4OGY0NDM0ZDFmNGQ5YTM2OGIiLCJ0eXAiOiJKV1QifQ.eyJpc3MiOiJodHRwczovL2FjY291bnRzLmdvb2dsZS5jb20iLCJhenAiOiIzMjU1NTk0MDU1OS5hcHBzLmdvb2dsZXVzZXJjb250ZW50LmNvbSIsImF1ZCI6IjMyNTU1OTQwNTU5LmFwcHMuZ29vZ2xldXNlcmNvbnRlbnQuY29tIiwic3ViIjoiMTAwNjUyNDM4NTEyNzgzNjkzMzI5IiwiaGQiOiJ2YWxvbi5jb20iLCJlbWFpbCI6InRhbWppZC5yYWhtYW5AdmFsb24uY29tIiwiZW1haWxfdmVyaWZpZWQiOnRydWUsImF0X2hhc2giOiJqODdydGZhYTdTMXp0RmhZSEFNMi13IiwiaWF0IjoxNzQwMTg5MTIyLCJleHAiOjE3NDAxOTI3MjJ9.ImGdI8IZirc5VmWN-01qe2hIU2B4lqqd_BWP4wItcjUssAVEzj5Wg7UP6fXkYAHbkHaAzwRB9RC60WKCp1rKmdYMmDJyn5Bkpv51r5bX42z1FK2tWll9bEyADDKSoecN4JP8I-3zXtZaOPHVyXfsH1VvbmJYkUbcMMqLoQcWjGr4yW8FVBFXDj-bPlj2_ZA63fNA3xZX9fGdzrtVvY2DlJYDoXOTTU5Z47hVuUCVTjUbCbgEfoaIDNGN05hvC6cUF60pquueUhnPQegi9bO0TJrBgwJSjB87-2a_FX4_fHm7LuFwGCLpDj5RCfwISlgG916C03bAL6Ii1A-KNPUthQ",
    "token_expiry": "2025-02-22T02:52:01Z"
  },
  "sentinels": {
    "config_sentinel": "/Users/tamjid/.config/gcloud/config_sentinel"
  }
}
2025-02-21 20:52:02,762 INFO     ___FILE_ONLY___ 

