2025-02-21 20:52:03,021 DEBUG    root            Loaded Command Group: ['gcloud', 'config']
2025-02-21 20:52:03,022 DEBUG    root            Loaded Command Group: ['gcloud', 'config', 'config_helper']
2025-02-21 20:52:03,023 DEBUG    root            Running [gcloud.config.config-helper] with arguments: [--format: "json", --min-expiry: "3600"]
2025-02-21 20:52:03,027 DEBUG    google.auth.transport.requests Making request: POST https://oauth2.googleapis.com/token
2025-02-21 20:52:03,032 DEBUG    urllib3.connectionpool Starting new HTTPS connection (1): oauth2.googleapis.com:443
2025-02-21 20:52:03,192 DEBUG    urllib3.connectionpool https://oauth2.googleapis.com:443 "POST /token HTTP/1.1" 200 None
2025-02-21 20:52:03,196 DEBUG    root            Chosen display Format:default json
2025-02-21 20:52:03,196 INFO     root            Display format: "default json"
2025-02-21 20:52:03,213 INFO     ___FILE_ONLY___ {
  "configuration": {
    "active_configuration": "default",
    "properties": {
      "core": {
        "account": "tamjid.rahman@valon.com",
        "disable_prompts": "false",
        "disable_usage_reporting": "True",
        "project": "prod-peach-street"
      }
    }
  },
  "credential": {
    "access_token": "ya29.a0AXeO80RrxK4rvBSFsCzj1fXa-jMbz-Z24GatsJqSWd0Gh3PU8B3_CQS3mKo4ECfihxVD6a3QoeIST5VewwSxuY7gWUMoD5coOFvkJT2RkmnK4_49Ur_uYI1ZozLk-HlAl3S-pg4A5RRVMsyCoXENGkW48suqTT7lLlqrTqw7ZaY_EjgaCgYKATMSARISFQHGX2MijgeB7HTstmY0BI13TaNPZA0182",
    "id_token": "eyJhbGciOiJSUzI1NiIsImtpZCI6Ijc2M2Y3YzRjZDI2YTFlYjJiMWIzOWE4OGY0NDM0ZDFmNGQ5YTM2OGIiLCJ0eXAiOiJKV1QifQ.eyJpc3MiOiJodHRwczovL2FjY291bnRzLmdvb2dsZS5jb20iLCJhenAiOiIzMjU1NTk0MDU1OS5hcHBzLmdvb2dsZXVzZXJjb250ZW50LmNvbSIsImF1ZCI6IjMyNTU1OTQwNTU5LmFwcHMuZ29vZ2xldXNlcmNvbnRlbnQuY29tIiwic3ViIjoiMTAwNjUyNDM4NTEyNzgzNjkzMzI5IiwiaGQiOiJ2YWxvbi5jb20iLCJlbWFpbCI6InRhbWppZC5yYWhtYW5AdmFsb24uY29tIiwiZW1haWxfdmVyaWZpZWQiOnRydWUsImF0X2hhc2giOiJjVUIwN0dXTWlrNW1vdFptWlpKMEVBIiwiaWF0IjoxNzQwMTg5MTIzLCJleHAiOjE3NDAxOTI3MjN9.o4GcmHr8nJZg1icRDwNhCe7hJHzP5L8QLatLnD4qBUOmY4--ftdtgx9Cm_DOUZy0aXF52fUF-GZm25x2zJyTSNuflSZkMLUNRqy_rhmmmhsPQLEGSPd8lXUvD8J4Q5HU3Zcfs9wztxWFM8q-V1tWWiCemduZ7BBokDP3ME-C39FPQXbxafZ4dIj0yPU3fE36uPBaioVPjT0y42L_TiulV_RrBDGiWrMkblwwAWEV7V6zsJYOY1uVylxfbRtPqbLG7dPr6SgOlHYGDl_3Ap3OC5M4Doeqhc2ecLPjBUgdbghGcibdGf9qSRLOt6XGJ2Xyc0RnIdKnNeb-R_mtwf_y1w",
    "token_expiry": "2025-02-22T02:52:02Z"
  },
  "sentinels": {
    "config_sentinel": "/Users/tamjid/.config/gcloud/config_sentinel"
  }
}
2025-02-21 20:52:03,213 INFO     ___FILE_ONLY___ 

