2025-02-21 21:00:39,338 DEBUG    root            Loaded Command Group: ['gcloud', 'config']
2025-02-21 21:00:39,341 DEBUG    root            Loaded Command Group: ['gcloud', 'config', 'config_helper']
2025-02-21 21:00:39,341 DEBUG    root            Running [gcloud.config.config-helper] with arguments: [--format: "json"]
2025-02-21 21:00:39,346 DEBUG    root            Chosen display Format:default json
2025-02-21 21:00:39,346 INFO     root            Display format: "default json"
2025-02-21 21:00:39,360 INFO     ___FILE_ONLY___ {
  "configuration": {
    "active_configuration": "default",
    "properties": {
      "core": {
        "account": "tamjid.rahman@valon.com",
        "disable_prompts": "false",
        "disable_usage_reporting": "True",
        "project": "prod-peach-street"
      }
    }
  },
  "credential": {
    "access_token": "ya29.a0AXeO80SdRUxFCQ3aF6x3NTcV0en-f4dwiqnikx1niCyeFZc0ATdBJ9rRxgelt256sGqk_A0oQv23bOXHiVYBd3X0zofdWRZ3dQR1ZI2TWyqsmMPqipRdvt1Scu_BvCHvvXIpa8U_yZPX1O8rqtazEfuYrW7_s0pFJk0iyobLu1VfYPEaCgYKAUwSARISFQHGX2MiFWdVhZYuMv60BA9BSDy5lg0182",
    "id_token": "eyJhbGciOiJSUzI1NiIsImtpZCI6Ijc2M2Y3YzRjZDI2YTFlYjJiMWIzOWE4OGY0NDM0ZDFmNGQ5YTM2OGIiLCJ0eXAiOiJKV1QifQ.eyJpc3MiOiJodHRwczovL2FjY291bnRzLmdvb2dsZS5jb20iLCJhenAiOiIzMjU1NTk0MDU1OS5hcHBzLmdvb2dsZXVzZXJjb250ZW50LmNvbSIsImF1ZCI6IjMyNTU1OTQwNTU5LmFwcHMuZ29vZ2xldXNlcmNvbnRlbnQuY29tIiwic3ViIjoiMTAwNjUyNDM4NTEyNzgzNjkzMzI5IiwiaGQiOiJ2YWxvbi5jb20iLCJlbWFpbCI6InRhbWppZC5yYWhtYW5AdmFsb24uY29tIiwiZW1haWxfdmVyaWZpZWQiOnRydWUsImF0X2hhc2giOiJGQU1BQWpjZUNReXFHUzZ3NnB2Njh3IiwiaWF0IjoxNzQwMTg5NDQ5LCJleHAiOjE3NDAxOTMwNDl9.ClG8rqq1KP-71GQ84u-tDpmpD8ubZx0i--mC71d7xlTgTAQ-f-SPk_mH7goiT8-_8WYAMIF20VM_sL-CBpYeLoyF6rXnHv8IfhCRuFb0c8TuxWj01q6GtYAfsvTOXNdB27pgoVGr6WV3gUMDb5LdvJaPZM9sQN9HOpk27OzCVw2PWNWuEzmNL8D1Xp7XpNoDQdUTJXNYbmV63TnifokieFIX3dlID1mAo_8l7PF3LsEYqWN6J0vdcPBb1M2Wafd2gqS1zUaCcZHoKnTPTDae245li9Q-4l1FO9Tma727UnzFBRrJWD2zeDWChue2iC4Not_BC-YI_4z2pNoChQKVsQ",
    "token_expiry": "2025-02-22T02:57:28Z"
  },
  "sentinels": {
    "config_sentinel": "/Users/tamjid/.config/gcloud/config_sentinel"
  }
}
2025-02-21 21:00:39,360 INFO     ___FILE_ONLY___ 

