2025-02-21 21:51:07,307 DEBUG    root            Loaded Command Group: ['gcloud', 'config']
2025-02-21 21:51:07,309 DEBUG    root            Loaded Command Group: ['gcloud', 'config', 'config_helper']
2025-02-21 21:51:07,310 DEBUG    root            Running [gcloud.config.config-helper] with arguments: [--format: "json", --min-expiry: "3600"]
2025-02-21 21:51:07,316 DEBUG    google.auth.transport.requests Making request: POST https://oauth2.googleapis.com/token
2025-02-21 21:51:07,489 DEBUG    urllib3.connectionpool Starting new HTTPS connection (1): oauth2.googleapis.com:443
2025-02-21 21:51:07,659 DEBUG    urllib3.connectionpool https://oauth2.googleapis.com:443 "POST /token HTTP/1.1" 200 None
2025-02-21 21:51:07,663 DEBUG    root            Chosen display Format:default json
2025-02-21 21:51:07,663 INFO     root            Display format: "default json"
2025-02-21 21:51:07,682 INFO     ___FILE_ONLY___ {
  "configuration": {
    "active_configuration": "default",
    "properties": {
      "core": {
        "account": "tamjid.rahman@valon.com",
        "disable_prompts": "false",
        "disable_usage_reporting": "True",
        "project": "prod-peach-street"
      }
    }
  },
  "credential": {
    "access_token": "ya29.a0AXeO80QFzgAqMKl7-ZJpfjwSMITfmFXuwbJDRKYJL8_tLkM57zO8WVxzHkELdwmlU9C3wpTCn4hXI91BrCF2XJ3CQxSezENDwe4YZMeLoKpvCBhSKrJhkmWvQHHrC3DnpcO7YR0NysSyZUf2uqSjzo5j_vcclV8F4yl5lFO92KjIS5caCgYKAdUSARISFQHGX2Mi7LS-Ktcft2jClCd1jg4O8Q0182",
    "id_token": "eyJhbGciOiJSUzI1NiIsImtpZCI6Ijc2M2Y3YzRjZDI2YTFlYjJiMWIzOWE4OGY0NDM0ZDFmNGQ5YTM2OGIiLCJ0eXAiOiJKV1QifQ.eyJpc3MiOiJodHRwczovL2FjY291bnRzLmdvb2dsZS5jb20iLCJhenAiOiIzMjU1NTk0MDU1OS5hcHBzLmdvb2dsZXVzZXJjb250ZW50LmNvbSIsImF1ZCI6IjMyNTU1OTQwNTU5LmFwcHMuZ29vZ2xldXNlcmNvbnRlbnQuY29tIiwic3ViIjoiMTAwNjUyNDM4NTEyNzgzNjkzMzI5IiwiaGQiOiJ2YWxvbi5jb20iLCJlbWFpbCI6InRhbWppZC5yYWhtYW5AdmFsb24uY29tIiwiZW1haWxfdmVyaWZpZWQiOnRydWUsImF0X2hhc2giOiI0aDdRemlnSmhuTlpSRC1Pb0VLYWJRIiwiaWF0IjoxNzQwMTkyNjY3LCJleHAiOjE3NDAxOTYyNjd9.HRs9VChkE-206TEvWqaanicHMvXytTGfXWBu7gg8J0ls624FnbmHDUTekXIlFUglW_4nP6md0_ue1S_OMZX4O6-0QrkAwCtYEDJvo2Bp2EOxxEAuWdYHEd6-XsX5TnxZgNoVkpo658dNEVrowEq1mRj7v8q-i4f07gtfaD-GbFARbkDNaovA14L2WL0xGWMgWTquLPJhXKNBHH5lXEz2zjyR3SpPGC8ouohR8TT-bpUnVbe3zmNTSoN_VbA3KMUKVHbhkD6oN4cxkCc0AHIpowIVLhaJTekaunYTI0W3SixDnnqt-tux2auwIUD9DdpgZKz9eKXz-CGzHylNwLumCQ",
    "token_expiry": "2025-02-22T03:51:06Z"
  },
  "sentinels": {
    "config_sentinel": "/Users/tamjid/.config/gcloud/config_sentinel"
  }
}
2025-02-21 21:51:07,682 INFO     ___FILE_ONLY___ 

