2025-02-07 10:19:54,406 DEBUG    root            Loaded Command Group: ['gcloud', 'config']
2025-02-07 10:19:54,407 DEBUG    root            Loaded Command Group: ['gcloud', 'config', 'config_helper']
2025-02-07 10:19:54,407 DEBUG    root            Running [gcloud.config.config-helper] with arguments: [--format: "json", --min-expiry: "3600"]
2025-02-07 10:19:54,412 DEBUG    google.auth.transport.requests Making request: POST https://oauth2.googleapis.com/token
2025-02-07 10:19:54,418 DEBUG    urllib3.connectionpool Starting new HTTPS connection (1): oauth2.googleapis.com:443
2025-02-07 10:19:54,587 DEBUG    urllib3.connectionpool https://oauth2.googleapis.com:443 "POST /token HTTP/1.1" 200 None
2025-02-07 10:19:54,593 DEBUG    root            Chosen display Format:default json
2025-02-07 10:19:54,593 INFO     root            Display format: "default json"
2025-02-07 10:19:54,613 INFO     ___FILE_ONLY___ {
  "configuration": {
    "active_configuration": "default",
    "properties": {
      "core": {
        "account": "tamjid.rahman@valon.com",
        "disable_prompts": "false",
        "disable_usage_reporting": "True",
        "project": "prod-peach-street"
      }
    }
  },
  "credential": {
    "access_token": "ya29.a0AXeO80QLtx8nXj8sZwKsMAKcUCRPWtrtHOiu8NQgW00zFCYk9DEDfopCQvji2njH8JFqZkqKfuU-4-LKYMlTY6IT4w46lwuLaf2BauiIbFGM59YV_WXnm-e7NOUUend9tP1HvZ5E7OtMDlN4S3oNbsPknTbz24MRH1O-4HejPetHBNcaCgYKAUYSARISFQHGX2MiksMOZo9lhpTeJ1Xx_aefvg0182",
    "id_token": "eyJhbGciOiJSUzI1NiIsImtpZCI6ImVlYzUzNGZhNWI4Y2FjYTIwMWNhOGQwZmY5NmI1NGM1NjIyMTBkMWUiLCJ0eXAiOiJKV1QifQ.eyJpc3MiOiJodHRwczovL2FjY291bnRzLmdvb2dsZS5jb20iLCJhenAiOiIzMjU1NTk0MDU1OS5hcHBzLmdvb2dsZXVzZXJjb250ZW50LmNvbSIsImF1ZCI6IjMyNTU1OTQwNTU5LmFwcHMuZ29vZ2xldXNlcmNvbnRlbnQuY29tIiwic3ViIjoiMTAwNjUyNDM4NTEyNzgzNjkzMzI5IiwiaGQiOiJ2YWxvbi5jb20iLCJlbWFpbCI6InRhbWppZC5yYWhtYW5AdmFsb24uY29tIiwiZW1haWxfdmVyaWZpZWQiOnRydWUsImF0X2hhc2giOiJ1UkNDVEVWZkJTLS1xN0dTQWE5Q0VnIiwiaWF0IjoxNzM4OTQxNTk0LCJleHAiOjE3Mzg5NDUxOTR9.FmibqlPFrV6_uR2qtfmeS8D_1YIkVS0ELvyQFcZXE9QSPixg0ED0AA4z2E_4whyvOjJdP6fzZhNJOF3UFmXA9oMY2l91CF2s3ngCASg8RqDMp9sPxgncKOqBg5JgU3AFAdheImmz-SyY4ZY74_3xF5GADtMiWyV6lBUwovXY0zQThQyHXfpYogiL4C2nejAemNcb1VWyLlGwNTHuIxbqB93f9L9YmX0zjgpXmchqKQUXqyVS2jZVv2_Wa9SQUj3nAHrLdcSKGDxwZFdL1rEx2c1yNBn02bsC5aXAJTBBqdPX_VWm08Y8Kc4hABSxmfUF0zjkKfKZ-WZCMbpZLCVfvg",
    "token_expiry": "2025-02-07T16:19:53Z"
  },
  "sentinels": {
    "config_sentinel": "/Users/tamjid/.config/gcloud/config_sentinel"
  }
}
2025-02-07 10:19:54,613 INFO     ___FILE_ONLY___ 

