2025-02-07 10:20:16,434 DEBUG    root            Loaded Command Group: ['gcloud', 'config']
2025-02-07 10:20:16,435 DEBUG    root            Loaded Command Group: ['gcloud', 'config', 'config_helper']
2025-02-07 10:20:16,435 DEBUG    root            Running [gcloud.config.config-helper] with arguments: [--format: "json", --min-expiry: "3600"]
2025-02-07 10:20:16,441 DEBUG    google.auth.transport.requests Making request: POST https://oauth2.googleapis.com/token
2025-02-07 10:20:16,446 DEBUG    urllib3.connectionpool Starting new HTTPS connection (1): oauth2.googleapis.com:443
2025-02-07 10:20:16,604 DEBUG    urllib3.connectionpool https://oauth2.googleapis.com:443 "POST /token HTTP/1.1" 200 None
2025-02-07 10:20:16,608 DEBUG    root            Chosen display Format:default json
2025-02-07 10:20:16,608 INFO     root            Display format: "default json"
2025-02-07 10:20:16,628 INFO     ___FILE_ONLY___ {
  "configuration": {
    "active_configuration": "default",
    "properties": {
      "core": {
        "account": "tamjid.rahman@valon.com",
        "disable_prompts": "false",
        "disable_usage_reporting": "True",
        "project": "prod-peach-street"
      }
    }
  },
  "credential": {
    "access_token": "ya29.a0AXeO80SzDQB5LEMDsLFgyH5C_rNNnZzY7MBeH7p89XjTo6n-7NpWI6ssuA-KlzAAcY_LUjW6vVfvtj9N9cgzc_GlLikSOjf67cwXIOq--opGenmMaWqy5o_m8UkFvgxs3Bf-rh2448uQGaB8rAgi6qbAD3GXSX6ybyQXSLM6mVsFuMMaCgYKATMSARISFQHGX2Mia1f8xR6HBtxxKOaDIWSIfg0182",
    "id_token": "eyJhbGciOiJSUzI1NiIsImtpZCI6ImVlYzUzNGZhNWI4Y2FjYTIwMWNhOGQwZmY5NmI1NGM1NjIyMTBkMWUiLCJ0eXAiOiJKV1QifQ.eyJpc3MiOiJodHRwczovL2FjY291bnRzLmdvb2dsZS5jb20iLCJhenAiOiIzMjU1NTk0MDU1OS5hcHBzLmdvb2dsZXVzZXJjb250ZW50LmNvbSIsImF1ZCI6IjMyNTU1OTQwNTU5LmFwcHMuZ29vZ2xldXNlcmNvbnRlbnQuY29tIiwic3ViIjoiMTAwNjUyNDM4NTEyNzgzNjkzMzI5IiwiaGQiOiJ2YWxvbi5jb20iLCJlbWFpbCI6InRhbWppZC5yYWhtYW5AdmFsb24uY29tIiwiZW1haWxfdmVyaWZpZWQiOnRydWUsImF0X2hhc2giOiJDdDhCbXE4eUNGTldXOXJ0UTRFbFVBIiwiaWF0IjoxNzM4OTQxNjE2LCJleHAiOjE3Mzg5NDUyMTZ9.EKlzr8dq1vEqMQh53cSXMhCNrFMkMSaHqzR-6EYsVVeualFN_1Q2IamptntPsg7QBSjoAt4bwCz6Glm3RkQv5rf7qqR6j3fRjoReCkBi__LkUKAjr46Q8V3NIesaQsmhDV8qpykwwynNYcSNJ7d8uuu8Zl_n2-lKBSaK1_6UZFfayuIL02CSvj-dcFfFU4bLHoJJrc944i7nEePLXfdrv3_oNGrvxgoyNCLfsacioLKT5AriC_9UaERFRxfp0LePcoLI67rAjDY79u6bmtXlSDcPbbB6wY3JuWxCNaggb3FEtNJEl8-V6XUVF_ZZYzGIBv_wNJh-GacaYcWTuGwRLw",
    "token_expiry": "2025-02-07T16:20:15Z"
  },
  "sentinels": {
    "config_sentinel": "/Users/tamjid/.config/gcloud/config_sentinel"
  }
}
2025-02-07 10:20:16,628 INFO     ___FILE_ONLY___ 

