2025-02-07 12:57:35,866 DEBUG    root            Loaded Command Group: ['gcloud', 'config']
2025-02-07 12:57:35,868 DEBUG    root            Loaded Command Group: ['gcloud', 'config', 'config_helper']
2025-02-07 12:57:35,869 DEBUG    root            Running [gcloud.config.config-helper] with arguments: [--format: "json", --min-expiry: "3600"]
2025-02-07 12:57:35,876 DEBUG    google.auth.transport.requests Making request: POST https://oauth2.googleapis.com/token
2025-02-07 12:57:35,881 DEBUG    urllib3.connectionpool Starting new HTTPS connection (1): oauth2.googleapis.com:443
2025-02-07 12:57:36,044 DEBUG    urllib3.connectionpool https://oauth2.googleapis.com:443 "POST /token HTTP/1.1" 200 None
2025-02-07 12:57:36,049 DEBUG    root            Chosen display Format:default json
2025-02-07 12:57:36,049 INFO     root            Display format: "default json"
2025-02-07 12:57:36,067 INFO     ___FILE_ONLY___ {
  "configuration": {
    "active_configuration": "default",
    "properties": {
      "core": {
        "account": "tamjid.rahman@valon.com",
        "disable_prompts": "false",
        "disable_usage_reporting": "True",
        "project": "prod-peach-street"
      }
    }
  },
  "credential": {
    "access_token": "ya29.a0AXeO80SBO0HEh4PbzifzsWNlTlPCh143sGmNPM0UiILT9swjcdwILy6XWEApQCEumm5fWwGgiRxbxqZ5M60_2aQot3-V998noBUQ5HRImspzVa9O7eovipGhtsXwtaWCjZiMjtq-XH0Nkxwgiqan-8n2BdO5T_3-wr2SaUqJ-A-mXSoaCgYKAQQSARISFQHGX2MiRxLg1p17dd9VH8Flc5S19w0182",
    "id_token": "eyJhbGciOiJSUzI1NiIsImtpZCI6ImVlYzUzNGZhNWI4Y2FjYTIwMWNhOGQwZmY5NmI1NGM1NjIyMTBkMWUiLCJ0eXAiOiJKV1QifQ.eyJpc3MiOiJodHRwczovL2FjY291bnRzLmdvb2dsZS5jb20iLCJhenAiOiIzMjU1NTk0MDU1OS5hcHBzLmdvb2dsZXVzZXJjb250ZW50LmNvbSIsImF1ZCI6IjMyNTU1OTQwNTU5LmFwcHMuZ29vZ2xldXNlcmNvbnRlbnQuY29tIiwic3ViIjoiMTAwNjUyNDM4NTEyNzgzNjkzMzI5IiwiaGQiOiJ2YWxvbi5jb20iLCJlbWFpbCI6InRhbWppZC5yYWhtYW5AdmFsb24uY29tIiwiZW1haWxfdmVyaWZpZWQiOnRydWUsImF0X2hhc2giOiJVaG9ZQ3h1Q0dVcXdvdC15Yk1EMGdBIiwiaWF0IjoxNzM4OTUxMDU2LCJleHAiOjE3Mzg5NTQ2NTZ9.uGh1DoLj3FFPNH0SBGxFUjVqrrLbyywpSFj00GbbjAfjf6sQzBYNupPgac68q7dLXkUWjpifiWSICLP_aEq41JljHKcvmhD-JHLqR-EBqy2FO2HHBXFxPXDPdMyTmdrnbgxEt1_KgW8uEY_WlUYPg7SUGBzbNLiw1aLrTYx7VXDahgPBRSl1sjhMdQWDp5A--6vU2Kt6seA6u87UlFpf_N6nZH8KmC4j4-Lx7KMeYcTAQ97HD7SFXpzPaL03VwveXWbQwspfUwdZP6p3Lv_HTLo3QzTcVTKxDegGVxz6T1DvvJE_pjxW0Y4SLpMYFf6yhTaRUOAhw9xV3drfgZMzRw",
    "token_expiry": "2025-02-07T18:57:35Z"
  },
  "sentinels": {
    "config_sentinel": "/Users/tamjid/.config/gcloud/config_sentinel"
  }
}
2025-02-07 12:57:36,067 INFO     ___FILE_ONLY___ 

