2025-02-07 12:58:59,788 DEBUG    root            Loaded Command Group: ['gcloud', 'config']
2025-02-07 12:58:59,789 DEBUG    root            Loaded Command Group: ['gcloud', 'config', 'config_helper']
2025-02-07 12:58:59,789 DEBUG    root            Running [gcloud.config.config-helper] with arguments: [--format: "json", --min-expiry: "3600"]
2025-02-07 12:58:59,795 DEBUG    google.auth.transport.requests Making request: POST https://oauth2.googleapis.com/token
2025-02-07 12:58:59,800 DEBUG    urllib3.connectionpool Starting new HTTPS connection (1): oauth2.googleapis.com:443
2025-02-07 12:58:59,975 DEBUG    urllib3.connectionpool https://oauth2.googleapis.com:443 "POST /token HTTP/1.1" 200 None
2025-02-07 12:58:59,979 DEBUG    root            Chosen display Format:default json
2025-02-07 12:58:59,979 INFO     root            Display format: "default json"
2025-02-07 12:58:59,999 INFO     ___FILE_ONLY___ {
  "configuration": {
    "active_configuration": "default",
    "properties": {
      "core": {
        "account": "tamjid.rahman@valon.com",
        "disable_prompts": "false",
        "disable_usage_reporting": "True",
        "project": "prod-peach-street"
      }
    }
  },
  "credential": {
    "access_token": "ya29.a0AXeO80RSiBeQrMe5Ida29qKXd6bGg3OEH_Xq9i_cAIuNjG8t0zCSMgbtt9ydkPK5jc4WrLbe9dRFexIxuO-Wff71BSL9npeLj0NX-aEf3w1sFXLn6TkKXMUs8Rm9EfWv96ucOqpuR_rIyWlEn2fLTqNBh6XUNPpbaxxdgxBHlVt_Z-UaCgYKAQgSARISFQHGX2MiRA0iHNLJ3Nj5Iip1Bhdwmw0182",
    "id_token": "eyJhbGciOiJSUzI1NiIsImtpZCI6ImVlYzUzNGZhNWI4Y2FjYTIwMWNhOGQwZmY5NmI1NGM1NjIyMTBkMWUiLCJ0eXAiOiJKV1QifQ.eyJpc3MiOiJodHRwczovL2FjY291bnRzLmdvb2dsZS5jb20iLCJhenAiOiIzMjU1NTk0MDU1OS5hcHBzLmdvb2dsZXVzZXJjb250ZW50LmNvbSIsImF1ZCI6IjMyNTU1OTQwNTU5LmFwcHMuZ29vZ2xldXNlcmNvbnRlbnQuY29tIiwic3ViIjoiMTAwNjUyNDM4NTEyNzgzNjkzMzI5IiwiaGQiOiJ2YWxvbi5jb20iLCJlbWFpbCI6InRhbWppZC5yYWhtYW5AdmFsb24uY29tIiwiZW1haWxfdmVyaWZpZWQiOnRydWUsImF0X2hhc2giOiJMUkFISFhWS2FZbWtmM1Fubzctb0hnIiwiaWF0IjoxNzM4OTUxMTQwLCJleHAiOjE3Mzg5NTQ3NDB9.RlOTZUwN2eKmpVxJUAyFzyWxntblYeCgXKOsPxQXn1vgnjPf-X4BX89ir8LLbbhVVdwgeWmXiFTq6G39LcFJIyPEM51H3DRWAcBD3WH_HCsz-l9nJqy9RF3LGn6wEks51tciM4sfjFfTILDO73dcs61Y1RgwpVX5_dqoR5-RJ0V4K5-emVisjK0qn9a4904KFwXsZDs86FTPQWc5ezZptlPkPHosC1N3JjGwH0b94R2z4Z2mGMACekmQgREmr6HKkeNmTMlhLcrK3ABgEW-VRUbkjWXWQhHox2thVnJSmtLVngsqCC2QBljjWFd1nhPpIQ-KVV1p8pIwRpdzPnmDaw",
    "token_expiry": "2025-02-07T18:58:58Z"
  },
  "sentinels": {
    "config_sentinel": "/Users/tamjid/.config/gcloud/config_sentinel"
  }
}
2025-02-07 12:58:59,999 INFO     ___FILE_ONLY___ 

