2025-02-07 13:13:35,249 DEBUG    root            Loaded Command Group: ['gcloud', 'config']
2025-02-07 13:13:35,251 DEBUG    root            Loaded Command Group: ['gcloud', 'config', 'config_helper']
2025-02-07 13:13:35,251 DEBUG    root            Running [gcloud.config.config-helper] with arguments: [--format: "json"]
2025-02-07 13:13:35,255 DEBUG    root            Chosen display Format:default json
2025-02-07 13:13:35,255 INFO     root            Display format: "default json"
2025-02-07 13:13:35,267 INFO     ___FILE_ONLY___ {
  "configuration": {
    "active_configuration": "default",
    "properties": {
      "core": {
        "account": "tamjid.rahman@valon.com",
        "disable_prompts": "false",
        "disable_usage_reporting": "True",
        "project": "prod-peach-street"
      }
    }
  },
  "credential": {
    "access_token": "ya29.a0AXeO80TTcjbeqt3s01XRYbKlA1nH0ZFt2oivjl3mODK8QfTr8KIe7uDjB6KMrX_YZIUAataJNs9Bh2fEVfHrBoS5h1thv74eOn8jtoun0DpjTFGrS45EjKlXhz9KuvV_qTiMfJYO6yvrblec5ktyiN6TgIySxfE37en7PEPK30uMpsUaCgYKAbkSARISFQHGX2MiPpbqrXXQkTZb23jFt3m0fg0182",
    "id_token": "eyJhbGciOiJSUzI1NiIsImtpZCI6ImVlYzUzNGZhNWI4Y2FjYTIwMWNhOGQwZmY5NmI1NGM1NjIyMTBkMWUiLCJ0eXAiOiJKV1QifQ.eyJpc3MiOiJodHRwczovL2FjY291bnRzLmdvb2dsZS5jb20iLCJhenAiOiIzMjU1NTk0MDU1OS5hcHBzLmdvb2dsZXVzZXJjb250ZW50LmNvbSIsImF1ZCI6IjMyNTU1OTQwNTU5LmFwcHMuZ29vZ2xldXNlcmNvbnRlbnQuY29tIiwic3ViIjoiMTAwNjUyNDM4NTEyNzgzNjkzMzI5IiwiaGQiOiJ2YWxvbi5jb20iLCJlbWFpbCI6InRhbWppZC5yYWhtYW5AdmFsb24uY29tIiwiZW1haWxfdmVyaWZpZWQiOnRydWUsImF0X2hhc2giOiIxYkxxYkRYSjRTcEdIRDBPUF9qNGZ3IiwiaWF0IjoxNzM4OTUxNjM2LCJleHAiOjE3Mzg5NTUyMzZ9.tNxWmNOgtK0AbdeMnK2TI0CPCEHZSBC0zzQJf7gyBfmUojP-tB25_KD7gVifJEJurKNLgdzsIli6xOXeyTBeBzGjwgYAh7lSxS8gPZkMzakatEMBB4ANNe25jouTmoFRJieDEr4s5q2Sfz3ZhOJXWwtjsrFLOvaLk07JIDSIhL9Ed-xA0d5C2Uah13nOLDt-Ib-jDN8q0pLIi_dVYeW1CSYg1dSwpSUcJ4n-YIlwLQb8brd1N3wuRSqK7qVpaxc7iWY4x_DU1BOUwYUqVu7KSwiwlpcu50hgth9wRK2KQj05qvfNiV2drIxQrLvHjM326j-40ZlR_Tryx4OibnlYiw",
    "token_expiry": "2025-02-07T19:07:15Z"
  },
  "sentinels": {
    "config_sentinel": "/Users/tamjid/.config/gcloud/config_sentinel"
  }
}
2025-02-07 13:13:35,267 INFO     ___FILE_ONLY___ 

