2025-02-07 14:11:36,120 DEBUG    root            Loaded Command Group: ['gcloud', 'config']
2025-02-07 14:11:36,121 DEBUG    root            Loaded Command Group: ['gcloud', 'config', 'config_helper']
2025-02-07 14:11:36,122 DEBUG    root            Running [gcloud.config.config-helper] with arguments: [--format: "json"]
2025-02-07 14:11:36,126 DEBUG    root            Chosen display Format:default json
2025-02-07 14:11:36,126 INFO     root            Display format: "default json"
2025-02-07 14:11:36,140 INFO     ___FILE_ONLY___ {
  "configuration": {
    "active_configuration": "default",
    "properties": {
      "core": {
        "account": "tamjid.rahman@valon.com",
        "disable_prompts": "false",
        "disable_usage_reporting": "True",
        "project": "prod-peach-street"
      }
    }
  },
  "credential": {
    "access_token": "ya29.a0AXeO80S1X3teKwgE6SPH_mJry-8rjSiKptQEGJ5O-IWk35ZNXRA1vSUSPJIDwOGLeU0j8GjLlQ3mtIWf6k2MqQaFfU0wHVVPaRQPObPzL-J4x-V8RrCRHCwU-wt3rGT6uFnn01xYOy3hloXVpnmJcP081LeG4pZLo9T5O9my7opN0gkaCgYKASQSARISFQHGX2MiA2LAIOj48_n9-L7x064Z0A0182",
    "id_token": "eyJhbGciOiJSUzI1NiIsImtpZCI6ImVlYzUzNGZhNWI4Y2FjYTIwMWNhOGQwZmY5NmI1NGM1NjIyMTBkMWUiLCJ0eXAiOiJKV1QifQ.eyJpc3MiOiJodHRwczovL2FjY291bnRzLmdvb2dsZS5jb20iLCJhenAiOiIzMjU1NTk0MDU1OS5hcHBzLmdvb2dsZXVzZXJjb250ZW50LmNvbSIsImF1ZCI6IjMyNTU1OTQwNTU5LmFwcHMuZ29vZ2xldXNlcmNvbnRlbnQuY29tIiwic3ViIjoiMTAwNjUyNDM4NTEyNzgzNjkzMzI5IiwiaGQiOiJ2YWxvbi5jb20iLCJlbWFpbCI6InRhbWppZC5yYWhtYW5AdmFsb24uY29tIiwiZW1haWxfdmVyaWZpZWQiOnRydWUsImF0X2hhc2giOiI4WGh4TEVNV3Z3d2s0clY1RDZ0MEtRIiwiaWF0IjoxNzM4OTU1MjgzLCJleHAiOjE3Mzg5NTg4ODN9.L6cQ7hIG4nGiui6Zi6y1mChjCJmdxc83vzDqGfNypt0VNJqN6Qto_gED0cZyvSOpefEj78quZkCZjZV2XRAQD7ZfDXWFk2UxTKi0bcFgOEpv3qwnDCqHuX1zs0qK4RBHnRP2MCnRhDGX8XU0BMFwv2CBQ3XvdNkWgXrOXZ8EnotI_jbCpTU-0zUcWBpmGAEFfmslXnNBI0tAS7XlRdeTOJWPgDZ51yL7cITsgfeCppTHvuKPx5l7ZdoBjVEN2CzjUceGCp-Q_UNuscPUFvPDYYsxQayEZrBgbIlMMEGtVkxVGUFdpAQ9QxgUX5siXN8CYPQjyc75DXKUbQCiJcPkZg",
    "token_expiry": "2025-02-07T20:08:02Z"
  },
  "sentinels": {
    "config_sentinel": "/Users/tamjid/.config/gcloud/config_sentinel"
  }
}
2025-02-07 14:11:36,140 INFO     ___FILE_ONLY___ 

