2025-02-07 15:08:48,363 DEBUG    root            Loaded Command Group: ['gcloud', 'config']
2025-02-07 15:08:48,365 DEBUG    root            Loaded Command Group: ['gcloud', 'config', 'config_helper']
2025-02-07 15:08:48,366 DEBUG    root            Running [gcloud.config.config-helper] with arguments: [--format: "json"]
2025-02-07 15:08:48,371 DEBUG    root            Chosen display Format:default json
2025-02-07 15:08:48,371 INFO     root            Display format: "default json"
2025-02-07 15:08:48,386 INFO     ___FILE_ONLY___ {
  "configuration": {
    "active_configuration": "default",
    "properties": {
      "core": {
        "account": "tamjid.rahman@valon.com",
        "disable_prompts": "false",
        "disable_usage_reporting": "True",
        "project": "prod-peach-street"
      }
    }
  },
  "credential": {
    "access_token": "ya29.a0AXeO80TmfQpAZ5IJGvKlF0nUOdRi6T7ZDFTArIl-W0CF3K3sN_MSDsTE4Q0e9nWnz992c57OC_ngXgc8Tm2HtgbBbgAB7aB6Bd-C5NsrNgl-D7eSVEdGu8UgijTSIgw1hCtkVJK7uW5QKAwdYVRFvjzqiYrU7pTDUifLUORCjq0OvscaCgYKAdgSARISFQHGX2Mis5RDHS2J-wyPXJtI7OizRQ0182",
    "id_token": "eyJhbGciOiJSUzI1NiIsImtpZCI6ImVlYzUzNGZhNWI4Y2FjYTIwMWNhOGQwZmY5NmI1NGM1NjIyMTBkMWUiLCJ0eXAiOiJKV1QifQ.eyJpc3MiOiJodHRwczovL2FjY291bnRzLmdvb2dsZS5jb20iLCJhenAiOiIzMjU1NTk0MDU1OS5hcHBzLmdvb2dsZXVzZXJjb250ZW50LmNvbSIsImF1ZCI6IjMyNTU1OTQwNTU5LmFwcHMuZ29vZ2xldXNlcmNvbnRlbnQuY29tIiwic3ViIjoiMTAwNjUyNDM4NTEyNzgzNjkzMzI5IiwiaGQiOiJ2YWxvbi5jb20iLCJlbWFpbCI6InRhbWppZC5yYWhtYW5AdmFsb24uY29tIiwiZW1haWxfdmVyaWZpZWQiOnRydWUsImF0X2hhc2giOiJaekhUUjJZUDFwUXZhWVNkQzhoRHZnIiwiaWF0IjoxNzM4OTU4NjE1LCJleHAiOjE3Mzg5NjIyMTV9.gREPMqk7JBTOaqEVVC7oLPFSwG3ZD33K9gCpIiGa-E-gk2mPQD7QkaekL4Ktj4Kw0765D3Gx18jr4pXbu3eM3eTpCu70bvKOD3JxwwUSoLdk3mAkYZOTKN17QRCDW8-esqAC6Bl1pUszkyn54525gTQqsNmmBX_AeycNWKuOYlwEFATZVLPN_o2s80jZuRaGzeV-nOMHrlYc9Fi4PSEOQn-1E1RylSlV7tczkz5B3kQPqEifGcqKAoZaNQONKXT6uGKXInSS2zstNq1nFHWd0bazcrnERhaAUpWVdiXbkLvHN-D7kJkb5XI8Gw4l9siVr9lt7T4U6z-lRsd_VMfD_w",
    "token_expiry": "2025-02-07T21:03:34Z"
  },
  "sentinels": {
    "config_sentinel": "/Users/tamjid/.config/gcloud/config_sentinel"
  }
}
2025-02-07 15:08:48,386 INFO     ___FILE_ONLY___ 

