2025-02-07 15:54:04,924 DEBUG    root            Loaded Command Group: ['gcloud', 'auth']
2025-02-07 15:54:04,924 DEBUG    root            Loaded Command Group: ['gcloud', 'auth', 'application_default']
2025-02-07 15:54:04,931 DEBUG    root            Loaded Command Group: ['gcloud', 'auth', 'application-default', 'login']
2025-02-07 15:54:04,932 DEBUG    root            Running [gcloud.auth.application-default.login] with arguments: []
2025-02-07 15:54:04,950 DEBUG    requests_oauthlib.oauth2_session Generated new state 4DSq9WRnWAJCPiF2HviZRmJ1ublkdI.
2025-02-07 15:54:05,056 INFO     ___FILE_ONLY___ Your browser has been opened to visit:

    https://accounts.google.com/o/oauth2/auth?response_type=code&client_id=764086051850-6qr4p6gpi6hn506pt8ejuq83di341hur.apps.googleusercontent.com&redirect_uri=http%3A%2F%2Flocalhost%3A8085%2F&scope=openid+https%3A%2F%2Fwww.googleapis.com%2Fauth%2Fuserinfo.email+https%3A%2F%2Fwww.googleapis.com%2Fauth%2Fcloud-platform+https%3A%2F%2Fwww.googleapis.com%2Fauth%2Fsqlservice.login&state=4DSq9WRnWAJCPiF2HviZRmJ1ublkdI&access_type=offline&code_challenge=Px38aYC5QyVCmQ0PvosLcnvaOKQxpqguqE5KnQXYUd0&code_challenge_method=S256


2025-02-07 15:54:23,910 INFO     google_auth_oauthlib.flow "GET /?state=4DSq9WRnWAJCPiF2HviZRmJ1ublkdI&code=4/0ASVgi3J9VKduR17I197iZDB46pOJpqkV3aRaT-xLD72opvIL70aZY7Gi7066v_j-gusXcA&scope=email%20openid%20https://www.googleapis.com/auth/userinfo.email%20https://www.googleapis.com/auth/cloud-platform%20https://www.googleapis.com/auth/sqlservice.login&authuser=0&hd=valon.com&prompt=consent HTTP/1.1" 200 959
2025-02-07 15:54:23,911 DEBUG    requests_oauthlib.oauth2_session Requesting url https://oauth2.googleapis.com/token using method POST.
2025-02-07 15:54:23,911 DEBUG    requests_oauthlib.oauth2_session Supplying headers {b'Accept': b'application/json', b'Content-Type': b'application/x-www-form-urlencoded;charset=UTF-8', b'user-agent': b'google-cloud-sdk gcloud/475.0.0 command/gcloud.auth.application-default.login invocation-id/eebd726aea294f1d9bacbaebd115b9ae environment/None environment-version/None client-os/MACOSX client-os-ver/24.2.0 client-pltf-arch/arm interactive/False from-script/False python/3.11.6 term/screen-256color (Macintosh; Intel Mac OS X 24.2.0)'} and data {'grant_type': 'authorization_code', 'client_id': '764086051850-6qr4p6gpi6hn506pt8ejuq83di341hur.apps.googleusercontent.com', 'client_secret': 'd-FL95Q19q7MQmFpd7hHD0Ty', 'code': '4/0ASVgi3J9VKduR17I197iZDB46pOJpqkV3aRaT-xLD72opvIL70aZY7Gi7066v_j-gusXcA', 'redirect_uri': 'http://localhost:8085/', 'code_verifier': 'FL8f.ftcI~LKpfLpD0mBEIDmj9X9yPB17C5MnrxYeCgbh_H3hLmiFmIw1cee8srSMOjItWOjUpeO9oUp0OuC1VJiFX5sxt6vYK.NabpCwgLcVSRPRgP8DUYLxRvmFOrn'}
2025-02-07 15:54:23,911 DEBUG    requests_oauthlib.oauth2_session Passing through key word arguments {'json': None, 'timeout': None, 'auth': None, 'verify': None, 'proxies': None}.
2025-02-07 15:54:23,918 DEBUG    urllib3.connectionpool Starting new HTTPS connection (1): oauth2.googleapis.com:443
2025-02-07 15:54:24,138 DEBUG    urllib3.connectionpool https://oauth2.googleapis.com:443 "POST /token HTTP/1.1" 200 None
2025-02-07 15:54:24,140 DEBUG    requests_oauthlib.oauth2_session Prepared fetch token request body grant_type=authorization_code&client_id=764086051850-6qr4p6gpi6hn506pt8ejuq83di341hur.apps.googleusercontent.com&client_secret=d-FL95Q19q7MQmFpd7hHD0Ty&code=4%2F0ASVgi3J9VKduR17I197iZDB46pOJpqkV3aRaT-xLD72opvIL70aZY7Gi7066v_j-gusXcA&redirect_uri=http%3A%2F%2Flocalhost%3A8085%2F&code_verifier=FL8f.ftcI~LKpfLpD0mBEIDmj9X9yPB17C5MnrxYeCgbh_H3hLmiFmIw1cee8srSMOjItWOjUpeO9oUp0OuC1VJiFX5sxt6vYK.NabpCwgLcVSRPRgP8DUYLxRvmFOrn
2025-02-07 15:54:24,141 DEBUG    requests_oauthlib.oauth2_session Request to fetch token completed with status 200.
2025-02-07 15:54:24,141 DEBUG    requests_oauthlib.oauth2_session Request headers were {'user-agent': b'google-cloud-sdk gcloud/475.0.0 command/gcloud.auth.application-default.login invocation-id/eebd726aea294f1d9bacbaebd115b9ae environment/None environment-version/None client-os/MACOSX client-os-ver/24.2.0 client-pltf-arch/arm interactive/False from-script/False python/3.11.6 term/screen-256color (Macintosh; Intel Mac OS X 24.2.0)', 'Accept-Encoding': 'gzip, deflate', 'Accept': b'application/json', 'Connection': 'keep-alive', 'Content-Type': b'application/x-www-form-urlencoded;charset=UTF-8', 'Content-Length': '421'}
2025-02-07 15:54:24,142 DEBUG    requests_oauthlib.oauth2_session Request body was grant_type=authorization_code&client_id=764086051850-6qr4p6gpi6hn506pt8ejuq83di341hur.apps.googleusercontent.com&client_secret=d-FL95Q19q7MQmFpd7hHD0Ty&code=4%2F0ASVgi3J9VKduR17I197iZDB46pOJpqkV3aRaT-xLD72opvIL70aZY7Gi7066v_j-gusXcA&redirect_uri=http%3A%2F%2Flocalhost%3A8085%2F&code_verifier=FL8f.ftcI~LKpfLpD0mBEIDmj9X9yPB17C5MnrxYeCgbh_H3hLmiFmIw1cee8srSMOjItWOjUpeO9oUp0OuC1VJiFX5sxt6vYK.NabpCwgLcVSRPRgP8DUYLxRvmFOrn
2025-02-07 15:54:24,142 DEBUG    requests_oauthlib.oauth2_session Response headers were {'Cache-Control': 'no-cache, no-store, max-age=0, must-revalidate', 'Pragma': 'no-cache', 'Date': 'Fri, 07 Feb 2025 20:54:24 GMT', 'Expires': 'Mon, 01 Jan 1990 00:00:00 GMT', 'Content-Type': 'application/json; charset=utf-8', 'Vary': 'Origin, X-Origin, Referer', 'Content-Encoding': 'gzip', 'Server': 'scaffolding on HTTPServer2', 'X-XSS-Protection': '0', 'X-Frame-Options': 'SAMEORIGIN', 'X-Content-Type-Options': 'nosniff', 'Alt-Svc': 'h3=":443"; ma=2592000,h3-29=":443"; ma=2592000', 'Transfer-Encoding': 'chunked'} and content {
  "access_token": "ya29.a0AXeO80Sn-FAkL51fGrtGYSYumhCTwdXSIH1douKawH97pbgAbqb7MJfn89dt4xmjVd7mCKispYZr0_Z-6S9x_mG1u70BfUc5-pDoQskLoKfAePVywsqfJdefnXbJOiA3jLN6VCi5uIBtwl1SYjVil0Kd0qa7IfsDRe0bcCm3aCgYKAYcSARISFQHGX2MiPXmMWtZQF9rrCtg5nh8NfQ0175",
  "expires_in": 3599,
  "refresh_token": "1//01V3Xs5EfLJnHCgYIARAAGAESNwF-L9Ir3fQhJCZrSCxNnZ_J2wd079zJ2oA9t42_2RpPfEnpL_FcDcn28A8GYZUcLNepEXZ1XoU",
  "scope": "https://www.googleapis.com/auth/sqlservice.login https://www.googleapis.com/auth/userinfo.email openid https://www.googleapis.com/auth/cloud-platform",
  "token_type": "Bearer",
  "id_token": "eyJhbGciOiJSUzI1NiIsImtpZCI6ImVlYzUzNGZhNWI4Y2FjYTIwMWNhOGQwZmY5NmI1NGM1NjIyMTBkMWUiLCJ0eXAiOiJKV1QifQ.eyJpc3MiOiJodHRwczovL2FjY291bnRzLmdvb2dsZS5jb20iLCJhenAiOiI3NjQwODYwNTE4NTAtNnFyNHA2Z3BpNmhuNTA2cHQ4ZWp1cTgzZGkzNDFodXIuYXBwcy5nb29nbGV1c2VyY29udGVudC5jb20iLCJhdWQiOiI3NjQwODYwNTE4NTAtNnFyNHA2Z3BpNmhuNTA2cHQ4ZWp1cTgzZGkzNDFodXIuYXBwcy5nb29nbGV1c2VyY29udGVudC5jb20iLCJzdWIiOiIxMDA2NTI0Mzg1MTI3ODM2OTMzMjkiLCJoZCI6InZhbG9uLmNvbSIsImVtYWlsIjoidGFtamlkLnJhaG1hbkB2YWxvbi5jb20iLCJlbWFpbF92ZXJpZmllZCI6dHJ1ZSwiYXRfaGFzaCI6IndxUmFkeENvNnlwYS1tNnZfTXpwQ3ciLCJpYXQiOjE3Mzg5NjE2NjQsImV4cCI6MTczODk2NTI2NH0.QXvbc_yO99njCTIDD41Uaemev4MT3Rp7vjGVGODoEsS7-PpKCL0VRpkTtGGl155ucmzDIN37XKaJDImxYZMiFHqy93JVoU7ENU5M1GHmDhv72p4kHbj2PxVA2ZrPVGxgrLaqV3d3jXSl0nVt63vVlOiHcHXcZMqUJsPuSWLgUtouMiUZU-uhJnncpJ6vq3ZnLsLXLHHknvNIhcX_j5wloU6EYgccMwZk1cMXVRH1nNqJbkijnS3SYP9_mYff_Vvz1eQxZwANFyChNkb3O3VDwT3HzLuOtkYq3UHERNwDy7P-VhgavrG-gw773GvYGVJvmC7F5PiuVOHw72jX6J6gnQ"
}.
2025-02-07 15:54:24,142 DEBUG    requests_oauthlib.oauth2_session Invoking 0 token response hooks.
2025-02-07 15:54:24,142 DEBUG    requests_oauthlib.oauth2_session Obtained token {'access_token': 'ya29.a0AXeO80Sn-FAkL51fGrtGYSYumhCTwdXSIH1douKawH97pbgAbqb7MJfn89dt4xmjVd7mCKispYZr0_Z-6S9x_mG1u70BfUc5-pDoQskLoKfAePVywsqfJdefnXbJOiA3jLN6VCi5uIBtwl1SYjVil0Kd0qa7IfsDRe0bcCm3aCgYKAYcSARISFQHGX2MiPXmMWtZQF9rrCtg5nh8NfQ0175', 'expires_in': 3599, 'refresh_token': '1//01V3Xs5EfLJnHCgYIARAAGAESNwF-L9Ir3fQhJCZrSCxNnZ_J2wd079zJ2oA9t42_2RpPfEnpL_FcDcn28A8GYZUcLNepEXZ1XoU', 'scope': ['https://www.googleapis.com/auth/sqlservice.login', 'https://www.googleapis.com/auth/userinfo.email', 'openid', 'https://www.googleapis.com/auth/cloud-platform'], 'token_type': 'Bearer', 'id_token': 'eyJhbGciOiJSUzI1NiIsImtpZCI6ImVlYzUzNGZhNWI4Y2FjYTIwMWNhOGQwZmY5NmI1NGM1NjIyMTBkMWUiLCJ0eXAiOiJKV1QifQ.eyJpc3MiOiJodHRwczovL2FjY291bnRzLmdvb2dsZS5jb20iLCJhenAiOiI3NjQwODYwNTE4NTAtNnFyNHA2Z3BpNmhuNTA2cHQ4ZWp1cTgzZGkzNDFodXIuYXBwcy5nb29nbGV1c2VyY29udGVudC5jb20iLCJhdWQiOiI3NjQwODYwNTE4NTAtNnFyNHA2Z3BpNmhuNTA2cHQ4ZWp1cTgzZGkzNDFodXIuYXBwcy5nb29nbGV1c2VyY29udGVudC5jb20iLCJzdWIiOiIxMDA2NTI0Mzg1MTI3ODM2OTMzMjkiLCJoZCI6InZhbG9uLmNvbSIsImVtYWlsIjoidGFtamlkLnJhaG1hbkB2YWxvbi5jb20iLCJlbWFpbF92ZXJpZmllZCI6dHJ1ZSwiYXRfaGFzaCI6IndxUmFkeENvNnlwYS1tNnZfTXpwQ3ciLCJpYXQiOjE3Mzg5NjE2NjQsImV4cCI6MTczODk2NTI2NH0.QXvbc_yO99njCTIDD41Uaemev4MT3Rp7vjGVGODoEsS7-PpKCL0VRpkTtGGl155ucmzDIN37XKaJDImxYZMiFHqy93JVoU7ENU5M1GHmDhv72p4kHbj2PxVA2ZrPVGxgrLaqV3d3jXSl0nVt63vVlOiHcHXcZMqUJsPuSWLgUtouMiUZU-uhJnncpJ6vq3ZnLsLXLHHknvNIhcX_j5wloU6EYgccMwZk1cMXVRH1nNqJbkijnS3SYP9_mYff_Vvz1eQxZwANFyChNkb3O3VDwT3HzLuOtkYq3UHERNwDy7P-VhgavrG-gw773GvYGVJvmC7F5PiuVOHw72jX6J6gnQ', 'expires_at': 1738965263.142525}.
2025-02-07 15:54:24,149 INFO     ___FILE_ONLY___ 
Credentials saved to file: [/Users/tamjid/.config/gcloud/application_default_credentials.json]

2025-02-07 15:54:24,149 INFO     ___FILE_ONLY___ 
These credentials will be used by any library that requests Application Default Credentials (ADC).

2025-02-07 15:54:24,158 INFO     root            Using alternate credentials from file: [/Users/tamjid/.config/gcloud/application_default_credentials.json]
2025-02-07 15:54:24,165 DEBUG    google.auth.transport.requests Making request: POST https://oauth2.googleapis.com/token
2025-02-07 15:54:24,169 DEBUG    urllib3.connectionpool Starting new HTTPS connection (1): oauth2.googleapis.com:443
2025-02-07 15:54:24,360 DEBUG    urllib3.connectionpool https://oauth2.googleapis.com:443 "POST /token HTTP/1.1" 200 None
2025-02-07 15:54:24,369 INFO     root            Using alternate credentials from file: [/Users/tamjid/.config/gcloud/application_default_credentials.json]
2025-02-07 15:54:24,391 DEBUG    urllib3.connectionpool Starting new HTTPS connection (1): cloudresourcemanager.googleapis.com:443
2025-02-07 15:54:24,825 DEBUG    urllib3.connectionpool https://cloudresourcemanager.googleapis.com:443 "POST /v1/projects/prod-peach-street:testIamPermissions?alt=json HTTP/1.1" 200 None
2025-02-07 15:54:24,830 WARNING  root            
Cannot add the project "prod-peach-street" to ADC as the quota project because the account in ADC does not have the "serviceusage.services.use" permission on this project. You might receive a "quota_exceeded" or "API not enabled" error. Run $ gcloud auth application-default set-quota-project to add a quota project.
2025-02-07 15:54:24,830 DEBUG    root            Chosen display Format:none
2025-02-07 15:54:24,831 INFO     root            Display format: "none"
