2025-02-07 16:10:14,065 DEBUG    root            Loaded Command Group: ['gcloud', 'config']
2025-02-07 16:10:14,067 DEBUG    root            Loaded Command Group: ['gcloud', 'config', 'config_helper']
2025-02-07 16:10:14,068 DEBUG    root            Running [gcloud.config.config-helper] with arguments: [--format: "json"]
2025-02-07 16:10:14,072 DEBUG    root            Chosen display Format:default json
2025-02-07 16:10:14,072 INFO     root            Display format: "default json"
2025-02-07 16:10:14,084 INFO     ___FILE_ONLY___ {
  "configuration": {
    "active_configuration": "default",
    "properties": {
      "core": {
        "account": "tamjid.rahman@valon.com",
        "disable_prompts": "false",
        "disable_usage_reporting": "True",
        "project": "prod-peach-street"
      }
    }
  },
  "credential": {
    "access_token": "ya29.a0AXeO80SzS1I2GEyx0mqFZTVOI1pfZZKoEcbuV6025Jdyr9W4nTme3sv-4ygOUZ0c9NGT8-cdR1FHE5lcPOqIkZnvbyUyNXKETLcnVL5re0Gebj5_50DA9U96TYSXhMc_Zn5ecYBy34DF1A3DvS4VRpHe2GVoCR03-Pcn68Yse0X5MFsaCgYKAbwSARISFQHGX2MiS6Nn-_XWtQ1d3HTfSJK5Uw0182",
    "id_token": "eyJhbGciOiJSUzI1NiIsImtpZCI6ImVlYzUzNGZhNWI4Y2FjYTIwMWNhOGQwZmY5NmI1NGM1NjIyMTBkMWUiLCJ0eXAiOiJKV1QifQ.eyJpc3MiOiJodHRwczovL2FjY291bnRzLmdvb2dsZS5jb20iLCJhenAiOiIzMjU1NTk0MDU1OS5hcHBzLmdvb2dsZXVzZXJjb250ZW50LmNvbSIsImF1ZCI6IjMyNTU1OTQwNTU5LmFwcHMuZ29vZ2xldXNlcmNvbnRlbnQuY29tIiwic3ViIjoiMTAwNjUyNDM4NTEyNzgzNjkzMzI5IiwiaGQiOiJ2YWxvbi5jb20iLCJlbWFpbCI6InRhbWppZC5yYWhtYW5AdmFsb24uY29tIiwiZW1haWxfdmVyaWZpZWQiOnRydWUsImF0X2hhc2giOiJjMDFpckROVE5RQTU3aHdsbld1NFlnIiwiaWF0IjoxNzM4OTYyNDUwLCJleHAiOjE3Mzg5NjYwNTB9.KCdp7xBfMCuGzG3iLZltJnWWPI-eyLZFeIWx2V4vQjxXYSKvKKu7p63JkH6j3nvkO-cfVAYUkjFOaMRbobmrz6mvQN9AgddqZiwsrv3DZ6MGOMB4mJnsBBSJMdgByfR-M5R-KQIzVOtuAVoOFy7zVS-KGNQNc-g_jnWO8OE_fv88JHMYExxmoH0rQXC-aH11wt9FY0a2SQznI5PLa01TZCUBEJQbR0JmXDXC7kWfaOD-r-GY7ccG5E2IB_Z2IRueF_Cwg4eMVf3DFbu6ztiqnwTKeNMv6L-OitrmYZEyhopV5tTWkIOz0_MhvWSBpbJplE5MD-qNxN1l-VddFtQecQ",
    "token_expiry": "2025-02-07T21:23:32Z"
  },
  "sentinels": {
    "config_sentinel": "/Users/tamjid/.config/gcloud/config_sentinel"
  }
}
2025-02-07 16:10:14,085 INFO     ___FILE_ONLY___ 

