2025-02-07 19:19:38,010 DEBUG    root            Loaded Command Group: ['gcloud', 'config']
2025-02-07 19:19:38,011 DEBUG    root            Loaded Command Group: ['gcloud', 'config', 'config_helper']
2025-02-07 19:19:38,011 DEBUG    root            Running [gcloud.config.config-helper] with arguments: [--format: "json", --min-expiry: "3600"]
2025-02-07 19:19:38,017 DEBUG    google.auth.transport.requests Making request: POST https://oauth2.googleapis.com/token
2025-02-07 19:19:38,022 DEBUG    urllib3.connectionpool Starting new HTTPS connection (1): oauth2.googleapis.com:443
2025-02-07 19:19:38,185 DEBUG    urllib3.connectionpool https://oauth2.googleapis.com:443 "POST /token HTTP/1.1" 200 None
2025-02-07 19:19:38,189 DEBUG    root            Chosen display Format:default json
2025-02-07 19:19:38,190 INFO     root            Display format: "default json"
2025-02-07 19:19:38,206 INFO     ___FILE_ONLY___ {
  "configuration": {
    "active_configuration": "default",
    "properties": {
      "core": {
        "account": "tamjid.rahman@valon.com",
        "disable_prompts": "false",
        "disable_usage_reporting": "True",
        "project": "prod-peach-street"
      }
    }
  },
  "credential": {
    "access_token": "ya29.a0AXeO80Q7J3Ab9fcB25lEnUhHjkfIXDp7fG_WZpjij_T_KByYwfBs6N5qLT00l02tQeHCdaAkBs2BfjJSyT_jgAjyND2TbwmBzYiPHei0s57XT25Bo2fEYSvMW_artcrjFWFvtq0uTTba7x67ysHrwvaZE_h97AJOhOVxKrpVXcpB6AaCgYKAZISARISFQHGX2MiDyFx_7HayqzAJnzFCtmstg0181",
    "id_token": "eyJhbGciOiJSUzI1NiIsImtpZCI6ImVlYzUzNGZhNWI4Y2FjYTIwMWNhOGQwZmY5NmI1NGM1NjIyMTBkMWUiLCJ0eXAiOiJKV1QifQ.eyJpc3MiOiJodHRwczovL2FjY291bnRzLmdvb2dsZS5jb20iLCJhenAiOiIzMjU1NTk0MDU1OS5hcHBzLmdvb2dsZXVzZXJjb250ZW50LmNvbSIsImF1ZCI6IjMyNTU1OTQwNTU5LmFwcHMuZ29vZ2xldXNlcmNvbnRlbnQuY29tIiwic3ViIjoiMTAwNjUyNDM4NTEyNzgzNjkzMzI5IiwiaGQiOiJ2YWxvbi5jb20iLCJlbWFpbCI6InRhbWppZC5yYWhtYW5AdmFsb24uY29tIiwiZW1haWxfdmVyaWZpZWQiOnRydWUsImF0X2hhc2giOiJrS2ZlRmtJUlQzRVYxSVdETlZrUENBIiwiaWF0IjoxNzM4OTczOTc4LCJleHAiOjE3Mzg5Nzc1Nzh9.uLWKsZ7K_cnxbPOmYLhH4aIFCDMxjKoWtcY38lDbLe7LXSvkbU-3dtGZK-6-pmhozUyPc2nz3tKn6jdq30THEp9XcWAJsihrcD7swYvwhd003ry0Cb2ay6cOUiofoLQSvZjlKgRPVZkahUE4Oj5yHJiFLY74G5m5CyYVYF0Mfx-PwHc-5__4FIq1l5_xihx9_x3dJkxIuDovB7U6xom3iDbw7teqSRjEWAmq3ESmQ9Oren58BB_VAdXlJgjKVfktSkRQWhz_kfqj_OikfuRaqK64Vcs7azP2UnhSIYMFZCpilym1i3yfSb3UTeOcf0AO4RSMwmStqOJZEXyW2AXpJg",
    "token_expiry": "2025-02-08T01:19:37Z"
  },
  "sentinels": {
    "config_sentinel": "/Users/tamjid/.config/gcloud/config_sentinel"
  }
}
2025-02-07 19:19:38,206 INFO     ___FILE_ONLY___ 

