2025-02-07 19:19:35,801 DEBUG    root            Loaded Command Group: ['gcloud', 'config']
2025-02-07 19:19:35,801 DEBUG    root            Loaded Command Group: ['gcloud', 'config', 'config_helper']
2025-02-07 19:19:35,802 DEBUG    root            Running [gcloud.config.config-helper] with arguments: [--format: "json", --min-expiry: "3600"]
2025-02-07 19:19:35,807 DEBUG    google.auth.transport.requests Making request: POST https://oauth2.googleapis.com/token
2025-02-07 19:19:35,813 DEBUG    urllib3.connectionpool Starting new HTTPS connection (1): oauth2.googleapis.com:443
2025-02-07 19:19:35,988 DEBUG    urllib3.connectionpool https://oauth2.googleapis.com:443 "POST /token HTTP/1.1" 200 None
2025-02-07 19:19:35,993 DEBUG    root            Chosen display Format:default json
2025-02-07 19:19:35,993 INFO     root            Display format: "default json"
2025-02-07 19:19:36,014 INFO     ___FILE_ONLY___ {
  "configuration": {
    "active_configuration": "default",
    "properties": {
      "core": {
        "account": "tamjid.rahman@valon.com",
        "disable_prompts": "false",
        "disable_usage_reporting": "True",
        "project": "prod-peach-street"
      }
    }
  },
  "credential": {
    "access_token": "ya29.a0AXeO80TMeC7Bdz53Pm1vhiNMPaikQtSB_oyvp41vzAHRygjdLN7i6Jo82r2-dDPJNTl6Fumqkaa6pMJ6Zygtvf9bUXoakK0BOklOn8O3xfzJt26MgHI5v-3oPo7rvi3O7BqmtucmILLVh9sxAufWX7Qzu2AI9R9snrLuoaGMlNps9waCgYKAb4SARISFQHGX2Mi8FBbZVELDOty4KOFuUEutA0181",
    "id_token": "eyJhbGciOiJSUzI1NiIsImtpZCI6ImVlYzUzNGZhNWI4Y2FjYTIwMWNhOGQwZmY5NmI1NGM1NjIyMTBkMWUiLCJ0eXAiOiJKV1QifQ.eyJpc3MiOiJodHRwczovL2FjY291bnRzLmdvb2dsZS5jb20iLCJhenAiOiIzMjU1NTk0MDU1OS5hcHBzLmdvb2dsZXVzZXJjb250ZW50LmNvbSIsImF1ZCI6IjMyNTU1OTQwNTU5LmFwcHMuZ29vZ2xldXNlcmNvbnRlbnQuY29tIiwic3ViIjoiMTAwNjUyNDM4NTEyNzgzNjkzMzI5IiwiaGQiOiJ2YWxvbi5jb20iLCJlbWFpbCI6InRhbWppZC5yYWhtYW5AdmFsb24uY29tIiwiZW1haWxfdmVyaWZpZWQiOnRydWUsImF0X2hhc2giOiJpRElWTWFTWXg4QXc2V2s4RWc5TGpnIiwiaWF0IjoxNzM4OTczOTc1LCJleHAiOjE3Mzg5Nzc1NzV9.GGYdWn-3KA4UzAZOcdU7OxEvEqCKOqDeKPkNDjy6ImnkB_G4mE5Rqw3-8J4zFs_QF9uR1h6wGhZFxNrXsbunGUthUxi9d-jiuvr5e6eRn8zzwM1dFxRTssiBK7FeeaE-iH91RPv4rHZoDsQeEwHZbTBHCWbajQciUIg8WmLUrFe2YjMHVW_8ih6Y0zOaUuEC2D26yg8_sXdvP9n6a4Z3sfmFO2rgNWCjeBTuZdv76dL6yqvP2Ah4ppAK26CoJqtWb4Zz7m8xuga0iQq8FBo5gPU1MZ6KgTm-CYiiTSxC2Ysyb4P2gpNdCPXe9psVqf7yHNcNHlamXMPoWuMt7Ry06w",
    "token_expiry": "2025-02-08T01:19:34Z"
  },
  "sentinels": {
    "config_sentinel": "/Users/tamjid/.config/gcloud/config_sentinel"
  }
}
2025-02-07 19:19:36,014 INFO     ___FILE_ONLY___ 

