2025-02-07 19:19:22,367 DEBUG    root            Loaded Command Group: ['gcloud', 'auth']
2025-02-07 19:19:22,376 DEBUG    root            Loaded Command Group: ['gcloud', 'auth', 'login']
2025-02-07 19:19:22,377 DEBUG    root            Running [gcloud.auth.login] with arguments: []
2025-02-07 19:19:22,398 DEBUG    requests_oauthlib.oauth2_session Generated new state AFr9HAdSfb0FsO2hMm8xUlqUPERiKq.
2025-02-07 19:19:22,507 INFO     ___FILE_ONLY___ Your browser has been opened to visit:

    https://accounts.google.com/o/oauth2/auth?response_type=code&client_id=32555940559.apps.googleusercontent.com&redirect_uri=http%3A%2F%2Flocalhost%3A8085%2F&scope=openid+https%3A%2F%2Fwww.googleapis.com%2Fauth%2Fuserinfo.email+https%3A%2F%2Fwww.googleapis.com%2Fauth%2Fcloud-platform+https%3A%2F%2Fwww.googleapis.com%2Fauth%2Fappengine.admin+https%3A%2F%2Fwww.googleapis.com%2Fauth%2Fsqlservice.login+https%3A%2F%2Fwww.googleapis.com%2Fauth%2Fcompute+https%3A%2F%2Fwww.googleapis.com%2Fauth%2Faccounts.reauth&state=AFr9HAdSfb0FsO2hMm8xUlqUPERiKq&access_type=offline&code_challenge=8ClMfbTJvcU9wWrNPt9b7Prx1vI5_6aJBx25G63TSgA&code_challenge_method=S256


2025-02-07 19:19:31,373 INFO     google_auth_oauthlib.flow "GET /?state=AFr9HAdSfb0FsO2hMm8xUlqUPERiKq&code=4/0ASVgi3Lf6jFUheIib7p5htMlopxCssB0XY67ciEsCQvts-7Ykr-rWqTh04UhGIposu9Rkw&scope=email%20openid%20https://www.googleapis.com/auth/userinfo.email%20https://www.googleapis.com/auth/cloud-platform%20https://www.googleapis.com/auth/appengine.admin%20https://www.googleapis.com/auth/sqlservice.login%20https://www.googleapis.com/auth/compute%20https://www.googleapis.com/auth/accounts.reauth&authuser=0&hd=valon.com&prompt=consent HTTP/1.1" 200 959
2025-02-07 19:19:31,373 DEBUG    requests_oauthlib.oauth2_session Requesting url https://oauth2.googleapis.com/token using method POST.
2025-02-07 19:19:31,373 DEBUG    requests_oauthlib.oauth2_session Supplying headers {b'Accept': b'application/json', b'Content-Type': b'application/x-www-form-urlencoded;charset=UTF-8', b'user-agent': b'google-cloud-sdk gcloud/475.0.0 command/gcloud.auth.login invocation-id/2da8091f72af409ea2953779862d4e70 environment/None environment-version/None client-os/MACOSX client-os-ver/24.2.0 client-pltf-arch/arm interactive/False from-script/False python/3.11.6 term/screen-256color (Macintosh; Intel Mac OS X 24.2.0)'} and data {'grant_type': 'authorization_code', 'client_id': '32555940559.apps.googleusercontent.com', 'client_secret': 'ZmssLNjJy2998hD4CTg2ejr2', 'code': '4/0ASVgi3Lf6jFUheIib7p5htMlopxCssB0XY67ciEsCQvts-7Ykr-rWqTh04UhGIposu9Rkw', 'redirect_uri': 'http://localhost:8085/', 'code_verifier': 'OMu5X_Q5HWqfQg6TSMB765bz4HOc8jF3rQtE02TOvxx-_3o618tBSmLXjfNwuDIPgDUlPEtQ-y5QGmyMddqbrZfeAJ0WEao9joBDYAB2Yqs.961l3KwaEQCIIXa5OudT'}
2025-02-07 19:19:31,373 DEBUG    requests_oauthlib.oauth2_session Passing through key word arguments {'json': None, 'timeout': None, 'auth': None, 'verify': None, 'proxies': None}.
2025-02-07 19:19:31,382 DEBUG    urllib3.connectionpool Starting new HTTPS connection (1): oauth2.googleapis.com:443
2025-02-07 19:19:31,573 DEBUG    urllib3.connectionpool https://oauth2.googleapis.com:443 "POST /token HTTP/1.1" 200 None
2025-02-07 19:19:31,575 DEBUG    requests_oauthlib.oauth2_session Prepared fetch token request body grant_type=authorization_code&client_id=32555940559.apps.googleusercontent.com&client_secret=ZmssLNjJy2998hD4CTg2ejr2&code=4%2F0ASVgi3Lf6jFUheIib7p5htMlopxCssB0XY67ciEsCQvts-7Ykr-rWqTh04UhGIposu9Rkw&redirect_uri=http%3A%2F%2Flocalhost%3A8085%2F&code_verifier=OMu5X_Q5HWqfQg6TSMB765bz4HOc8jF3rQtE02TOvxx-_3o618tBSmLXjfNwuDIPgDUlPEtQ-y5QGmyMddqbrZfeAJ0WEao9joBDYAB2Yqs.961l3KwaEQCIIXa5OudT
2025-02-07 19:19:31,575 DEBUG    requests_oauthlib.oauth2_session Request to fetch token completed with status 200.
2025-02-07 19:19:31,575 DEBUG    requests_oauthlib.oauth2_session Request headers were {'user-agent': b'google-cloud-sdk gcloud/475.0.0 command/gcloud.auth.login invocation-id/2da8091f72af409ea2953779862d4e70 environment/None environment-version/None client-os/MACOSX client-os-ver/24.2.0 client-pltf-arch/arm interactive/False from-script/False python/3.11.6 term/screen-256color (Macintosh; Intel Mac OS X 24.2.0)', 'Accept-Encoding': 'gzip, deflate', 'Accept': b'application/json', 'Connection': 'keep-alive', 'Content-Type': b'application/x-www-form-urlencoded;charset=UTF-8', 'Content-Length': '387'}
2025-02-07 19:19:31,575 DEBUG    requests_oauthlib.oauth2_session Request body was grant_type=authorization_code&client_id=32555940559.apps.googleusercontent.com&client_secret=ZmssLNjJy2998hD4CTg2ejr2&code=4%2F0ASVgi3Lf6jFUheIib7p5htMlopxCssB0XY67ciEsCQvts-7Ykr-rWqTh04UhGIposu9Rkw&redirect_uri=http%3A%2F%2Flocalhost%3A8085%2F&code_verifier=OMu5X_Q5HWqfQg6TSMB765bz4HOc8jF3rQtE02TOvxx-_3o618tBSmLXjfNwuDIPgDUlPEtQ-y5QGmyMddqbrZfeAJ0WEao9joBDYAB2Yqs.961l3KwaEQCIIXa5OudT
2025-02-07 19:19:31,576 DEBUG    requests_oauthlib.oauth2_session Response headers were {'Expires': 'Mon, 01 Jan 1990 00:00:00 GMT', 'Cache-Control': 'no-cache, no-store, max-age=0, must-revalidate', 'Pragma': 'no-cache', 'Date': 'Sat, 08 Feb 2025 00:19:31 GMT', 'Content-Type': 'application/json; charset=utf-8', 'Vary': 'Origin, X-Origin, Referer', 'Content-Encoding': 'gzip', 'Server': 'scaffolding on HTTPServer2', 'X-XSS-Protection': '0', 'X-Frame-Options': 'SAMEORIGIN', 'X-Content-Type-Options': 'nosniff', 'Alt-Svc': 'h3=":443"; ma=2592000,h3-29=":443"; ma=2592000', 'Transfer-Encoding': 'chunked'} and content {
  "access_token": "ya29.a0AXeO80SW0P7PPi4ICWbOayokZe5HJjVz0IEL-HIi6H9XnTktlxw3j8q_cp3rRKoDAkMeksHDwsVjeLMXw55zQcccNA8bQ3LlhtNg7Hx5twoGiBDWMvQr57ugYke52Xvjf5N8A2q02iSl7P6TDQLVucrs6JPWeZtIZpnIYuXpdf6W_QaCgYKAWISARISFQHGX2Mil5ZOBTXZ0cPNQjXBbU9MjQ0181",
  "expires_in": 3599,
  "refresh_token": "1//01245Ft-655VJCgYIARAAGAESNwF-L9IrAVMQcT8zK7fWkBz6AOyckrzMM3lE0Knpj9Vl0J6bmuxifgUdosxSzdNooq7hwQdtdnM",
  "scope": "https://www.googleapis.com/auth/compute openid https://www.googleapis.com/auth/accounts.reauth https://www.googleapis.com/auth/cloud-platform https://www.googleapis.com/auth/appengine.admin https://www.googleapis.com/auth/sqlservice.login https://www.googleapis.com/auth/userinfo.email",
  "token_type": "Bearer",
  "id_token": "eyJhbGciOiJSUzI1NiIsImtpZCI6ImVlYzUzNGZhNWI4Y2FjYTIwMWNhOGQwZmY5NmI1NGM1NjIyMTBkMWUiLCJ0eXAiOiJKV1QifQ.eyJpc3MiOiJodHRwczovL2FjY291bnRzLmdvb2dsZS5jb20iLCJhenAiOiIzMjU1NTk0MDU1OS5hcHBzLmdvb2dsZXVzZXJjb250ZW50LmNvbSIsImF1ZCI6IjMyNTU1OTQwNTU5LmFwcHMuZ29vZ2xldXNlcmNvbnRlbnQuY29tIiwic3ViIjoiMTAwNjUyNDM4NTEyNzgzNjkzMzI5IiwiaGQiOiJ2YWxvbi5jb20iLCJlbWFpbCI6InRhbWppZC5yYWhtYW5AdmFsb24uY29tIiwiZW1haWxfdmVyaWZpZWQiOnRydWUsImF0X2hhc2giOiJ3RHdTd3FZaS1XZkFiZlI1dDFLQkZBIiwiaWF0IjoxNzM4OTczOTcxLCJleHAiOjE3Mzg5Nzc1NzF9.BY395Lr-sunIuf_MN6LlDnHImCvW9Y_OHDLoaPbX6uah_e0YVJ9MNgkIoneEYNnDSPJDC24F-KfzWGsurgaPM4Q6QhHsAii2E37X8SDBzrVCTnw6aGc1Ak3d3yl_rcFxwQO8kcF8hPkV1kdH9JUB6rHZtMjBN4A6M_O97NwfaLNlLNt8vxjzINGnXn544_-kUOpI65RJ59G2I_W63QRKFdMlzdcjPvQudmrsOaAYGKVx5VKcub0wDVmvmVBd8TcEY-bpSIoTkowHqLwqalTEVLn6auwJea0Gs7Gamx3K4SgH53TedRi7K9Yj3csHPbesuLrenYQaY-KYVS_XqGdeVw"
}.
2025-02-07 19:19:31,576 DEBUG    requests_oauthlib.oauth2_session Invoking 0 token response hooks.
2025-02-07 19:19:31,576 DEBUG    requests_oauthlib.oauth2_session Obtained token {'access_token': 'ya29.a0AXeO80SW0P7PPi4ICWbOayokZe5HJjVz0IEL-HIi6H9XnTktlxw3j8q_cp3rRKoDAkMeksHDwsVjeLMXw55zQcccNA8bQ3LlhtNg7Hx5twoGiBDWMvQr57ugYke52Xvjf5N8A2q02iSl7P6TDQLVucrs6JPWeZtIZpnIYuXpdf6W_QaCgYKAWISARISFQHGX2Mil5ZOBTXZ0cPNQjXBbU9MjQ0181', 'expires_in': 3599, 'refresh_token': '1//01245Ft-655VJCgYIARAAGAESNwF-L9IrAVMQcT8zK7fWkBz6AOyckrzMM3lE0Knpj9Vl0J6bmuxifgUdosxSzdNooq7hwQdtdnM', 'scope': ['https://www.googleapis.com/auth/compute', 'openid', 'https://www.googleapis.com/auth/accounts.reauth', 'https://www.googleapis.com/auth/cloud-platform', 'https://www.googleapis.com/auth/appengine.admin', 'https://www.googleapis.com/auth/sqlservice.login', 'https://www.googleapis.com/auth/userinfo.email'], 'token_type': 'Bearer', 'id_token': 'eyJhbGciOiJSUzI1NiIsImtpZCI6ImVlYzUzNGZhNWI4Y2FjYTIwMWNhOGQwZmY5NmI1NGM1NjIyMTBkMWUiLCJ0eXAiOiJKV1QifQ.eyJpc3MiOiJodHRwczovL2FjY291bnRzLmdvb2dsZS5jb20iLCJhenAiOiIzMjU1NTk0MDU1OS5hcHBzLmdvb2dsZXVzZXJjb250ZW50LmNvbSIsImF1ZCI6IjMyNTU1OTQwNTU5LmFwcHMuZ29vZ2xldXNlcmNvbnRlbnQuY29tIiwic3ViIjoiMTAwNjUyNDM4NTEyNzgzNjkzMzI5IiwiaGQiOiJ2YWxvbi5jb20iLCJlbWFpbCI6InRhbWppZC5yYWhtYW5AdmFsb24uY29tIiwiZW1haWxfdmVyaWZpZWQiOnRydWUsImF0X2hhc2giOiJ3RHdTd3FZaS1XZkFiZlI1dDFLQkZBIiwiaWF0IjoxNzM4OTczOTcxLCJleHAiOjE3Mzg5Nzc1NzF9.BY395Lr-sunIuf_MN6LlDnHImCvW9Y_OHDLoaPbX6uah_e0YVJ9MNgkIoneEYNnDSPJDC24F-KfzWGsurgaPM4Q6QhHsAii2E37X8SDBzrVCTnw6aGc1Ak3d3yl_rcFxwQO8kcF8hPkV1kdH9JUB6rHZtMjBN4A6M_O97NwfaLNlLNt8vxjzINGnXn544_-kUOpI65RJ59G2I_W63QRKFdMlzdcjPvQudmrsOaAYGKVx5VKcub0wDVmvmVBd8TcEY-bpSIoTkowHqLwqalTEVLn6auwJea0Gs7Gamx3K4SgH53TedRi7K9Yj3csHPbesuLrenYQaY-KYVS_XqGdeVw', 'expires_at': 1738977570.576481}.
2025-02-07 19:19:31,597 INFO     ___FILE_ONLY___ 
You are now logged in as [tamjid.rahman@valon.com].
Your current project is [prod-peach-street].  You can change this setting by running:
  $ gcloud config set project PROJECT_ID

2025-02-07 19:19:31,598 DEBUG    root            Chosen display Format:none
2025-02-07 19:19:31,598 INFO     root            Display format: "none"
