2025-02-07 19:19:10,165 DEBUG    root            Loaded Command Group: ['gcloud', 'auth']
2025-02-07 19:19:10,166 DEBUG    root            Loaded Command Group: ['gcloud', 'auth', 'application_default']
2025-02-07 19:19:10,174 DEBUG    root            Loaded Command Group: ['gcloud', 'auth', 'application-default', 'login']
2025-02-07 19:19:10,175 DEBUG    root            Running [gcloud.auth.application-default.login] with arguments: []
2025-02-07 19:19:10,208 DEBUG    requests_oauthlib.oauth2_session Generated new state BQB4OffrmCC2cER4PDeuQU2rP3k6aX.
2025-02-07 19:19:10,334 INFO     ___FILE_ONLY___ Your browser has been opened to visit:

    https://accounts.google.com/o/oauth2/auth?response_type=code&client_id=764086051850-6qr4p6gpi6hn506pt8ejuq83di341hur.apps.googleusercontent.com&redirect_uri=http%3A%2F%2Flocalhost%3A8085%2F&scope=openid+https%3A%2F%2Fwww.googleapis.com%2Fauth%2Fuserinfo.email+https%3A%2F%2Fwww.googleapis.com%2Fauth%2Fcloud-platform+https%3A%2F%2Fwww.googleapis.com%2Fauth%2Fsqlservice.login&state=BQB4OffrmCC2cER4PDeuQU2rP3k6aX&access_type=offline&code_challenge=wCYxyh4nYZrhCyOYIdZutjAl9qhDtwqVlbSr5tV-fO4&code_challenge_method=S256


2025-02-07 19:19:20,710 INFO     google_auth_oauthlib.flow "GET /?state=BQB4OffrmCC2cER4PDeuQU2rP3k6aX&code=4/0ASVgi3Ixz5qJfZXbImHVAzo3BPAOPk5dRmFXr72umNijaCDDb1QO40DsD8AsOQUvCz7lVg&scope=email%20openid%20https://www.googleapis.com/auth/userinfo.email%20https://www.googleapis.com/auth/cloud-platform%20https://www.googleapis.com/auth/sqlservice.login&authuser=0&hd=valon.com&prompt=consent HTTP/1.1" 200 959
2025-02-07 19:19:20,711 DEBUG    requests_oauthlib.oauth2_session Requesting url https://oauth2.googleapis.com/token using method POST.
2025-02-07 19:19:20,711 DEBUG    requests_oauthlib.oauth2_session Supplying headers {b'Accept': b'application/json', b'Content-Type': b'application/x-www-form-urlencoded;charset=UTF-8', b'user-agent': b'google-cloud-sdk gcloud/475.0.0 command/gcloud.auth.application-default.login invocation-id/3d8dbc3678db46f9b3dd7f95358c5cd6 environment/None environment-version/None client-os/MACOSX client-os-ver/24.2.0 client-pltf-arch/arm interactive/False from-script/False python/3.11.6 term/screen-256color (Macintosh; Intel Mac OS X 24.2.0)'} and data {'grant_type': 'authorization_code', 'client_id': '764086051850-6qr4p6gpi6hn506pt8ejuq83di341hur.apps.googleusercontent.com', 'client_secret': 'd-FL95Q19q7MQmFpd7hHD0Ty', 'code': '4/0ASVgi3Ixz5qJfZXbImHVAzo3BPAOPk5dRmFXr72umNijaCDDb1QO40DsD8AsOQUvCz7lVg', 'redirect_uri': 'http://localhost:8085/', 'code_verifier': 'xeKADQzTd3dkigBS.ah1oVorTvfOlPTu7QWCZyW6EQnoygG_gyRNJbkMw~g6hlBioHmtBkWE3JqiIfbZxPTK9RxbuMjMBTLPPspX-fp56guSKA8yov0LCtOHYQch1YEh'}
2025-02-07 19:19:20,711 DEBUG    requests_oauthlib.oauth2_session Passing through key word arguments {'json': None, 'timeout': None, 'auth': None, 'verify': None, 'proxies': None}.
2025-02-07 19:19:20,721 DEBUG    urllib3.connectionpool Starting new HTTPS connection (1): oauth2.googleapis.com:443
2025-02-07 19:19:20,909 DEBUG    urllib3.connectionpool https://oauth2.googleapis.com:443 "POST /token HTTP/1.1" 200 None
2025-02-07 19:19:20,911 DEBUG    requests_oauthlib.oauth2_session Prepared fetch token request body grant_type=authorization_code&client_id=764086051850-6qr4p6gpi6hn506pt8ejuq83di341hur.apps.googleusercontent.com&client_secret=d-FL95Q19q7MQmFpd7hHD0Ty&code=4%2F0ASVgi3Ixz5qJfZXbImHVAzo3BPAOPk5dRmFXr72umNijaCDDb1QO40DsD8AsOQUvCz7lVg&redirect_uri=http%3A%2F%2Flocalhost%3A8085%2F&code_verifier=xeKADQzTd3dkigBS.ah1oVorTvfOlPTu7QWCZyW6EQnoygG_gyRNJbkMw~g6hlBioHmtBkWE3JqiIfbZxPTK9RxbuMjMBTLPPspX-fp56guSKA8yov0LCtOHYQch1YEh
2025-02-07 19:19:20,911 DEBUG    requests_oauthlib.oauth2_session Request to fetch token completed with status 200.
2025-02-07 19:19:20,911 DEBUG    requests_oauthlib.oauth2_session Request headers were {'user-agent': b'google-cloud-sdk gcloud/475.0.0 command/gcloud.auth.application-default.login invocation-id/3d8dbc3678db46f9b3dd7f95358c5cd6 environment/None environment-version/None client-os/MACOSX client-os-ver/24.2.0 client-pltf-arch/arm interactive/False from-script/False python/3.11.6 term/screen-256color (Macintosh; Intel Mac OS X 24.2.0)', 'Accept-Encoding': 'gzip, deflate', 'Accept': b'application/json', 'Connection': 'keep-alive', 'Content-Type': b'application/x-www-form-urlencoded;charset=UTF-8', 'Content-Length': '421'}
2025-02-07 19:19:20,911 DEBUG    requests_oauthlib.oauth2_session Request body was grant_type=authorization_code&client_id=764086051850-6qr4p6gpi6hn506pt8ejuq83di341hur.apps.googleusercontent.com&client_secret=d-FL95Q19q7MQmFpd7hHD0Ty&code=4%2F0ASVgi3Ixz5qJfZXbImHVAzo3BPAOPk5dRmFXr72umNijaCDDb1QO40DsD8AsOQUvCz7lVg&redirect_uri=http%3A%2F%2Flocalhost%3A8085%2F&code_verifier=xeKADQzTd3dkigBS.ah1oVorTvfOlPTu7QWCZyW6EQnoygG_gyRNJbkMw~g6hlBioHmtBkWE3JqiIfbZxPTK9RxbuMjMBTLPPspX-fp56guSKA8yov0LCtOHYQch1YEh
2025-02-07 19:19:20,911 DEBUG    requests_oauthlib.oauth2_session Response headers were {'Cache-Control': 'no-cache, no-store, max-age=0, must-revalidate', 'Expires': 'Mon, 01 Jan 1990 00:00:00 GMT', 'Date': 'Sat, 08 Feb 2025 00:19:20 GMT', 'Pragma': 'no-cache', 'Content-Type': 'application/json; charset=utf-8', 'Vary': 'Origin, X-Origin, Referer', 'Content-Encoding': 'gzip', 'Server': 'scaffolding on HTTPServer2', 'X-XSS-Protection': '0', 'X-Frame-Options': 'SAMEORIGIN', 'X-Content-Type-Options': 'nosniff', 'Alt-Svc': 'h3=":443"; ma=2592000,h3-29=":443"; ma=2592000', 'Transfer-Encoding': 'chunked'} and content {
  "access_token": "ya29.a0AXeO80S6DG1S504_iDLd7qXwdxsIIRyS1AtynO6SoR9SWTf-9Twl560_4GmOFqc6YkjBO1jiRXiGL51XDBQKpoQhXGaoaQYoD6gBUag_KTKr98Ux_HHdryj88oEaIm8utinjqmynD7uzjwgjIEPsAU5vg0czaYzTVeYfSPepaCgYKAbkSARISFQHGX2MiTSTq4GF_w4LOI6UJA-AaDg0175",
  "expires_in": 3599,
  "refresh_token": "1//01mcL6srhb4_lCgYIARAAGAESNwF-L9IrsVb2dA1qJncd087IHeIgf6xLXXv-8Vu0idfWcoIpwKlZ41EDToITD6vaNvuOYmQnxKA",
  "scope": "https://www.googleapis.com/auth/cloud-platform https://www.googleapis.com/auth/sqlservice.login https://www.googleapis.com/auth/userinfo.email openid",
  "token_type": "Bearer",
  "id_token": "eyJhbGciOiJSUzI1NiIsImtpZCI6ImVlYzUzNGZhNWI4Y2FjYTIwMWNhOGQwZmY5NmI1NGM1NjIyMTBkMWUiLCJ0eXAiOiJKV1QifQ.eyJpc3MiOiJodHRwczovL2FjY291bnRzLmdvb2dsZS5jb20iLCJhenAiOiI3NjQwODYwNTE4NTAtNnFyNHA2Z3BpNmhuNTA2cHQ4ZWp1cTgzZGkzNDFodXIuYXBwcy5nb29nbGV1c2VyY29udGVudC5jb20iLCJhdWQiOiI3NjQwODYwNTE4NTAtNnFyNHA2Z3BpNmhuNTA2cHQ4ZWp1cTgzZGkzNDFodXIuYXBwcy5nb29nbGV1c2VyY29udGVudC5jb20iLCJzdWIiOiIxMDA2NTI0Mzg1MTI3ODM2OTMzMjkiLCJoZCI6InZhbG9uLmNvbSIsImVtYWlsIjoidGFtamlkLnJhaG1hbkB2YWxvbi5jb20iLCJlbWFpbF92ZXJpZmllZCI6dHJ1ZSwiYXRfaGFzaCI6InplbXBZZVdHNzNPbE1RdUNsTndlTXciLCJpYXQiOjE3Mzg5NzM5NjAsImV4cCI6MTczODk3NzU2MH0.nX9jUfV5aBNNgC31aX3MRq3B84srRNQjjVWBWNK64U1jzwG892Mlt79FfzxNgGeJvnSHrJwGqj6Z3JoXs3Eld2NuyRLifx3vPIWL-YxWfnDGzg0YdELMBMj2DuRRdMS3ezA7WMDcGvuvxe8EChGzO9Ltnf6ABHesiUGrjgtcMyX4Z6YSrxDOJDWbeyfJdZyYg945ODL_qcOqb1JzVgRAKP8pNSPF84HCF834MjLKNogCADBFjfOXN1gR91CZifh0krQ4Z-es3AAT-h247mgzJiAhnChrWq8mC2HP3QVlu0X8CyIpvXUWCudvGAGG7gamnjfmOmIDUedY9Ef-3sCG1A"
}.
2025-02-07 19:19:20,912 DEBUG    requests_oauthlib.oauth2_session Invoking 0 token response hooks.
2025-02-07 19:19:20,912 DEBUG    requests_oauthlib.oauth2_session Obtained token {'access_token': 'ya29.a0AXeO80S6DG1S504_iDLd7qXwdxsIIRyS1AtynO6SoR9SWTf-9Twl560_4GmOFqc6YkjBO1jiRXiGL51XDBQKpoQhXGaoaQYoD6gBUag_KTKr98Ux_HHdryj88oEaIm8utinjqmynD7uzjwgjIEPsAU5vg0czaYzTVeYfSPepaCgYKAbkSARISFQHGX2MiTSTq4GF_w4LOI6UJA-AaDg0175', 'expires_in': 3599, 'refresh_token': '1//01mcL6srhb4_lCgYIARAAGAESNwF-L9IrsVb2dA1qJncd087IHeIgf6xLXXv-8Vu0idfWcoIpwKlZ41EDToITD6vaNvuOYmQnxKA', 'scope': ['https://www.googleapis.com/auth/cloud-platform', 'https://www.googleapis.com/auth/sqlservice.login', 'https://www.googleapis.com/auth/userinfo.email', 'openid'], 'token_type': 'Bearer', 'id_token': 'eyJhbGciOiJSUzI1NiIsImtpZCI6ImVlYzUzNGZhNWI4Y2FjYTIwMWNhOGQwZmY5NmI1NGM1NjIyMTBkMWUiLCJ0eXAiOiJKV1QifQ.eyJpc3MiOiJodHRwczovL2FjY291bnRzLmdvb2dsZS5jb20iLCJhenAiOiI3NjQwODYwNTE4NTAtNnFyNHA2Z3BpNmhuNTA2cHQ4ZWp1cTgzZGkzNDFodXIuYXBwcy5nb29nbGV1c2VyY29udGVudC5jb20iLCJhdWQiOiI3NjQwODYwNTE4NTAtNnFyNHA2Z3BpNmhuNTA2cHQ4ZWp1cTgzZGkzNDFodXIuYXBwcy5nb29nbGV1c2VyY29udGVudC5jb20iLCJzdWIiOiIxMDA2NTI0Mzg1MTI3ODM2OTMzMjkiLCJoZCI6InZhbG9uLmNvbSIsImVtYWlsIjoidGFtamlkLnJhaG1hbkB2YWxvbi5jb20iLCJlbWFpbF92ZXJpZmllZCI6dHJ1ZSwiYXRfaGFzaCI6InplbXBZZVdHNzNPbE1RdUNsTndlTXciLCJpYXQiOjE3Mzg5NzM5NjAsImV4cCI6MTczODk3NzU2MH0.nX9jUfV5aBNNgC31aX3MRq3B84srRNQjjVWBWNK64U1jzwG892Mlt79FfzxNgGeJvnSHrJwGqj6Z3JoXs3Eld2NuyRLifx3vPIWL-YxWfnDGzg0YdELMBMj2DuRRdMS3ezA7WMDcGvuvxe8EChGzO9Ltnf6ABHesiUGrjgtcMyX4Z6YSrxDOJDWbeyfJdZyYg945ODL_qcOqb1JzVgRAKP8pNSPF84HCF834MjLKNogCADBFjfOXN1gR91CZifh0krQ4Z-es3AAT-h247mgzJiAhnChrWq8mC2HP3QVlu0X8CyIpvXUWCudvGAGG7gamnjfmOmIDUedY9Ef-3sCG1A', 'expires_at': 1738977559.9122088}.
2025-02-07 19:19:20,921 INFO     ___FILE_ONLY___ 
Credentials saved to file: [/Users/tamjid/.config/gcloud/application_default_credentials.json]

2025-02-07 19:19:20,921 INFO     ___FILE_ONLY___ 
These credentials will be used by any library that requests Application Default Credentials (ADC).

2025-02-07 19:19:20,929 INFO     root            Using alternate credentials from file: [/Users/tamjid/.config/gcloud/application_default_credentials.json]
2025-02-07 19:19:20,935 DEBUG    google.auth.transport.requests Making request: POST https://oauth2.googleapis.com/token
2025-02-07 19:19:20,938 DEBUG    urllib3.connectionpool Starting new HTTPS connection (1): oauth2.googleapis.com:443
2025-02-07 19:19:21,126 DEBUG    urllib3.connectionpool https://oauth2.googleapis.com:443 "POST /token HTTP/1.1" 200 None
2025-02-07 19:19:21,135 INFO     root            Using alternate credentials from file: [/Users/tamjid/.config/gcloud/application_default_credentials.json]
2025-02-07 19:19:21,156 DEBUG    urllib3.connectionpool Starting new HTTPS connection (1): cloudresourcemanager.googleapis.com:443
2025-02-07 19:19:21,531 DEBUG    urllib3.connectionpool https://cloudresourcemanager.googleapis.com:443 "POST /v1/projects/prod-peach-street:testIamPermissions?alt=json HTTP/1.1" 200 None
2025-02-07 19:19:21,536 WARNING  root            
Cannot add the project "prod-peach-street" to ADC as the quota project because the account in ADC does not have the "serviceusage.services.use" permission on this project. You might receive a "quota_exceeded" or "API not enabled" error. Run $ gcloud auth application-default set-quota-project to add a quota project.
2025-02-07 19:19:21,536 DEBUG    root            Chosen display Format:none
2025-02-07 19:19:21,537 INFO     root            Display format: "none"
