2025-02-07 19:24:22,311 DEBUG    root            Loaded Command Group: ['gcloud', 'config']
2025-02-07 19:24:22,312 DEBUG    root            Loaded Command Group: ['gcloud', 'config', 'config_helper']
2025-02-07 19:24:22,312 DEBUG    root            Running [gcloud.config.config-helper] with arguments: [--format: "json", --min-expiry: "3600"]
2025-02-07 19:24:22,317 DEBUG    google.auth.transport.requests Making request: POST https://oauth2.googleapis.com/token
2025-02-07 19:24:22,323 DEBUG    urllib3.connectionpool Starting new HTTPS connection (1): oauth2.googleapis.com:443
2025-02-07 19:24:22,483 DEBUG    urllib3.connectionpool https://oauth2.googleapis.com:443 "POST /token HTTP/1.1" 200 None
2025-02-07 19:24:22,488 DEBUG    root            Chosen display Format:default json
2025-02-07 19:24:22,488 INFO     root            Display format: "default json"
2025-02-07 19:24:22,508 INFO     ___FILE_ONLY___ {
  "configuration": {
    "active_configuration": "default",
    "properties": {
      "core": {
        "account": "tamjid.rahman@valon.com",
        "disable_prompts": "false",
        "disable_usage_reporting": "True",
        "project": "prod-peach-street"
      }
    }
  },
  "credential": {
    "access_token": "ya29.a0AXeO80R1K8Mmof-t8-vzPoeaMGretmMiFGo5geVq9V-xxzokFAilNvzzfFX3MwvnAddPlZErR5mOjNNX5hzASdxU-PqvsvZpBRRu8rROQ5DTSM7rF-hedzVzIU0pb1QKntAqMpRb1eP05qV47pCAKQcnmvDzxI7QVaDssIK8KG39QQaCgYKAZ4SARISFQHGX2MiK2JfO0UoqE0E29pnQrfeHA0181",
    "id_token": "eyJhbGciOiJSUzI1NiIsImtpZCI6ImVlYzUzNGZhNWI4Y2FjYTIwMWNhOGQwZmY5NmI1NGM1NjIyMTBkMWUiLCJ0eXAiOiJKV1QifQ.eyJpc3MiOiJodHRwczovL2FjY291bnRzLmdvb2dsZS5jb20iLCJhenAiOiIzMjU1NTk0MDU1OS5hcHBzLmdvb2dsZXVzZXJjb250ZW50LmNvbSIsImF1ZCI6IjMyNTU1OTQwNTU5LmFwcHMuZ29vZ2xldXNlcmNvbnRlbnQuY29tIiwic3ViIjoiMTAwNjUyNDM4NTEyNzgzNjkzMzI5IiwiaGQiOiJ2YWxvbi5jb20iLCJlbWFpbCI6InRhbWppZC5yYWhtYW5AdmFsb24uY29tIiwiZW1haWxfdmVyaWZpZWQiOnRydWUsImF0X2hhc2giOiJfa3dsTW04VnFHX0VHTkJ6ZWZjNTh3IiwiaWF0IjoxNzM4OTc0MjYyLCJleHAiOjE3Mzg5Nzc4NjJ9.RVQQiqxspwU7Ww5B-kwxDuOktLbux1ff7CZOrDSjfOBiF8lpYSO-34cKbu8J48-CBwQ1N7YF23C0wvjez5bZfVJVIh3VQTceNEXGavGw_ltpWo8pS9M9H4RiDTJrIW01VJpCFiaq5rxrsazGj9cu0vsGt1fxUOzFiHcT8Jr-rsydrOXX8anCIFCawn9rh5KdFE7yMMK1NDx2K29PgM3NW3L8pbQX4wv1HTPxawk78wUPrSzlBhVzT8-T340hHVgl9B5HE8IFfV0bCLZ0uPcIj6yvnX4w0ds5sfp2vthoyYIzc9g5CI9SR81upwTB-17qYM6NGdL0Axl9JF-D2qN42Q",
    "token_expiry": "2025-02-08T01:24:21Z"
  },
  "sentinels": {
    "config_sentinel": "/Users/tamjid/.config/gcloud/config_sentinel"
  }
}
2025-02-07 19:24:22,509 INFO     ___FILE_ONLY___ 

