2025-02-07 19:24:20,070 DEBUG    root            Loaded Command Group: ['gcloud', 'config']
2025-02-07 19:24:20,071 DEBUG    root            Loaded Command Group: ['gcloud', 'config', 'config_helper']
2025-02-07 19:24:20,071 DEBUG    root            Running [gcloud.config.config-helper] with arguments: [--format: "json", --min-expiry: "3600"]
2025-02-07 19:24:20,077 DEBUG    google.auth.transport.requests Making request: POST https://oauth2.googleapis.com/token
2025-02-07 19:24:20,082 DEBUG    urllib3.connectionpool Starting new HTTPS connection (1): oauth2.googleapis.com:443
2025-02-07 19:24:20,259 DEBUG    urllib3.connectionpool https://oauth2.googleapis.com:443 "POST /token HTTP/1.1" 200 None
2025-02-07 19:24:20,264 DEBUG    root            Chosen display Format:default json
2025-02-07 19:24:20,264 INFO     root            Display format: "default json"
2025-02-07 19:24:20,285 INFO     ___FILE_ONLY___ {
  "configuration": {
    "active_configuration": "default",
    "properties": {
      "core": {
        "account": "tamjid.rahman@valon.com",
        "disable_prompts": "false",
        "disable_usage_reporting": "True",
        "project": "prod-peach-street"
      }
    }
  },
  "credential": {
    "access_token": "ya29.a0AXeO80TZsrYBr8jzYhMAa9oX0xV7C3nMlXqJ9OqE_502mmYXFSem69HsQsfxwLPNqXyYuLIQk6ArTrkI3Oula05hiN99zY_VtKPUCMYPJSVJAwFy8zZYn1uNl3JVPxVYYVCHqPVtCPizWf4jKrRejZoqRbe7xVZjnwzmmpxYEtqLPwaCgYKATsSARISFQHGX2MiEqLSpbCgezNne4PwQCcvSg0181",
    "id_token": "eyJhbGciOiJSUzI1NiIsImtpZCI6ImVlYzUzNGZhNWI4Y2FjYTIwMWNhOGQwZmY5NmI1NGM1NjIyMTBkMWUiLCJ0eXAiOiJKV1QifQ.eyJpc3MiOiJodHRwczovL2FjY291bnRzLmdvb2dsZS5jb20iLCJhenAiOiIzMjU1NTk0MDU1OS5hcHBzLmdvb2dsZXVzZXJjb250ZW50LmNvbSIsImF1ZCI6IjMyNTU1OTQwNTU5LmFwcHMuZ29vZ2xldXNlcmNvbnRlbnQuY29tIiwic3ViIjoiMTAwNjUyNDM4NTEyNzgzNjkzMzI5IiwiaGQiOiJ2YWxvbi5jb20iLCJlbWFpbCI6InRhbWppZC5yYWhtYW5AdmFsb24uY29tIiwiZW1haWxfdmVyaWZpZWQiOnRydWUsImF0X2hhc2giOiJjZUpBRUxjS3hJcnJueElEYld6RHB3IiwiaWF0IjoxNzM4OTc0MjYwLCJleHAiOjE3Mzg5Nzc4NjB9.NLQqQKSvbch4ErLbBSTwQ-SjjGnvvi-wPv5XCB8feCYMo3_8esUa1YfOSa3qhJLjAcTsVNRRbt4baqTuTnsQTv6P03iEVNrhV_Wgpdwbx9c50fxC7NZMuLaiuHB3bfCbCTrWVkqRQ55vYKINjI7za7LVlQQHBevftdEjBIp-0KTsUY6Z1_p6v9QtIOZyofSiqz1PE-NAzVP_GtddC8YTHF-c2FUPWYFzU72lGMC3KqJ-xSJdeenOawVWs48WkBr5F_iB2JXpsZiJPQcGFbKrQjqfAO-Bg7GKwwQeWj_ObsI76y6JcagSLwEk3dYXzpLRuDcyhLsQ_S6Wj9nOiyexTw",
    "token_expiry": "2025-02-08T01:24:19Z"
  },
  "sentinels": {
    "config_sentinel": "/Users/tamjid/.config/gcloud/config_sentinel"
  }
}
2025-02-07 19:24:20,285 INFO     ___FILE_ONLY___ 

