2025-02-07 19:27:24,653 DEBUG    root            Loaded Command Group: ['gcloud', 'config']
2025-02-07 19:27:24,653 DEBUG    root            Loaded Command Group: ['gcloud', 'config', 'config_helper']
2025-02-07 19:27:24,654 DEBUG    root            Running [gcloud.config.config-helper] with arguments: [--format: "json", --min-expiry: "3600"]
2025-02-07 19:27:24,664 DEBUG    google.auth.transport.requests Making request: POST https://oauth2.googleapis.com/token
2025-02-07 19:27:24,668 DEBUG    urllib3.connectionpool Starting new HTTPS connection (1): oauth2.googleapis.com:443
2025-02-07 19:27:24,839 DEBUG    urllib3.connectionpool https://oauth2.googleapis.com:443 "POST /token HTTP/1.1" 200 None
2025-02-07 19:27:24,844 DEBUG    root            Chosen display Format:default json
2025-02-07 19:27:24,844 INFO     root            Display format: "default json"
2025-02-07 19:27:24,865 INFO     ___FILE_ONLY___ {
  "configuration": {
    "active_configuration": "default",
    "properties": {
      "core": {
        "account": "tamjid.rahman@valon.com",
        "disable_prompts": "false",
        "disable_usage_reporting": "True",
        "project": "prod-peach-street"
      }
    }
  },
  "credential": {
    "access_token": "ya29.a0AXeO80Qwe3npdavu8XtKI53iW62a5X-z-NMU0V404wH-7uLOxdqNSDjAtFG7L777j63JltR5RS7i--c1ryJGpseRhh4mjm0xni9rxvaOaUNhP5817rYvSCjT0WdzIoI7bRvn0Bx8zgdqJPOYSj1lEFI2-PuO0Am2SWl7rlRvYy9DOQaCgYKAbcSARISFQHGX2MiGBDyibasJGlhehUIqz6jkQ0181",
    "id_token": "eyJhbGciOiJSUzI1NiIsImtpZCI6ImVlYzUzNGZhNWI4Y2FjYTIwMWNhOGQwZmY5NmI1NGM1NjIyMTBkMWUiLCJ0eXAiOiJKV1QifQ.eyJpc3MiOiJodHRwczovL2FjY291bnRzLmdvb2dsZS5jb20iLCJhenAiOiIzMjU1NTk0MDU1OS5hcHBzLmdvb2dsZXVzZXJjb250ZW50LmNvbSIsImF1ZCI6IjMyNTU1OTQwNTU5LmFwcHMuZ29vZ2xldXNlcmNvbnRlbnQuY29tIiwic3ViIjoiMTAwNjUyNDM4NTEyNzgzNjkzMzI5IiwiaGQiOiJ2YWxvbi5jb20iLCJlbWFpbCI6InRhbWppZC5yYWhtYW5AdmFsb24uY29tIiwiZW1haWxfdmVyaWZpZWQiOnRydWUsImF0X2hhc2giOiJyX0hTcUtoM2xnak1ob0E2ZnhwUjZ3IiwiaWF0IjoxNzM4OTc0NDQ0LCJleHAiOjE3Mzg5NzgwNDR9.BwDvZU89tjukSzSKJItU8bfMr0EcS7VsPB2Od7DcSgtjdmSKuXRNBxAbxfS8E2LZ2-Di9XV7TGln3nPtqzxjpDOegPUl5WILJHA9prpp6FKKWmXpcEAkTgklM2xZdQtzrM_tgaI4yBXqRVbWwDIlFRJgA9JLKJRL4W0PVdcXr7S9SIgwQTMGKHAqC7VcvgoCdlhIr59i2rsdRXxSERFGSMUL46NOSIM0XvVZQ_naLwANzEnX7zeWTdeiSlJ4vF-PLi3KrAq93uHOlk-383958PIn5S95cVJIsYxoJ-b4numrpSzQja_HUZEDYE2K-h2GS7MD16MBa0AXFzxbeN4uMg",
    "token_expiry": "2025-02-08T01:27:23Z"
  },
  "sentinels": {
    "config_sentinel": "/Users/tamjid/.config/gcloud/config_sentinel"
  }
}
2025-02-07 19:27:24,865 INFO     ___FILE_ONLY___ 

