2025-02-07 19:21:55,062 DEBUG    root            Loaded Command Group: ['gcloud', 'config']
2025-02-07 19:21:55,063 DEBUG    root            Loaded Command Group: ['gcloud', 'config', 'config_helper']
2025-02-07 19:21:55,063 DEBUG    root            Running [gcloud.config.config-helper] with arguments: [--format: "json", --min-expiry: "3600"]
2025-02-07 19:21:55,069 DEBUG    google.auth.transport.requests Making request: POST https://oauth2.googleapis.com/token
2025-02-07 19:21:55,074 DEBUG    urllib3.connectionpool Starting new HTTPS connection (1): oauth2.googleapis.com:443
2025-02-07 19:21:55,228 DEBUG    urllib3.connectionpool https://oauth2.googleapis.com:443 "POST /token HTTP/1.1" 200 None
2025-02-07 19:21:55,232 DEBUG    root            Chosen display Format:default json
2025-02-07 19:21:55,233 INFO     root            Display format: "default json"
2025-02-07 19:21:55,251 INFO     ___FILE_ONLY___ {
  "configuration": {
    "active_configuration": "default",
    "properties": {
      "core": {
        "account": "tamjid.rahman@valon.com",
        "disable_prompts": "false",
        "disable_usage_reporting": "True",
        "project": "prod-peach-street"
      }
    }
  },
  "credential": {
    "access_token": "ya29.a0AXeO80RxNjhZqPXzBnqnhy1DtAXukPlYW-g4ID4FyohawoXoiyf4xUNDjNFrcjf5MgDz5ZVeHc_j2WpFSQNzi7E_lzcytUnzGNu0B2jgZ0F4sRtF71WqUmUO38eQcyFlKf4Pkj0i3vqCsRYxsb-bKtui5oVNS3Q4VAdeV0mvpm_8GAaCgYKAaESARISFQHGX2MiYCFuI3T0bA6EY1R12XkdOw0181",
    "id_token": "eyJhbGciOiJSUzI1NiIsImtpZCI6ImVlYzUzNGZhNWI4Y2FjYTIwMWNhOGQwZmY5NmI1NGM1NjIyMTBkMWUiLCJ0eXAiOiJKV1QifQ.eyJpc3MiOiJodHRwczovL2FjY291bnRzLmdvb2dsZS5jb20iLCJhenAiOiIzMjU1NTk0MDU1OS5hcHBzLmdvb2dsZXVzZXJjb250ZW50LmNvbSIsImF1ZCI6IjMyNTU1OTQwNTU5LmFwcHMuZ29vZ2xldXNlcmNvbnRlbnQuY29tIiwic3ViIjoiMTAwNjUyNDM4NTEyNzgzNjkzMzI5IiwiaGQiOiJ2YWxvbi5jb20iLCJlbWFpbCI6InRhbWppZC5yYWhtYW5AdmFsb24uY29tIiwiZW1haWxfdmVyaWZpZWQiOnRydWUsImF0X2hhc2giOiJfOXFmakZlVDZ6V056RlZha2l1LXB3IiwiaWF0IjoxNzM4OTc0MTE1LCJleHAiOjE3Mzg5Nzc3MTV9.K_5Y37vk_cMBWZC7NnwQmNpTSJBstm_DAvBzik0DZqZurwZKJ_Ev2pSdkhlt6Qkj8At-u6Jdkd26x7RogNTNHXwojkcY-YFB0pWx5OkYU46RMoPJx87_XLr0YDCk0FHGTS4REihA93eJC95cLB06G7255mn46zgFt9uFINIBWWDJW30eSukEXIpVrkSisPQ_VA4l_WgPAQicNPRMlLYOC8RjpXxXZasqKh9qKdZ-jnyGGugafrgO5QQXaX5Bjq1qn1gLeG_5SONOLI_ycuBYUou-UuRlcJ7pCjE1U1ZOtXVcoJhX0wW1ypjtchkteCZNtzHopdzCqWhg0SXtnmrkuA",
    "token_expiry": "2025-02-08T01:21:54Z"
  },
  "sentinels": {
    "config_sentinel": "/Users/tamjid/.config/gcloud/config_sentinel"
  }
}
2025-02-07 19:21:55,251 INFO     ___FILE_ONLY___ 

