2025-02-07 19:24:28,924 DEBUG    root            Loaded Command Group: ['gcloud', 'config']
2025-02-07 19:24:28,925 DEBUG    root            Loaded Command Group: ['gcloud', 'config', 'config_helper']
2025-02-07 19:24:28,925 DEBUG    root            Running [gcloud.config.config-helper] with arguments: [--format: "json", --min-expiry: "3600"]
2025-02-07 19:24:28,930 DEBUG    google.auth.transport.requests Making request: POST https://oauth2.googleapis.com/token
2025-02-07 19:24:28,936 DEBUG    urllib3.connectionpool Starting new HTTPS connection (1): oauth2.googleapis.com:443
2025-02-07 19:24:29,106 DEBUG    urllib3.connectionpool https://oauth2.googleapis.com:443 "POST /token HTTP/1.1" 200 None
2025-02-07 19:24:29,109 DEBUG    root            Chosen display Format:default json
2025-02-07 19:24:29,109 INFO     root            Display format: "default json"
2025-02-07 19:24:29,127 INFO     ___FILE_ONLY___ {
  "configuration": {
    "active_configuration": "default",
    "properties": {
      "core": {
        "account": "tamjid.rahman@valon.com",
        "disable_prompts": "false",
        "disable_usage_reporting": "True",
        "project": "prod-peach-street"
      }
    }
  },
  "credential": {
    "access_token": "ya29.a0AXeO80RF5p0-AzbhZDb3JAtTh8RHv-YQK-ikxPpdzOrCATMKy6gOYCgF6FRJFmG7DNN_2oPIouJZvu8r6SH_ZF9YFuCQQIZeRTbjpMmYQi440NYt22K25abI5BzknEILXCTHAqBZ_ERBYMwgGAQE1r72amRPyOUwxWBQrBh_gjYU8waCgYKAe8SARISFQHGX2MiqQHrsjgovPy-OLavjjcOBA0181",
    "id_token": "eyJhbGciOiJSUzI1NiIsImtpZCI6ImVlYzUzNGZhNWI4Y2FjYTIwMWNhOGQwZmY5NmI1NGM1NjIyMTBkMWUiLCJ0eXAiOiJKV1QifQ.eyJpc3MiOiJodHRwczovL2FjY291bnRzLmdvb2dsZS5jb20iLCJhenAiOiIzMjU1NTk0MDU1OS5hcHBzLmdvb2dsZXVzZXJjb250ZW50LmNvbSIsImF1ZCI6IjMyNTU1OTQwNTU5LmFwcHMuZ29vZ2xldXNlcmNvbnRlbnQuY29tIiwic3ViIjoiMTAwNjUyNDM4NTEyNzgzNjkzMzI5IiwiaGQiOiJ2YWxvbi5jb20iLCJlbWFpbCI6InRhbWppZC5yYWhtYW5AdmFsb24uY29tIiwiZW1haWxfdmVyaWZpZWQiOnRydWUsImF0X2hhc2giOiJmX016bkIxNlI4MDhDRkZYQmVkNml3IiwiaWF0IjoxNzM4OTc0MjY5LCJleHAiOjE3Mzg5Nzc4Njl9.wOHKLiFCi9SmRrMQxn5_xivH7H0nC9TJXjWvmCMOMpaaRcr-F42TYTOUFBIRmaMZrhVvMe6wJa5kIjaQimKRNzCliSDQtyRHqwvHFGyFCGLOJMsfW32gzUueZ2ub3CmXdVrITRWg7u2bl_SmSXPV4hkNbmXIrXFhuyycpJ8j3mYduHZr2eS10S8YC3DUOrRFVhwg9T5-nbn6XDV7PoUeL4MaQr0D0pfkvY03PfvDxFtnZiBKVQ5TPJsLRpmKuckqkEwNMwCg4MJRSG5_1JdwNfiKbBXp7139MlpTD57icyNJ4bL78kMJUADzKAbfF4fT6iKUnwcYGHxfWfg5-KjTSA",
    "token_expiry": "2025-02-08T01:24:28Z"
  },
  "sentinels": {
    "config_sentinel": "/Users/tamjid/.config/gcloud/config_sentinel"
  }
}
2025-02-07 19:24:29,127 INFO     ___FILE_ONLY___ 

