2025-02-07 19:20:55,581 DEBUG    root            Loaded Command Group: ['gcloud', 'config']
2025-02-07 19:20:55,581 DEBUG    root            Loaded Command Group: ['gcloud', 'config', 'config_helper']
2025-02-07 19:20:55,582 DEBUG    root            Running [gcloud.config.config-helper] with arguments: [--format: "json", --min-expiry: "3600"]
2025-02-07 19:20:55,587 DEBUG    google.auth.transport.requests Making request: POST https://oauth2.googleapis.com/token
2025-02-07 19:20:55,593 DEBUG    urllib3.connectionpool Starting new HTTPS connection (1): oauth2.googleapis.com:443
2025-02-07 19:20:55,771 DEBUG    urllib3.connectionpool https://oauth2.googleapis.com:443 "POST /token HTTP/1.1" 200 None
2025-02-07 19:20:55,776 DEBUG    root            Chosen display Format:default json
2025-02-07 19:20:55,776 INFO     root            Display format: "default json"
2025-02-07 19:20:55,796 INFO     ___FILE_ONLY___ {
  "configuration": {
    "active_configuration": "default",
    "properties": {
      "core": {
        "account": "tamjid.rahman@valon.com",
        "disable_prompts": "false",
        "disable_usage_reporting": "True",
        "project": "prod-peach-street"
      }
    }
  },
  "credential": {
    "access_token": "ya29.a0AXeO80T1rC-sY9i3SZSCMxOihYTGdntC9J-rSGFUBLVsA89wfZshVJlRIr92Iz2TAym0487dP_RgAoOx3Rk-MbEnNGkaCJEedbcFK2O3v8WCcXaN1-60eAiNBnvoEFxDs9CuWkXeM1jmpQRvNMBP9mjV8zFOl5d7_ipLaJI7HP9JTQaCgYKAVUSARISFQHGX2MibFpr0IYilzQ2Tgav5ypFRg0181",
    "id_token": "eyJhbGciOiJSUzI1NiIsImtpZCI6ImVlYzUzNGZhNWI4Y2FjYTIwMWNhOGQwZmY5NmI1NGM1NjIyMTBkMWUiLCJ0eXAiOiJKV1QifQ.eyJpc3MiOiJodHRwczovL2FjY291bnRzLmdvb2dsZS5jb20iLCJhenAiOiIzMjU1NTk0MDU1OS5hcHBzLmdvb2dsZXVzZXJjb250ZW50LmNvbSIsImF1ZCI6IjMyNTU1OTQwNTU5LmFwcHMuZ29vZ2xldXNlcmNvbnRlbnQuY29tIiwic3ViIjoiMTAwNjUyNDM4NTEyNzgzNjkzMzI5IiwiaGQiOiJ2YWxvbi5jb20iLCJlbWFpbCI6InRhbWppZC5yYWhtYW5AdmFsb24uY29tIiwiZW1haWxfdmVyaWZpZWQiOnRydWUsImF0X2hhc2giOiJaUmphVThFbnhJRmlzZ1JUb215Sk1RIiwiaWF0IjoxNzM4OTc0MDU1LCJleHAiOjE3Mzg5Nzc2NTV9.yuqz4TTyzu-s6Yfc2RLmavkhmydP3uBCb9y9SwMdcZ6kXl5cXl2Ss0o046gwsl4exzqfa830qC3F-o8OJfDQgIKylN-cPL3jBEoiOrf5TtVueGjXBn5VjcGBZqT_c9S0NgxDPuifAC2bKt5_C7cQJTcTG7WbqIRVartOTlsCcBmWb3oRbwV2r8ZqhxYt8oOjCzYP-5SRf7SR7UD_TFM_yDcWubde3LaL56FNRoaUQpjrtcmKEllEJ175aV0HZif6QucdMMpj1DzOJAFJIqR6CosFXMCXofDW86zWq3OqBpXkSSzPy4iSMf271kJaNyNLbJ6pOGL6gSxhwyAzHz9Seg",
    "token_expiry": "2025-02-08T01:20:54Z"
  },
  "sentinels": {
    "config_sentinel": "/Users/tamjid/.config/gcloud/config_sentinel"
  }
}
2025-02-07 19:20:55,796 INFO     ___FILE_ONLY___ 

