2025-02-07 19:24:17,842 DEBUG    root            Loaded Command Group: ['gcloud', 'config']
2025-02-07 19:24:17,843 DEBUG    root            Loaded Command Group: ['gcloud', 'config', 'config_helper']
2025-02-07 19:24:17,844 DEBUG    root            Running [gcloud.config.config-helper] with arguments: [--format: "json", --min-expiry: "3600"]
2025-02-07 19:24:17,849 DEBUG    google.auth.transport.requests Making request: POST https://oauth2.googleapis.com/token
2025-02-07 19:24:17,854 DEBUG    urllib3.connectionpool Starting new HTTPS connection (1): oauth2.googleapis.com:443
2025-02-07 19:24:18,019 DEBUG    urllib3.connectionpool https://oauth2.googleapis.com:443 "POST /token HTTP/1.1" 200 None
2025-02-07 19:24:18,024 DEBUG    root            Chosen display Format:default json
2025-02-07 19:24:18,024 INFO     root            Display format: "default json"
2025-02-07 19:24:18,044 INFO     ___FILE_ONLY___ {
  "configuration": {
    "active_configuration": "default",
    "properties": {
      "core": {
        "account": "tamjid.rahman@valon.com",
        "disable_prompts": "false",
        "disable_usage_reporting": "True",
        "project": "prod-peach-street"
      }
    }
  },
  "credential": {
    "access_token": "ya29.a0AXeO80QfAwge8jRQw4EhTJZm6ZkBcC3hqSglquARVVcNItCFoZgOZkj8TgRqqMVBrRjn9LTWWizl-X3bc_M8dwrebhYCwqh6RdnpeUqbw-Ib5X8i4B1cqEQWftIN1Pg2mdTGmbCeGyi722T-BW8GXQD754WqeD3NHpFygC1Sbwap3AaCgYKAVgSARISFQHGX2MiJ18-_3iTMthbcsvKZo5W8w0181",
    "id_token": "eyJhbGciOiJSUzI1NiIsImtpZCI6ImVlYzUzNGZhNWI4Y2FjYTIwMWNhOGQwZmY5NmI1NGM1NjIyMTBkMWUiLCJ0eXAiOiJKV1QifQ.eyJpc3MiOiJodHRwczovL2FjY291bnRzLmdvb2dsZS5jb20iLCJhenAiOiIzMjU1NTk0MDU1OS5hcHBzLmdvb2dsZXVzZXJjb250ZW50LmNvbSIsImF1ZCI6IjMyNTU1OTQwNTU5LmFwcHMuZ29vZ2xldXNlcmNvbnRlbnQuY29tIiwic3ViIjoiMTAwNjUyNDM4NTEyNzgzNjkzMzI5IiwiaGQiOiJ2YWxvbi5jb20iLCJlbWFpbCI6InRhbWppZC5yYWhtYW5AdmFsb24uY29tIiwiZW1haWxfdmVyaWZpZWQiOnRydWUsImF0X2hhc2giOiI5RUQ4NzAydkhzNzgtbldOQXpidDhBIiwiaWF0IjoxNzM4OTc0MjU4LCJleHAiOjE3Mzg5Nzc4NTh9.jBzBXF2a1szda3UcOPXHC9vu-uFJcdwJS2IkNgWEGynUOFHYgmMrSxhMhoCUzZTnp_s4hCO_V4ZYMo3ZSHHLmRK6FHziWiml_vP8E1GwoDMgUEw52fV2wAT9Btl1aFV6bEjMyRJ26ME8o20LO01gAmPx4DQWsBK-JoVb0l1k2V6tbpSaOpcLu6QpvYYrjXcT0vN6PeNBoLSLecqqqbIqocDemc4yfrw99YLPitdB0q995uTryC5MYUEWp0fj3cH3WQn0QlGfL0X4Vd9YT1ueuHRp8WAKzhQJRurw9abDX-icCJhOhodDar369tq6iwAMst2Sllduq_e5xn17cIwbiQ",
    "token_expiry": "2025-02-08T01:24:17Z"
  },
  "sentinels": {
    "config_sentinel": "/Users/tamjid/.config/gcloud/config_sentinel"
  }
}
2025-02-07 19:24:18,044 INFO     ___FILE_ONLY___ 

