2025-02-07 19:28:31,415 DEBUG    root            Loaded Command Group: ['gcloud', 'config']
2025-02-07 19:28:31,416 DEBUG    root            Loaded Command Group: ['gcloud', 'config', 'config_helper']
2025-02-07 19:28:31,416 DEBUG    root            Running [gcloud.config.config-helper] with arguments: [--format: "json", --min-expiry: "3600"]
2025-02-07 19:28:31,422 DEBUG    google.auth.transport.requests Making request: POST https://oauth2.googleapis.com/token
2025-02-07 19:28:31,427 DEBUG    urllib3.connectionpool Starting new HTTPS connection (1): oauth2.googleapis.com:443
2025-02-07 19:28:31,585 DEBUG    urllib3.connectionpool https://oauth2.googleapis.com:443 "POST /token HTTP/1.1" 200 None
2025-02-07 19:28:31,590 DEBUG    root            Chosen display Format:default json
2025-02-07 19:28:31,590 INFO     root            Display format: "default json"
2025-02-07 19:28:31,608 INFO     ___FILE_ONLY___ {
  "configuration": {
    "active_configuration": "default",
    "properties": {
      "core": {
        "account": "tamjid.rahman@valon.com",
        "disable_prompts": "false",
        "disable_usage_reporting": "True",
        "project": "prod-peach-street"
      }
    }
  },
  "credential": {
    "access_token": "ya29.a0AXeO80RrgwpuTHhkN8y84GxIn0bb4zlPES4lKm5l4iJrzCd_wp_tIEldL5ppPsT2DXQY8Qjp_MHXsl-utVJ2WJpuSw5ydc4pAFVyWPyhJI5r2dkFQ71Ve-dh-u3aZ3H965UCGiXP8gGBDbNCokWIJkTzSAGR7PbsWOYfdy9abQGxqQaCgYKAQoSARISFQHGX2MiPLAUalNUQFywHmTeVVOXeg0181",
    "id_token": "eyJhbGciOiJSUzI1NiIsImtpZCI6ImVlYzUzNGZhNWI4Y2FjYTIwMWNhOGQwZmY5NmI1NGM1NjIyMTBkMWUiLCJ0eXAiOiJKV1QifQ.eyJpc3MiOiJodHRwczovL2FjY291bnRzLmdvb2dsZS5jb20iLCJhenAiOiIzMjU1NTk0MDU1OS5hcHBzLmdvb2dsZXVzZXJjb250ZW50LmNvbSIsImF1ZCI6IjMyNTU1OTQwNTU5LmFwcHMuZ29vZ2xldXNlcmNvbnRlbnQuY29tIiwic3ViIjoiMTAwNjUyNDM4NTEyNzgzNjkzMzI5IiwiaGQiOiJ2YWxvbi5jb20iLCJlbWFpbCI6InRhbWppZC5yYWhtYW5AdmFsb24uY29tIiwiZW1haWxfdmVyaWZpZWQiOnRydWUsImF0X2hhc2giOiJwbUJ6TW1VS3pRWTZzMlVjNXJkQ29BIiwiaWF0IjoxNzM4OTc0NTExLCJleHAiOjE3Mzg5NzgxMTF9.ITDhhyiG3ct4462G6LhFNX4ToMKUtLwdH7SKLb9G62UNcKgVjvWs54KVlYqTs4JUdKuGO5Ef-7bMTrSxllbxHPXLyg8wVZguWo9UWKfJfgX88Fql5W72nIfJcwfMXCzr9ZrY9IRNiDvGq1YQZU7ckycKd2Az0Ox0p9LPQED4EFjdwEU06uWE43FBx8rPTKiS-U8ucBKmomJoObomPyFtJEmYnnzeLpjIPFHA0ryniDubhftESMgSmPlZ2v78RTu3rU76vpiz3aJaM-TzNVbS2jbM8dUg8i9JcZYJiMl1r3p44GggLsx8qB2pjV1OBCwkHRjPOnA_SEEzCxR7cYWclA",
    "token_expiry": "2025-02-08T01:28:30Z"
  },
  "sentinels": {
    "config_sentinel": "/Users/tamjid/.config/gcloud/config_sentinel"
  }
}
2025-02-07 19:28:31,608 INFO     ___FILE_ONLY___ 

