2025-02-07 19:20:53,377 DEBUG    root            Loaded Command Group: ['gcloud', 'config']
2025-02-07 19:20:53,378 DEBUG    root            Loaded Command Group: ['gcloud', 'config', 'config_helper']
2025-02-07 19:20:53,379 DEBUG    root            Running [gcloud.config.config-helper] with arguments: [--format: "json", --min-expiry: "3600"]
2025-02-07 19:20:53,384 DEBUG    google.auth.transport.requests Making request: POST https://oauth2.googleapis.com/token
2025-02-07 19:20:53,390 DEBUG    urllib3.connectionpool Starting new HTTPS connection (1): oauth2.googleapis.com:443
2025-02-07 19:20:53,552 DEBUG    urllib3.connectionpool https://oauth2.googleapis.com:443 "POST /token HTTP/1.1" 200 None
2025-02-07 19:20:53,557 DEBUG    root            Chosen display Format:default json
2025-02-07 19:20:53,557 INFO     root            Display format: "default json"
2025-02-07 19:20:53,578 INFO     ___FILE_ONLY___ {
  "configuration": {
    "active_configuration": "default",
    "properties": {
      "core": {
        "account": "tamjid.rahman@valon.com",
        "disable_prompts": "false",
        "disable_usage_reporting": "True",
        "project": "prod-peach-street"
      }
    }
  },
  "credential": {
    "access_token": "ya29.a0AXeO80Tg5HX0lCB-xDbsDGd2GP0ZUBiAD_3eAC7fK2r74Oqk3dF5kRUVFfHGysLVJrNQxd6OD_9CCyJlTslPWjMpzsv3TY9xGzWrmerRFBF39dLx7ylJXz4BEpg07DYls2Vorgu2Zy-RehenFtUZAby-nuNS0BrALYuYlQfAABLY3waCgYKAc4SARISFQHGX2Mi7ojZQbfJ1-CtyZoQkG0lVQ0181",
    "id_token": "eyJhbGciOiJSUzI1NiIsImtpZCI6ImVlYzUzNGZhNWI4Y2FjYTIwMWNhOGQwZmY5NmI1NGM1NjIyMTBkMWUiLCJ0eXAiOiJKV1QifQ.eyJpc3MiOiJodHRwczovL2FjY291bnRzLmdvb2dsZS5jb20iLCJhenAiOiIzMjU1NTk0MDU1OS5hcHBzLmdvb2dsZXVzZXJjb250ZW50LmNvbSIsImF1ZCI6IjMyNTU1OTQwNTU5LmFwcHMuZ29vZ2xldXNlcmNvbnRlbnQuY29tIiwic3ViIjoiMTAwNjUyNDM4NTEyNzgzNjkzMzI5IiwiaGQiOiJ2YWxvbi5jb20iLCJlbWFpbCI6InRhbWppZC5yYWhtYW5AdmFsb24uY29tIiwiZW1haWxfdmVyaWZpZWQiOnRydWUsImF0X2hhc2giOiJwTTZzaHJLWkxFanpOUjJ0TmQxa0xnIiwiaWF0IjoxNzM4OTc0MDUzLCJleHAiOjE3Mzg5Nzc2NTN9.OxauirRWjk06JQccDYP3XXiY9-ZKapmjO9QltfJjNOSefWSItDPDZD3Ilq8TzCOpZHz7UuUxLYoDLqeTf5CazDUkCj0__gJVrLn5pMvlaKLeQQOIPtpImVVEcRTY9fvSp4lkeuyh7niv05Zacp6GWl7VWCQBkI6ZMW90q4PwYvWDb5i9MxbnCmzt-L0bsXH5BT-YlGS2kX1M18ErNeNXE2Wtnhirv56CwrT5Lf_KLLtjTTozx9PvHf6hrp9sAdtyCIQd56eDYZBg0-H9EyznJdonrC6kj_0GXZsUw9Gd9y1ObQXNhI7wtEFxb4uc4FYQADPMVZuNpKSv4sqhBimRUw",
    "token_expiry": "2025-02-08T01:20:52Z"
  },
  "sentinels": {
    "config_sentinel": "/Users/tamjid/.config/gcloud/config_sentinel"
  }
}
2025-02-07 19:20:53,578 INFO     ___FILE_ONLY___ 

