2025-02-07 19:20:57,791 DEBUG    root            Loaded Command Group: ['gcloud', 'config']
2025-02-07 19:20:57,792 DEBUG    root            Loaded Command Group: ['gcloud', 'config', 'config_helper']
2025-02-07 19:20:57,793 DEBUG    root            Running [gcloud.config.config-helper] with arguments: [--format: "json", --min-expiry: "3600"]
2025-02-07 19:20:57,798 DEBUG    google.auth.transport.requests Making request: POST https://oauth2.googleapis.com/token
2025-02-07 19:20:57,804 DEBUG    urllib3.connectionpool Starting new HTTPS connection (1): oauth2.googleapis.com:443
2025-02-07 19:20:58,003 DEBUG    urllib3.connectionpool https://oauth2.googleapis.com:443 "POST /token HTTP/1.1" 200 None
2025-02-07 19:20:58,008 DEBUG    root            Chosen display Format:default json
2025-02-07 19:20:58,009 INFO     root            Display format: "default json"
2025-02-07 19:20:58,031 INFO     ___FILE_ONLY___ {
  "configuration": {
    "active_configuration": "default",
    "properties": {
      "core": {
        "account": "tamjid.rahman@valon.com",
        "disable_prompts": "false",
        "disable_usage_reporting": "True",
        "project": "prod-peach-street"
      }
    }
  },
  "credential": {
    "access_token": "ya29.a0AXeO80TbeDkrXxuY0izjHf_1xYdvKv27mJmYb-_A_2yzkEjh7J2QJEuNtgMlz59gFzVZsTRBk_RCSZFuxm8-xOf3A7igETVq5x1KUJBI-ws2Eb_Y33T_9I2fYzGACyHTxqN0hhUuMZRMaxcFKHk54lJuhzRhn6tLd13cfbHIElyOlQaCgYKASMSARISFQHGX2Mi8l7cUxbToqnvTXr-HVG5NQ0181",
    "id_token": "eyJhbGciOiJSUzI1NiIsImtpZCI6ImVlYzUzNGZhNWI4Y2FjYTIwMWNhOGQwZmY5NmI1NGM1NjIyMTBkMWUiLCJ0eXAiOiJKV1QifQ.eyJpc3MiOiJodHRwczovL2FjY291bnRzLmdvb2dsZS5jb20iLCJhenAiOiIzMjU1NTk0MDU1OS5hcHBzLmdvb2dsZXVzZXJjb250ZW50LmNvbSIsImF1ZCI6IjMyNTU1OTQwNTU5LmFwcHMuZ29vZ2xldXNlcmNvbnRlbnQuY29tIiwic3ViIjoiMTAwNjUyNDM4NTEyNzgzNjkzMzI5IiwiaGQiOiJ2YWxvbi5jb20iLCJlbWFpbCI6InRhbWppZC5yYWhtYW5AdmFsb24uY29tIiwiZW1haWxfdmVyaWZpZWQiOnRydWUsImF0X2hhc2giOiI2Y3ZFQkhDLUhYcGtaWmdDNzl3d1VBIiwiaWF0IjoxNzM4OTc0MDU4LCJleHAiOjE3Mzg5Nzc2NTh9.wdJU98Bx2MHrXPNzsfBxc484E4_HG5BA9vYDg2J6piH3iYpUJSgH5mzeTzMVkkWoD2pfWc2pxDtYR-jCptr5_YUy-xRaqN44f4X0LzqIxfEtcvTNfL7Y_xsEIqGcMhHdgGi96sBLMECUsvJoua56WLLaSOwDzAGw0BuLlf7FBy5qPUfTbddrnhj4L7erZ1xfyy9fOPjDjbqRm2oMjWnruR_RATFgiarwUElD_KE-VJGuxPn_zWMWamNNIl9GzsV4DKK9Up7F_HA0ngacJI9pUGT02FYKMJAC1gzMsHiVr_BtI2J8vzu2gtdLbkgd9G5Ommqu-sFJ1atVWgUWFKHd3Q",
    "token_expiry": "2025-02-08T01:20:56Z"
  },
  "sentinels": {
    "config_sentinel": "/Users/tamjid/.config/gcloud/config_sentinel"
  }
}
2025-02-07 19:20:58,031 INFO     ___FILE_ONLY___ 

