2025-02-07 19:21:04,825 DEBUG    root            Loaded Command Group: ['gcloud', 'config']
2025-02-07 19:21:04,826 DEBUG    root            Loaded Command Group: ['gcloud', 'config', 'config_helper']
2025-02-07 19:21:04,826 DEBUG    root            Running [gcloud.config.config-helper] with arguments: [--format: "json", --min-expiry: "3600"]
2025-02-07 19:21:04,832 DEBUG    google.auth.transport.requests Making request: POST https://oauth2.googleapis.com/token
2025-02-07 19:21:04,837 DEBUG    urllib3.connectionpool Starting new HTTPS connection (1): oauth2.googleapis.com:443
2025-02-07 19:21:05,009 DEBUG    urllib3.connectionpool https://oauth2.googleapis.com:443 "POST /token HTTP/1.1" 200 None
2025-02-07 19:21:05,013 DEBUG    root            Chosen display Format:default json
2025-02-07 19:21:05,014 INFO     root            Display format: "default json"
2025-02-07 19:21:05,033 INFO     ___FILE_ONLY___ {
  "configuration": {
    "active_configuration": "default",
    "properties": {
      "core": {
        "account": "tamjid.rahman@valon.com",
        "disable_prompts": "false",
        "disable_usage_reporting": "True",
        "project": "prod-peach-street"
      }
    }
  },
  "credential": {
    "access_token": "ya29.a0AXeO80QvPwBBY3z0U5dpDuS0bKPHPwZwvkz_6iCtWGDPemB0OSmx43BXLHnxR3imAsOVI02iDrlfP2kjHS-z84jJ7xNlrii4EvrlOibwDPHF9vWDirhizo0kC6MTRCwjsZx0gCDjRNQ533965zBwYrfl3B-yirDqchRRGsHf3KZQUgaCgYKAf8SARISFQHGX2MimN554MNsJh2wcn3AQqz0Tg0181",
    "id_token": "eyJhbGciOiJSUzI1NiIsImtpZCI6ImVlYzUzNGZhNWI4Y2FjYTIwMWNhOGQwZmY5NmI1NGM1NjIyMTBkMWUiLCJ0eXAiOiJKV1QifQ.eyJpc3MiOiJodHRwczovL2FjY291bnRzLmdvb2dsZS5jb20iLCJhenAiOiIzMjU1NTk0MDU1OS5hcHBzLmdvb2dsZXVzZXJjb250ZW50LmNvbSIsImF1ZCI6IjMyNTU1OTQwNTU5LmFwcHMuZ29vZ2xldXNlcmNvbnRlbnQuY29tIiwic3ViIjoiMTAwNjUyNDM4NTEyNzgzNjkzMzI5IiwiaGQiOiJ2YWxvbi5jb20iLCJlbWFpbCI6InRhbWppZC5yYWhtYW5AdmFsb24uY29tIiwiZW1haWxfdmVyaWZpZWQiOnRydWUsImF0X2hhc2giOiJibUZNVmVadi1FSUlHN0MxNER5UEtRIiwiaWF0IjoxNzM4OTc0MDY1LCJleHAiOjE3Mzg5Nzc2NjV9.Nmjl_GNeIZRDhQ8YjY2wG8rnZ6XyVE7iPVR3HmZ_EuEp4FXWCWQ6xNkF8zYvrgJ8wiPkd3rwxtZqosOYec71Ia-FS23MZzzZLPOljb-6cyzZMEYXddx7pi7TtM0FlM_OzNypdjQIPtSV8Dal4JrQYWbl4p_Q84VRIC2nqs_O_xlV10eqgbzZsnJmHJ6w3Ma0XtJUl0py8y2wAwR5Ivu3LlXJqojFBx8wAWirwSFr4nAbSnC_MntzEdtjFc-XOJ-U3vU9rxqD3YX2vCtefsdHRmNlufsS7YFbP0NHxiCsc4RbRIh-0OI1qv5Kl-Em8JsDkqeG66b9tfkEulZ-hrPpuQ",
    "token_expiry": "2025-02-08T01:21:04Z"
  },
  "sentinels": {
    "config_sentinel": "/Users/tamjid/.config/gcloud/config_sentinel"
  }
}
2025-02-07 19:21:05,033 INFO     ___FILE_ONLY___ 

