2025-02-07 19:26:11,963 DEBUG    root            Loaded Command Group: ['gcloud', 'config']
2025-02-07 19:26:11,964 DEBUG    root            Loaded Command Group: ['gcloud', 'config', 'config_helper']
2025-02-07 19:26:11,965 DEBUG    root            Running [gcloud.config.config-helper] with arguments: [--format: "json", --min-expiry: "3600"]
2025-02-07 19:26:11,970 DEBUG    google.auth.transport.requests Making request: POST https://oauth2.googleapis.com/token
2025-02-07 19:26:11,975 DEBUG    urllib3.connectionpool Starting new HTTPS connection (1): oauth2.googleapis.com:443
2025-02-07 19:26:12,141 DEBUG    urllib3.connectionpool https://oauth2.googleapis.com:443 "POST /token HTTP/1.1" 200 None
2025-02-07 19:26:12,146 DEBUG    root            Chosen display Format:default json
2025-02-07 19:26:12,146 INFO     root            Display format: "default json"
2025-02-07 19:26:12,167 INFO     ___FILE_ONLY___ {
  "configuration": {
    "active_configuration": "default",
    "properties": {
      "core": {
        "account": "tamjid.rahman@valon.com",
        "disable_prompts": "false",
        "disable_usage_reporting": "True",
        "project": "prod-peach-street"
      }
    }
  },
  "credential": {
    "access_token": "ya29.a0AXeO80RgnnC3SCfbp6WpF8jHXkL4BXx0Zl5NhKG3Dhby0Q1wEnaHbR86q99A_ErugV0axdYSVCSzTxGcM38_PdUYP6aYOLaQmZwROonPuKe9Jnfx662eh4__J_K7YOg_LmcSdYKnDyvMIvzzZdf5x2cie1flDFzqvGmmJ9zI3gex6QaCgYKAQwSARISFQHGX2MiXGLIOiUiQPa0D1lZzY6tkA0181",
    "id_token": "eyJhbGciOiJSUzI1NiIsImtpZCI6ImVlYzUzNGZhNWI4Y2FjYTIwMWNhOGQwZmY5NmI1NGM1NjIyMTBkMWUiLCJ0eXAiOiJKV1QifQ.eyJpc3MiOiJodHRwczovL2FjY291bnRzLmdvb2dsZS5jb20iLCJhenAiOiIzMjU1NTk0MDU1OS5hcHBzLmdvb2dsZXVzZXJjb250ZW50LmNvbSIsImF1ZCI6IjMyNTU1OTQwNTU5LmFwcHMuZ29vZ2xldXNlcmNvbnRlbnQuY29tIiwic3ViIjoiMTAwNjUyNDM4NTEyNzgzNjkzMzI5IiwiaGQiOiJ2YWxvbi5jb20iLCJlbWFpbCI6InRhbWppZC5yYWhtYW5AdmFsb24uY29tIiwiZW1haWxfdmVyaWZpZWQiOnRydWUsImF0X2hhc2giOiJPek96dW56SzdfV0NGa3JfWEZrZ2x3IiwiaWF0IjoxNzM4OTc0MzcyLCJleHAiOjE3Mzg5Nzc5NzJ9.DKxt_w1qVemh-dnd60AK0U8Imwf7fKu3Y7MulFRRG3KTU_QhI-xjGrc3o8gUK6bXNm3gG7Rip14qczQXkAIS3An83dfbCNJL_gewhHxhWpLwbORSKWrcKzULSEu5lXBTsWXL75xBz2IPRx1BfSlLRqpugOPBV2EXZrj0-wwHT5wQaPcsDLr1eY22OKikMAnyWLlrnLiLDaOYT6eAnpSVqtyZ8_SN_B6vZxvfvkIUb-tMPy1jx5ZtZdLYie7eLv5G6iHEbVlh1oALZ-ccY0ajBKnj0siOdjvM8KVkbyDfzdcbTVhpo69FWsqZsGLI39xPW1Z7gs5zH1QrAMfSI9_L6A",
    "token_expiry": "2025-02-08T01:26:11Z"
  },
  "sentinels": {
    "config_sentinel": "/Users/tamjid/.config/gcloud/config_sentinel"
  }
}
2025-02-07 19:26:12,167 INFO     ___FILE_ONLY___ 

