2025-02-07 19:36:08,807 DEBUG    root            Loaded Command Group: ['gcloud', 'config']
2025-02-07 19:36:08,808 DEBUG    root            Loaded Command Group: ['gcloud', 'config', 'config_helper']
2025-02-07 19:36:08,809 DEBUG    root            Running [gcloud.config.config-helper] with arguments: [--format: "json", --min-expiry: "3600"]
2025-02-07 19:36:08,815 DEBUG    google.auth.transport.requests Making request: POST https://oauth2.googleapis.com/token
2025-02-07 19:36:08,820 DEBUG    urllib3.connectionpool Starting new HTTPS connection (1): oauth2.googleapis.com:443
2025-02-07 19:36:08,997 DEBUG    urllib3.connectionpool https://oauth2.googleapis.com:443 "POST /token HTTP/1.1" 200 None
2025-02-07 19:36:09,001 DEBUG    root            Chosen display Format:default json
2025-02-07 19:36:09,001 INFO     root            Display format: "default json"
2025-02-07 19:36:09,016 INFO     ___FILE_ONLY___ {
  "configuration": {
    "active_configuration": "default",
    "properties": {
      "core": {
        "account": "tamjid.rahman@valon.com",
        "disable_prompts": "false",
        "disable_usage_reporting": "True",
        "project": "prod-peach-street"
      }
    }
  },
  "credential": {
    "access_token": "ya29.a0AXeO80R9Ud0Mt49aBLHGxU-Cgk8Rh2xTbEzzoLm5CW5hfMGiUngw2M_UDSpVjKCO4xUWSIG_d0uXuQbATAEdbG0HvEWDjEJscjci5Zh8H3lGtiJn8QKI9PPLcF2XdIIkElwXy5jMkex8K4ZpIRyiFbPvkkrn2-8WX_KhoV_64Ye8LwaCgYKASMSARISFQHGX2Mipx8AcJx7L42oBmGKPYJSzg0181",
    "id_token": "eyJhbGciOiJSUzI1NiIsImtpZCI6ImVlYzUzNGZhNWI4Y2FjYTIwMWNhOGQwZmY5NmI1NGM1NjIyMTBkMWUiLCJ0eXAiOiJKV1QifQ.eyJpc3MiOiJodHRwczovL2FjY291bnRzLmdvb2dsZS5jb20iLCJhenAiOiIzMjU1NTk0MDU1OS5hcHBzLmdvb2dsZXVzZXJjb250ZW50LmNvbSIsImF1ZCI6IjMyNTU1OTQwNTU5LmFwcHMuZ29vZ2xldXNlcmNvbnRlbnQuY29tIiwic3ViIjoiMTAwNjUyNDM4NTEyNzgzNjkzMzI5IiwiaGQiOiJ2YWxvbi5jb20iLCJlbWFpbCI6InRhbWppZC5yYWhtYW5AdmFsb24uY29tIiwiZW1haWxfdmVyaWZpZWQiOnRydWUsImF0X2hhc2giOiJhOWNpTnJUMEwtNmg4cDBobEw0c1pRIiwiaWF0IjoxNzM4OTc0OTY4LCJleHAiOjE3Mzg5Nzg1Njh9.kW2a73Y_69oUh66ThS3J8efIERPBijpAo6bxyF9QVH_QzG1Mn2p4DXEVR7Vl3JZu_C3-jXOAZlwO1Bt7CzmHg_CkSK074ZgawGgGAGp1frXHISK-AZECbFzTibzPcThe-Fcd7UnbU_btXrzuuNxGGJmUGXsLuAGfzVIRQyR2X4gWfO-W8N2BmgAMZpcTs8gUiTg1NZcm5W7WS_fbya9crFaEY1YlS69eodTWLhWBDkc7umFZmzRIJeqduHqIBZCQ6ThzTWffiEemqPgdUlLTJ1kLjcxIFWMHtc0K7H2G30Xn6cpcNcOdRkR5vtvZjNwQR_QU19u7kZEkyvr453tuGA",
    "token_expiry": "2025-02-08T01:36:07Z"
  },
  "sentinels": {
    "config_sentinel": "/Users/tamjid/.config/gcloud/config_sentinel"
  }
}
2025-02-07 19:36:09,016 INFO     ___FILE_ONLY___ 

