2025-02-07 19:35:47,438 DEBUG    root            Loaded Command Group: ['gcloud', 'config']
2025-02-07 19:35:47,439 DEBUG    root            Loaded Command Group: ['gcloud', 'config', 'config_helper']
2025-02-07 19:35:47,440 DEBUG    root            Running [gcloud.config.config-helper] with arguments: [--format: "json", --min-expiry: "3600"]
2025-02-07 19:35:47,446 DEBUG    google.auth.transport.requests Making request: POST https://oauth2.googleapis.com/token
2025-02-07 19:35:47,451 DEBUG    urllib3.connectionpool Starting new HTTPS connection (1): oauth2.googleapis.com:443
2025-02-07 19:35:47,612 DEBUG    urllib3.connectionpool https://oauth2.googleapis.com:443 "POST /token HTTP/1.1" 200 None
2025-02-07 19:35:47,615 DEBUG    root            Chosen display Format:default json
2025-02-07 19:35:47,615 INFO     root            Display format: "default json"
2025-02-07 19:35:47,630 INFO     ___FILE_ONLY___ {
  "configuration": {
    "active_configuration": "default",
    "properties": {
      "core": {
        "account": "tamjid.rahman@valon.com",
        "disable_prompts": "false",
        "disable_usage_reporting": "True",
        "project": "prod-peach-street"
      }
    }
  },
  "credential": {
    "access_token": "ya29.a0AXeO80RMMp5ijpTB3LBGqmMfSecqHqJiuLqVz7gBfCyaDuYzEEDbEc4WBhAwpQFP1ZoF9hnQlSpjJZDfHXjf_8GGRhM6ktp8gYh4kc8RpDrnftlKb2mlHhefQaqvvQLxTmft8GG1TtKKHie7-CiOKvJUpP4hOmP4VjHQTqO1kYFdDwaCgYKAVASARISFQHGX2MiCeTRec5-mZLMz5GJiXGOAg0181",
    "id_token": "eyJhbGciOiJSUzI1NiIsImtpZCI6ImVlYzUzNGZhNWI4Y2FjYTIwMWNhOGQwZmY5NmI1NGM1NjIyMTBkMWUiLCJ0eXAiOiJKV1QifQ.eyJpc3MiOiJodHRwczovL2FjY291bnRzLmdvb2dsZS5jb20iLCJhenAiOiIzMjU1NTk0MDU1OS5hcHBzLmdvb2dsZXVzZXJjb250ZW50LmNvbSIsImF1ZCI6IjMyNTU1OTQwNTU5LmFwcHMuZ29vZ2xldXNlcmNvbnRlbnQuY29tIiwic3ViIjoiMTAwNjUyNDM4NTEyNzgzNjkzMzI5IiwiaGQiOiJ2YWxvbi5jb20iLCJlbWFpbCI6InRhbWppZC5yYWhtYW5AdmFsb24uY29tIiwiZW1haWxfdmVyaWZpZWQiOnRydWUsImF0X2hhc2giOiJueDdiVF9UOGIxVFFYRVh6d0ZLVWtnIiwiaWF0IjoxNzM4OTc0OTQ3LCJleHAiOjE3Mzg5Nzg1NDd9.2y9WuOk0whFIJ99UzsKrfBtVJJg7wp7XqaYyvgtPFtQJ6TMFeBtp2T9NatW8u37yM0KKvoG9qtz-bZkRrx0sezoh40AW75Qog0GrzMbfWiFeoqWmtpQUP7bBCZqVVIGwgAQAtOdDmZbRvRVnymMOLM16GCpBnlwvH594TExphvfkKHDClna8Xz-uR5aMPNibsm_ayq5vcA9PQIW87PdOeWbxBj7D9BVE9Ii15-9OKNU9FJ5AUBQ4Q98ZZHgTmiu294X6LEDcRa2J6G3djjBpl5utf8izuOQHjEzk_1rx03W56F4iG2uu_ycdh7d0WTwgqpI0Yq9pQ9sn6ebado58rA",
    "token_expiry": "2025-02-08T01:35:46Z"
  },
  "sentinels": {
    "config_sentinel": "/Users/tamjid/.config/gcloud/config_sentinel"
  }
}
2025-02-07 19:35:47,630 INFO     ___FILE_ONLY___ 

