2025-02-07 19:37:54,188 DEBUG    root            Loaded Command Group: ['gcloud', 'config']
2025-02-07 19:37:54,188 DEBUG    root            Loaded Command Group: ['gcloud', 'config', 'config_helper']
2025-02-07 19:37:54,189 DEBUG    root            Running [gcloud.config.config-helper] with arguments: [--format: "json", --min-expiry: "3600"]
2025-02-07 19:37:54,200 DEBUG    google.auth.transport.requests Making request: POST https://oauth2.googleapis.com/token
2025-02-07 19:37:54,205 DEBUG    urllib3.connectionpool Starting new HTTPS connection (1): oauth2.googleapis.com:443
2025-02-07 19:37:54,370 DEBUG    urllib3.connectionpool https://oauth2.googleapis.com:443 "POST /token HTTP/1.1" 200 None
2025-02-07 19:37:54,373 DEBUG    root            Chosen display Format:default json
2025-02-07 19:37:54,373 INFO     root            Display format: "default json"
2025-02-07 19:37:54,388 INFO     ___FILE_ONLY___ {
  "configuration": {
    "active_configuration": "default",
    "properties": {
      "core": {
        "account": "tamjid.rahman@valon.com",
        "disable_prompts": "false",
        "disable_usage_reporting": "True",
        "project": "prod-peach-street"
      }
    }
  },
  "credential": {
    "access_token": "ya29.a0AXeO80SrAXabSuBQe9FimifzNneQnwLAEW9UWhJYYuzslmiNSr1MYcJAm5IVSxcMV9Br_lv2UOsiDS9YaUY_VN3A8q4sJMdDI-IzaBNE7U1wFM8YpTit1HeXzh7Jxtz8QfuAfeefaigIISbUlJ_PplNz6-4P3sS4lfPVd4k9KOK9jwaCgYKASsSARISFQHGX2MiRCgIzlTS_EYR4JHr-n-yeA0181",
    "id_token": "eyJhbGciOiJSUzI1NiIsImtpZCI6ImVlYzUzNGZhNWI4Y2FjYTIwMWNhOGQwZmY5NmI1NGM1NjIyMTBkMWUiLCJ0eXAiOiJKV1QifQ.eyJpc3MiOiJodHRwczovL2FjY291bnRzLmdvb2dsZS5jb20iLCJhenAiOiIzMjU1NTk0MDU1OS5hcHBzLmdvb2dsZXVzZXJjb250ZW50LmNvbSIsImF1ZCI6IjMyNTU1OTQwNTU5LmFwcHMuZ29vZ2xldXNlcmNvbnRlbnQuY29tIiwic3ViIjoiMTAwNjUyNDM4NTEyNzgzNjkzMzI5IiwiaGQiOiJ2YWxvbi5jb20iLCJlbWFpbCI6InRhbWppZC5yYWhtYW5AdmFsb24uY29tIiwiZW1haWxfdmVyaWZpZWQiOnRydWUsImF0X2hhc2giOiJCYVBoclg2WXJ6UFJfS0Z6S045VzRnIiwiaWF0IjoxNzM4OTc1MDc0LCJleHAiOjE3Mzg5Nzg2NzR9.Q4JbD85tpgumSxYCbrDeDCw9E_35v12DDnEXB80VXsGk-Xs1Zxb2irV8zr1CwNxJlnbUEhT5CTUNAYcPt9HZ_MIBrU-bhcmAzYrcAlHDNV_qeGb8X0sTiyw6QFadkmCEqD_NB9Rj3YoOFCZD_Yt4vg0gT8ZxISnTnMUUq8GTxuGrWBiGTM2Ro8rUmxMMplAyDsrD4WftUEvKveA3n9dse07T1htSYBr34ZXvMK-66Kk6PES5mkHGO5m3WAo9GeXujveB53mrUsTWlu0tL47aiU9g4YYN43MdC7LtYjN-abNZYIHipLPUZwC8pHcRiXOoA9c0FdbvGDoK4rO2btc-CA",
    "token_expiry": "2025-02-08T01:37:53Z"
  },
  "sentinels": {
    "config_sentinel": "/Users/tamjid/.config/gcloud/config_sentinel"
  }
}
2025-02-07 19:37:54,388 INFO     ___FILE_ONLY___ 

