2025-02-07 19:34:34,129 DEBUG    root            Loaded Command Group: ['gcloud', 'config']
2025-02-07 19:34:34,130 DEBUG    root            Loaded Command Group: ['gcloud', 'config', 'config_helper']
2025-02-07 19:34:34,130 DEBUG    root            Running [gcloud.config.config-helper] with arguments: [--format: "json", --min-expiry: "3600"]
2025-02-07 19:34:34,135 DEBUG    google.auth.transport.requests Making request: POST https://oauth2.googleapis.com/token
2025-02-07 19:34:34,141 DEBUG    urllib3.connectionpool Starting new HTTPS connection (1): oauth2.googleapis.com:443
2025-02-07 19:34:34,303 DEBUG    urllib3.connectionpool https://oauth2.googleapis.com:443 "POST /token HTTP/1.1" 200 None
2025-02-07 19:34:34,308 DEBUG    root            Chosen display Format:default json
2025-02-07 19:34:34,308 INFO     root            Display format: "default json"
2025-02-07 19:34:34,328 INFO     ___FILE_ONLY___ {
  "configuration": {
    "active_configuration": "default",
    "properties": {
      "core": {
        "account": "tamjid.rahman@valon.com",
        "disable_prompts": "false",
        "disable_usage_reporting": "True",
        "project": "prod-peach-street"
      }
    }
  },
  "credential": {
    "access_token": "ya29.a0AXeO80RV_ol7OuWUIZtLZeNI4xkDh6SWZI8nOxWR7qm9evodrE6UnTx0R2glkQS0dvGxyUOGvtO3AbLKGpj0zTqDfZIiNXToh-mD-YNZbsagwjZuCcQNGaoBtQaf-b62xGcNA5YzuzMcJ1zAZvTljn0sTv7C5LY2Dd9Xw0C9DbJH_waCgYKAZQSARISFQHGX2Mi05pwTGk2UXA8FzMJtIqKSQ0181",
    "id_token": "eyJhbGciOiJSUzI1NiIsImtpZCI6ImVlYzUzNGZhNWI4Y2FjYTIwMWNhOGQwZmY5NmI1NGM1NjIyMTBkMWUiLCJ0eXAiOiJKV1QifQ.eyJpc3MiOiJodHRwczovL2FjY291bnRzLmdvb2dsZS5jb20iLCJhenAiOiIzMjU1NTk0MDU1OS5hcHBzLmdvb2dsZXVzZXJjb250ZW50LmNvbSIsImF1ZCI6IjMyNTU1OTQwNTU5LmFwcHMuZ29vZ2xldXNlcmNvbnRlbnQuY29tIiwic3ViIjoiMTAwNjUyNDM4NTEyNzgzNjkzMzI5IiwiaGQiOiJ2YWxvbi5jb20iLCJlbWFpbCI6InRhbWppZC5yYWhtYW5AdmFsb24uY29tIiwiZW1haWxfdmVyaWZpZWQiOnRydWUsImF0X2hhc2giOiJXTHU4aGZTUThIajluaTYyQ3l2Y2xRIiwiaWF0IjoxNzM4OTc0ODc0LCJleHAiOjE3Mzg5Nzg0NzR9.p-K7bg03o6HYyYmRP7wqIS6wJUJygSzM20Id7ujHWhwxmNObIWqnqfZfdcjIpwjmaXBz-M9PXWXzeXCCaqUeYnW_WsWnJfABFk5wGf4Dl9qCXQ5XHNlbT-pf8ikZ4pJ3f7bPx1oZCmh6yQqsZrdqUDlRUvOB2UkYHAxkIxrb7-hkz7fcFYVA01vt4FIbgIHgtcVHcdod1X2LsPDCmHdQ3LstQe64vr7fj_09f4wlxfVQiPKsRzVQHIDjklkegtbJqYj9fA2ergxXRZ6TsAuZTHsCM1uGgnPbAV1qLxP7upb9ZZxFrDfaEpa3Q8GO_ho5qNsSyNhw7WHLdzHqAcSrgA",
    "token_expiry": "2025-02-08T01:34:33Z"
  },
  "sentinels": {
    "config_sentinel": "/Users/tamjid/.config/gcloud/config_sentinel"
  }
}
2025-02-07 19:34:34,328 INFO     ___FILE_ONLY___ 

