2025-02-07 19:35:46,970 DEBUG    root            Loaded Command Group: ['gcloud', 'config']
2025-02-07 19:35:46,971 DEBUG    root            Loaded Command Group: ['gcloud', 'config', 'config_helper']
2025-02-07 19:35:46,971 DEBUG    root            Running [gcloud.config.config-helper] with arguments: [--format: "json", --min-expiry: "3600"]
2025-02-07 19:35:46,977 DEBUG    google.auth.transport.requests Making request: POST https://oauth2.googleapis.com/token
2025-02-07 19:35:46,983 DEBUG    urllib3.connectionpool Starting new HTTPS connection (1): oauth2.googleapis.com:443
2025-02-07 19:35:47,141 DEBUG    urllib3.connectionpool https://oauth2.googleapis.com:443 "POST /token HTTP/1.1" 200 None
2025-02-07 19:35:47,143 DEBUG    root            Chosen display Format:default json
2025-02-07 19:35:47,144 INFO     root            Display format: "default json"
2025-02-07 19:35:47,159 INFO     ___FILE_ONLY___ {
  "configuration": {
    "active_configuration": "default",
    "properties": {
      "core": {
        "account": "tamjid.rahman@valon.com",
        "disable_prompts": "false",
        "disable_usage_reporting": "True",
        "project": "prod-peach-street"
      }
    }
  },
  "credential": {
    "access_token": "ya29.a0AXeO80T8rjvpJvaXxPafLMlvkajm5Fmnd67opSmnmhGz3vstLVaEIhAAE5UIkpr37iaBAShph977s0hsWVHW26IhA_5IFSQz6QD6D-6K1A70BkeTHFYtwjajU1ZmzjzNXqft3VKqADdJTTKpMnfq5p6d4f9NRpSgo_wI9Orr5kDnJQaCgYKAZ8SARISFQHGX2MieNot0MirdsJAUok0d7ndIQ0181",
    "id_token": "eyJhbGciOiJSUzI1NiIsImtpZCI6ImVlYzUzNGZhNWI4Y2FjYTIwMWNhOGQwZmY5NmI1NGM1NjIyMTBkMWUiLCJ0eXAiOiJKV1QifQ.eyJpc3MiOiJodHRwczovL2FjY291bnRzLmdvb2dsZS5jb20iLCJhenAiOiIzMjU1NTk0MDU1OS5hcHBzLmdvb2dsZXVzZXJjb250ZW50LmNvbSIsImF1ZCI6IjMyNTU1OTQwNTU5LmFwcHMuZ29vZ2xldXNlcmNvbnRlbnQuY29tIiwic3ViIjoiMTAwNjUyNDM4NTEyNzgzNjkzMzI5IiwiaGQiOiJ2YWxvbi5jb20iLCJlbWFpbCI6InRhbWppZC5yYWhtYW5AdmFsb24uY29tIiwiZW1haWxfdmVyaWZpZWQiOnRydWUsImF0X2hhc2giOiJlQkd5MkpURDg0OG9tcks0dC1mYzN3IiwiaWF0IjoxNzM4OTc0OTQ3LCJleHAiOjE3Mzg5Nzg1NDd9.ogU85c6TixmxIENhYlCntjkCNJOf90bCBluPO-KaBsYtHsEEfR-AGxdLBCf_AXeyrFlPnH2eMYVJgbCNtHnylKyyBWJZXhygvWyoClgFCwnC-xQqfhwclbQTDBNx3n-XEYddvcrIT53mileYjeLIYB6XsxkxosgqMvJcy5HJQOA4A-b6aV-d-2t994mkOSbqATpil41OmkUrOJaYWWyo45XKAJ2uT_2mx2KRi50YICXSpe9_o_lgzJq0RksLKukdusU0yF9YuhqpWt04PaUejS5gXPEw_Gd_0XsGJF7_ZT2HxL-H5IZIO2AIB_FZ93pny4oCrYK2YCn_TzqSDx4FZg",
    "token_expiry": "2025-02-08T01:35:46Z"
  },
  "sentinels": {
    "config_sentinel": "/Users/tamjid/.config/gcloud/config_sentinel"
  }
}
2025-02-07 19:35:47,159 INFO     ___FILE_ONLY___ 

