2025-02-07 19:30:30,526 DEBUG    root            Loaded Command Group: ['gcloud', 'config']
2025-02-07 19:30:30,527 DEBUG    root            Loaded Command Group: ['gcloud', 'config', 'config_helper']
2025-02-07 19:30:30,527 DEBUG    root            Running [gcloud.config.config-helper] with arguments: [--format: "json", --min-expiry: "3600"]
2025-02-07 19:30:30,533 DEBUG    google.auth.transport.requests Making request: POST https://oauth2.googleapis.com/token
2025-02-07 19:30:30,538 DEBUG    urllib3.connectionpool Starting new HTTPS connection (1): oauth2.googleapis.com:443
2025-02-07 19:30:30,705 DEBUG    urllib3.connectionpool https://oauth2.googleapis.com:443 "POST /token HTTP/1.1" 200 None
2025-02-07 19:30:30,709 DEBUG    root            Chosen display Format:default json
2025-02-07 19:30:30,710 INFO     root            Display format: "default json"
2025-02-07 19:30:30,729 INFO     ___FILE_ONLY___ {
  "configuration": {
    "active_configuration": "default",
    "properties": {
      "core": {
        "account": "tamjid.rahman@valon.com",
        "disable_prompts": "false",
        "disable_usage_reporting": "True",
        "project": "prod-peach-street"
      }
    }
  },
  "credential": {
    "access_token": "ya29.a0AXeO80QTfB_Lra6w95nu742pqrCxcowZAAdSoQtdpaSto3-YA_SeevHYeslWC8Jt_4vUhnkjD_3Jte7ggEs5IO4sP27bOYyaX723sUuVTAvu_GP_hXtTPNvMfh7D1gVuItw236oIgrFNDJTn_T-iHsfHaR7buiSki0SwW1p1aNruWwaCgYKAYkSARISFQHGX2MiwelLZ0gGiNWcS0oXNdI9Zg0181",
    "id_token": "eyJhbGciOiJSUzI1NiIsImtpZCI6ImVlYzUzNGZhNWI4Y2FjYTIwMWNhOGQwZmY5NmI1NGM1NjIyMTBkMWUiLCJ0eXAiOiJKV1QifQ.eyJpc3MiOiJodHRwczovL2FjY291bnRzLmdvb2dsZS5jb20iLCJhenAiOiIzMjU1NTk0MDU1OS5hcHBzLmdvb2dsZXVzZXJjb250ZW50LmNvbSIsImF1ZCI6IjMyNTU1OTQwNTU5LmFwcHMuZ29vZ2xldXNlcmNvbnRlbnQuY29tIiwic3ViIjoiMTAwNjUyNDM4NTEyNzgzNjkzMzI5IiwiaGQiOiJ2YWxvbi5jb20iLCJlbWFpbCI6InRhbWppZC5yYWhtYW5AdmFsb24uY29tIiwiZW1haWxfdmVyaWZpZWQiOnRydWUsImF0X2hhc2giOiJNUmpBVmh1aDg1a2J5RzlVZTNPOXBRIiwiaWF0IjoxNzM4OTc0NjMwLCJleHAiOjE3Mzg5NzgyMzB9.cPh4LHRzT8Tn9qU4v8yTNWhvlC8jqP2YHGUnnswWDDT_YW3vP8rJ-MR10Av1UrvE_Dbw-93XCOcAlMkZVglj3Ddgf-6e0PgDwKalL_46EorTJ4UPrngzLB0LQIDhnHAM5qtRNi-AuyYvQCpYWycK428Tyz3_6e_OZCIlaX329GYbEy55R8XLzZcaiwRx197TjzsK0vQk_HKKSJbWYvM-WVZzk5UkSi5RgfEWw6nwaqvSeMVFmb8yeUQDE7SjqdEiS035r4EQhKhd6Ca-PwFDz3twsIg1R1NhkpWDGQkaVUyfXlk-fcGtZXyacr_MQvOMiExSZalx17kT9x3c9Y09lA",
    "token_expiry": "2025-02-08T01:30:29Z"
  },
  "sentinels": {
    "config_sentinel": "/Users/tamjid/.config/gcloud/config_sentinel"
  }
}
2025-02-07 19:30:30,729 INFO     ___FILE_ONLY___ 

