2025-02-04 16:18:05,489 DEBUG    root            Loaded Command Group: ['gcloud', 'auth']
2025-02-04 16:18:05,498 DEBUG    root            Loaded Command Group: ['gcloud', 'auth', 'login']
2025-02-04 16:18:05,499 DEBUG    root            Running [gcloud.auth.login] with arguments: []
2025-02-04 16:18:05,530 DEBUG    requests_oauthlib.oauth2_session Generated new state H1JvWjx0rOwm7HWjl87qLmWQ3pyR2k.
2025-02-04 16:18:05,668 INFO     ___FILE_ONLY___ Your browser has been opened to visit:

    https://accounts.google.com/o/oauth2/auth?response_type=code&client_id=32555940559.apps.googleusercontent.com&redirect_uri=http%3A%2F%2Flocalhost%3A8085%2F&scope=openid+https%3A%2F%2Fwww.googleapis.com%2Fauth%2Fuserinfo.email+https%3A%2F%2Fwww.googleapis.com%2Fauth%2Fcloud-platform+https%3A%2F%2Fwww.googleapis.com%2Fauth%2Fappengine.admin+https%3A%2F%2Fwww.googleapis.com%2Fauth%2Fsqlservice.login+https%3A%2F%2Fwww.googleapis.com%2Fauth%2Fcompute+https%3A%2F%2Fwww.googleapis.com%2Fauth%2Faccounts.reauth&state=H1JvWjx0rOwm7HWjl87qLmWQ3pyR2k&access_type=offline&code_challenge=ixdkuxtTuzuSyIQiEyfi87LFIAwDjK9Wv-oCHLuSCdw&code_challenge_method=S256


2025-02-04 16:18:14,860 INFO     google_auth_oauthlib.flow "GET /?state=H1JvWjx0rOwm7HWjl87qLmWQ3pyR2k&code=4/0ASVgi3I_Cipkm69Ua9lnmPnRVFI-pcpCKahkQOrKHEA1L4VtT19pK5ZPa-X3BYszNcph0A&scope=email%20openid%20https://www.googleapis.com/auth/userinfo.email%20https://www.googleapis.com/auth/cloud-platform%20https://www.googleapis.com/auth/appengine.admin%20https://www.googleapis.com/auth/sqlservice.login%20https://www.googleapis.com/auth/compute%20https://www.googleapis.com/auth/accounts.reauth&authuser=0&hd=valon.com&prompt=consent HTTP/1.1" 200 959
2025-02-04 16:18:14,861 DEBUG    requests_oauthlib.oauth2_session Requesting url https://oauth2.googleapis.com/token using method POST.
2025-02-04 16:18:14,861 DEBUG    requests_oauthlib.oauth2_session Supplying headers {b'Accept': b'application/json', b'Content-Type': b'application/x-www-form-urlencoded;charset=UTF-8', b'user-agent': b'google-cloud-sdk gcloud/475.0.0 command/gcloud.auth.login invocation-id/25151440a981451b9ddc9fc63173a604 environment/None environment-version/None client-os/MACOSX client-os-ver/24.2.0 client-pltf-arch/arm interactive/False from-script/False python/3.11.6 term/screen-256color (Macintosh; Intel Mac OS X 24.2.0)'} and data {'grant_type': 'authorization_code', 'client_id': '32555940559.apps.googleusercontent.com', 'client_secret': 'ZmssLNjJy2998hD4CTg2ejr2', 'code': '4/0ASVgi3I_Cipkm69Ua9lnmPnRVFI-pcpCKahkQOrKHEA1L4VtT19pK5ZPa-X3BYszNcph0A', 'redirect_uri': 'http://localhost:8085/', 'code_verifier': 'E4GOtMzb5JzK59ISLKrbdbql4P2gwsORviP4EBtfEoCa-Y8q5A433mFHfEqF.ibjHYpxR-83HB4ibtLU1rz__v.48G9~QRDJwxRXhwrOl9L~bzjzKNwChFWg_Gmh4wR5'}
2025-02-04 16:18:14,861 DEBUG    requests_oauthlib.oauth2_session Passing through key word arguments {'json': None, 'timeout': None, 'auth': None, 'verify': None, 'proxies': None}.
2025-02-04 16:18:14,871 DEBUG    urllib3.connectionpool Starting new HTTPS connection (1): oauth2.googleapis.com:443
2025-02-04 16:18:15,070 DEBUG    urllib3.connectionpool https://oauth2.googleapis.com:443 "POST /token HTTP/1.1" 200 None
2025-02-04 16:18:15,071 DEBUG    requests_oauthlib.oauth2_session Prepared fetch token request body grant_type=authorization_code&client_id=32555940559.apps.googleusercontent.com&client_secret=ZmssLNjJy2998hD4CTg2ejr2&code=4%2F0ASVgi3I_Cipkm69Ua9lnmPnRVFI-pcpCKahkQOrKHEA1L4VtT19pK5ZPa-X3BYszNcph0A&redirect_uri=http%3A%2F%2Flocalhost%3A8085%2F&code_verifier=E4GOtMzb5JzK59ISLKrbdbql4P2gwsORviP4EBtfEoCa-Y8q5A433mFHfEqF.ibjHYpxR-83HB4ibtLU1rz__v.48G9~QRDJwxRXhwrOl9L~bzjzKNwChFWg_Gmh4wR5
2025-02-04 16:18:15,072 DEBUG    requests_oauthlib.oauth2_session Request to fetch token completed with status 200.
2025-02-04 16:18:15,072 DEBUG    requests_oauthlib.oauth2_session Request headers were {'user-agent': b'google-cloud-sdk gcloud/475.0.0 command/gcloud.auth.login invocation-id/25151440a981451b9ddc9fc63173a604 environment/None environment-version/None client-os/MACOSX client-os-ver/24.2.0 client-pltf-arch/arm interactive/False from-script/False python/3.11.6 term/screen-256color (Macintosh; Intel Mac OS X 24.2.0)', 'Accept-Encoding': 'gzip, deflate', 'Accept': b'application/json', 'Connection': 'keep-alive', 'Content-Type': b'application/x-www-form-urlencoded;charset=UTF-8', 'Content-Length': '387'}
2025-02-04 16:18:15,072 DEBUG    requests_oauthlib.oauth2_session Request body was grant_type=authorization_code&client_id=32555940559.apps.googleusercontent.com&client_secret=ZmssLNjJy2998hD4CTg2ejr2&code=4%2F0ASVgi3I_Cipkm69Ua9lnmPnRVFI-pcpCKahkQOrKHEA1L4VtT19pK5ZPa-X3BYszNcph0A&redirect_uri=http%3A%2F%2Flocalhost%3A8085%2F&code_verifier=E4GOtMzb5JzK59ISLKrbdbql4P2gwsORviP4EBtfEoCa-Y8q5A433mFHfEqF.ibjHYpxR-83HB4ibtLU1rz__v.48G9~QRDJwxRXhwrOl9L~bzjzKNwChFWg_Gmh4wR5
2025-02-04 16:18:15,072 DEBUG    requests_oauthlib.oauth2_session Response headers were {'Cache-Control': 'no-cache, no-store, max-age=0, must-revalidate', 'Expires': 'Mon, 01 Jan 1990 00:00:00 GMT', 'Date': 'Tue, 04 Feb 2025 21:18:15 GMT', 'Pragma': 'no-cache', 'Content-Type': 'application/json; charset=utf-8', 'Vary': 'Origin, X-Origin, Referer', 'Content-Encoding': 'gzip', 'Server': 'scaffolding on HTTPServer2', 'X-XSS-Protection': '0', 'X-Frame-Options': 'SAMEORIGIN', 'X-Content-Type-Options': 'nosniff', 'Alt-Svc': 'h3=":443"; ma=2592000,h3-29=":443"; ma=2592000', 'Transfer-Encoding': 'chunked'} and content {
  "access_token": "ya29.a0AXeO80SA7HCbHS7aZNWywT6clBPWIkitjuvShBFtSwhL2vouYbn-jx2ppbdrdM_LreuY4cZ6gwZqmdtbWG8BCcUONqStB2Jf8p5dNkP6gV5D0Etk_KVdyKBp5a89ptKhvD91j_zM1cUIQS6znFAVOujwrn_0JkgkDvsbirMZZMSbMAaCgYKAQESARISFQHGX2Mi1NNl1HHi5vxVywbwf4-vxQ0181",
  "expires_in": 3599,
  "refresh_token": "1//01FFyPAbEUSVfCgYIARAAGAESNwF-L9IrnHQ5PS3mLg3ESvuMroRAQTceH7lNnxiKjgrGykP4oQMSymv4n4pbW2MxrFuyX10vITk",
  "scope": "https://www.googleapis.com/auth/cloud-platform https://www.googleapis.com/auth/sqlservice.login https://www.googleapis.com/auth/userinfo.email openid https://www.googleapis.com/auth/accounts.reauth https://www.googleapis.com/auth/compute https://www.googleapis.com/auth/appengine.admin",
  "token_type": "Bearer",
  "id_token": "eyJhbGciOiJSUzI1NiIsImtpZCI6ImZhMDcyZjc1Nzg0NjQyNjE1MDg3YzcxODJjMTAxMzQxZTE4ZjdhM2EiLCJ0eXAiOiJKV1QifQ.eyJpc3MiOiJodHRwczovL2FjY291bnRzLmdvb2dsZS5jb20iLCJhenAiOiIzMjU1NTk0MDU1OS5hcHBzLmdvb2dsZXVzZXJjb250ZW50LmNvbSIsImF1ZCI6IjMyNTU1OTQwNTU5LmFwcHMuZ29vZ2xldXNlcmNvbnRlbnQuY29tIiwic3ViIjoiMTAwNjUyNDM4NTEyNzgzNjkzMzI5IiwiaGQiOiJ2YWxvbi5jb20iLCJlbWFpbCI6InRhbWppZC5yYWhtYW5AdmFsb24uY29tIiwiZW1haWxfdmVyaWZpZWQiOnRydWUsImF0X2hhc2giOiJkdlY2bGVvODAtU2JTc1VxcGJIM2F3IiwiaWF0IjoxNzM4NzAzODk1LCJleHAiOjE3Mzg3MDc0OTV9.NzvtnFtrJTQVlq811EeCKHzQxq8t7JUceIPaZqKsew0TAPvAVm9DeFvuk6Hmv-JpkEp6anK2ecV7ljhEa_EOxcSEHfxMOWLKDp8bm1rwlLcBS975umoq6Ox509GsbiFSxDUDyNvOel8Yw6yGuXE-g2R4NVDxA62Db7aGkYlV7NUCZlpgriT6t8YBxOUc3c6b33zak7nyLzr61jFOolsxb17bBkIKkZTeLdXQQSflmmQw6NXdXh4j65WgN3b5lWRyBIsH67JPSZ0_F7nO6uC51K2YIWRbvbMAp9ciB10cAwaRgz4wrVKqul7iX9ia5Osjb5p2m9kyScOJzmE9opOHnw"
}.
2025-02-04 16:18:15,072 DEBUG    requests_oauthlib.oauth2_session Invoking 0 token response hooks.
2025-02-04 16:18:15,072 DEBUG    requests_oauthlib.oauth2_session Obtained token {'access_token': 'ya29.a0AXeO80SA7HCbHS7aZNWywT6clBPWIkitjuvShBFtSwhL2vouYbn-jx2ppbdrdM_LreuY4cZ6gwZqmdtbWG8BCcUONqStB2Jf8p5dNkP6gV5D0Etk_KVdyKBp5a89ptKhvD91j_zM1cUIQS6znFAVOujwrn_0JkgkDvsbirMZZMSbMAaCgYKAQESARISFQHGX2Mi1NNl1HHi5vxVywbwf4-vxQ0181', 'expires_in': 3599, 'refresh_token': '1//01FFyPAbEUSVfCgYIARAAGAESNwF-L9IrnHQ5PS3mLg3ESvuMroRAQTceH7lNnxiKjgrGykP4oQMSymv4n4pbW2MxrFuyX10vITk', 'scope': ['https://www.googleapis.com/auth/cloud-platform', 'https://www.googleapis.com/auth/sqlservice.login', 'https://www.googleapis.com/auth/userinfo.email', 'openid', 'https://www.googleapis.com/auth/accounts.reauth', 'https://www.googleapis.com/auth/compute', 'https://www.googleapis.com/auth/appengine.admin'], 'token_type': 'Bearer', 'id_token': 'eyJhbGciOiJSUzI1NiIsImtpZCI6ImZhMDcyZjc1Nzg0NjQyNjE1MDg3YzcxODJjMTAxMzQxZTE4ZjdhM2EiLCJ0eXAiOiJKV1QifQ.eyJpc3MiOiJodHRwczovL2FjY291bnRzLmdvb2dsZS5jb20iLCJhenAiOiIzMjU1NTk0MDU1OS5hcHBzLmdvb2dsZXVzZXJjb250ZW50LmNvbSIsImF1ZCI6IjMyNTU1OTQwNTU5LmFwcHMuZ29vZ2xldXNlcmNvbnRlbnQuY29tIiwic3ViIjoiMTAwNjUyNDM4NTEyNzgzNjkzMzI5IiwiaGQiOiJ2YWxvbi5jb20iLCJlbWFpbCI6InRhbWppZC5yYWhtYW5AdmFsb24uY29tIiwiZW1haWxfdmVyaWZpZWQiOnRydWUsImF0X2hhc2giOiJkdlY2bGVvODAtU2JTc1VxcGJIM2F3IiwiaWF0IjoxNzM4NzAzODk1LCJleHAiOjE3Mzg3MDc0OTV9.NzvtnFtrJTQVlq811EeCKHzQxq8t7JUceIPaZqKsew0TAPvAVm9DeFvuk6Hmv-JpkEp6anK2ecV7ljhEa_EOxcSEHfxMOWLKDp8bm1rwlLcBS975umoq6Ox509GsbiFSxDUDyNvOel8Yw6yGuXE-g2R4NVDxA62Db7aGkYlV7NUCZlpgriT6t8YBxOUc3c6b33zak7nyLzr61jFOolsxb17bBkIKkZTeLdXQQSflmmQw6NXdXh4j65WgN3b5lWRyBIsH67JPSZ0_F7nO6uC51K2YIWRbvbMAp9ciB10cAwaRgz4wrVKqul7iX9ia5Osjb5p2m9kyScOJzmE9opOHnw', 'expires_at': 1738707494.072683}.
2025-02-04 16:18:15,094 INFO     ___FILE_ONLY___ 
You are now logged in as [tamjid.rahman@valon.com].
Your current project is [prod-peach-street].  You can change this setting by running:
  $ gcloud config set project PROJECT_ID

2025-02-04 16:18:15,094 DEBUG    root            Chosen display Format:none
2025-02-04 16:18:15,094 INFO     root            Display format: "none"
