2025-02-04 16:17:54,603 DEBUG    root            Loaded Command Group: ['gcloud', 'config']
2025-02-04 16:17:54,604 DEBUG    root            Loaded Command Group: ['gcloud', 'config', 'config_helper']
2025-02-04 16:17:54,605 DEBUG    root            Running [gcloud.config.config-helper] with arguments: [--format: "json", --min-expiry: "3600"]
2025-02-04 16:17:54,610 DEBUG    google.auth.transport.requests Making request: POST https://oauth2.googleapis.com/token
2025-02-04 16:17:54,615 DEBUG    urllib3.connectionpool Starting new HTTPS connection (1): oauth2.googleapis.com:443
2025-02-04 16:17:54,785 DEBUG    urllib3.connectionpool https://oauth2.googleapis.com:443 "POST /token HTTP/1.1" 400 None
2025-02-04 16:17:54,786 INFO     root            Reauthentication not performed as we cannot prompt during non-interactive execution.
2025-02-04 16:17:54,791 DEBUG    google.auth.transport.requests Making request: POST https://oauth2.googleapis.com/token
2025-02-04 16:17:54,793 DEBUG    urllib3.connectionpool Starting new HTTPS connection (1): oauth2.googleapis.com:443
2025-02-04 16:17:54,958 DEBUG    urllib3.connectionpool https://oauth2.googleapis.com:443 "POST /token HTTP/1.1" 400 None
2025-02-04 16:17:54,959 INFO     root            Reauthentication not performed as we cannot prompt during non-interactive execution.
2025-02-04 16:17:54,969 DEBUG    root            Chosen display Format:default json
2025-02-04 16:17:54,969 INFO     root            Display format: "default json"
2025-02-04 16:17:54,995 INFO     ___FILE_ONLY___ {
  "configuration": {
    "active_configuration": "default",
    "properties": {
      "core": {
        "account": "tamjid.rahman@valon.com",
        "disable_prompts": "false",
        "disable_usage_reporting": "True",
        "project": "prod-peach-street"
      }
    }
  },
  "credential": {
    "access_token": "ya29.a0AXeO80RwFkoOJF8bBqwX4wPwbmecwLcENV193hWv8rx_44Ys8V1QUikJ6BjZlbnaVspkNG2oPcNCwQm4APu_kVtcDeiRrB-BE2nJmSW_VFjCle7fhIOXvaTLU32sv9E8ZGT4fpTZ0-oTds_oyRNZZ6Iq3C0dQLk8RpNUrfeo9XXwjQaCgYKAa8SARISFQHGX2MibAig_mJkUEAGFnmP8y36WQ0181",
    "id_token": "eyJhbGciOiJSUzI1NiIsImtpZCI6ImZhMDcyZjc1Nzg0NjQyNjE1MDg3YzcxODJjMTAxMzQxZTE4ZjdhM2EiLCJ0eXAiOiJKV1QifQ.eyJpc3MiOiJodHRwczovL2FjY291bnRzLmdvb2dsZS5jb20iLCJhenAiOiIzMjU1NTk0MDU1OS5hcHBzLmdvb2dsZXVzZXJjb250ZW50LmNvbSIsImF1ZCI6IjMyNTU1OTQwNTU5LmFwcHMuZ29vZ2xldXNlcmNvbnRlbnQuY29tIiwic3ViIjoiMTAwNjUyNDM4NTEyNzgzNjkzMzI5IiwiaGQiOiJ2YWxvbi5jb20iLCJlbWFpbCI6InRhbWppZC5yYWhtYW5AdmFsb24uY29tIiwiZW1haWxfdmVyaWZpZWQiOnRydWUsImF0X2hhc2giOiJTVTd3ZFhsb0tnVE8xWTBVck9NNGhRIiwiaWF0IjoxNzM4NjE4MzY5LCJleHAiOjE3Mzg2MjE5Njl9.inpmJzQB5w9f7076SMcV9xH2p-l8vi_wtnZgDzQONaMBTQwIxx7AuV0Axp0JdKwI3wSq2LWOme1AElkJ1TqMMBqKABn7J-LuZrMeoCLvTMBHR4Kig6YzwPVw3h4Kg2N3Byz97c_wamJF1h9zKBtizwpvWTQvXSUlgEukl1L9huq5q_Ac0vZXPahM_kqZ6FUMUKDGVmRvHkhEi09x9_RnFOvogivyck1ODsGFeKiPmp4TOTcaIGGavkubO5NxUQ3xh9H8eZa2POkg5-9tnG5j3ADq3olXXwGHdosoSkRpf9_bRImqqChiwDcAVNi9ZuZT0znIvLHwk-Z0aeeCN5C8Sg",
    "token_expiry": "2025-02-03T22:32:48Z"
  },
  "sentinels": {
    "config_sentinel": "/Users/tamjid/.config/gcloud/config_sentinel"
  }
}
2025-02-04 16:17:54,995 INFO     ___FILE_ONLY___ 

