2025-02-04 16:18:15,479 DEBUG    root            Loaded Command Group: ['gcloud', 'config']
2025-02-04 16:18:15,480 DEBUG    root            Loaded Command Group: ['gcloud', 'config', 'config_helper']
2025-02-04 16:18:15,481 DEBUG    root            Running [gcloud.config.config-helper] with arguments: [--format: "json", --min-expiry: "3600"]
2025-02-04 16:18:15,486 DEBUG    google.auth.transport.requests Making request: POST https://oauth2.googleapis.com/token
2025-02-04 16:18:15,492 DEBUG    urllib3.connectionpool Starting new HTTPS connection (1): oauth2.googleapis.com:443
2025-02-04 16:18:15,656 DEBUG    urllib3.connectionpool https://oauth2.googleapis.com:443 "POST /token HTTP/1.1" 200 None
2025-02-04 16:18:15,660 DEBUG    root            Chosen display Format:default json
2025-02-04 16:18:15,660 INFO     root            Display format: "default json"
2025-02-04 16:18:15,678 INFO     ___FILE_ONLY___ {
  "configuration": {
    "active_configuration": "default",
    "properties": {
      "core": {
        "account": "tamjid.rahman@valon.com",
        "disable_prompts": "false",
        "disable_usage_reporting": "True",
        "project": "prod-peach-street"
      }
    }
  },
  "credential": {
    "access_token": "ya29.a0AXeO80T2SK8zsXrsr32xIvP1n8l4vLtcgLK608RVvSsEzXBR0L75AypC6UHzcbjKoN6MfYnCZkX1ez7IkbXsff5mdQlmyOZxZOTQ8_iV7b8hXnU_FC76LkRcD343dvvUcPegE48HRuZ4IBbJykhH6gkmeWjejC3tHPUtPQl_Cve-JAaCgYKAf4SARISFQHGX2MinMKcsdu1pIWJcWqa8bt6rg0181",
    "id_token": "eyJhbGciOiJSUzI1NiIsImtpZCI6ImZhMDcyZjc1Nzg0NjQyNjE1MDg3YzcxODJjMTAxMzQxZTE4ZjdhM2EiLCJ0eXAiOiJKV1QifQ.eyJpc3MiOiJodHRwczovL2FjY291bnRzLmdvb2dsZS5jb20iLCJhenAiOiIzMjU1NTk0MDU1OS5hcHBzLmdvb2dsZXVzZXJjb250ZW50LmNvbSIsImF1ZCI6IjMyNTU1OTQwNTU5LmFwcHMuZ29vZ2xldXNlcmNvbnRlbnQuY29tIiwic3ViIjoiMTAwNjUyNDM4NTEyNzgzNjkzMzI5IiwiaGQiOiJ2YWxvbi5jb20iLCJlbWFpbCI6InRhbWppZC5yYWhtYW5AdmFsb24uY29tIiwiZW1haWxfdmVyaWZpZWQiOnRydWUsImF0X2hhc2giOiJkelhfN2NoMjRPY2ljTEhqa0V2eER3IiwiaWF0IjoxNzM4NzAzODk1LCJleHAiOjE3Mzg3MDc0OTV9.fePcZ4csFx-OkeTQwg16YIvBGEj-Uo-qbsa8jVS4ksp8Wh_O-Lr5Zs14ARAKhzsvyNBGsvazTp5RCi_X9rQ8PxLKpN9MVAJvZrg6pplu12cQyqqe8oV1f5kqVlUU2jJThi6Jer4aVkaYfkjE_DqF74xgLOOeQwDwVbmuCD6IdTx7lXYTh6YxDkQMzYXYqbeVTGUUhGuIRGU8qGMaD_NEe-QMYUR4aUFw30-NIrEFEerSxK4mxPYaSJ7v4oc8C9BFEbao6udVypHv3cy-wPh7OwM0ukmB5Safnj36c8CxcOiA6PBkOOsfBvcoHkEDabs5rfcEOMt6B79F2xN-JhO6gg",
    "token_expiry": "2025-02-04T22:18:14Z"
  },
  "sentinels": {
    "config_sentinel": "/Users/tamjid/.config/gcloud/config_sentinel"
  }
}
2025-02-04 16:18:15,678 INFO     ___FILE_ONLY___ 

