2025-02-04 16:18:21,230 DEBUG    root            Loaded Command Group: ['gcloud', 'config']
2025-02-04 16:18:21,231 DEBUG    root            Loaded Command Group: ['gcloud', 'config', 'config_helper']
2025-02-04 16:18:21,232 DEBUG    root            Running [gcloud.config.config-helper] with arguments: [--format: "json", --min-expiry: "3600"]
2025-02-04 16:18:21,237 DEBUG    google.auth.transport.requests Making request: POST https://oauth2.googleapis.com/token
2025-02-04 16:18:21,243 DEBUG    urllib3.connectionpool Starting new HTTPS connection (1): oauth2.googleapis.com:443
2025-02-04 16:18:21,611 DEBUG    urllib3.connectionpool https://oauth2.googleapis.com:443 "POST /token HTTP/1.1" 200 None
2025-02-04 16:18:21,629 DEBUG    root            Chosen display Format:default json
2025-02-04 16:18:21,629 INFO     root            Display format: "default json"
2025-02-04 16:18:21,671 INFO     ___FILE_ONLY___ {
  "configuration": {
    "active_configuration": "default",
    "properties": {
      "core": {
        "account": "tamjid.rahman@valon.com",
        "disable_prompts": "false",
        "disable_usage_reporting": "True",
        "project": "prod-peach-street"
      }
    }
  },
  "credential": {
    "access_token": "ya29.a0AXeO80Qx2vbQFN2uno4DfJXzQXFqMpW9lkFT4066D1yjcysbrAmyyQ8qhYg-pwQS1jXCoMzLgF7ADvsJrMRqaKdj4-0GLUrJm1XJBkMrgE_wUBpo8h7hfspfhebAKtiIQkgVkDqPDx6icDGS6Cr03NHVeHMM7OqlCybXmvQwgfhOAAaCgYKAT4SARISFQHGX2MiMzB0zPXAVbFaZpsK9iYgow0181",
    "id_token": "eyJhbGciOiJSUzI1NiIsImtpZCI6ImZhMDcyZjc1Nzg0NjQyNjE1MDg3YzcxODJjMTAxMzQxZTE4ZjdhM2EiLCJ0eXAiOiJKV1QifQ.eyJpc3MiOiJodHRwczovL2FjY291bnRzLmdvb2dsZS5jb20iLCJhenAiOiIzMjU1NTk0MDU1OS5hcHBzLmdvb2dsZXVzZXJjb250ZW50LmNvbSIsImF1ZCI6IjMyNTU1OTQwNTU5LmFwcHMuZ29vZ2xldXNlcmNvbnRlbnQuY29tIiwic3ViIjoiMTAwNjUyNDM4NTEyNzgzNjkzMzI5IiwiaGQiOiJ2YWxvbi5jb20iLCJlbWFpbCI6InRhbWppZC5yYWhtYW5AdmFsb24uY29tIiwiZW1haWxfdmVyaWZpZWQiOnRydWUsImF0X2hhc2giOiJsOXFORXFtMmo3RTlISklZQWJiUFR3IiwiaWF0IjoxNzM4NzAzOTAxLCJleHAiOjE3Mzg3MDc1MDF9.n0FSkGiCWiq3Rdcbutsa331nxcFxvbR89hfDFnNbBlkrjz5LTQL66hiagKD2fczHALB5Amz0mZdcqTx6g-nCOIEQFfgAFFZXgB1H9COsMOKY8OXTXJ80KIVMoJkqSHOgxOPonudFCmmv5OhGmFVo_5yVUwe51sjXGDFUf0atL-LSnRXLgGNkQIEJdJEjNdZAG_v56V3ftJULlgcMSge3GBUORtcnvZ0MS0IozkYVeRMS3rfyNdXzb01erkAxu22J-mnCP93ndS6hPEiQdD7gQeOFgle228OhsHaCHE8uhxfwNzYkgddCYe2s74NFU450REGLfpQHtbSftazLXRyQMw",
    "token_expiry": "2025-02-04T22:18:20Z"
  },
  "sentinels": {
    "config_sentinel": "/Users/tamjid/.config/gcloud/config_sentinel"
  }
}
2025-02-04 16:18:21,671 INFO     ___FILE_ONLY___ 

