2025-02-04 17:17:25,595 DEBUG    root            Loaded Command Group: ['gcloud', 'config']
2025-02-04 17:17:25,597 DEBUG    root            Loaded Command Group: ['gcloud', 'config', 'config_helper']
2025-02-04 17:17:25,598 DEBUG    root            Running [gcloud.config.config-helper] with arguments: [--format: "json", --min-expiry: "3600"]
2025-02-04 17:17:25,789 DEBUG    google.auth.transport.requests Making request: POST https://oauth2.googleapis.com/token
2025-02-04 17:17:25,829 DEBUG    urllib3.connectionpool Starting new HTTPS connection (1): oauth2.googleapis.com:443
2025-02-04 17:17:26,023 DEBUG    urllib3.connectionpool https://oauth2.googleapis.com:443 "POST /token HTTP/1.1" 200 None
2025-02-04 17:17:26,035 DEBUG    google.auth.transport.requests Making request: POST https://oauth2.googleapis.com/token
2025-02-04 17:17:26,038 DEBUG    urllib3.connectionpool Starting new HTTPS connection (1): oauth2.googleapis.com:443
2025-02-04 17:17:26,225 DEBUG    urllib3.connectionpool https://oauth2.googleapis.com:443 "POST /token HTTP/1.1" 200 None
2025-02-04 17:17:26,232 DEBUG    root            Chosen display Format:default json
2025-02-04 17:17:26,233 INFO     root            Display format: "default json"
2025-02-04 17:17:26,278 INFO     ___FILE_ONLY___ {
  "configuration": {
    "active_configuration": "default",
    "properties": {
      "core": {
        "account": "tamjid.rahman@valon.com",
        "disable_prompts": "false",
        "disable_usage_reporting": "True",
        "project": "prod-peach-street"
      }
    }
  },
  "credential": {
    "access_token": "ya29.a0AXeO80RaYizqm7RXa89nKjvsm-_rDdtUcFNh__76TXV5ddPeK8bCrR3nu5GeDGJfo-l97l1wDMldnY1bJeQIDbXF-S1Q6TqRnJnGFH8MJ98ETWol_w4ER5W7GZzyChhTruQ6f6w3xA1gsYLhAQtxzHTAgyBLfUPfoO9xcHD97-XyuwaCgYKAZMSARISFQHGX2MifvtTxX0xC9lmaWqVMQHj4w0181",
    "id_token": "eyJhbGciOiJSUzI1NiIsImtpZCI6ImZhMDcyZjc1Nzg0NjQyNjE1MDg3YzcxODJjMTAxMzQxZTE4ZjdhM2EiLCJ0eXAiOiJKV1QifQ.eyJpc3MiOiJodHRwczovL2FjY291bnRzLmdvb2dsZS5jb20iLCJhenAiOiIzMjU1NTk0MDU1OS5hcHBzLmdvb2dsZXVzZXJjb250ZW50LmNvbSIsImF1ZCI6IjMyNTU1OTQwNTU5LmFwcHMuZ29vZ2xldXNlcmNvbnRlbnQuY29tIiwic3ViIjoiMTAwNjUyNDM4NTEyNzgzNjkzMzI5IiwiaGQiOiJ2YWxvbi5jb20iLCJlbWFpbCI6InRhbWppZC5yYWhtYW5AdmFsb24uY29tIiwiZW1haWxfdmVyaWZpZWQiOnRydWUsImF0X2hhc2giOiJ0QVY4MF9Qek1fUWZDMFh6ZjZXOWhnIiwiaWF0IjoxNzM4NzA3NDQ2LCJleHAiOjE3Mzg3MTEwNDZ9.jXVcpEyO_67EoseJ4_zIXbZAjMi2AvqcabDioNOAiW_7MualMKeKH05rRyV1BoBf0ErtKktgaryoCURVYWoTXN4CSlAb07z1_b-ECIpnAAlBqr7P68Oc3tJqFLsHjg6LnEzM1BxFmkO286z_Hgq1o2DWW8EDc_mnkiIsgGabapjJrqhT23OQlbiv6XGoBxKqWOXAd7MIIRsw7kiOrGHegKRvWWygVsV7ncHOk223n7qpIUsiz0xXZeQG_6sG3hMaGF3S4bdpA_JS3eWKgYP3_oaJkxG-U904npxTSog-prtsMUMnfSBOuQ28iM8r-Aocr0-Ca0TDXXQ-XAjJRKcGcQ",
    "token_expiry": "2025-02-04T23:17:25Z"
  },
  "sentinels": {
    "config_sentinel": "/Users/tamjid/.config/gcloud/config_sentinel"
  }
}
2025-02-04 17:17:26,278 INFO     ___FILE_ONLY___ 

2025-02-04 17:17:26,278 DEBUG    root            Checking for updates...
2025-02-04 17:17:26,308 DEBUG    urllib3.connectionpool Starting new HTTPS connection (1): dl.google.com:443
2025-02-04 17:17:26,878 DEBUG    urllib3.connectionpool https://dl.google.com:443 "GET /dl/cloudsdk/channels/rapid/components-2.json HTTP/1.1" 200 227832
2025-02-04 17:17:26,997 DEBUG    root            Updating notification cache...
2025-02-04 17:17:26,997 DEBUG    root            Activating notification: [default]
