2025-02-04 19:15:35,320 DEBUG    root            Loaded Command Group: ['gcloud', 'config']
2025-02-04 19:15:35,322 DEBUG    root            Loaded Command Group: ['gcloud', 'config', 'config_helper']
2025-02-04 19:15:35,322 DEBUG    root            Running [gcloud.config.config-helper] with arguments: [--format: "json", --min-expiry: "3600"]
2025-02-04 19:15:35,327 DEBUG    google.auth.transport.requests Making request: POST https://oauth2.googleapis.com/token
2025-02-04 19:15:35,332 DEBUG    urllib3.connectionpool Starting new HTTPS connection (1): oauth2.googleapis.com:443
2025-02-04 19:15:35,556 DEBUG    urllib3.connectionpool https://oauth2.googleapis.com:443 "POST /token HTTP/1.1" 200 None
2025-02-04 19:15:35,561 DEBUG    root            Chosen display Format:default json
2025-02-04 19:15:35,561 INFO     root            Display format: "default json"
2025-02-04 19:15:35,582 INFO     ___FILE_ONLY___ {
  "configuration": {
    "active_configuration": "default",
    "properties": {
      "core": {
        "account": "tamjid.rahman@valon.com",
        "disable_prompts": "false",
        "disable_usage_reporting": "True",
        "project": "prod-peach-street"
      }
    }
  },
  "credential": {
    "access_token": "ya29.a0AXeO80TFYpQpo-4iYcFse5iB6O2LZd79La4LgYYqXA1WajVhC3fo94a1oFOpideYtBpWgJha6p0FBPf_h0potsZDRe7B_IRXlQfQXhQ4yOWaqj3uWNinYHYQtgVBKvs4SpfQUDk2NEvxTdJ3N2g0cP3K76fAX3Mq2LJ9OlnSptTbVAaCgYKAQ4SARISFQHGX2MiWjSSvsBv79nPaXlSLnhtkw0181",
    "id_token": "eyJhbGciOiJSUzI1NiIsImtpZCI6ImZhMDcyZjc1Nzg0NjQyNjE1MDg3YzcxODJjMTAxMzQxZTE4ZjdhM2EiLCJ0eXAiOiJKV1QifQ.eyJpc3MiOiJodHRwczovL2FjY291bnRzLmdvb2dsZS5jb20iLCJhenAiOiIzMjU1NTk0MDU1OS5hcHBzLmdvb2dsZXVzZXJjb250ZW50LmNvbSIsImF1ZCI6IjMyNTU1OTQwNTU5LmFwcHMuZ29vZ2xldXNlcmNvbnRlbnQuY29tIiwic3ViIjoiMTAwNjUyNDM4NTEyNzgzNjkzMzI5IiwiaGQiOiJ2YWxvbi5jb20iLCJlbWFpbCI6InRhbWppZC5yYWhtYW5AdmFsb24uY29tIiwiZW1haWxfdmVyaWZpZWQiOnRydWUsImF0X2hhc2giOiJvS2ZTc194a2xHQThaalE2VEJCRkRnIiwiaWF0IjoxNzM4NzE0NTM1LCJleHAiOjE3Mzg3MTgxMzV9.goMaR0kPFOzJIEaIl5DEmF-BQuxUaoh7jeCkfjp8vtSEoNmBcyOfSEjyTHA_QhAbrpogkD4-nSjR8SdTmJWkdUJN4QF50bpURP4ot5pdu5aI41uuio5CIW6IJIYqR47BCS4WjtZIsGtoPnCkQ0hNqQwZfgs95cxgNrj-QB4WxcYTZCkPDXFkaibzmKKKc2rADbRKuZsz0q9DSaEc9xQsro3gPB1jDi60d47HJakDaEHfdzH3E6xZBnd2q4W0D-ZQqToAH6WOZWbC_k5_LdtjTYflmSXaYzyIzoKqqFkh7MsZ2U9_LFb73dnXFjXK-SX2WAW4aLbGZxjZLXWG2yccHA",
    "token_expiry": "2025-02-05T01:15:34Z"
  },
  "sentinels": {
    "config_sentinel": "/Users/tamjid/.config/gcloud/config_sentinel"
  }
}
2025-02-04 19:15:35,582 INFO     ___FILE_ONLY___ 

