2025-02-04 19:19:34,570 DEBUG    root            Loaded Command Group: ['gcloud', 'config']
2025-02-04 19:19:34,571 DEBUG    root            Loaded Command Group: ['gcloud', 'config', 'config_helper']
2025-02-04 19:19:34,571 DEBUG    root            Running [gcloud.config.config-helper] with arguments: [--format: "json", --min-expiry: "3600"]
2025-02-04 19:19:34,577 DEBUG    google.auth.transport.requests Making request: POST https://oauth2.googleapis.com/token
2025-02-04 19:19:34,603 DEBUG    urllib3.connectionpool Starting new HTTPS connection (1): oauth2.googleapis.com:443
2025-02-04 19:19:34,769 DEBUG    urllib3.connectionpool https://oauth2.googleapis.com:443 "POST /token HTTP/1.1" 200 None
2025-02-04 19:19:34,773 DEBUG    root            Chosen display Format:default json
2025-02-04 19:19:34,774 INFO     root            Display format: "default json"
2025-02-04 19:19:34,790 INFO     ___FILE_ONLY___ {
  "configuration": {
    "active_configuration": "default",
    "properties": {
      "core": {
        "account": "tamjid.rahman@valon.com",
        "disable_prompts": "false",
        "disable_usage_reporting": "True",
        "project": "prod-peach-street"
      }
    }
  },
  "credential": {
    "access_token": "ya29.a0AXeO80TwQdEDuUmJO34AZtVEGAiro5oSEmRauPWUAdeSDa_KuC53vztuk0NVuhmAXXKkFtcDv4XMkSY10AZHNEzSvCtlH-U2EeOqFh_hhDQfDWvQscw0vUVOG6JzxZlYAH4_MkvfHab3i8JkXVpys82PZBtf-5XAydhCGvROw_pIOwaCgYKASESARISFQHGX2MiSE6mzl9DkEwVwkC8iYZysg0181",
    "id_token": "eyJhbGciOiJSUzI1NiIsImtpZCI6ImVlYzUzNGZhNWI4Y2FjYTIwMWNhOGQwZmY5NmI1NGM1NjIyMTBkMWUiLCJ0eXAiOiJKV1QifQ.eyJpc3MiOiJodHRwczovL2FjY291bnRzLmdvb2dsZS5jb20iLCJhenAiOiIzMjU1NTk0MDU1OS5hcHBzLmdvb2dsZXVzZXJjb250ZW50LmNvbSIsImF1ZCI6IjMyNTU1OTQwNTU5LmFwcHMuZ29vZ2xldXNlcmNvbnRlbnQuY29tIiwic3ViIjoiMTAwNjUyNDM4NTEyNzgzNjkzMzI5IiwiaGQiOiJ2YWxvbi5jb20iLCJlbWFpbCI6InRhbWppZC5yYWhtYW5AdmFsb24uY29tIiwiZW1haWxfdmVyaWZpZWQiOnRydWUsImF0X2hhc2giOiJGSm16YTczQS11TW1jUmR0NktVcVVnIiwiaWF0IjoxNzM4NzE0Nzc0LCJleHAiOjE3Mzg3MTgzNzR9.t0oQ2xvjDqHaLMa6vBYx85LfPSOUvek_tfy9SWqLUfEckw8Yyqevzjf_DCfGXbkrrHTZx5vHUvEQ8DFtNwOU0tyOaqzQgXZTgsNOcdfoWZHVpahuI65gC2baHsKVj4drr33hNH_A9IPElsY0dIw6i1PhFOOtuEkKXRvBHf6kUHjHXCTO_kgB3Vjr1O0b2d7HH8UiAJB_5FxMH-wkxr3V0eEBrBBP0pdh8zspoZEuA_9fD_lrYKgDUeYTFfySBXL9u_B8sZ65GQyum5hv9xyQqSj13WKX4DnPlgMrY9ws7VZuj1OgYZF3z1m3sadcqNT8ITWhDco17cDuKimzuVizhg",
    "token_expiry": "2025-02-05T01:19:33Z"
  },
  "sentinels": {
    "config_sentinel": "/Users/tamjid/.config/gcloud/config_sentinel"
  }
}
2025-02-04 19:19:34,790 INFO     ___FILE_ONLY___ 

