2025-02-19 10:25:20,183 DEBUG    root            Loaded Command Group: ['gcloud', 'auth']
2025-02-19 10:25:20,192 DEBUG    root            Loaded Command Group: ['gcloud', 'auth', 'login']
2025-02-19 10:25:20,193 DEBUG    root            Running [gcloud.auth.login] with arguments: []
2025-02-19 10:25:20,215 DEBUG    requests_oauthlib.oauth2_session Generated new state aOX7ndLEI67TCR5Qw0ugoPlQxlXSwc.
2025-02-19 10:25:20,471 INFO     ___FILE_ONLY___ Your browser has been opened to visit:

    https://accounts.google.com/o/oauth2/auth?response_type=code&client_id=32555940559.apps.googleusercontent.com&redirect_uri=http%3A%2F%2Flocalhost%3A8085%2F&scope=openid+https%3A%2F%2Fwww.googleapis.com%2Fauth%2Fuserinfo.email+https%3A%2F%2Fwww.googleapis.com%2Fauth%2Fcloud-platform+https%3A%2F%2Fwww.googleapis.com%2Fauth%2Fappengine.admin+https%3A%2F%2Fwww.googleapis.com%2Fauth%2Fsqlservice.login+https%3A%2F%2Fwww.googleapis.com%2Fauth%2Fcompute+https%3A%2F%2Fwww.googleapis.com%2Fauth%2Faccounts.reauth&state=aOX7ndLEI67TCR5Qw0ugoPlQxlXSwc&access_type=offline&code_challenge=Gp41qeYNeXjn3GbZrlYHFGKZ7fEYZth7AK6X_obykds&code_challenge_method=S256


2025-02-19 10:25:30,060 INFO     google_auth_oauthlib.flow "GET /?state=aOX7ndLEI67TCR5Qw0ugoPlQxlXSwc&code=4/0ASVgi3KmQ3ALGmyFUmtENv9L3HMMPL02FBx-Mm0IqMFPnifyWb-UrAyHMxgLUyoIGMr33Q&scope=email%20openid%20https://www.googleapis.com/auth/userinfo.email%20https://www.googleapis.com/auth/cloud-platform%20https://www.googleapis.com/auth/appengine.admin%20https://www.googleapis.com/auth/sqlservice.login%20https://www.googleapis.com/auth/compute%20https://www.googleapis.com/auth/accounts.reauth&authuser=0&hd=valon.com&prompt=consent HTTP/1.1" 200 959
2025-02-19 10:25:30,061 DEBUG    requests_oauthlib.oauth2_session Requesting url https://oauth2.googleapis.com/token using method POST.
2025-02-19 10:25:30,061 DEBUG    requests_oauthlib.oauth2_session Supplying headers {b'Accept': b'application/json', b'Content-Type': b'application/x-www-form-urlencoded;charset=UTF-8', b'user-agent': b'google-cloud-sdk gcloud/475.0.0 command/gcloud.auth.login invocation-id/9d76699d3e654c8bb156509dc29d1b05 environment/None environment-version/None client-os/MACOSX client-os-ver/24.3.0 client-pltf-arch/arm interactive/False from-script/False python/3.11.6 term/screen-256color (Macintosh; Intel Mac OS X 24.3.0)'} and data {'grant_type': 'authorization_code', 'client_id': '32555940559.apps.googleusercontent.com', 'client_secret': 'ZmssLNjJy2998hD4CTg2ejr2', 'code': '4/0ASVgi3KmQ3ALGmyFUmtENv9L3HMMPL02FBx-Mm0IqMFPnifyWb-UrAyHMxgLUyoIGMr33Q', 'redirect_uri': 'http://localhost:8085/', 'code_verifier': 'b3rSwsAYVJIx1hbac4Cyg-56ORqw6VPh.d793I5YkyKPKl6romSGAQ9q4IhiT8WfTRAQGaUduseWYcO0hiSPr_JMyF1km4H_~MZ2THiCwk.2Zm~u9RrqSNX3CUN4C2_J'}
2025-02-19 10:25:30,061 DEBUG    requests_oauthlib.oauth2_session Passing through key word arguments {'json': None, 'timeout': None, 'auth': None, 'verify': None, 'proxies': None}.
2025-02-19 10:25:30,068 DEBUG    urllib3.connectionpool Starting new HTTPS connection (1): oauth2.googleapis.com:443
2025-02-19 10:25:30,268 DEBUG    urllib3.connectionpool https://oauth2.googleapis.com:443 "POST /token HTTP/1.1" 200 None
2025-02-19 10:25:30,269 DEBUG    requests_oauthlib.oauth2_session Prepared fetch token request body grant_type=authorization_code&client_id=32555940559.apps.googleusercontent.com&client_secret=ZmssLNjJy2998hD4CTg2ejr2&code=4%2F0ASVgi3KmQ3ALGmyFUmtENv9L3HMMPL02FBx-Mm0IqMFPnifyWb-UrAyHMxgLUyoIGMr33Q&redirect_uri=http%3A%2F%2Flocalhost%3A8085%2F&code_verifier=b3rSwsAYVJIx1hbac4Cyg-56ORqw6VPh.d793I5YkyKPKl6romSGAQ9q4IhiT8WfTRAQGaUduseWYcO0hiSPr_JMyF1km4H_~MZ2THiCwk.2Zm~u9RrqSNX3CUN4C2_J
2025-02-19 10:25:30,269 DEBUG    requests_oauthlib.oauth2_session Request to fetch token completed with status 200.
2025-02-19 10:25:30,269 DEBUG    requests_oauthlib.oauth2_session Request headers were {'user-agent': b'google-cloud-sdk gcloud/475.0.0 command/gcloud.auth.login invocation-id/9d76699d3e654c8bb156509dc29d1b05 environment/None environment-version/None client-os/MACOSX client-os-ver/24.3.0 client-pltf-arch/arm interactive/False from-script/False python/3.11.6 term/screen-256color (Macintosh; Intel Mac OS X 24.3.0)', 'Accept-Encoding': 'gzip, deflate', 'Accept': b'application/json', 'Connection': 'keep-alive', 'Content-Type': b'application/x-www-form-urlencoded;charset=UTF-8', 'Content-Length': '387'}
2025-02-19 10:25:30,269 DEBUG    requests_oauthlib.oauth2_session Request body was grant_type=authorization_code&client_id=32555940559.apps.googleusercontent.com&client_secret=ZmssLNjJy2998hD4CTg2ejr2&code=4%2F0ASVgi3KmQ3ALGmyFUmtENv9L3HMMPL02FBx-Mm0IqMFPnifyWb-UrAyHMxgLUyoIGMr33Q&redirect_uri=http%3A%2F%2Flocalhost%3A8085%2F&code_verifier=b3rSwsAYVJIx1hbac4Cyg-56ORqw6VPh.d793I5YkyKPKl6romSGAQ9q4IhiT8WfTRAQGaUduseWYcO0hiSPr_JMyF1km4H_~MZ2THiCwk.2Zm~u9RrqSNX3CUN4C2_J
2025-02-19 10:25:30,269 DEBUG    requests_oauthlib.oauth2_session Response headers were {'Expires': 'Mon, 01 Jan 1990 00:00:00 GMT', 'Pragma': 'no-cache', 'Date': 'Wed, 19 Feb 2025 15:25:30 GMT', 'Cache-Control': 'no-cache, no-store, max-age=0, must-revalidate', 'Content-Type': 'application/json; charset=utf-8', 'Vary': 'Origin, X-Origin, Referer', 'Content-Encoding': 'gzip', 'Server': 'scaffolding on HTTPServer2', 'X-XSS-Protection': '0', 'X-Frame-Options': 'SAMEORIGIN', 'X-Content-Type-Options': 'nosniff', 'Alt-Svc': 'h3=":443"; ma=2592000,h3-29=":443"; ma=2592000', 'Transfer-Encoding': 'chunked'} and content {
  "access_token": "ya29.a0AXeO80RuG8FitsIhNDE9_CXaOc5HiIYo1lD9pNh1UORK0q5DzvYroyysjzIHdm_aLTPG6FF2Akw-rn3GaKWfIpy18DG8Eukh0nVeHHjb_1h85BCLjWSwYjJf9FoT4oI2KyyYPplLS-UlljhOZs2Hw7yp72XumB0LjB-OmM1Lxg56qgaCgYKAUgSARISFQHGX2Mi2yqHcz8LhHLzJBSCPOY1IQ0181",
  "expires_in": 3599,
  "refresh_token": "1//01Rz2Ke7pzCFPCgYIARAAGAESNwF-L9IrOr95VwsHNBKpmvjwU3yDiCVY_xIzJwFsCggx_-htIoJkBOOR8xFpO7Zbzefsl5nHe28",
  "scope": "https://www.googleapis.com/auth/compute https://www.googleapis.com/auth/userinfo.email https://www.googleapis.com/auth/cloud-platform https://www.googleapis.com/auth/sqlservice.login openid https://www.googleapis.com/auth/accounts.reauth https://www.googleapis.com/auth/appengine.admin",
  "token_type": "Bearer",
  "id_token": "eyJhbGciOiJSUzI1NiIsImtpZCI6IjVkMTJhYjc4MmNiNjA5NjI4NWY2OWU0OGFlYTk5MDc5YmI1OWNiODYiLCJ0eXAiOiJKV1QifQ.eyJpc3MiOiJodHRwczovL2FjY291bnRzLmdvb2dsZS5jb20iLCJhenAiOiIzMjU1NTk0MDU1OS5hcHBzLmdvb2dsZXVzZXJjb250ZW50LmNvbSIsImF1ZCI6IjMyNTU1OTQwNTU5LmFwcHMuZ29vZ2xldXNlcmNvbnRlbnQuY29tIiwic3ViIjoiMTAwNjUyNDM4NTEyNzgzNjkzMzI5IiwiaGQiOiJ2YWxvbi5jb20iLCJlbWFpbCI6InRhbWppZC5yYWhtYW5AdmFsb24uY29tIiwiZW1haWxfdmVyaWZpZWQiOnRydWUsImF0X2hhc2giOiIzb2dpQUR6Q1ZOalpQa3RMRWFIdWpBIiwiaWF0IjoxNzM5OTc4NzMwLCJleHAiOjE3Mzk5ODIzMzB9.dJuaTn85XBhSsTLqEtaEYy4pLasvF9KGshoEZTifOV2lNSDvlf31-jSZKFhCQDTu4Jz7EkXfNaBR15BNMFS8epgkxTeFwzBneP3EbAXJdOSGhiNY7oZAY-ZvpvVjiroKT-REKU5to77y6yGC9AS1NP9zQJ0GG395Ot_Jo-J9ThNaxf9T-xvzP2Lkq6D55UE0_BOY7AyqvTHTHKLJhyieNmG-NM_aANzpLSAx41xjg6FNvH9MUrSkJn4V2TJ2Oq_EGqR9TVk3QzjA5Nck6F8noQ6tWmh2fjAWxSOMSmtrPw1aiWgNU0zNsX1ARNA5d3MfLb7-TGRxFCYFo4vsImLyaA"
}.
2025-02-19 10:25:30,269 DEBUG    requests_oauthlib.oauth2_session Invoking 0 token response hooks.
2025-02-19 10:25:30,269 DEBUG    requests_oauthlib.oauth2_session Obtained token {'access_token': 'ya29.a0AXeO80RuG8FitsIhNDE9_CXaOc5HiIYo1lD9pNh1UORK0q5DzvYroyysjzIHdm_aLTPG6FF2Akw-rn3GaKWfIpy18DG8Eukh0nVeHHjb_1h85BCLjWSwYjJf9FoT4oI2KyyYPplLS-UlljhOZs2Hw7yp72XumB0LjB-OmM1Lxg56qgaCgYKAUgSARISFQHGX2Mi2yqHcz8LhHLzJBSCPOY1IQ0181', 'expires_in': 3599, 'refresh_token': '1//01Rz2Ke7pzCFPCgYIARAAGAESNwF-L9IrOr95VwsHNBKpmvjwU3yDiCVY_xIzJwFsCggx_-htIoJkBOOR8xFpO7Zbzefsl5nHe28', 'scope': ['https://www.googleapis.com/auth/compute', 'https://www.googleapis.com/auth/userinfo.email', 'https://www.googleapis.com/auth/cloud-platform', 'https://www.googleapis.com/auth/sqlservice.login', 'openid', 'https://www.googleapis.com/auth/accounts.reauth', 'https://www.googleapis.com/auth/appengine.admin'], 'token_type': 'Bearer', 'id_token': 'eyJhbGciOiJSUzI1NiIsImtpZCI6IjVkMTJhYjc4MmNiNjA5NjI4NWY2OWU0OGFlYTk5MDc5YmI1OWNiODYiLCJ0eXAiOiJKV1QifQ.eyJpc3MiOiJodHRwczovL2FjY291bnRzLmdvb2dsZS5jb20iLCJhenAiOiIzMjU1NTk0MDU1OS5hcHBzLmdvb2dsZXVzZXJjb250ZW50LmNvbSIsImF1ZCI6IjMyNTU1OTQwNTU5LmFwcHMuZ29vZ2xldXNlcmNvbnRlbnQuY29tIiwic3ViIjoiMTAwNjUyNDM4NTEyNzgzNjkzMzI5IiwiaGQiOiJ2YWxvbi5jb20iLCJlbWFpbCI6InRhbWppZC5yYWhtYW5AdmFsb24uY29tIiwiZW1haWxfdmVyaWZpZWQiOnRydWUsImF0X2hhc2giOiIzb2dpQUR6Q1ZOalpQa3RMRWFIdWpBIiwiaWF0IjoxNzM5OTc4NzMwLCJleHAiOjE3Mzk5ODIzMzB9.dJuaTn85XBhSsTLqEtaEYy4pLasvF9KGshoEZTifOV2lNSDvlf31-jSZKFhCQDTu4Jz7EkXfNaBR15BNMFS8epgkxTeFwzBneP3EbAXJdOSGhiNY7oZAY-ZvpvVjiroKT-REKU5to77y6yGC9AS1NP9zQJ0GG395Ot_Jo-J9ThNaxf9T-xvzP2Lkq6D55UE0_BOY7AyqvTHTHKLJhyieNmG-NM_aANzpLSAx41xjg6FNvH9MUrSkJn4V2TJ2Oq_EGqR9TVk3QzjA5Nck6F8noQ6tWmh2fjAWxSOMSmtrPw1aiWgNU0zNsX1ARNA5d3MfLb7-TGRxFCYFo4vsImLyaA', 'expires_at': 1739982329.2696588}.
2025-02-19 10:25:30,278 INFO     ___FILE_ONLY___ 
You are now logged in as [tamjid.rahman@valon.com].
Your current project is [prod-peach-street].  You can change this setting by running:
  $ gcloud config set project PROJECT_ID

2025-02-19 10:25:30,279 DEBUG    root            Chosen display Format:none
2025-02-19 10:25:30,279 INFO     root            Display format: "none"
