2025-02-19 15:14:32,369 DEBUG    root            Loaded Command Group: ['gcloud', 'config']
2025-02-19 15:14:32,370 DEBUG    root            Loaded Command Group: ['gcloud', 'config', 'config_helper']
2025-02-19 15:14:32,371 DEBUG    root            Running [gcloud.config.config-helper] with arguments: [--format: "json", --min-expiry: "3600"]
2025-02-19 15:14:32,376 DEBUG    google.auth.transport.requests Making request: POST https://oauth2.googleapis.com/token
2025-02-19 15:14:32,381 DEBUG    urllib3.connectionpool Starting new HTTPS connection (1): oauth2.googleapis.com:443
2025-02-19 15:14:32,537 DEBUG    urllib3.connectionpool https://oauth2.googleapis.com:443 "POST /token HTTP/1.1" 200 None
2025-02-19 15:14:32,541 DEBUG    root            Chosen display Format:default json
2025-02-19 15:14:32,541 INFO     root            Display format: "default json"
2025-02-19 15:14:32,560 INFO     ___FILE_ONLY___ {
  "configuration": {
    "active_configuration": "default",
    "properties": {
      "core": {
        "account": "tamjid.rahman@valon.com",
        "disable_prompts": "false",
        "disable_usage_reporting": "True",
        "project": "prod-peach-street"
      }
    }
  },
  "credential": {
    "access_token": "ya29.a0AXeO80Tt3laa7rc7k_4FQKO8uLSNbq9-SiUiiobpbUfDeKKuge4Lwn6g7bF46K0GkEMXKAxvspPXkbMezMJOTGCP-wmrPegD7w37AJS4vROkAy6EK1fmRyiiywFyNw8JACF_cBS-x3TPV6rgzG3_0Afx3fS8pPzjcw36H_UYH6bjJmAaCgYKAR4SARISFQHGX2MinmPzNYJ3285wzjPwHcLUbw0182",
    "id_token": "eyJhbGciOiJSUzI1NiIsImtpZCI6IjVkMTJhYjc4MmNiNjA5NjI4NWY2OWU0OGFlYTk5MDc5YmI1OWNiODYiLCJ0eXAiOiJKV1QifQ.eyJpc3MiOiJodHRwczovL2FjY291bnRzLmdvb2dsZS5jb20iLCJhenAiOiIzMjU1NTk0MDU1OS5hcHBzLmdvb2dsZXVzZXJjb250ZW50LmNvbSIsImF1ZCI6IjMyNTU1OTQwNTU5LmFwcHMuZ29vZ2xldXNlcmNvbnRlbnQuY29tIiwic3ViIjoiMTAwNjUyNDM4NTEyNzgzNjkzMzI5IiwiaGQiOiJ2YWxvbi5jb20iLCJlbWFpbCI6InRhbWppZC5yYWhtYW5AdmFsb24uY29tIiwiZW1haWxfdmVyaWZpZWQiOnRydWUsImF0X2hhc2giOiJUcDJnTk1ReVRIMWZ5VmlNQk9UeE1nIiwiaWF0IjoxNzM5OTk2MDcyLCJleHAiOjE3Mzk5OTk2NzJ9.HuaOXlI-Ha6UY-gX17RkLLdz3oD9s5WXETRXueyzo09gAr8vDeNxST1eEauIVvx64NRD9mx9LwoKCLtpDcUMkHh3uEvm1kwbEymRbKSpynGNbyAXTP780TXrT8pyS-J2IrF7TJcryhd1Z9Zk3Duujdm23zW2VcFXgpHG7JOD1PT2JAXHi1WTeoyePetpssnB-MNINFFxnWOlvXbEaY__av0dS7e3X27xQom_EUX1m2ZbmgAZfLjgDeeCJ2wTiwxdXb_xrBF4OPaZsNy2U66ccMJFd0TiUXM0vc8A4ipQYA0xCeRVeX9dRuLrADhwDC2smrNl486XTAG5mckLcza0Gw",
    "token_expiry": "2025-02-19T21:14:31Z"
  },
  "sentinels": {
    "config_sentinel": "/Users/tamjid/.config/gcloud/config_sentinel"
  }
}
2025-02-19 15:14:32,560 INFO     ___FILE_ONLY___ 

