2025-02-19 16:16:01,097 DEBUG    root            Loaded Command Group: ['gcloud', 'config']
2025-02-19 16:16:01,099 DEBUG    root            Loaded Command Group: ['gcloud', 'config', 'config_helper']
2025-02-19 16:16:01,099 DEBUG    root            Running [gcloud.config.config-helper] with arguments: [--format: "json", --min-expiry: "3600"]
2025-02-19 16:16:01,112 DEBUG    google.auth.transport.requests Making request: POST https://oauth2.googleapis.com/token
2025-02-19 16:16:01,141 DEBUG    urllib3.connectionpool Starting new HTTPS connection (1): oauth2.googleapis.com:443
2025-02-19 16:16:01,308 DEBUG    urllib3.connectionpool https://oauth2.googleapis.com:443 "POST /token HTTP/1.1" 200 None
2025-02-19 16:16:01,312 DEBUG    google.auth.transport.requests Making request: POST https://oauth2.googleapis.com/token
2025-02-19 16:16:01,314 DEBUG    urllib3.connectionpool Starting new HTTPS connection (1): oauth2.googleapis.com:443
2025-02-19 16:16:01,479 DEBUG    urllib3.connectionpool https://oauth2.googleapis.com:443 "POST /token HTTP/1.1" 200 None
2025-02-19 16:16:01,486 DEBUG    root            Chosen display Format:default json
2025-02-19 16:16:01,487 INFO     root            Display format: "default json"
2025-02-19 16:16:01,521 INFO     ___FILE_ONLY___ {
  "configuration": {
    "active_configuration": "default",
    "properties": {
      "core": {
        "account": "tamjid.rahman@valon.com",
        "disable_prompts": "false",
        "disable_usage_reporting": "True",
        "project": "prod-peach-street"
      }
    }
  },
  "credential": {
    "access_token": "ya29.a0AXeO80SRf8z-tRLU5S7Wa6kgiwVBY72KXoN292zPC40DmrxPwQtKsMGHXAp0n_JGNyugN9N0aKhl5cU6z9jw9Kha2V0unISNam8M8kiJ68mlZGjQseMCSee4AG3UOzAILMSxh0J-NCqgJAxf7_0A9mIco7oV5jbVH4S2y2TurXKaZ-EaCgYKAeYSARISFQHGX2Mi_7E32iA9iWSkmsfmbOwBeQ0182",
    "id_token": "eyJhbGciOiJSUzI1NiIsImtpZCI6IjVkMTJhYjc4MmNiNjA5NjI4NWY2OWU0OGFlYTk5MDc5YmI1OWNiODYiLCJ0eXAiOiJKV1QifQ.eyJpc3MiOiJodHRwczovL2FjY291bnRzLmdvb2dsZS5jb20iLCJhenAiOiIzMjU1NTk0MDU1OS5hcHBzLmdvb2dsZXVzZXJjb250ZW50LmNvbSIsImF1ZCI6IjMyNTU1OTQwNTU5LmFwcHMuZ29vZ2xldXNlcmNvbnRlbnQuY29tIiwic3ViIjoiMTAwNjUyNDM4NTEyNzgzNjkzMzI5IiwiaGQiOiJ2YWxvbi5jb20iLCJlbWFpbCI6InRhbWppZC5yYWhtYW5AdmFsb24uY29tIiwiZW1haWxfdmVyaWZpZWQiOnRydWUsImF0X2hhc2giOiJvMlp5N2VGcE9pOWtFWVRmSVNKQXZnIiwiaWF0IjoxNzM5OTk5NzYxLCJleHAiOjE3NDAwMDMzNjF9.JLOkXsrf2-mPAANGJdT4RmRfWF-P-ZJu9tyaDDfK67MSFAXMBk4B2b2o_eM--YrEwgySGCGTvD23NWSlOLSGjgwbEPIFbFOQEbs776MiWvIyb29Eq7A1ydZmetx5dS7ORb8MN-rjj7qlmhN_GYFzlnqdneVL6YzocZGZWX_UzquNghO2IGnKrODPs0aMnwKGQrD8V3KwKE5SZF0EoI9RjEE_yvdN4_ckvpS5evjG9lLgD_ij-rODdRMKP5OlIoFzvwOz6bEN_-_g3bdJzGelsiZCW9iiDlw84oN4onk5P_WI_CMqwwbfs2I0F_sfqqEyV6NDTF11U6uiPq3r8T82lA",
    "token_expiry": "2025-02-19T22:16:00Z"
  },
  "sentinels": {
    "config_sentinel": "/Users/tamjid/.config/gcloud/config_sentinel"
  }
}
2025-02-19 16:16:01,521 INFO     ___FILE_ONLY___ 

