2025-02-19 16:16:01,780 DEBUG    root            Loaded Command Group: ['gcloud', 'config']
2025-02-19 16:16:01,781 DEBUG    root            Loaded Command Group: ['gcloud', 'config', 'config_helper']
2025-02-19 16:16:01,782 DEBUG    root            Running [gcloud.config.config-helper] with arguments: [--format: "json", --min-expiry: "3600"]
2025-02-19 16:16:01,788 DEBUG    google.auth.transport.requests Making request: POST https://oauth2.googleapis.com/token
2025-02-19 16:16:01,793 DEBUG    urllib3.connectionpool Starting new HTTPS connection (1): oauth2.googleapis.com:443
2025-02-19 16:16:01,982 DEBUG    urllib3.connectionpool https://oauth2.googleapis.com:443 "POST /token HTTP/1.1" 200 None
2025-02-19 16:16:01,987 DEBUG    root            Chosen display Format:default json
2025-02-19 16:16:01,988 INFO     root            Display format: "default json"
2025-02-19 16:16:02,008 INFO     ___FILE_ONLY___ {
  "configuration": {
    "active_configuration": "default",
    "properties": {
      "core": {
        "account": "tamjid.rahman@valon.com",
        "disable_prompts": "false",
        "disable_usage_reporting": "True",
        "project": "prod-peach-street"
      }
    }
  },
  "credential": {
    "access_token": "ya29.a0AXeO80QyAthbLJ-3cahQvMEgxZp4oAzIYQAX2_FnhuU5ccCQZsUqopgG-0aH-U0w_VdDL-WgCqzL73OKY7SG-bnHYEAJvCz4Uhfbj1ZQORT-QZ4TpEOgWJh92MniE0jmqtBdQD9RRtm-mL1_s7U0xg16AN3H_qwMyOBq8ztLKZfrGNQaCgYKAd8SARISFQHGX2MijS4zsGBSym4BqU99nkjiGQ0182",
    "id_token": "eyJhbGciOiJSUzI1NiIsImtpZCI6IjVkMTJhYjc4MmNiNjA5NjI4NWY2OWU0OGFlYTk5MDc5YmI1OWNiODYiLCJ0eXAiOiJKV1QifQ.eyJpc3MiOiJodHRwczovL2FjY291bnRzLmdvb2dsZS5jb20iLCJhenAiOiIzMjU1NTk0MDU1OS5hcHBzLmdvb2dsZXVzZXJjb250ZW50LmNvbSIsImF1ZCI6IjMyNTU1OTQwNTU5LmFwcHMuZ29vZ2xldXNlcmNvbnRlbnQuY29tIiwic3ViIjoiMTAwNjUyNDM4NTEyNzgzNjkzMzI5IiwiaGQiOiJ2YWxvbi5jb20iLCJlbWFpbCI6InRhbWppZC5yYWhtYW5AdmFsb24uY29tIiwiZW1haWxfdmVyaWZpZWQiOnRydWUsImF0X2hhc2giOiJxT2EwbkhpSWJjVGRjQnRoTFJtaDBBIiwiaWF0IjoxNzM5OTk5NzYyLCJleHAiOjE3NDAwMDMzNjJ9.iDb23QBy57082tQsSkGvDd627MEdQxc2TIZtwgTJDFEZuZxSjKcRlJ-wQ57xzDORN411sNvJjSeU9VyW0BHordXkkaQdEnczF3ghv6FeOGFbCe9yqZ0ZgtY8Gs1MqULAeBZp9Wu6EwRCgqQCSSQUVrW2i1c2gD6a6we1AH3k4YE2fQxIbsjRr3jDjnJsnmPKp4RIlLJVHPyx6MB3y0SKtArjqe2A0lACDeITeMq59fnyvzgyGIp-CAEWkvKzxlsKCUsS1_W5HNJsjEAXXS9btKblDzgtUru62C85wYTxWguYFesJeLjQeVw_8iankg6V-z12hZfSRcaMLIWF4YryqQ",
    "token_expiry": "2025-02-19T22:15:59Z"
  },
  "sentinels": {
    "config_sentinel": "/Users/tamjid/.config/gcloud/config_sentinel"
  }
}
2025-02-19 16:16:02,008 INFO     ___FILE_ONLY___ 

