2025-02-19 17:16:08,034 DEBUG    root            Loaded Command Group: ['gcloud', 'config']
2025-02-19 17:16:08,036 DEBUG    root            Loaded Command Group: ['gcloud', 'config', 'config_helper']
2025-02-19 17:16:08,037 DEBUG    root            Running [gcloud.config.config-helper] with arguments: [--format: "json", --min-expiry: "3600"]
2025-02-19 17:16:08,051 DEBUG    google.auth.transport.requests Making request: POST https://oauth2.googleapis.com/token
2025-02-19 17:16:08,077 DEBUG    urllib3.connectionpool Starting new HTTPS connection (1): oauth2.googleapis.com:443
2025-02-19 17:16:08,241 DEBUG    urllib3.connectionpool https://oauth2.googleapis.com:443 "POST /token HTTP/1.1" 200 None
2025-02-19 17:16:08,246 DEBUG    google.auth.transport.requests Making request: POST https://oauth2.googleapis.com/token
2025-02-19 17:16:08,250 DEBUG    urllib3.connectionpool Starting new HTTPS connection (1): oauth2.googleapis.com:443
2025-02-19 17:16:08,419 DEBUG    urllib3.connectionpool https://oauth2.googleapis.com:443 "POST /token HTTP/1.1" 200 None
2025-02-19 17:16:08,423 DEBUG    root            Chosen display Format:default json
2025-02-19 17:16:08,423 INFO     root            Display format: "default json"
2025-02-19 17:16:08,452 INFO     ___FILE_ONLY___ {
  "configuration": {
    "active_configuration": "default",
    "properties": {
      "core": {
        "account": "tamjid.rahman@valon.com",
        "disable_prompts": "false",
        "disable_usage_reporting": "True",
        "project": "prod-peach-street"
      }
    }
  },
  "credential": {
    "access_token": "ya29.a0AXeO80TkgHorwzwQ4-Dafck5STKd-nP4VfN2DOLidjoa0c5vyXvECrv7bLx8b68k7nW12Wpm82W83pgn-c590N48DeycumJdb6bkqnLI8mC2qT7WomQ2qdmAGMmv_126ObVN0d5vPw6WelQo8I6IaB2lpZQXIQJrKndBCWa-LmGgInQaCgYKAZESARISFQHGX2Mia31VtZ4cRDqVAS6Weiqh_A0182",
    "id_token": "eyJhbGciOiJSUzI1NiIsImtpZCI6IjVkMTJhYjc4MmNiNjA5NjI4NWY2OWU0OGFlYTk5MDc5YmI1OWNiODYiLCJ0eXAiOiJKV1QifQ.eyJpc3MiOiJodHRwczovL2FjY291bnRzLmdvb2dsZS5jb20iLCJhenAiOiIzMjU1NTk0MDU1OS5hcHBzLmdvb2dsZXVzZXJjb250ZW50LmNvbSIsImF1ZCI6IjMyNTU1OTQwNTU5LmFwcHMuZ29vZ2xldXNlcmNvbnRlbnQuY29tIiwic3ViIjoiMTAwNjUyNDM4NTEyNzgzNjkzMzI5IiwiaGQiOiJ2YWxvbi5jb20iLCJlbWFpbCI6InRhbWppZC5yYWhtYW5AdmFsb24uY29tIiwiZW1haWxfdmVyaWZpZWQiOnRydWUsImF0X2hhc2giOiJhR1NadXFYSXk4NF9HMnNMZE5ucDdnIiwiaWF0IjoxNzQwMDAzMzY4LCJleHAiOjE3NDAwMDY5Njh9.dT7PrmcA2kJRfCXu-N9oeTiHKlKEt7_aU96q0CB29ccKVM3WZYsqhOuFLoGY3AKqEO0D9cPJUvTZXnSsYf28lZeW0jil6Ul7-GJ5MoEz9i8sx3VnEyLILAEEBKrl81J4ovuiqIWgV7hEqGsxF5rNlu7BZXlr-HPPfxVwPuhcmKzFxjhhb8QBf4Ark5EM6yPkpIDNH0rMutar_JaNvDN5qW8QKvtbfxqgtsGbl_OGVr3qmRs_ZkRx_7H5sVQy1plG7ddALEO9drvwkP0Qg4yoTSW9J0u2L8qolCxuV7YKRrTNcDOvcxO7ILBhIu_PdQhXbv41ZBjqGJ1i4T2l1Rmqkw",
    "token_expiry": "2025-02-19T23:16:07Z"
  },
  "sentinels": {
    "config_sentinel": "/Users/tamjid/.config/gcloud/config_sentinel"
  }
}
2025-02-19 17:16:08,452 INFO     ___FILE_ONLY___ 

