2025-02-19 17:16:08,729 DEBUG    root            Loaded Command Group: ['gcloud', 'config']
2025-02-19 17:16:08,730 DEBUG    root            Loaded Command Group: ['gcloud', 'config', 'config_helper']
2025-02-19 17:16:08,730 DEBUG    root            Running [gcloud.config.config-helper] with arguments: [--format: "json", --min-expiry: "3600"]
2025-02-19 17:16:08,736 DEBUG    google.auth.transport.requests Making request: POST https://oauth2.googleapis.com/token
2025-02-19 17:16:08,742 DEBUG    urllib3.connectionpool Starting new HTTPS connection (1): oauth2.googleapis.com:443
2025-02-19 17:16:08,897 DEBUG    urllib3.connectionpool https://oauth2.googleapis.com:443 "POST /token HTTP/1.1" 200 None
2025-02-19 17:16:08,902 DEBUG    root            Chosen display Format:default json
2025-02-19 17:16:08,902 INFO     root            Display format: "default json"
2025-02-19 17:16:08,920 INFO     ___FILE_ONLY___ {
  "configuration": {
    "active_configuration": "default",
    "properties": {
      "core": {
        "account": "tamjid.rahman@valon.com",
        "disable_prompts": "false",
        "disable_usage_reporting": "True",
        "project": "prod-peach-street"
      }
    }
  },
  "credential": {
    "access_token": "ya29.a0AXeO80RwEdQmbgPGbxLdbvM8hz9_7nxvqS1O2zuRzo_wV9q93K8JQqBHS9g8hdKMOQbm1MkBRk8AcfL4LYowLwCNjjutwNEWhgrRI-MfD5jg9JQDOqlg1c3yWjn6-ACO1K9uIQ_Ktj09AqO2PMmhszGEEn-dxXGUGj3CAb0GQi28avAaCgYKAfgSARISFQHGX2MiZRjZIJn9vriZ6ATyy-kAjg0182",
    "id_token": "eyJhbGciOiJSUzI1NiIsImtpZCI6IjVkMTJhYjc4MmNiNjA5NjI4NWY2OWU0OGFlYTk5MDc5YmI1OWNiODYiLCJ0eXAiOiJKV1QifQ.eyJpc3MiOiJodHRwczovL2FjY291bnRzLmdvb2dsZS5jb20iLCJhenAiOiIzMjU1NTk0MDU1OS5hcHBzLmdvb2dsZXVzZXJjb250ZW50LmNvbSIsImF1ZCI6IjMyNTU1OTQwNTU5LmFwcHMuZ29vZ2xldXNlcmNvbnRlbnQuY29tIiwic3ViIjoiMTAwNjUyNDM4NTEyNzgzNjkzMzI5IiwiaGQiOiJ2YWxvbi5jb20iLCJlbWFpbCI6InRhbWppZC5yYWhtYW5AdmFsb24uY29tIiwiZW1haWxfdmVyaWZpZWQiOnRydWUsImF0X2hhc2giOiJURnUwT09NZ0ZtTUl0MXdodTMwXy13IiwiaWF0IjoxNzQwMDAzMzY4LCJleHAiOjE3NDAwMDY5Njh9.V9QiYre3L2TDfH4kkoOg4wGx2n9hi8gvCUOqZVjQ7_Yzhmk7i52lrD-EydkksNb7mvG2QUKWXMttN0tKhfYE1hZFvwA26nC04Ij4adoAmotUtXcIgezQND0pZQZMSs0kflIcLdgVfLk2tZe4WR1hsZDpB52u9LcVWhGlr25QryS1Gs1_Wd1IHZmQvehq_S7hue7z_GFCtD14PUOs2lNgy1kCcefdVVM4VJaHRPwzfG_7_ouxv0GsIhXhj_UXIY_B4AtVrQ4fiyNcwtwvBrFWoHLF091Tf7Dipjf7xfup8awLcg0lyaTEGViDyUPu1II5x-f8NQT-Epnjq2lOo5HIWQ",
    "token_expiry": "2025-02-19T23:16:07Z"
  },
  "sentinels": {
    "config_sentinel": "/Users/tamjid/.config/gcloud/config_sentinel"
  }
}
2025-02-19 17:16:08,920 INFO     ___FILE_ONLY___ 

