2025-02-19 18:15:12,457 DEBUG    root            Loaded Command Group: ['gcloud', 'config']
2025-02-19 18:15:12,459 DEBUG    root            Loaded Command Group: ['gcloud', 'config', 'config_helper']
2025-02-19 18:15:12,460 DEBUG    root            Running [gcloud.config.config-helper] with arguments: [--format: "json", --min-expiry: "3600"]
2025-02-19 18:15:12,473 DEBUG    google.auth.transport.requests Making request: POST https://oauth2.googleapis.com/token
2025-02-19 18:15:12,507 DEBUG    urllib3.connectionpool Starting new HTTPS connection (1): oauth2.googleapis.com:443
2025-02-19 18:15:12,676 DEBUG    urllib3.connectionpool https://oauth2.googleapis.com:443 "POST /token HTTP/1.1" 200 None
2025-02-19 18:15:12,683 DEBUG    google.auth.transport.requests Making request: POST https://oauth2.googleapis.com/token
2025-02-19 18:15:12,686 DEBUG    urllib3.connectionpool Starting new HTTPS connection (1): oauth2.googleapis.com:443
2025-02-19 18:15:12,854 DEBUG    urllib3.connectionpool https://oauth2.googleapis.com:443 "POST /token HTTP/1.1" 200 None
2025-02-19 18:15:12,860 DEBUG    root            Chosen display Format:default json
2025-02-19 18:15:12,861 INFO     root            Display format: "default json"
2025-02-19 18:15:12,896 INFO     ___FILE_ONLY___ {
  "configuration": {
    "active_configuration": "default",
    "properties": {
      "core": {
        "account": "tamjid.rahman@valon.com",
        "disable_prompts": "false",
        "disable_usage_reporting": "True",
        "project": "prod-peach-street"
      }
    }
  },
  "credential": {
    "access_token": "ya29.a0AXeO80TVy_PL_r9YzBOaq31oYifOlIPd4za07-70KQLLmaGhVOStLcvoiBDRFryW6FqFgPwz-A9x3TgaY5ZHTpvbo8Mim6AAxGoKS7VXsCz4cZHx5URaQW-0v2dI2mLvP_ARe7sEoQRe-teOcqt6i3jUkF2NQf7Nzi4jDPfrev2R5MkaCgYKAUsSARISFQHGX2MiZirZoNWZdqQWmaTiybhDwQ0182",
    "id_token": "eyJhbGciOiJSUzI1NiIsImtpZCI6IjVkMTJhYjc4MmNiNjA5NjI4NWY2OWU0OGFlYTk5MDc5YmI1OWNiODYiLCJ0eXAiOiJKV1QifQ.eyJpc3MiOiJodHRwczovL2FjY291bnRzLmdvb2dsZS5jb20iLCJhenAiOiIzMjU1NTk0MDU1OS5hcHBzLmdvb2dsZXVzZXJjb250ZW50LmNvbSIsImF1ZCI6IjMyNTU1OTQwNTU5LmFwcHMuZ29vZ2xldXNlcmNvbnRlbnQuY29tIiwic3ViIjoiMTAwNjUyNDM4NTEyNzgzNjkzMzI5IiwiaGQiOiJ2YWxvbi5jb20iLCJlbWFpbCI6InRhbWppZC5yYWhtYW5AdmFsb24uY29tIiwiZW1haWxfdmVyaWZpZWQiOnRydWUsImF0X2hhc2giOiJfSjY4YjV3MlBkNE5HQlpaLU1GOWNRIiwiaWF0IjoxNzQwMDA2OTEyLCJleHAiOjE3NDAwMTA1MTJ9.sSFKAwOydnHG0WYqbnon5PHYp0wpoEIAkVbLDmqSITha4wdIBLr3N1aVeGaxuyTFAGcmqhDDQHXWDNNDLC3ai_V-GGU8t7PNwNsePmTAdQKWlLLyZPZwn9d8OBSN87Juh1Zg-O7-hzx9DAVMjPoqyssqW2mBeDtRO1jT6Q2tNeIWHD6SLAnf7i1X2B0EwCIqua4MJRyxEqqkS0s2ZHXLGpGvKFchAEDBjQmouYf_p5Wvdmemblz4VXaq2OSl5qaIGJljpcLftrHoafitfJTpd_GVVBBq38VXb7fiI3KGXKnIi84oK4ekvqxkVPTHhl-aSoe4QJxTv-PRQX4UgZPpSQ",
    "token_expiry": "2025-02-20T00:15:11Z"
  },
  "sentinels": {
    "config_sentinel": "/Users/tamjid/.config/gcloud/config_sentinel"
  }
}
2025-02-19 18:15:12,896 INFO     ___FILE_ONLY___ 

