2025-02-19 19:14:16,403 DEBUG    root            Loaded Command Group: ['gcloud', 'config']
2025-02-19 19:14:16,405 DEBUG    root            Loaded Command Group: ['gcloud', 'config', 'config_helper']
2025-02-19 19:14:16,405 DEBUG    root            Running [gcloud.config.config-helper] with arguments: [--format: "json", --min-expiry: "3600"]
2025-02-19 19:14:16,417 DEBUG    google.auth.transport.requests Making request: POST https://oauth2.googleapis.com/token
2025-02-19 19:14:16,442 DEBUG    urllib3.connectionpool Starting new HTTPS connection (1): oauth2.googleapis.com:443
2025-02-19 19:14:16,608 DEBUG    urllib3.connectionpool https://oauth2.googleapis.com:443 "POST /token HTTP/1.1" 200 None
2025-02-19 19:14:16,615 DEBUG    google.auth.transport.requests Making request: POST https://oauth2.googleapis.com/token
2025-02-19 19:14:16,617 DEBUG    urllib3.connectionpool Starting new HTTPS connection (1): oauth2.googleapis.com:443
2025-02-19 19:14:16,780 DEBUG    urllib3.connectionpool https://oauth2.googleapis.com:443 "POST /token HTTP/1.1" 200 None
2025-02-19 19:14:16,789 DEBUG    root            Chosen display Format:default json
2025-02-19 19:14:16,789 INFO     root            Display format: "default json"
2025-02-19 19:14:16,830 INFO     ___FILE_ONLY___ {
  "configuration": {
    "active_configuration": "default",
    "properties": {
      "core": {
        "account": "tamjid.rahman@valon.com",
        "disable_prompts": "false",
        "disable_usage_reporting": "True",
        "project": "prod-peach-street"
      }
    }
  },
  "credential": {
    "access_token": "ya29.a0AXeO80ThJxMdHHVyZyJjhAmwiCMNRKeKy70tWp06WYZpLJMoxF3n2VaUYQahAdycyC-THhPSztN6Wg5fn-HVW_ytP-t1aOz09VlxxQM0UzzLhHtWrI_PqYP21ueAj2GiGYHwrOzwIMFfelXfZYAqXVmebujQJ3MrfI33MwcnWkplKcIaCgYKAXgSARISFQHGX2MiCVt_FX35mKSQiKykV01xYg0182",
    "id_token": "eyJhbGciOiJSUzI1NiIsImtpZCI6IjVkMTJhYjc4MmNiNjA5NjI4NWY2OWU0OGFlYTk5MDc5YmI1OWNiODYiLCJ0eXAiOiJKV1QifQ.eyJpc3MiOiJodHRwczovL2FjY291bnRzLmdvb2dsZS5jb20iLCJhenAiOiIzMjU1NTk0MDU1OS5hcHBzLmdvb2dsZXVzZXJjb250ZW50LmNvbSIsImF1ZCI6IjMyNTU1OTQwNTU5LmFwcHMuZ29vZ2xldXNlcmNvbnRlbnQuY29tIiwic3ViIjoiMTAwNjUyNDM4NTEyNzgzNjkzMzI5IiwiaGQiOiJ2YWxvbi5jb20iLCJlbWFpbCI6InRhbWppZC5yYWhtYW5AdmFsb24uY29tIiwiZW1haWxfdmVyaWZpZWQiOnRydWUsImF0X2hhc2giOiItLVpSQWdScFRUSGxvbVM5S3htdkx3IiwiaWF0IjoxNzQwMDEwNDU2LCJleHAiOjE3NDAwMTQwNTZ9.gbbOVOQ3EUPxmPeZyOZLtmaGdxamjMXjfjJPtpGpumJD8iVu0XAHfwm0LTxYsMs-lk1EKbjsP2ydKaybWgpAn3gCTulNqFMrEGG8JDavHvjyIyegGyXqUyYEBe5lV_Af7UxHV2NKUGilVozgY6KXHtDo3yXsjIdEr9cVrbOL8BjCmHEew18yM869cskQU9FwL8e0fVpeObxV8djiD2xftS697-SMR09ytXTjRWu948Q4vXJwDPc_g2NYfqHahkHKptHmmM2pGlLid8S2q1gsu1o_5XsL7SmN49Jxp_Mpq8bOiqh4dRulIm5PuJh0FEJY-zK2QRZ5i4lLr6JSMRSG3A",
    "token_expiry": "2025-02-20T01:14:15Z"
  },
  "sentinels": {
    "config_sentinel": "/Users/tamjid/.config/gcloud/config_sentinel"
  }
}
2025-02-19 19:14:16,830 INFO     ___FILE_ONLY___ 

