2025-02-19 19:14:17,115 DEBUG    root            Loaded Command Group: ['gcloud', 'config']
2025-02-19 19:14:17,115 DEBUG    root            Loaded Command Group: ['gcloud', 'config', 'config_helper']
2025-02-19 19:14:17,116 DEBUG    root            Running [gcloud.config.config-helper] with arguments: [--format: "json", --min-expiry: "3600"]
2025-02-19 19:14:17,122 DEBUG    google.auth.transport.requests Making request: POST https://oauth2.googleapis.com/token
2025-02-19 19:14:17,127 DEBUG    urllib3.connectionpool Starting new HTTPS connection (1): oauth2.googleapis.com:443
2025-02-19 19:14:17,289 DEBUG    urllib3.connectionpool https://oauth2.googleapis.com:443 "POST /token HTTP/1.1" 200 None
2025-02-19 19:14:17,294 DEBUG    root            Chosen display Format:default json
2025-02-19 19:14:17,294 INFO     root            Display format: "default json"
2025-02-19 19:14:17,313 INFO     ___FILE_ONLY___ {
  "configuration": {
    "active_configuration": "default",
    "properties": {
      "core": {
        "account": "tamjid.rahman@valon.com",
        "disable_prompts": "false",
        "disable_usage_reporting": "True",
        "project": "prod-peach-street"
      }
    }
  },
  "credential": {
    "access_token": "ya29.a0AXeO80Rg2yZbhm4squ6knsCwa2mbdUJ4ujQSzw6jR8Pa1mTxtK2Qj4bW3ems-Gy1tvipjxjeO_KSDMbobyqjsK_QexVvc7eYaa6LNB773LDs0ZFG7_QSyhHVHRvSRLGpKlrLj1SiANOPOkBq4FZjQh7LC8wjzHzo_MSyi3oaHBST6YkaCgYKAbYSARISFQHGX2Miy15NxYkhQJooIoC9sj_f1Q0182",
    "id_token": "eyJhbGciOiJSUzI1NiIsImtpZCI6IjVkMTJhYjc4MmNiNjA5NjI4NWY2OWU0OGFlYTk5MDc5YmI1OWNiODYiLCJ0eXAiOiJKV1QifQ.eyJpc3MiOiJodHRwczovL2FjY291bnRzLmdvb2dsZS5jb20iLCJhenAiOiIzMjU1NTk0MDU1OS5hcHBzLmdvb2dsZXVzZXJjb250ZW50LmNvbSIsImF1ZCI6IjMyNTU1OTQwNTU5LmFwcHMuZ29vZ2xldXNlcmNvbnRlbnQuY29tIiwic3ViIjoiMTAwNjUyNDM4NTEyNzgzNjkzMzI5IiwiaGQiOiJ2YWxvbi5jb20iLCJlbWFpbCI6InRhbWppZC5yYWhtYW5AdmFsb24uY29tIiwiZW1haWxfdmVyaWZpZWQiOnRydWUsImF0X2hhc2giOiJXYmV5VzhKRUNQb0RfeTlRYWFhVld3IiwiaWF0IjoxNzQwMDEwNDU3LCJleHAiOjE3NDAwMTQwNTd9.eCqXlD4AN36EjbyBdoEtgT9V4O3_fCFQmH-x8I5SdU94cxjnFgvK4iYA9-wU4-2ghAhyH4YKpDxhi2i6wSUPfx5OqcxxGp71ZLrd6Hyz4tgVxcEDupXJalf6oW1QSH8c3mqPErtJ_dcZQ7g6KhFnuPkFxomknX37HqJhb_R_lOCjqYL_BT2xvI7eMLBRaNypLeZHViXYuswpPbSiP-E6Ib-27LDWlVXK6YlTPVSnzKPoHLvTM3HxR89qCGbcN85pkFXz7SrXLjuXm_iMzuZpCOIBO7u_FVtfN_f2Or56ELjNUE1AmN9KBYmCQDKvU_BdgDP0ClAbQSLg-3PO4mNzmQ",
    "token_expiry": "2025-02-20T01:14:16Z"
  },
  "sentinels": {
    "config_sentinel": "/Users/tamjid/.config/gcloud/config_sentinel"
  }
}
2025-02-19 19:14:17,313 INFO     ___FILE_ONLY___ 

