2025-02-19 20:13:21,421 DEBUG    root            Loaded Command Group: ['gcloud', 'config']
2025-02-19 20:13:21,423 DEBUG    root            Loaded Command Group: ['gcloud', 'config', 'config_helper']
2025-02-19 20:13:21,424 DEBUG    root            Running [gcloud.config.config-helper] with arguments: [--format: "json", --min-expiry: "3600"]
2025-02-19 20:13:21,438 DEBUG    google.auth.transport.requests Making request: POST https://oauth2.googleapis.com/token
2025-02-19 20:13:21,467 DEBUG    urllib3.connectionpool Starting new HTTPS connection (1): oauth2.googleapis.com:443
2025-02-19 20:13:21,639 DEBUG    urllib3.connectionpool https://oauth2.googleapis.com:443 "POST /token HTTP/1.1" 200 None
2025-02-19 20:13:21,643 DEBUG    google.auth.transport.requests Making request: POST https://oauth2.googleapis.com/token
2025-02-19 20:13:21,645 DEBUG    urllib3.connectionpool Starting new HTTPS connection (1): oauth2.googleapis.com:443
2025-02-19 20:13:21,799 DEBUG    urllib3.connectionpool https://oauth2.googleapis.com:443 "POST /token HTTP/1.1" 200 None
2025-02-19 20:13:21,801 DEBUG    root            Chosen display Format:default json
2025-02-19 20:13:21,802 INFO     root            Display format: "default json"
2025-02-19 20:13:21,827 INFO     ___FILE_ONLY___ {
  "configuration": {
    "active_configuration": "default",
    "properties": {
      "core": {
        "account": "tamjid.rahman@valon.com",
        "disable_prompts": "false",
        "disable_usage_reporting": "True",
        "project": "prod-peach-street"
      }
    }
  },
  "credential": {
    "access_token": "ya29.a0AXeO80RUt4LUzBTiHerT6oqKwe76Tv3eXAP9AcFF8Tx3YpoeEATBanZsLPWW0YEfffVIYXH96BySBU6PHmjj-xsRNABJtwXteNd_oxbdc9gK6xbsYUUckuE7-DmjezFMQb__vbJdSwMAnMOkC6MNydMAr5V6WzFZ3M32OC9kCRi8kzYaCgYKAaoSARISFQHGX2Mi4Ky_iwdF6cWRwLjsbhTFZA0182",
    "id_token": "eyJhbGciOiJSUzI1NiIsImtpZCI6IjVkMTJhYjc4MmNiNjA5NjI4NWY2OWU0OGFlYTk5MDc5YmI1OWNiODYiLCJ0eXAiOiJKV1QifQ.eyJpc3MiOiJodHRwczovL2FjY291bnRzLmdvb2dsZS5jb20iLCJhenAiOiIzMjU1NTk0MDU1OS5hcHBzLmdvb2dsZXVzZXJjb250ZW50LmNvbSIsImF1ZCI6IjMyNTU1OTQwNTU5LmFwcHMuZ29vZ2xldXNlcmNvbnRlbnQuY29tIiwic3ViIjoiMTAwNjUyNDM4NTEyNzgzNjkzMzI5IiwiaGQiOiJ2YWxvbi5jb20iLCJlbWFpbCI6InRhbWppZC5yYWhtYW5AdmFsb24uY29tIiwiZW1haWxfdmVyaWZpZWQiOnRydWUsImF0X2hhc2giOiJfQ0hrNmFmcmFCWFBvV0dfM21DMGFBIiwiaWF0IjoxNzQwMDE0MDAxLCJleHAiOjE3NDAwMTc2MDF9.s75Jkhq2067bH3wKmFgGsNLRhXpp4W-aReuA7FmjAY8PhBBDP4aXn7-RJBk_n1pxBtDKTZTnqSuCWhXqafbBusgFNA_Z8_3CSiT4QbnJg3NB_dLZB7sMTtEd-qghTntz42t4oQI6eAIzLhobkvM1vYG1gyNQtAFEhEAC_Bs7293Qy0qdS4Eto2jaVovzVv8lwDpmojqBqT4fIAa-amOq4Tj7RRGFhylcn0gMfUpcky6zLo0jJNwZQSBwLM6uFxIwWKcbs1SlFmuC8GHPgGLbCHhXipezAucoycfZX5qS7fYBHiTQJfE-6QRRJGPLXpChlb9IbISWvV6pz5mGIRq96A",
    "token_expiry": "2025-02-20T02:13:20Z"
  },
  "sentinels": {
    "config_sentinel": "/Users/tamjid/.config/gcloud/config_sentinel"
  }
}
2025-02-19 20:13:21,827 INFO     ___FILE_ONLY___ 

