2025-02-19 21:12:25,445 DEBUG    root            Loaded Command Group: ['gcloud', 'config']
2025-02-19 21:12:25,447 DEBUG    root            Loaded Command Group: ['gcloud', 'config', 'config_helper']
2025-02-19 21:12:25,448 DEBUG    root            Running [gcloud.config.config-helper] with arguments: [--format: "json", --min-expiry: "3600"]
2025-02-19 21:12:25,461 DEBUG    google.auth.transport.requests Making request: POST https://oauth2.googleapis.com/token
2025-02-19 21:12:25,490 DEBUG    urllib3.connectionpool Starting new HTTPS connection (1): oauth2.googleapis.com:443
2025-02-19 21:12:25,655 DEBUG    urllib3.connectionpool https://oauth2.googleapis.com:443 "POST /token HTTP/1.1" 200 None
2025-02-19 21:12:25,659 DEBUG    google.auth.transport.requests Making request: POST https://oauth2.googleapis.com/token
2025-02-19 21:12:25,661 DEBUG    urllib3.connectionpool Starting new HTTPS connection (1): oauth2.googleapis.com:443
2025-02-19 21:12:25,820 DEBUG    urllib3.connectionpool https://oauth2.googleapis.com:443 "POST /token HTTP/1.1" 200 None
2025-02-19 21:12:25,824 DEBUG    root            Chosen display Format:default json
2025-02-19 21:12:25,824 INFO     root            Display format: "default json"
2025-02-19 21:12:25,854 INFO     ___FILE_ONLY___ {
  "configuration": {
    "active_configuration": "default",
    "properties": {
      "core": {
        "account": "tamjid.rahman@valon.com",
        "disable_prompts": "false",
        "disable_usage_reporting": "True",
        "project": "prod-peach-street"
      }
    }
  },
  "credential": {
    "access_token": "ya29.a0AXeO80Q4ppgt7XjkcOM9Eq3KDCYtQ8GvjIe_AhR7PTeA_Qc4TiiODsn5SPMjwjXfuHEfNC75WEUg-JCfnYddnbGPXdr4hzwLuDwItA6ODE6GX60O5rK-RQQVRs6ANyMUIBxBOZ7D3BVK8Q6t0PGiypdmyLaTRw8460KiU8cNW26Q33gaCgYKATsSARISFQHGX2MihInhDgoFwhA93mjzd4tZYg0182",
    "id_token": "eyJhbGciOiJSUzI1NiIsImtpZCI6IjVkMTJhYjc4MmNiNjA5NjI4NWY2OWU0OGFlYTk5MDc5YmI1OWNiODYiLCJ0eXAiOiJKV1QifQ.eyJpc3MiOiJodHRwczovL2FjY291bnRzLmdvb2dsZS5jb20iLCJhenAiOiIzMjU1NTk0MDU1OS5hcHBzLmdvb2dsZXVzZXJjb250ZW50LmNvbSIsImF1ZCI6IjMyNTU1OTQwNTU5LmFwcHMuZ29vZ2xldXNlcmNvbnRlbnQuY29tIiwic3ViIjoiMTAwNjUyNDM4NTEyNzgzNjkzMzI5IiwiaGQiOiJ2YWxvbi5jb20iLCJlbWFpbCI6InRhbWppZC5yYWhtYW5AdmFsb24uY29tIiwiZW1haWxfdmVyaWZpZWQiOnRydWUsImF0X2hhc2giOiJ0OTNQTFlYNWlMbFhTZ0tvaDN3eVRRIiwiaWF0IjoxNzQwMDE3NTQ1LCJleHAiOjE3NDAwMjExNDV9.UkOPXKBaJmt3GgscGu5ZA0uSD-YJu6AslEOj_8Qp9P_jeaH4zPRz6kzegQHNJDdQ_FG0dlfBw0GkiEEfXGGxvePcM_sIEveb9q6xadnDHuM-_uI44lnTyI-wVtD6ftCOYxZ69rBHqy9SMg0R9bp7eEHeO8zt6XvEr1IIPM96tBI-m5S3rAQ3dd4TbyfS9QsqSvLFRCMbVh6nbTeCbb72ut4D8jemjl_DSPD43_fWxo7vNdZ56iHumx8ctDU7sSs5R8bCBge7eKOtqvHuzQrcrz7BAj36Q0W-GhxCeVWHFj6q3ebFTeNlLWm5nYaXMJWvufpwmglHiA9vOlvcIbAziA",
    "token_expiry": "2025-02-20T03:12:24Z"
  },
  "sentinels": {
    "config_sentinel": "/Users/tamjid/.config/gcloud/config_sentinel"
  }
}
2025-02-19 21:12:25,854 INFO     ___FILE_ONLY___ 

