2025-02-19 21:12:26,136 DEBUG    root            Loaded Command Group: ['gcloud', 'config']
2025-02-19 21:12:26,137 DEBUG    root            Loaded Command Group: ['gcloud', 'config', 'config_helper']
2025-02-19 21:12:26,138 DEBUG    root            Running [gcloud.config.config-helper] with arguments: [--format: "json", --min-expiry: "3600"]
2025-02-19 21:12:26,144 DEBUG    google.auth.transport.requests Making request: POST https://oauth2.googleapis.com/token
2025-02-19 21:12:26,149 DEBUG    urllib3.connectionpool Starting new HTTPS connection (1): oauth2.googleapis.com:443
2025-02-19 21:12:26,312 DEBUG    urllib3.connectionpool https://oauth2.googleapis.com:443 "POST /token HTTP/1.1" 200 None
2025-02-19 21:12:26,316 DEBUG    root            Chosen display Format:default json
2025-02-19 21:12:26,316 INFO     root            Display format: "default json"
2025-02-19 21:12:26,335 INFO     ___FILE_ONLY___ {
  "configuration": {
    "active_configuration": "default",
    "properties": {
      "core": {
        "account": "tamjid.rahman@valon.com",
        "disable_prompts": "false",
        "disable_usage_reporting": "True",
        "project": "prod-peach-street"
      }
    }
  },
  "credential": {
    "access_token": "ya29.a0AXeO80Tcsg8QRady7VF7-i0OZk5P27F0Fshrr045fZsWPR2N8UiGqanNqZ4rWLJfCAJTAwZok5OBKEv41Kl9WA8zrYhaxxaui8zWmm8v3jfhaiFY8cnLuaGUaDXB5KdxACgjMq9tMmy9OUCUv5Hxy62sLkiafhmO0JxceQ7taSku1DoaCgYKAToSARISFQHGX2Mi6njsNYNPRdV5Nkv0u0sbvw0182",
    "id_token": "eyJhbGciOiJSUzI1NiIsImtpZCI6IjVkMTJhYjc4MmNiNjA5NjI4NWY2OWU0OGFlYTk5MDc5YmI1OWNiODYiLCJ0eXAiOiJKV1QifQ.eyJpc3MiOiJodHRwczovL2FjY291bnRzLmdvb2dsZS5jb20iLCJhenAiOiIzMjU1NTk0MDU1OS5hcHBzLmdvb2dsZXVzZXJjb250ZW50LmNvbSIsImF1ZCI6IjMyNTU1OTQwNTU5LmFwcHMuZ29vZ2xldXNlcmNvbnRlbnQuY29tIiwic3ViIjoiMTAwNjUyNDM4NTEyNzgzNjkzMzI5IiwiaGQiOiJ2YWxvbi5jb20iLCJlbWFpbCI6InRhbWppZC5yYWhtYW5AdmFsb24uY29tIiwiZW1haWxfdmVyaWZpZWQiOnRydWUsImF0X2hhc2giOiJKQ085VURKa1VtcmduTEQwcXpLWUxBIiwiaWF0IjoxNzQwMDE3NTQ2LCJleHAiOjE3NDAwMjExNDZ9.ayLtb6AIvyqFoQwSvT-Oz9_XIn5_TpSaf_4Ssax1kz0FoRK-nFavJFD_Tk_LbFsjR6gKtFyRatn-emJwWmRoTC8s4veJwMcLztGvR6FU4EtEnPdAA2_ptuq97I-epwg5T_9Y3heL3E34mygNx6FI6TmFIe6vgio65k6GO6c9jORZdakWN51nqVkQ460M_yJ5JH1McxJR1yoe7fiW7LzbhclJyOsNlO2XjErFU4FXI9OPgx8egZB5WRV3I2oYKPt2yAn1Ms5XcZtkbXFihuzmgaYNohmui55sg7cDkTdqfAHleBO4PWi6XqDI7IQqOzU0tk8ewmj5esyOxOer_l1k7Q",
    "token_expiry": "2025-02-20T03:12:25Z"
  },
  "sentinels": {
    "config_sentinel": "/Users/tamjid/.config/gcloud/config_sentinel"
  }
}
2025-02-19 21:12:26,335 INFO     ___FILE_ONLY___ 

