2025-02-19 21:37:01,367 DEBUG    root            Loaded Command Group: ['gcloud', 'config']
2025-02-19 21:37:01,369 DEBUG    root            Loaded Command Group: ['gcloud', 'config', 'config_helper']
2025-02-19 21:37:01,369 DEBUG    root            Running [gcloud.config.config-helper] with arguments: [--format: "json"]
2025-02-19 21:37:01,377 DEBUG    root            Chosen display Format:default json
2025-02-19 21:37:01,377 INFO     root            Display format: "default json"
2025-02-19 21:37:01,397 INFO     ___FILE_ONLY___ {
  "configuration": {
    "active_configuration": "default",
    "properties": {
      "core": {
        "account": "tamjid.rahman@valon.com",
        "disable_prompts": "false",
        "disable_usage_reporting": "True",
        "project": "prod-peach-street"
      }
    }
  },
  "credential": {
    "access_token": "ya29.a0AXeO80R1ys2Ky6AElJ64g9Cogk4ZCJfEtNJvRFxixbwBJnJzJaJpAvcHZeZdLL3AngeG970flJWNSOKbUOVtmZRy7OP3R820nKUs6htopNQB1sXDBFxVqisFAa_ZuA_sW0duxckoIt1xi-vUBik7XuWfDNOQEgtGjCchjEmBTvDC0EQaCgYKASoSARISFQHGX2Miisjz8kGS9Rcjc7COVtjRFQ0182",
    "id_token": "eyJhbGciOiJSUzI1NiIsImtpZCI6IjVkMTJhYjc4MmNiNjA5NjI4NWY2OWU0OGFlYTk5MDc5YmI1OWNiODYiLCJ0eXAiOiJKV1QifQ.eyJpc3MiOiJodHRwczovL2FjY291bnRzLmdvb2dsZS5jb20iLCJhenAiOiIzMjU1NTk0MDU1OS5hcHBzLmdvb2dsZXVzZXJjb250ZW50LmNvbSIsImF1ZCI6IjMyNTU1OTQwNTU5LmFwcHMuZ29vZ2xldXNlcmNvbnRlbnQuY29tIiwic3ViIjoiMTAwNjUyNDM4NTEyNzgzNjkzMzI5IiwiaGQiOiJ2YWxvbi5jb20iLCJlbWFpbCI6InRhbWppZC5yYWhtYW5AdmFsb24uY29tIiwiZW1haWxfdmVyaWZpZWQiOnRydWUsImF0X2hhc2giOiJnSUVKZ1JJVUc4ejhzOVhxbmFjYnFnIiwiaWF0IjoxNzQwMDE4ODUzLCJleHAiOjE3NDAwMjI0NTN9.aLyRxoVsHl-znvblvldHyao0ABsU1Vj-oQjQ3ej8iOwBPeMJVQ4ZjBIt41xhsRhb2WU72YVVMEY9tHCc7mTB3NtvVtGYZuQgWM_Fxd3FwajuHKl6sp0ugPZa5VswA2CsHublGJWglBcUnYZolBvikxYjTbf2NR0npA1DwlE0vNbc1gXda4lAXAbC5zL0nQHMDQOfJu9GDqyqYjFh8p0MJftfxX3DK0-Jt4WeifJ4gxEmmRuMJXxWd376VzgacQVXLrWuHchAlDfhTg37CCxGQqSK0d2ChfUyRcwjV-TxyCDCADoH20Q7yJI7dXTznH4nkW8zwRKoSsIj9z_ZmB9NcA",
    "token_expiry": "2025-02-20T03:34:12Z"
  },
  "sentinels": {
    "config_sentinel": "/Users/tamjid/.config/gcloud/config_sentinel"
  }
}
2025-02-19 21:37:01,397 INFO     ___FILE_ONLY___ 

