2025-02-19 22:11:30,300 DEBUG    root            Loaded Command Group: ['gcloud', 'config']
2025-02-19 22:11:30,302 DEBUG    root            Loaded Command Group: ['gcloud', 'config', 'config_helper']
2025-02-19 22:11:30,303 DEBUG    root            Running [gcloud.config.config-helper] with arguments: [--format: "json", --min-expiry: "3600"]
2025-02-19 22:11:30,308 DEBUG    google.auth.transport.requests Making request: POST https://oauth2.googleapis.com/token
2025-02-19 22:11:30,345 DEBUG    urllib3.connectionpool Starting new HTTPS connection (1): oauth2.googleapis.com:443
2025-02-19 22:11:30,509 DEBUG    urllib3.connectionpool https://oauth2.googleapis.com:443 "POST /token HTTP/1.1" 200 None
2025-02-19 22:11:30,514 DEBUG    root            Chosen display Format:default json
2025-02-19 22:11:30,515 INFO     root            Display format: "default json"
2025-02-19 22:11:30,536 INFO     ___FILE_ONLY___ {
  "configuration": {
    "active_configuration": "default",
    "properties": {
      "core": {
        "account": "tamjid.rahman@valon.com",
        "disable_prompts": "false",
        "disable_usage_reporting": "True",
        "project": "prod-peach-street"
      }
    }
  },
  "credential": {
    "access_token": "ya29.a0AXeO80Sk_z2kUtlwVTYr3iZ_-lnJKAXNa5oxr5Pe0sQA6mE37QLc2XT_sdCwocgR1hgUm6DW-NNXS46UD3H_fZYIEZMtCR2wadki77oltUl0gMq9R6VBxdQ2PgyxEb-HzFjjpbso7EM4Mzy-sStzGZF-JfYe3N7ei_-7T6lddiZdIKUaCgYKARsSARISFQHGX2MiLHD_PWq-ZmHzaGX28ACnsQ0182",
    "id_token": "eyJhbGciOiJSUzI1NiIsImtpZCI6IjVkMTJhYjc4MmNiNjA5NjI4NWY2OWU0OGFlYTk5MDc5YmI1OWNiODYiLCJ0eXAiOiJKV1QifQ.eyJpc3MiOiJodHRwczovL2FjY291bnRzLmdvb2dsZS5jb20iLCJhenAiOiIzMjU1NTk0MDU1OS5hcHBzLmdvb2dsZXVzZXJjb250ZW50LmNvbSIsImF1ZCI6IjMyNTU1OTQwNTU5LmFwcHMuZ29vZ2xldXNlcmNvbnRlbnQuY29tIiwic3ViIjoiMTAwNjUyNDM4NTEyNzgzNjkzMzI5IiwiaGQiOiJ2YWxvbi5jb20iLCJlbWFpbCI6InRhbWppZC5yYWhtYW5AdmFsb24uY29tIiwiZW1haWxfdmVyaWZpZWQiOnRydWUsImF0X2hhc2giOiJZVHhTd2ZBYjRtTlBDWjZBZV9IR1hnIiwiaWF0IjoxNzQwMDIxMDkwLCJleHAiOjE3NDAwMjQ2OTB9.QCqWg9papyHgXyB3e9nspASKQJjR3vOgVeeT5lHEZ6KSTjoH4ZkjnScDxeq9s1oaBz1YatrcCXL6JeTxkw88y5TSE9B-Wj96Fkix8PJ5N_1l-QRbkJu_728v0M4Nz7fLAOqWE9zcrrW8JkYZ2aR8DmZ6R8rqCOCBD3vAem15GwVZVVRC9zLDqQ4kxz14-ThhmHqWuzJob4u6qcQCyMGMMjDlSByIWkv5bgdGQxiNTRg6-jewCoptuAT-Rd2rg7RTsHKnRY6FkjE3Lze0Y4iz3jVWLsVInPA0M78GeWjsTuRAUhVPeoX9MwpT2_mO4JHN0RjB1KgYuQDes8rWjiDTsw",
    "token_expiry": "2025-02-20T04:11:29Z"
  },
  "sentinels": {
    "config_sentinel": "/Users/tamjid/.config/gcloud/config_sentinel"
  }
}
2025-02-19 22:11:30,537 INFO     ___FILE_ONLY___ 

