2025-01-31 10:53:36,008 DEBUG    root            Loaded Command Group: ['gcloud', 'config']
2025-01-31 10:53:36,009 DEBUG    root            Loaded Command Group: ['gcloud', 'config', 'config_helper']
2025-01-31 10:53:36,009 DEBUG    root            Running [gcloud.config.config-helper] with arguments: [--format: "json", --min-expiry: "3600"]
2025-01-31 10:53:36,015 DEBUG    google.auth.transport.requests Making request: POST https://oauth2.googleapis.com/token
2025-01-31 10:53:36,020 DEBUG    urllib3.connectionpool Starting new HTTPS connection (1): oauth2.googleapis.com:443
2025-01-31 10:53:36,185 DEBUG    urllib3.connectionpool https://oauth2.googleapis.com:443 "POST /token HTTP/1.1" 400 None
2025-01-31 10:53:36,185 INFO     root            Reauthentication not performed as we cannot prompt during non-interactive execution.
2025-01-31 10:53:36,190 DEBUG    google.auth.transport.requests Making request: POST https://oauth2.googleapis.com/token
2025-01-31 10:53:36,192 DEBUG    urllib3.connectionpool Starting new HTTPS connection (1): oauth2.googleapis.com:443
2025-01-31 10:53:36,375 DEBUG    urllib3.connectionpool https://oauth2.googleapis.com:443 "POST /token HTTP/1.1" 400 None
2025-01-31 10:53:36,377 INFO     root            Reauthentication not performed as we cannot prompt during non-interactive execution.
2025-01-31 10:53:36,386 DEBUG    root            Chosen display Format:default json
2025-01-31 10:53:36,386 INFO     root            Display format: "default json"
2025-01-31 10:53:36,415 INFO     ___FILE_ONLY___ {
  "configuration": {
    "active_configuration": "default",
    "properties": {
      "core": {
        "account": "tamjid.rahman@valon.com",
        "disable_prompts": "false",
        "disable_usage_reporting": "True",
        "project": "prod-peach-street"
      }
    }
  },
  "credential": {
    "access_token": "ya29.a0AXeO80Q6daKJPXFZEVexb_2EpxQXML_uhALZnzQ6Yt25OCZW6kHnfpPwRWY1c-Vioinp4Wb6OC-SdC3L3dLHZPoEK2xJMrO20B0kKlrQQW4E9M1fOtRip_Qb1jJmdd_zE1lEX5i8qwTiyudHtKn4Nhn2W99zIdniutzNELItvNPf2FsaCgYKATkSARISFQHGX2MiucJ_y27mK-sTiezgm9pz8Q0182",
    "id_token": "eyJhbGciOiJSUzI1NiIsImtpZCI6ImZhMDcyZjc1Nzg0NjQyNjE1MDg3YzcxODJjMTAxMzQxZTE4ZjdhM2EiLCJ0eXAiOiJKV1QifQ.eyJpc3MiOiJodHRwczovL2FjY291bnRzLmdvb2dsZS5jb20iLCJhenAiOiIzMjU1NTk0MDU1OS5hcHBzLmdvb2dsZXVzZXJjb250ZW50LmNvbSIsImF1ZCI6IjMyNTU1OTQwNTU5LmFwcHMuZ29vZ2xldXNlcmNvbnRlbnQuY29tIiwic3ViIjoiMTAwNjUyNDM4NTEyNzgzNjkzMzI5IiwiaGQiOiJ2YWxvbi5jb20iLCJlbWFpbCI6InRhbWppZC5yYWhtYW5AdmFsb24uY29tIiwiZW1haWxfdmVyaWZpZWQiOnRydWUsImF0X2hhc2giOiJZaEI5eXE3dkUzRUhQcW9FeW9UMnJRIiwiaWF0IjoxNzM4MjczNzAyLCJleHAiOjE3MzgyNzczMDJ9.duNp6LMlfnFcPkQohcE52U7B5fVNbZZtfpDmOANG-rn74TUglBnp88x7b6cB1E8YKAdu1WPeJMy5cHS0T1daIm5j-A1LzUroIIqCRordj8zulI71nnkQptwhIem-8hA5hJzpg-aWmhCrM2EGTeMuYhQ526d1WsLNrpvCUn0Wdkarw-dh_IpchKvamTbwrjDfIwGZT52uI7712Lbcqlqr4rP_uNtHnCKCOLT_5s-kRZtbzt3e8f6V5ivAhRrUdsv0PRwqkIBccTKNX_96hyytwNkrmlGf8Lu8SUUKYlFKsuWMIcb6KjjC_wji6NZiiYxYy-NB5ElfdxjLS1x6lDo02Q",
    "token_expiry": "2025-01-30T22:48:21Z"
  },
  "sentinels": {
    "config_sentinel": "/Users/tamjid/.config/gcloud/config_sentinel"
  }
}
2025-01-31 10:53:36,415 INFO     ___FILE_ONLY___ 

