2025-01-31 10:54:08,031 DEBUG    root            Loaded Command Group: ['gcloud', 'auth']
2025-01-31 10:54:08,040 DEBUG    root            Loaded Command Group: ['gcloud', 'auth', 'login']
2025-01-31 10:54:08,040 DEBUG    root            Running [gcloud.auth.login] with arguments: []
2025-01-31 10:54:08,065 DEBUG    requests_oauthlib.oauth2_session Generated new state zX37x3LtTvVtneD0cNZQifYIRuhxvq.
2025-01-31 10:54:08,187 INFO     ___FILE_ONLY___ Your browser has been opened to visit:

    https://accounts.google.com/o/oauth2/auth?response_type=code&client_id=32555940559.apps.googleusercontent.com&redirect_uri=http%3A%2F%2Flocalhost%3A8085%2F&scope=openid+https%3A%2F%2Fwww.googleapis.com%2Fauth%2Fuserinfo.email+https%3A%2F%2Fwww.googleapis.com%2Fauth%2Fcloud-platform+https%3A%2F%2Fwww.googleapis.com%2Fauth%2Fappengine.admin+https%3A%2F%2Fwww.googleapis.com%2Fauth%2Fsqlservice.login+https%3A%2F%2Fwww.googleapis.com%2Fauth%2Fcompute+https%3A%2F%2Fwww.googleapis.com%2Fauth%2Faccounts.reauth&state=zX37x3LtTvVtneD0cNZQifYIRuhxvq&access_type=offline&code_challenge=yGbn9nybo91BzO4fJ_VITU7vMFd-r_qmpNoH81MFBSs&code_challenge_method=S256


2025-01-31 10:54:20,864 INFO     google_auth_oauthlib.flow "GET /?state=zX37x3LtTvVtneD0cNZQifYIRuhxvq&code=4/0ASVgi3IjAnQrO5h-JSP3GM-I1J0e9MeOZexBWN_SQA-TmTGGgcBj2HAFTdcuUOzX5VED3g&scope=email%20openid%20https://www.googleapis.com/auth/userinfo.email%20https://www.googleapis.com/auth/cloud-platform%20https://www.googleapis.com/auth/appengine.admin%20https://www.googleapis.com/auth/sqlservice.login%20https://www.googleapis.com/auth/compute%20https://www.googleapis.com/auth/accounts.reauth&authuser=0&hd=valon.com&prompt=consent HTTP/1.1" 200 959
2025-01-31 10:54:20,865 DEBUG    requests_oauthlib.oauth2_session Requesting url https://oauth2.googleapis.com/token using method POST.
2025-01-31 10:54:20,865 DEBUG    requests_oauthlib.oauth2_session Supplying headers {b'Accept': b'application/json', b'Content-Type': b'application/x-www-form-urlencoded;charset=UTF-8', b'user-agent': b'google-cloud-sdk gcloud/475.0.0 command/gcloud.auth.login invocation-id/ea6502be1ac64b6e88223124db194dd9 environment/None environment-version/None client-os/MACOSX client-os-ver/24.2.0 client-pltf-arch/arm interactive/False from-script/False python/3.11.6 term/screen-256color (Macintosh; Intel Mac OS X 24.2.0)'} and data {'grant_type': 'authorization_code', 'client_id': '32555940559.apps.googleusercontent.com', 'client_secret': 'ZmssLNjJy2998hD4CTg2ejr2', 'code': '4/0ASVgi3IjAnQrO5h-JSP3GM-I1J0e9MeOZexBWN_SQA-TmTGGgcBj2HAFTdcuUOzX5VED3g', 'redirect_uri': 'http://localhost:8085/', 'code_verifier': 'vYTa~cME5eSB6Ey0~gL~fPM6YrTIVOsKklo0y7INELNZjpB7IgHErkToOKHisoRsRDi99ZQ7F--aYGas54_cQe83Kz2wgFpIc38RJkVGwPoxQoK0GPTVzgm4NwKKY_l2'}
2025-01-31 10:54:20,866 DEBUG    requests_oauthlib.oauth2_session Passing through key word arguments {'json': None, 'timeout': None, 'auth': None, 'verify': None, 'proxies': None}.
2025-01-31 10:54:20,874 DEBUG    urllib3.connectionpool Starting new HTTPS connection (1): oauth2.googleapis.com:443
2025-01-31 10:54:21,081 DEBUG    urllib3.connectionpool https://oauth2.googleapis.com:443 "POST /token HTTP/1.1" 200 None
2025-01-31 10:54:21,082 DEBUG    requests_oauthlib.oauth2_session Prepared fetch token request body grant_type=authorization_code&client_id=32555940559.apps.googleusercontent.com&client_secret=ZmssLNjJy2998hD4CTg2ejr2&code=4%2F0ASVgi3IjAnQrO5h-JSP3GM-I1J0e9MeOZexBWN_SQA-TmTGGgcBj2HAFTdcuUOzX5VED3g&redirect_uri=http%3A%2F%2Flocalhost%3A8085%2F&code_verifier=vYTa~cME5eSB6Ey0~gL~fPM6YrTIVOsKklo0y7INELNZjpB7IgHErkToOKHisoRsRDi99ZQ7F--aYGas54_cQe83Kz2wgFpIc38RJkVGwPoxQoK0GPTVzgm4NwKKY_l2
2025-01-31 10:54:21,082 DEBUG    requests_oauthlib.oauth2_session Request to fetch token completed with status 200.
2025-01-31 10:54:21,083 DEBUG    requests_oauthlib.oauth2_session Request headers were {'user-agent': b'google-cloud-sdk gcloud/475.0.0 command/gcloud.auth.login invocation-id/ea6502be1ac64b6e88223124db194dd9 environment/None environment-version/None client-os/MACOSX client-os-ver/24.2.0 client-pltf-arch/arm interactive/False from-script/False python/3.11.6 term/screen-256color (Macintosh; Intel Mac OS X 24.2.0)', 'Accept-Encoding': 'gzip, deflate', 'Accept': b'application/json', 'Connection': 'keep-alive', 'Content-Type': b'application/x-www-form-urlencoded;charset=UTF-8', 'Content-Length': '387'}
2025-01-31 10:54:21,083 DEBUG    requests_oauthlib.oauth2_session Request body was grant_type=authorization_code&client_id=32555940559.apps.googleusercontent.com&client_secret=ZmssLNjJy2998hD4CTg2ejr2&code=4%2F0ASVgi3IjAnQrO5h-JSP3GM-I1J0e9MeOZexBWN_SQA-TmTGGgcBj2HAFTdcuUOzX5VED3g&redirect_uri=http%3A%2F%2Flocalhost%3A8085%2F&code_verifier=vYTa~cME5eSB6Ey0~gL~fPM6YrTIVOsKklo0y7INELNZjpB7IgHErkToOKHisoRsRDi99ZQ7F--aYGas54_cQe83Kz2wgFpIc38RJkVGwPoxQoK0GPTVzgm4NwKKY_l2
2025-01-31 10:54:21,083 DEBUG    requests_oauthlib.oauth2_session Response headers were {'Expires': 'Mon, 01 Jan 1990 00:00:00 GMT', 'Pragma': 'no-cache', 'Date': 'Fri, 31 Jan 2025 15:54:21 GMT', 'Cache-Control': 'no-cache, no-store, max-age=0, must-revalidate', 'Content-Type': 'application/json; charset=utf-8', 'Vary': 'Origin, X-Origin, Referer', 'Content-Encoding': 'gzip', 'Server': 'scaffolding on HTTPServer2', 'X-XSS-Protection': '0', 'X-Frame-Options': 'SAMEORIGIN', 'X-Content-Type-Options': 'nosniff', 'Alt-Svc': 'h3=":443"; ma=2592000,h3-29=":443"; ma=2592000', 'Transfer-Encoding': 'chunked'} and content {
  "access_token": "ya29.a0AXeO80RTWCSpyo7w5UyA3gJMQ7bssDXf0lC9Xj_BSDxNOEP1Sj2JkoPWPnHHslsFHVHdEIFeMtnZK0I2VMcFiECiyce9nQSxI-vuefN_f_851o07ySzYIXy4NUNPCAgdM9e5lSaquSPBXqDc3lHjzCGJ9y_jx4RiPxiI_hyQqavIRgaCgYKAYkSARISFQHGX2MilWIx3i_6yh1OVKE0r3Hl1Q0181",
  "expires_in": 3599,
  "refresh_token": "1//01GUnXJ6KpXdxCgYIARAAGAESNwF-L9IrvqkB0ENrLvdTGUlcfcEmWpXOWBE_DFPhBqAEr-fC1XY-JpCxI2s8JrKzLzDW21P1J_8",
  "scope": "https://www.googleapis.com/auth/compute https://www.googleapis.com/auth/sqlservice.login https://www.googleapis.com/auth/userinfo.email openid https://www.googleapis.com/auth/appengine.admin https://www.googleapis.com/auth/cloud-platform https://www.googleapis.com/auth/accounts.reauth",
  "token_type": "Bearer",
  "id_token": "eyJhbGciOiJSUzI1NiIsImtpZCI6ImZhMDcyZjc1Nzg0NjQyNjE1MDg3YzcxODJjMTAxMzQxZTE4ZjdhM2EiLCJ0eXAiOiJKV1QifQ.eyJpc3MiOiJodHRwczovL2FjY291bnRzLmdvb2dsZS5jb20iLCJhenAiOiIzMjU1NTk0MDU1OS5hcHBzLmdvb2dsZXVzZXJjb250ZW50LmNvbSIsImF1ZCI6IjMyNTU1OTQwNTU5LmFwcHMuZ29vZ2xldXNlcmNvbnRlbnQuY29tIiwic3ViIjoiMTAwNjUyNDM4NTEyNzgzNjkzMzI5IiwiaGQiOiJ2YWxvbi5jb20iLCJlbWFpbCI6InRhbWppZC5yYWhtYW5AdmFsb24uY29tIiwiZW1haWxfdmVyaWZpZWQiOnRydWUsImF0X2hhc2giOiJYei1lSXpSd3pqMlhxbVRkVEtGTll3IiwiaWF0IjoxNzM4MzM4ODYxLCJleHAiOjE3MzgzNDI0NjF9.HGLnXiYWh0gnT7qXCfZ9JIGEdUxOgdlmPHGCLLUV-lpqEyNysboBLva-0FCcoYNZZ1E5o4Fcuq4pf2DAseOf0Gfntfpxlsoii8R_7lnMaamyiEM-0877DEfSLZS6i83lHP_egwHL3YlvzVE4xY38iMqvOWPM6OEiKIHvZZT3HxX6LCim6uBdZcgjwIH0oOC6H0e-3hcWbJLv2S50h2yq5QER0bZwLmgtOfGidQWfqNqMPX91B4GqPQ4GKx3dG2jqnh-Kr83DfYnHXEtzo_pvrnJ56dnJBnuuoQI-TEASJhv5-cGUaMeFoleFxtENx9J1Uy0FT6SbiQFBbzLXAuInmA"
}.
2025-01-31 10:54:21,083 DEBUG    requests_oauthlib.oauth2_session Invoking 0 token response hooks.
2025-01-31 10:54:21,083 DEBUG    requests_oauthlib.oauth2_session Obtained token {'access_token': 'ya29.a0AXeO80RTWCSpyo7w5UyA3gJMQ7bssDXf0lC9Xj_BSDxNOEP1Sj2JkoPWPnHHslsFHVHdEIFeMtnZK0I2VMcFiECiyce9nQSxI-vuefN_f_851o07ySzYIXy4NUNPCAgdM9e5lSaquSPBXqDc3lHjzCGJ9y_jx4RiPxiI_hyQqavIRgaCgYKAYkSARISFQHGX2MilWIx3i_6yh1OVKE0r3Hl1Q0181', 'expires_in': 3599, 'refresh_token': '1//01GUnXJ6KpXdxCgYIARAAGAESNwF-L9IrvqkB0ENrLvdTGUlcfcEmWpXOWBE_DFPhBqAEr-fC1XY-JpCxI2s8JrKzLzDW21P1J_8', 'scope': ['https://www.googleapis.com/auth/compute', 'https://www.googleapis.com/auth/sqlservice.login', 'https://www.googleapis.com/auth/userinfo.email', 'openid', 'https://www.googleapis.com/auth/appengine.admin', 'https://www.googleapis.com/auth/cloud-platform', 'https://www.googleapis.com/auth/accounts.reauth'], 'token_type': 'Bearer', 'id_token': 'eyJhbGciOiJSUzI1NiIsImtpZCI6ImZhMDcyZjc1Nzg0NjQyNjE1MDg3YzcxODJjMTAxMzQxZTE4ZjdhM2EiLCJ0eXAiOiJKV1QifQ.eyJpc3MiOiJodHRwczovL2FjY291bnRzLmdvb2dsZS5jb20iLCJhenAiOiIzMjU1NTk0MDU1OS5hcHBzLmdvb2dsZXVzZXJjb250ZW50LmNvbSIsImF1ZCI6IjMyNTU1OTQwNTU5LmFwcHMuZ29vZ2xldXNlcmNvbnRlbnQuY29tIiwic3ViIjoiMTAwNjUyNDM4NTEyNzgzNjkzMzI5IiwiaGQiOiJ2YWxvbi5jb20iLCJlbWFpbCI6InRhbWppZC5yYWhtYW5AdmFsb24uY29tIiwiZW1haWxfdmVyaWZpZWQiOnRydWUsImF0X2hhc2giOiJYei1lSXpSd3pqMlhxbVRkVEtGTll3IiwiaWF0IjoxNzM4MzM4ODYxLCJleHAiOjE3MzgzNDI0NjF9.HGLnXiYWh0gnT7qXCfZ9JIGEdUxOgdlmPHGCLLUV-lpqEyNysboBLva-0FCcoYNZZ1E5o4Fcuq4pf2DAseOf0Gfntfpxlsoii8R_7lnMaamyiEM-0877DEfSLZS6i83lHP_egwHL3YlvzVE4xY38iMqvOWPM6OEiKIHvZZT3HxX6LCim6uBdZcgjwIH0oOC6H0e-3hcWbJLv2S50h2yq5QER0bZwLmgtOfGidQWfqNqMPX91B4GqPQ4GKx3dG2jqnh-Kr83DfYnHXEtzo_pvrnJ56dnJBnuuoQI-TEASJhv5-cGUaMeFoleFxtENx9J1Uy0FT6SbiQFBbzLXAuInmA', 'expires_at': 1738342460.0835772}.
2025-01-31 10:54:21,108 INFO     ___FILE_ONLY___ 
You are now logged in as [tamjid.rahman@valon.com].
Your current project is [prod-peach-street].  You can change this setting by running:
  $ gcloud config set project PROJECT_ID

2025-01-31 10:54:21,108 DEBUG    root            Chosen display Format:none
2025-01-31 10:54:21,109 INFO     root            Display format: "none"
