2025-01-31 10:54:31,381 DEBUG    root            Loaded Command Group: ['gcloud', 'config']
2025-01-31 10:54:31,382 DEBUG    root            Loaded Command Group: ['gcloud', 'config', 'config_helper']
2025-01-31 10:54:31,382 DEBUG    root            Running [gcloud.config.config-helper] with arguments: [--format: "json", --min-expiry: "3600"]
2025-01-31 10:54:31,388 DEBUG    google.auth.transport.requests Making request: POST https://oauth2.googleapis.com/token
2025-01-31 10:54:31,394 DEBUG    urllib3.connectionpool Starting new HTTPS connection (1): oauth2.googleapis.com:443
2025-01-31 10:54:31,579 DEBUG    urllib3.connectionpool https://oauth2.googleapis.com:443 "POST /token HTTP/1.1" 200 None
2025-01-31 10:54:31,584 DEBUG    root            Chosen display Format:default json
2025-01-31 10:54:31,584 INFO     root            Display format: "default json"
2025-01-31 10:54:31,605 INFO     ___FILE_ONLY___ {
  "configuration": {
    "active_configuration": "default",
    "properties": {
      "core": {
        "account": "tamjid.rahman@valon.com",
        "disable_prompts": "false",
        "disable_usage_reporting": "True",
        "project": "prod-peach-street"
      }
    }
  },
  "credential": {
    "access_token": "ya29.a0AXeO80SuF8DI8nv32_rJn69rDso3c9w9KiO53OzA8QHdPH9P1FmvK0GSJaP1qxMC3NojOl95t4Q6QWK4rhOPYlSvN_Ayyb1OpNvfELnxuAnKaLa6bo_mbpTuDjSkUSFrADhKePeuEplnlWJCA1Zh-ZgXXqYHLQHJiuGbhHvYjDevtAaCgYKAfkSARISFQHGX2MiOBayuT6PfkwN0o9Skrq_bQ0181",
    "id_token": "eyJhbGciOiJSUzI1NiIsImtpZCI6ImZhMDcyZjc1Nzg0NjQyNjE1MDg3YzcxODJjMTAxMzQxZTE4ZjdhM2EiLCJ0eXAiOiJKV1QifQ.eyJpc3MiOiJodHRwczovL2FjY291bnRzLmdvb2dsZS5jb20iLCJhenAiOiIzMjU1NTk0MDU1OS5hcHBzLmdvb2dsZXVzZXJjb250ZW50LmNvbSIsImF1ZCI6IjMyNTU1OTQwNTU5LmFwcHMuZ29vZ2xldXNlcmNvbnRlbnQuY29tIiwic3ViIjoiMTAwNjUyNDM4NTEyNzgzNjkzMzI5IiwiaGQiOiJ2YWxvbi5jb20iLCJlbWFpbCI6InRhbWppZC5yYWhtYW5AdmFsb24uY29tIiwiZW1haWxfdmVyaWZpZWQiOnRydWUsImF0X2hhc2giOiJSMmdlWkdTa3VudFluNzJuWkg1ZjBBIiwiaWF0IjoxNzM4MzM4ODcxLCJleHAiOjE3MzgzNDI0NzF9.WwNEB_r_lP_9u0jKvlYUh8nb85wqxtPTqeFHBabBOvY2rSMJfKrtDcAywDfBo0jA444XvmaexkcMWO8rMWIc9bocM4JW3bQ4ydK3AZ-Um9JVEcbKh7IaiVSe9xL7fIlqYUdz7jko4pdPykqo0mhxlypiKGj72HMy0LMGxz0nmi_bkhuYVQGgoRquxvEkLnW2irBTV0qd8-XhBbj5JrAnDLpZH6jz7agzfg77SB4aBq1fWK_8r7H8LBwpCgj5PZ5LEIphY5BayfvXicewAtnQetowNN__RIT7H6yZHWLw3zFaLcX8Aw43jtp2FPb2tRVSb9ycYXkPG2q_BSpfZGVRBw",
    "token_expiry": "2025-01-31T16:54:30Z"
  },
  "sentinels": {
    "config_sentinel": "/Users/tamjid/.config/gcloud/config_sentinel"
  }
}
2025-01-31 10:54:31,605 INFO     ___FILE_ONLY___ 

