2025-01-31 10:54:21,492 DEBUG    root            Loaded Command Group: ['gcloud', 'config']
2025-01-31 10:54:21,494 DEBUG    root            Loaded Command Group: ['gcloud', 'config', 'config_helper']
2025-01-31 10:54:21,494 DEBUG    root            Running [gcloud.config.config-helper] with arguments: [--format: "json", --min-expiry: "3600"]
2025-01-31 10:54:21,499 DEBUG    google.auth.transport.requests Making request: POST https://oauth2.googleapis.com/token
2025-01-31 10:54:21,505 DEBUG    urllib3.connectionpool Starting new HTTPS connection (1): oauth2.googleapis.com:443
2025-01-31 10:54:21,664 DEBUG    urllib3.connectionpool https://oauth2.googleapis.com:443 "POST /token HTTP/1.1" 200 None
2025-01-31 10:54:21,670 DEBUG    root            Chosen display Format:default json
2025-01-31 10:54:21,670 INFO     root            Display format: "default json"
2025-01-31 10:54:21,690 INFO     ___FILE_ONLY___ {
  "configuration": {
    "active_configuration": "default",
    "properties": {
      "core": {
        "account": "tamjid.rahman@valon.com",
        "disable_prompts": "false",
        "disable_usage_reporting": "True",
        "project": "prod-peach-street"
      }
    }
  },
  "credential": {
    "access_token": "ya29.a0AXeO80RqXcAQHFik6Z6g3h0aLTz78n0aZs6Li5nawCWCCmUlBuwnrchQPDQw5TaJ9RZ8-PZtATIjW8bqkWePOWN9k5G95BWen1_3FZJl_RagLb4N1hzdThLyh5fvkFJsiBscA4ASkk9nzZmr2gd5ysycoJMH1mIbQRQIo6A_ZHL_gQaCgYKAd8SARISFQHGX2MiGJMMMq3QxOCW3IECXxBiIg0181",
    "id_token": "eyJhbGciOiJSUzI1NiIsImtpZCI6ImZhMDcyZjc1Nzg0NjQyNjE1MDg3YzcxODJjMTAxMzQxZTE4ZjdhM2EiLCJ0eXAiOiJKV1QifQ.eyJpc3MiOiJodHRwczovL2FjY291bnRzLmdvb2dsZS5jb20iLCJhenAiOiIzMjU1NTk0MDU1OS5hcHBzLmdvb2dsZXVzZXJjb250ZW50LmNvbSIsImF1ZCI6IjMyNTU1OTQwNTU5LmFwcHMuZ29vZ2xldXNlcmNvbnRlbnQuY29tIiwic3ViIjoiMTAwNjUyNDM4NTEyNzgzNjkzMzI5IiwiaGQiOiJ2YWxvbi5jb20iLCJlbWFpbCI6InRhbWppZC5yYWhtYW5AdmFsb24uY29tIiwiZW1haWxfdmVyaWZpZWQiOnRydWUsImF0X2hhc2giOiIwR1gtcXRrZjRDbTJabVF2cVJKcWNnIiwiaWF0IjoxNzM4MzM4ODYxLCJleHAiOjE3MzgzNDI0NjF9.RcG_HDITVT7Fu1bjVKVpXl0EUpr7dSgheK2gXzQGRcArbcZA2YDVWDORJSkQOmKQVUlWNm0oBJkxGnAvOre803TZRWaYatSaZa0nWoN4jhrhMsaMW0zKynhh2YrPIJEQ58y2FnGlyaNmoTWudb7fLtHQ5Ttadjq2vnTZkmT4YdtJzHdpItkdC6uCdYOK7qSf378adb5H5CgNhNW9wjgEcm58mRy3oRzWNLkLMQ5HS-HErCbpoCP5g2dD8IepghJwhKxfrUJtCZC7RYm5hR4GJwaPfhx9_gjzqMjXTfJ11wIl6E_Qdag24Tbfty5KAFhQSvo-k1m2m12rCLapd5b7BA",
    "token_expiry": "2025-01-31T16:54:20Z"
  },
  "sentinels": {
    "config_sentinel": "/Users/tamjid/.config/gcloud/config_sentinel"
  }
}
2025-01-31 10:54:21,690 INFO     ___FILE_ONLY___ 

