2025-01-31 11:53:35,601 DEBUG    root            Loaded Command Group: ['gcloud', 'config']
2025-01-31 11:53:35,603 DEBUG    root            Loaded Command Group: ['gcloud', 'config', 'config_helper']
2025-01-31 11:53:35,604 DEBUG    root            Running [gcloud.config.config-helper] with arguments: [--format: "json", --min-expiry: "3600"]
2025-01-31 11:53:35,800 DEBUG    google.auth.transport.requests Making request: POST https://oauth2.googleapis.com/token
2025-01-31 11:53:35,838 DEBUG    urllib3.connectionpool Starting new HTTPS connection (1): oauth2.googleapis.com:443
2025-01-31 11:53:36,029 DEBUG    urllib3.connectionpool https://oauth2.googleapis.com:443 "POST /token HTTP/1.1" 200 None
2025-01-31 11:53:36,050 DEBUG    google.auth.transport.requests Making request: POST https://oauth2.googleapis.com/token
2025-01-31 11:53:36,053 DEBUG    urllib3.connectionpool Starting new HTTPS connection (1): oauth2.googleapis.com:443
2025-01-31 11:53:36,235 DEBUG    urllib3.connectionpool https://oauth2.googleapis.com:443 "POST /token HTTP/1.1" 200 None
2025-01-31 11:53:36,256 DEBUG    root            Chosen display Format:default json
2025-01-31 11:53:36,256 INFO     root            Display format: "default json"
2025-01-31 11:53:36,302 INFO     ___FILE_ONLY___ {
  "configuration": {
    "active_configuration": "default",
    "properties": {
      "core": {
        "account": "tamjid.rahman@valon.com",
        "disable_prompts": "false",
        "disable_usage_reporting": "True",
        "project": "prod-peach-street"
      }
    }
  },
  "credential": {
    "access_token": "ya29.a0AXeO80RnYKLGuLYUYgWlsN_Ni4Hxh8jFiIXT7LhGni-lWL0jxulk5iy1anPK-Xv0O5hZaT7BBwZTuUMGwhitkmP7TmkFx5BSFsdMzrjkShzW4qy3KNip84U2RUtides7nNHH4u6SVxdsZ8ukNHn6iSEvOLjacu1QTptb0LCsCpeyvQaCgYKAYASARISFQHGX2MiHocvGRQkLQKfeuSivd3RPg0181",
    "id_token": "eyJhbGciOiJSUzI1NiIsImtpZCI6ImZhMDcyZjc1Nzg0NjQyNjE1MDg3YzcxODJjMTAxMzQxZTE4ZjdhM2EiLCJ0eXAiOiJKV1QifQ.eyJpc3MiOiJodHRwczovL2FjY291bnRzLmdvb2dsZS5jb20iLCJhenAiOiIzMjU1NTk0MDU1OS5hcHBzLmdvb2dsZXVzZXJjb250ZW50LmNvbSIsImF1ZCI6IjMyNTU1OTQwNTU5LmFwcHMuZ29vZ2xldXNlcmNvbnRlbnQuY29tIiwic3ViIjoiMTAwNjUyNDM4NTEyNzgzNjkzMzI5IiwiaGQiOiJ2YWxvbi5jb20iLCJlbWFpbCI6InRhbWppZC5yYWhtYW5AdmFsb24uY29tIiwiZW1haWxfdmVyaWZpZWQiOnRydWUsImF0X2hhc2giOiJ4TGRMMHhZZkQ4OEpSWEVSRFFaQkd3IiwiaWF0IjoxNzM4MzQyNDE2LCJleHAiOjE3MzgzNDYwMTZ9.E26JTEt1pyFrKyXWiC_IvMb2wQbGYJx6j8ZhbjIfo_53h4mCKpxbV2WacpfQQxRBJEffc14nnvBheuLWx_S9Hf_iSyh6i6irCArt0LeHIXjtyc4C3OMflA3HaKJQeYRgXEFhxtBHj2zQfsc1ys-Cf-RIMMRJMCiPjYL9Y9B0wHtgiGcJwNNK1ZkqnvnA30yU-WNAmqDUNl2j5ODOEOhy2tbHLH3rI2MXSzvvcyYGSzV0_nbqI4mgPVjujtZh_8GlepabPuZJ-_9uvuw84VbS2fQyu-Flckv0Y7DNEbTwBgvrHOSmLJwDG6lJyg0hFGnj6-zXtKBoJ2DseDxiJQmx3w",
    "token_expiry": "2025-01-31T17:53:35Z"
  },
  "sentinels": {
    "config_sentinel": "/Users/tamjid/.config/gcloud/config_sentinel"
  }
}
2025-01-31 11:53:36,302 INFO     ___FILE_ONLY___ 

