2025-01-31 13:01:54,361 DEBUG    root            Loaded Command Group: ['gcloud', 'config']
2025-01-31 13:01:54,362 DEBUG    root            Loaded Command Group: ['gcloud', 'config', 'config_helper']
2025-01-31 13:01:54,363 DEBUG    root            Running [gcloud.config.config-helper] with arguments: [--format: "json", --min-expiry: "3600"]
2025-01-31 13:01:54,368 DEBUG    google.auth.transport.requests Making request: POST https://oauth2.googleapis.com/token
2025-01-31 13:01:54,373 DEBUG    urllib3.connectionpool Starting new HTTPS connection (1): oauth2.googleapis.com:443
2025-01-31 13:01:54,539 DEBUG    urllib3.connectionpool https://oauth2.googleapis.com:443 "POST /token HTTP/1.1" 200 None
2025-01-31 13:01:54,544 DEBUG    root            Chosen display Format:default json
2025-01-31 13:01:54,545 INFO     root            Display format: "default json"
2025-01-31 13:01:54,565 INFO     ___FILE_ONLY___ {
  "configuration": {
    "active_configuration": "default",
    "properties": {
      "core": {
        "account": "tamjid.rahman@valon.com",
        "disable_prompts": "false",
        "disable_usage_reporting": "True",
        "project": "prod-peach-street"
      }
    }
  },
  "credential": {
    "access_token": "ya29.a0AXeO80Q2WkasJCnWA5PLyBNvo2e-jREnFiTBk0whFecbKpUYGx9_uuSJNU1mhK7HqarLhmJXZYqY4RkTpTXoNwUGKwCZ14p-Sn2Ne0jeiJZ6sx62WGNBDZQbN5LOBLWDJN2-X_q9xAtWOu1WcqpGjo0UbYEzZ2c2CqaKpLpScxFRZAaCgYKAawSARISFQHGX2Mi7j4YbnEUgl2Nw1mN4h_FHA0181",
    "id_token": "eyJhbGciOiJSUzI1NiIsImtpZCI6ImZhMDcyZjc1Nzg0NjQyNjE1MDg3YzcxODJjMTAxMzQxZTE4ZjdhM2EiLCJ0eXAiOiJKV1QifQ.eyJpc3MiOiJodHRwczovL2FjY291bnRzLmdvb2dsZS5jb20iLCJhenAiOiIzMjU1NTk0MDU1OS5hcHBzLmdvb2dsZXVzZXJjb250ZW50LmNvbSIsImF1ZCI6IjMyNTU1OTQwNTU5LmFwcHMuZ29vZ2xldXNlcmNvbnRlbnQuY29tIiwic3ViIjoiMTAwNjUyNDM4NTEyNzgzNjkzMzI5IiwiaGQiOiJ2YWxvbi5jb20iLCJlbWFpbCI6InRhbWppZC5yYWhtYW5AdmFsb24uY29tIiwiZW1haWxfdmVyaWZpZWQiOnRydWUsImF0X2hhc2giOiI4UzJEczZjMVhuS2dBWWkxeFFSVXRRIiwiaWF0IjoxNzM4MzQ2NTE0LCJleHAiOjE3MzgzNTAxMTR9.Io5rH-BPDzN1nzJvhpi5r1WxJlKtkL6kETpX0-8U_gIIgx7ItFytCnH45BatjBOG3amcp3PKe9ElmWm9JY70RCx-12S4FMYqLRwjD3BFkkab7RcwXy7fhT172wtVTWoOUo_51Q1OozxjvgeJTNFdTc-iD-eiMP1zbY8w05yCrjobkIWHN_8gN1d8TaSv7lCO4jKRVJtRsJNNTy426q6HQahgrem0aXDZkNaqAbH4PJx7vsn5YIb7sQ077TzFAiKaMS1KdFKnBh524q0xI5-4vB5j8jlbqBx9efFpLRG461EdG33e7Q_zfTmuT2I-hKt-ekDow6UTe1ySyyXoVzIghA",
    "token_expiry": "2025-01-31T19:01:53Z"
  },
  "sentinels": {
    "config_sentinel": "/Users/tamjid/.config/gcloud/config_sentinel"
  }
}
2025-01-31 13:01:54,565 INFO     ___FILE_ONLY___ 

