2025-01-31 13:01:53,560 DEBUG    root            Loaded Command Group: ['gcloud', 'config']
2025-01-31 13:01:53,562 DEBUG    root            Loaded Command Group: ['gcloud', 'config', 'config_helper']
2025-01-31 13:01:53,562 DEBUG    root            Running [gcloud.config.config-helper] with arguments: [--format: "json", --min-expiry: "3600"]
2025-01-31 13:01:53,604 DEBUG    google.auth.transport.requests Making request: POST https://oauth2.googleapis.com/token
2025-01-31 13:01:53,634 DEBUG    urllib3.connectionpool Starting new HTTPS connection (1): oauth2.googleapis.com:443
2025-01-31 13:01:53,829 DEBUG    urllib3.connectionpool https://oauth2.googleapis.com:443 "POST /token HTTP/1.1" 200 None
2025-01-31 13:01:53,835 DEBUG    google.auth.transport.requests Making request: POST https://oauth2.googleapis.com/token
2025-01-31 13:01:53,837 DEBUG    urllib3.connectionpool Starting new HTTPS connection (1): oauth2.googleapis.com:443
2025-01-31 13:01:54,021 DEBUG    urllib3.connectionpool https://oauth2.googleapis.com:443 "POST /token HTTP/1.1" 200 None
2025-01-31 13:01:54,039 DEBUG    root            Chosen display Format:default json
2025-01-31 13:01:54,040 INFO     root            Display format: "default json"
2025-01-31 13:01:54,078 INFO     ___FILE_ONLY___ {
  "configuration": {
    "active_configuration": "default",
    "properties": {
      "core": {
        "account": "tamjid.rahman@valon.com",
        "disable_prompts": "false",
        "disable_usage_reporting": "True",
        "project": "prod-peach-street"
      }
    }
  },
  "credential": {
    "access_token": "ya29.a0AXeO80RBAEPBc0Kuvjk5Wd3DF_pSkXRAcxNeCoBXBlsKx3h6Dzr7RYqgBKnn7av9Pf6VqaCpyeYbh1YKno99UnQIKUrhDSFQjl39WA2CfxI-2iDoaQGMObWmBZ0M2lQCcEOCJfCC3NJr623Fgm-taKaItsUZHsiaDDY5q8m1kDoW1gaCgYKASYSARISFQHGX2Mi99JdFKwYzFfJ6RPzO3Valw0181",
    "id_token": "eyJhbGciOiJSUzI1NiIsImtpZCI6ImZhMDcyZjc1Nzg0NjQyNjE1MDg3YzcxODJjMTAxMzQxZTE4ZjdhM2EiLCJ0eXAiOiJKV1QifQ.eyJpc3MiOiJodHRwczovL2FjY291bnRzLmdvb2dsZS5jb20iLCJhenAiOiIzMjU1NTk0MDU1OS5hcHBzLmdvb2dsZXVzZXJjb250ZW50LmNvbSIsImF1ZCI6IjMyNTU1OTQwNTU5LmFwcHMuZ29vZ2xldXNlcmNvbnRlbnQuY29tIiwic3ViIjoiMTAwNjUyNDM4NTEyNzgzNjkzMzI5IiwiaGQiOiJ2YWxvbi5jb20iLCJlbWFpbCI6InRhbWppZC5yYWhtYW5AdmFsb24uY29tIiwiZW1haWxfdmVyaWZpZWQiOnRydWUsImF0X2hhc2giOiJ1alZNMWxpU0F1YWpIdm9pVms2NDBRIiwiaWF0IjoxNzM4MzQ2NTE0LCJleHAiOjE3MzgzNTAxMTR9.KoRRaJp86ZICPNNxVsIc7qsGPJOo7gRMepLC6CUwqUMDOv0p0qu56AEbzSFSVZguMWjHpyD5XJB_aWgTgJhT9LLuJQfjRI_Fkf2wQbfsvqZMGb7Pv4jebyLH5e3ylKseyEdoFXeNl3GaKvQkEL44PAS4dPvDMUXTd_zQymP6ImU9tMcodhg2iJl_2sCqtsBhuRyzXF_V24fjR4sqsBod2vV-ERrRhxOXHDXkcnRTrF3okprxRIwBKr2Dz41LR2GciCtYhZB8cbwWdZS1_KKqEP-boPNS_C-WJzS0kaJCY5toc0VYsfkVIHyrp4KsXYjrpYZjF4jbYB9fcF2lxK5bQA",
    "token_expiry": "2025-01-31T19:01:53Z"
  },
  "sentinels": {
    "config_sentinel": "/Users/tamjid/.config/gcloud/config_sentinel"
  }
}
2025-01-31 13:01:54,078 INFO     ___FILE_ONLY___ 

