2025-01-31 14:00:58,335 DEBUG    root            Loaded Command Group: ['gcloud', 'config']
2025-01-31 14:00:58,337 DEBUG    root            Loaded Command Group: ['gcloud', 'config', 'config_helper']
2025-01-31 14:00:58,337 DEBUG    root            Running [gcloud.config.config-helper] with arguments: [--format: "json", --min-expiry: "3600"]
2025-01-31 14:00:58,522 DEBUG    google.auth.transport.requests Making request: POST https://oauth2.googleapis.com/token
2025-01-31 14:00:58,554 DEBUG    urllib3.connectionpool Starting new HTTPS connection (1): oauth2.googleapis.com:443
2025-01-31 14:00:58,732 DEBUG    urllib3.connectionpool https://oauth2.googleapis.com:443 "POST /token HTTP/1.1" 200 None
2025-01-31 14:00:58,746 DEBUG    google.auth.transport.requests Making request: POST https://oauth2.googleapis.com/token
2025-01-31 14:00:58,749 DEBUG    urllib3.connectionpool Starting new HTTPS connection (1): oauth2.googleapis.com:443
2025-01-31 14:00:58,929 DEBUG    urllib3.connectionpool https://oauth2.googleapis.com:443 "POST /token HTTP/1.1" 200 None
2025-01-31 14:00:58,941 DEBUG    root            Chosen display Format:default json
2025-01-31 14:00:58,942 INFO     root            Display format: "default json"
2025-01-31 14:00:58,977 INFO     ___FILE_ONLY___ {
  "configuration": {
    "active_configuration": "default",
    "properties": {
      "core": {
        "account": "tamjid.rahman@valon.com",
        "disable_prompts": "false",
        "disable_usage_reporting": "True",
        "project": "prod-peach-street"
      }
    }
  },
  "credential": {
    "access_token": "ya29.a0AXeO80SuBFssNuQ2P2vshApI1YW-IgHrRvRpvfNNKNy4QWg4LX7CjbVfKRdWx8Afhvv4-9ymEY-pyWW1242UWdLa-uhpZ_jtvxSdv8sbSCozhacEcZ1PQul_KFfvLgwih3dqjz9Jmdj_uu3faflu7KUjznuz2jATxH5enIrKzMAJnwaCgYKARYSARISFQHGX2MiCRRdZSlzW3bSxZxL1a4NgA0181",
    "id_token": "eyJhbGciOiJSUzI1NiIsImtpZCI6ImZhMDcyZjc1Nzg0NjQyNjE1MDg3YzcxODJjMTAxMzQxZTE4ZjdhM2EiLCJ0eXAiOiJKV1QifQ.eyJpc3MiOiJodHRwczovL2FjY291bnRzLmdvb2dsZS5jb20iLCJhenAiOiIzMjU1NTk0MDU1OS5hcHBzLmdvb2dsZXVzZXJjb250ZW50LmNvbSIsImF1ZCI6IjMyNTU1OTQwNTU5LmFwcHMuZ29vZ2xldXNlcmNvbnRlbnQuY29tIiwic3ViIjoiMTAwNjUyNDM4NTEyNzgzNjkzMzI5IiwiaGQiOiJ2YWxvbi5jb20iLCJlbWFpbCI6InRhbWppZC5yYWhtYW5AdmFsb24uY29tIiwiZW1haWxfdmVyaWZpZWQiOnRydWUsImF0X2hhc2giOiJ1aXhfaEhpMmc0R2lxSTVHSklyT19nIiwiaWF0IjoxNzM4MzUwMDU4LCJleHAiOjE3MzgzNTM2NTh9.lrO-9XFFB2n3CVIB1FrWIRQBguZEf1FSz4UuCRTo1hhZHsP4bD3xbU2KJPW5d2rvnVJZrtSWakC6rOTnEmBWjkLGEAYIU3J6loxOjP5sja0KqzDugAYrfc_moNlGK0ZBUaWveZ4lDOASvKhgD-ocGxpESDe6XlMkBSBjcDJZiCu1EE2q5NqE5gYnv8NtSGr3PqRwQgBnJ3iPaOy7uCbx9iMnt3SgCwy_CYgSsi6muQHiYMJUnvIEdlmCL9GnvRKtUbLnGJgkyugz283rGuHCq5QejFYQLdu3WdKGpYyiKuicDAtV0gREIaWeQBoxZFmlxPisKE1ITeZP07ozb4TztQ",
    "token_expiry": "2025-01-31T20:00:57Z"
  },
  "sentinels": {
    "config_sentinel": "/Users/tamjid/.config/gcloud/config_sentinel"
  }
}
2025-01-31 14:00:58,977 INFO     ___FILE_ONLY___ 

