2025-01-23 12:28:50,291 DEBUG    root            Loaded Command Group: ['gcloud', 'auth']
2025-01-23 12:28:50,298 DEBUG    root            Loaded Command Group: ['gcloud', 'auth', 'login']
2025-01-23 12:28:50,299 DEBUG    root            Running [gcloud.auth.login] with arguments: []
2025-01-23 12:28:50,324 DEBUG    requests_oauthlib.oauth2_session Generated new state kgA42I6VUmjwNby17QKYWas3uA7h9o.
2025-01-23 12:28:50,641 INFO     ___FILE_ONLY___ Your browser has been opened to visit:

    https://accounts.google.com/o/oauth2/auth?response_type=code&client_id=32555940559.apps.googleusercontent.com&redirect_uri=http%3A%2F%2Flocalhost%3A8085%2F&scope=openid+https%3A%2F%2Fwww.googleapis.com%2Fauth%2Fuserinfo.email+https%3A%2F%2Fwww.googleapis.com%2Fauth%2Fcloud-platform+https%3A%2F%2Fwww.googleapis.com%2Fauth%2Fappengine.admin+https%3A%2F%2Fwww.googleapis.com%2Fauth%2Fsqlservice.login+https%3A%2F%2Fwww.googleapis.com%2Fauth%2Fcompute+https%3A%2F%2Fwww.googleapis.com%2Fauth%2Faccounts.reauth&state=kgA42I6VUmjwNby17QKYWas3uA7h9o&access_type=offline&code_challenge=EOQdEudy2AJG8eZCkRM96L-bukrwM8ZYpvpFjBauFDo&code_challenge_method=S256


2025-01-23 12:30:10,877 INFO     google_auth_oauthlib.flow "GET /?state=kgA42I6VUmjwNby17QKYWas3uA7h9o&code=4/0AanRRrsdB3E9VfkS-X2a7SKC9U2cdjH3Fj9erXmfwNDW98YP-kd3RYZnOE-eW8FY56BPOw&scope=email%20openid%20https://www.googleapis.com/auth/userinfo.email%20https://www.googleapis.com/auth/cloud-platform%20https://www.googleapis.com/auth/appengine.admin%20https://www.googleapis.com/auth/sqlservice.login%20https://www.googleapis.com/auth/compute%20https://www.googleapis.com/auth/accounts.reauth&authuser=0&hd=valon.com&prompt=consent HTTP/1.1" 200 959
2025-01-23 12:30:10,877 DEBUG    requests_oauthlib.oauth2_session Requesting url https://oauth2.googleapis.com/token using method POST.
2025-01-23 12:30:10,878 DEBUG    requests_oauthlib.oauth2_session Supplying headers {b'Accept': b'application/json', b'Content-Type': b'application/x-www-form-urlencoded;charset=UTF-8', b'user-agent': b'google-cloud-sdk gcloud/475.0.0 command/gcloud.auth.login invocation-id/897ddc093a0a4619bb9b416796bc7d11 environment/None environment-version/None client-os/MACOSX client-os-ver/24.2.0 client-pltf-arch/arm interactive/False from-script/False python/3.11.6 term/screen-256color (Macintosh; Intel Mac OS X 24.2.0)'} and data {'grant_type': 'authorization_code', 'client_id': '32555940559.apps.googleusercontent.com', 'client_secret': 'ZmssLNjJy2998hD4CTg2ejr2', 'code': '4/0AanRRrsdB3E9VfkS-X2a7SKC9U2cdjH3Fj9erXmfwNDW98YP-kd3RYZnOE-eW8FY56BPOw', 'redirect_uri': 'http://localhost:8085/', 'code_verifier': 'J35mvReWf5lqCn3ki_7zAwCwJyQwqz02hyGEtN2UZHvw8wH5UiS__5JmAV7UX6QYByNgicCuvxg77_NzPE6oFDez9DRNtLVSXfzkVTd3EF0e8v~G-3e9i._E3Hl8VRBL'}
2025-01-23 12:30:10,878 DEBUG    requests_oauthlib.oauth2_session Passing through key word arguments {'json': None, 'timeout': None, 'auth': None, 'verify': None, 'proxies': None}.
2025-01-23 12:30:10,887 DEBUG    urllib3.connectionpool Starting new HTTPS connection (1): oauth2.googleapis.com:443
2025-01-23 12:30:11,088 DEBUG    urllib3.connectionpool https://oauth2.googleapis.com:443 "POST /token HTTP/1.1" 200 None
2025-01-23 12:30:11,089 DEBUG    requests_oauthlib.oauth2_session Prepared fetch token request body grant_type=authorization_code&client_id=32555940559.apps.googleusercontent.com&client_secret=ZmssLNjJy2998hD4CTg2ejr2&code=4%2F0AanRRrsdB3E9VfkS-X2a7SKC9U2cdjH3Fj9erXmfwNDW98YP-kd3RYZnOE-eW8FY56BPOw&redirect_uri=http%3A%2F%2Flocalhost%3A8085%2F&code_verifier=J35mvReWf5lqCn3ki_7zAwCwJyQwqz02hyGEtN2UZHvw8wH5UiS__5JmAV7UX6QYByNgicCuvxg77_NzPE6oFDez9DRNtLVSXfzkVTd3EF0e8v~G-3e9i._E3Hl8VRBL
2025-01-23 12:30:11,089 DEBUG    requests_oauthlib.oauth2_session Request to fetch token completed with status 200.
2025-01-23 12:30:11,089 DEBUG    requests_oauthlib.oauth2_session Request headers were {'user-agent': b'google-cloud-sdk gcloud/475.0.0 command/gcloud.auth.login invocation-id/897ddc093a0a4619bb9b416796bc7d11 environment/None environment-version/None client-os/MACOSX client-os-ver/24.2.0 client-pltf-arch/arm interactive/False from-script/False python/3.11.6 term/screen-256color (Macintosh; Intel Mac OS X 24.2.0)', 'Accept-Encoding': 'gzip, deflate', 'Accept': b'application/json', 'Connection': 'keep-alive', 'Content-Type': b'application/x-www-form-urlencoded;charset=UTF-8', 'Content-Length': '387'}
2025-01-23 12:30:11,089 DEBUG    requests_oauthlib.oauth2_session Request body was grant_type=authorization_code&client_id=32555940559.apps.googleusercontent.com&client_secret=ZmssLNjJy2998hD4CTg2ejr2&code=4%2F0AanRRrsdB3E9VfkS-X2a7SKC9U2cdjH3Fj9erXmfwNDW98YP-kd3RYZnOE-eW8FY56BPOw&redirect_uri=http%3A%2F%2Flocalhost%3A8085%2F&code_verifier=J35mvReWf5lqCn3ki_7zAwCwJyQwqz02hyGEtN2UZHvw8wH5UiS__5JmAV7UX6QYByNgicCuvxg77_NzPE6oFDez9DRNtLVSXfzkVTd3EF0e8v~G-3e9i._E3Hl8VRBL
2025-01-23 12:30:11,089 DEBUG    requests_oauthlib.oauth2_session Response headers were {'Cache-Control': 'no-cache, no-store, max-age=0, must-revalidate', 'Pragma': 'no-cache', 'Expires': 'Mon, 01 Jan 1990 00:00:00 GMT', 'Date': 'Thu, 23 Jan 2025 17:30:11 GMT', 'Content-Type': 'application/json; charset=utf-8', 'Vary': 'Origin, X-Origin, Referer', 'Content-Encoding': 'gzip', 'Server': 'scaffolding on HTTPServer2', 'X-XSS-Protection': '0', 'X-Frame-Options': 'SAMEORIGIN', 'X-Content-Type-Options': 'nosniff', 'Alt-Svc': 'h3=":443"; ma=2592000,h3-29=":443"; ma=2592000', 'Transfer-Encoding': 'chunked'} and content {
  "access_token": "ya29.a0AXeO80SDJHrkXCq1UjljBCrGEcJWxEg8cT4wAdZ9Phtfj0N0Pg04xmyP34y6G4jHggETi2Cpnqv_Uf0b2y4CIzUh9qGZTAr5ME-2Fnerz9qYCQGXknTlWNP0Axo6cUTFnyHQ5cN0la4YtB66maDcmfbE7no6s_baWSWqKWAPevsoXgaCgYKAaQSARISFQHGX2MiMTHNx1xxR0vvBL-8UMz2KQ0181",
  "expires_in": 3599,
  "refresh_token": "1//01c4pZdphA_dwCgYIARAAGAESNwF-L9Irs3Hkgkj1IIr3PXLGKij4FlPlYojN60KjQirNtu0L3d-4GGNiAnoRYXOKuaSe3aqvfoA",
  "scope": "https://www.googleapis.com/auth/accounts.reauth https://www.googleapis.com/auth/appengine.admin https://www.googleapis.com/auth/compute https://www.googleapis.com/auth/cloud-platform https://www.googleapis.com/auth/sqlservice.login https://www.googleapis.com/auth/userinfo.email openid",
  "token_type": "Bearer",
  "id_token": "eyJhbGciOiJSUzI1NiIsImtpZCI6IjYzMzdiZTYzNjRmMzgyNDAwOGQwZTkwMDNmNTBiYjZiNDNkNWE5YzYiLCJ0eXAiOiJKV1QifQ.eyJpc3MiOiJodHRwczovL2FjY291bnRzLmdvb2dsZS5jb20iLCJhenAiOiIzMjU1NTk0MDU1OS5hcHBzLmdvb2dsZXVzZXJjb250ZW50LmNvbSIsImF1ZCI6IjMyNTU1OTQwNTU5LmFwcHMuZ29vZ2xldXNlcmNvbnRlbnQuY29tIiwic3ViIjoiMTAwNjUyNDM4NTEyNzgzNjkzMzI5IiwiaGQiOiJ2YWxvbi5jb20iLCJlbWFpbCI6InRhbWppZC5yYWhtYW5AdmFsb24uY29tIiwiZW1haWxfdmVyaWZpZWQiOnRydWUsImF0X2hhc2giOiJ5VXJkYVh3cm9aYXc5RVZ2QWpLSFV3IiwiaWF0IjoxNzM3NjUzNDExLCJleHAiOjE3Mzc2NTcwMTF9.B4GSakmwdTg8WAVZoOuSk31hM3u4orw7n9LGvYdRQac_YIV6ObKw00FEI5iIViGXxfKLGQY0lJ2jOXk7QxF6CiqQ60Yjp3-5T7yXq9FE92kj2C0fb6nKRt-35Xw2WoCFteDqdHEJjM0j0csYmScwTNuw9q1T1nxmY1V8NwvPxb3B8AeYCEwG6V2AtzTST_uaFrfo2C7fCm5Vh6IA9j2Dbw2eQOKBODVMICHx_-asraGJJirIxv6w7v3waQc9U7cGihgotfcMC4lzQAMPKohIZtxU7CCvUmTrRI8yHsbCHS8BIc4NMh5x2BbcBUsEqonrOaTNCXqLDXMK6ZTgbpx6OQ"
}.
2025-01-23 12:30:11,090 DEBUG    requests_oauthlib.oauth2_session Invoking 0 token response hooks.
2025-01-23 12:30:11,090 DEBUG    requests_oauthlib.oauth2_session Obtained token {'access_token': 'ya29.a0AXeO80SDJHrkXCq1UjljBCrGEcJWxEg8cT4wAdZ9Phtfj0N0Pg04xmyP34y6G4jHggETi2Cpnqv_Uf0b2y4CIzUh9qGZTAr5ME-2Fnerz9qYCQGXknTlWNP0Axo6cUTFnyHQ5cN0la4YtB66maDcmfbE7no6s_baWSWqKWAPevsoXgaCgYKAaQSARISFQHGX2MiMTHNx1xxR0vvBL-8UMz2KQ0181', 'expires_in': 3599, 'refresh_token': '1//01c4pZdphA_dwCgYIARAAGAESNwF-L9Irs3Hkgkj1IIr3PXLGKij4FlPlYojN60KjQirNtu0L3d-4GGNiAnoRYXOKuaSe3aqvfoA', 'scope': ['https://www.googleapis.com/auth/accounts.reauth', 'https://www.googleapis.com/auth/appengine.admin', 'https://www.googleapis.com/auth/compute', 'https://www.googleapis.com/auth/cloud-platform', 'https://www.googleapis.com/auth/sqlservice.login', 'https://www.googleapis.com/auth/userinfo.email', 'openid'], 'token_type': 'Bearer', 'id_token': 'eyJhbGciOiJSUzI1NiIsImtpZCI6IjYzMzdiZTYzNjRmMzgyNDAwOGQwZTkwMDNmNTBiYjZiNDNkNWE5YzYiLCJ0eXAiOiJKV1QifQ.eyJpc3MiOiJodHRwczovL2FjY291bnRzLmdvb2dsZS5jb20iLCJhenAiOiIzMjU1NTk0MDU1OS5hcHBzLmdvb2dsZXVzZXJjb250ZW50LmNvbSIsImF1ZCI6IjMyNTU1OTQwNTU5LmFwcHMuZ29vZ2xldXNlcmNvbnRlbnQuY29tIiwic3ViIjoiMTAwNjUyNDM4NTEyNzgzNjkzMzI5IiwiaGQiOiJ2YWxvbi5jb20iLCJlbWFpbCI6InRhbWppZC5yYWhtYW5AdmFsb24uY29tIiwiZW1haWxfdmVyaWZpZWQiOnRydWUsImF0X2hhc2giOiJ5VXJkYVh3cm9aYXc5RVZ2QWpLSFV3IiwiaWF0IjoxNzM3NjUzNDExLCJleHAiOjE3Mzc2NTcwMTF9.B4GSakmwdTg8WAVZoOuSk31hM3u4orw7n9LGvYdRQac_YIV6ObKw00FEI5iIViGXxfKLGQY0lJ2jOXk7QxF6CiqQ60Yjp3-5T7yXq9FE92kj2C0fb6nKRt-35Xw2WoCFteDqdHEJjM0j0csYmScwTNuw9q1T1nxmY1V8NwvPxb3B8AeYCEwG6V2AtzTST_uaFrfo2C7fCm5Vh6IA9j2Dbw2eQOKBODVMICHx_-asraGJJirIxv6w7v3waQc9U7cGihgotfcMC4lzQAMPKohIZtxU7CCvUmTrRI8yHsbCHS8BIc4NMh5x2BbcBUsEqonrOaTNCXqLDXMK6ZTgbpx6OQ', 'expires_at': 1737657010.0901408}.
2025-01-23 12:30:11,106 INFO     ___FILE_ONLY___ 
You are now logged in as [tamjid.rahman@valon.com].
Your current project is [prod-peach-street].  You can change this setting by running:
  $ gcloud config set project PROJECT_ID

2025-01-23 12:30:11,107 DEBUG    root            Chosen display Format:none
2025-01-23 12:30:11,108 INFO     root            Display format: "none"
