2025-01-23 12:30:11,691 DEBUG    root            Loaded Command Group: ['gcloud', 'config']
2025-01-23 12:30:11,693 DEBUG    root            Loaded Command Group: ['gcloud', 'config', 'config_helper']
2025-01-23 12:30:11,693 DEBUG    root            Running [gcloud.config.config-helper] with arguments: [--format: "json", --min-expiry: "3600"]
2025-01-23 12:30:11,697 DEBUG    google.auth.transport.requests Making request: POST https://oauth2.googleapis.com/token
2025-01-23 12:30:11,702 DEBUG    urllib3.connectionpool Starting new HTTPS connection (1): oauth2.googleapis.com:443
2025-01-23 12:30:11,861 DEBUG    urllib3.connectionpool https://oauth2.googleapis.com:443 "POST /token HTTP/1.1" 200 None
2025-01-23 12:30:11,866 DEBUG    root            Chosen display Format:default json
2025-01-23 12:30:11,866 INFO     root            Display format: "default json"
2025-01-23 12:30:11,882 INFO     ___FILE_ONLY___ {
  "configuration": {
    "active_configuration": "default",
    "properties": {
      "core": {
        "account": "tamjid.rahman@valon.com",
        "disable_prompts": "false",
        "disable_usage_reporting": "True",
        "project": "prod-peach-street"
      }
    }
  },
  "credential": {
    "access_token": "ya29.a0AXeO80RBEatxbjtwlhgIbpTgBVvyPtLzppn80l_LZG1helc7TUzV7E93b2rAEsaxY6aErL8TKHoSVIejxR_cmyg-8LueNRMU52sfeztOizVPIu0_wusMkmXgNLmkt8t_v9AXgHKIZdXzH1IDUEJMJTa6OEsgvHS5Daf2ylZJOcQfRAaCgYKAccSARISFQHGX2MiLbOIVZ4eKyJw_8v76WNn_Q0181",
    "id_token": "eyJhbGciOiJSUzI1NiIsImtpZCI6IjYzMzdiZTYzNjRmMzgyNDAwOGQwZTkwMDNmNTBiYjZiNDNkNWE5YzYiLCJ0eXAiOiJKV1QifQ.eyJpc3MiOiJodHRwczovL2FjY291bnRzLmdvb2dsZS5jb20iLCJhenAiOiIzMjU1NTk0MDU1OS5hcHBzLmdvb2dsZXVzZXJjb250ZW50LmNvbSIsImF1ZCI6IjMyNTU1OTQwNTU5LmFwcHMuZ29vZ2xldXNlcmNvbnRlbnQuY29tIiwic3ViIjoiMTAwNjUyNDM4NTEyNzgzNjkzMzI5IiwiaGQiOiJ2YWxvbi5jb20iLCJlbWFpbCI6InRhbWppZC5yYWhtYW5AdmFsb24uY29tIiwiZW1haWxfdmVyaWZpZWQiOnRydWUsImF0X2hhc2giOiJTZm5YOVBsYXlTTVFQbW82UVMzYU5RIiwiaWF0IjoxNzM3NjUzNDExLCJleHAiOjE3Mzc2NTcwMTF9.rhu7dx-3a4owpjvjDNi-xvGZcvUxcW4gG4Vgczmay42F02trn8ctYVXwM206kNi1trw44j3VuYlQtgIpN2MfrWpDn-DJvOGOMYHeioa19B7Onka7wj7wOGIcxSEhMOB_pOadc4uazfKtEt8PdRRJL-Q7z-XzW5cF0J6l7IH2PFqlkyNw2JxzeM83eGeRb74GCzTE_Xvh_Kq-XQorPrsTFDLyhacoXEV_iSHW6MoCCuPQYeIRdigpDicFlA3-BLNVrUEj2kxcn3L-HmhCyJFb2jxUx2JzkfSAVztcYsCasdkF_qJI_bWbEhCnzjWu08olUx_0fAIn6FWM3Lkc6_vuFg",
    "token_expiry": "2025-01-23T18:30:10Z"
  },
  "sentinels": {
    "config_sentinel": "/Users/tamjid/.config/gcloud/config_sentinel"
  }
}
2025-01-23 12:30:11,882 INFO     ___FILE_ONLY___ 

