2025-02-06 16:49:43,797 DEBUG    root            Loaded Command Group: ['gcloud', 'config']
2025-02-06 16:49:43,798 DEBUG    root            Loaded Command Group: ['gcloud', 'config', 'config_helper']
2025-02-06 16:49:43,798 DEBUG    root            Running [gcloud.config.config-helper] with arguments: [--format: "json", --min-expiry: "3600"]
2025-02-06 16:49:43,805 DEBUG    google.auth.transport.requests Making request: POST https://oauth2.googleapis.com/token
2025-02-06 16:49:43,810 DEBUG    urllib3.connectionpool Starting new HTTPS connection (1): oauth2.googleapis.com:443
2025-02-06 16:49:43,970 DEBUG    urllib3.connectionpool https://oauth2.googleapis.com:443 "POST /token HTTP/1.1" 400 None
2025-02-06 16:49:43,970 INFO     root            Reauthentication not performed as we cannot prompt during non-interactive execution.
2025-02-06 16:49:43,974 DEBUG    google.auth.transport.requests Making request: POST https://oauth2.googleapis.com/token
2025-02-06 16:49:43,975 DEBUG    urllib3.connectionpool Starting new HTTPS connection (1): oauth2.googleapis.com:443
2025-02-06 16:49:44,135 DEBUG    urllib3.connectionpool https://oauth2.googleapis.com:443 "POST /token HTTP/1.1" 400 None
2025-02-06 16:49:44,138 INFO     root            Reauthentication not performed as we cannot prompt during non-interactive execution.
2025-02-06 16:49:44,140 DEBUG    root            Chosen display Format:default json
2025-02-06 16:49:44,140 INFO     root            Display format: "default json"
2025-02-06 16:49:44,158 INFO     ___FILE_ONLY___ {
  "configuration": {
    "active_configuration": "default",
    "properties": {
      "core": {
        "account": "tamjid.rahman@valon.com",
        "disable_prompts": "false",
        "disable_usage_reporting": "True",
        "project": "prod-peach-street"
      }
    }
  },
  "credential": {
    "access_token": "ya29.a0AXeO80Sgg9L4uIDlCGZCqmPZsip6O7NE3p3JZ4jYbBvop-1JNekv9FL-xdXtOL5fhV_zFejNQ5jo6QWIBZuaudhoRttr57W3IU4rngNbnpBtjPi_5tGpy07SwDG_X_MriuqQDXanzebOYQ7ldZ7EHqrl9rZ5KHYSahzYMr-mieo5Nt0aCgYKAfYSARISFQHGX2MisIFXZa2wLtT6w66LWlX9hw0182",
    "id_token": "eyJhbGciOiJSUzI1NiIsImtpZCI6ImVlYzUzNGZhNWI4Y2FjYTIwMWNhOGQwZmY5NmI1NGM1NjIyMTBkMWUiLCJ0eXAiOiJKV1QifQ.eyJpc3MiOiJodHRwczovL2FjY291bnRzLmdvb2dsZS5jb20iLCJhenAiOiIzMjU1NTk0MDU1OS5hcHBzLmdvb2dsZXVzZXJjb250ZW50LmNvbSIsImF1ZCI6IjMyNTU1OTQwNTU5LmFwcHMuZ29vZ2xldXNlcmNvbnRlbnQuY29tIiwic3ViIjoiMTAwNjUyNDM4NTEyNzgzNjkzMzI5IiwiaGQiOiJ2YWxvbi5jb20iLCJlbWFpbCI6InRhbWppZC5yYWhtYW5AdmFsb24uY29tIiwiZW1haWxfdmVyaWZpZWQiOnRydWUsImF0X2hhc2giOiJfVTRkckFTa1JJSFdaeC04ZWdYd0Z3IiwiaWF0IjoxNzM4Nzk4NDcwLCJleHAiOjE3Mzg4MDIwNzB9.dxGPxmp5LmoVpeDy9SeUdws-2Z8hGRS2WA-fQ7lbKabso_XGBSCBDHz8TOrQkEV5oHKC1GDw805aBTFpGuR7O8Ko-CdTTQRc5LT5irdrnWoErKC3Qii2z7rRAlBGX5yAJeEBYbAF-g0R7N6cubGJv_VPXUgoDei37xlLxW8hXjFh66TdDbrC6Crc8Wf8WdkOLn_-5fTuRY6x7gTI9_22RFi5721Nw-YSJy-SCato40aCq0oKxi66aGkuBcZrpKFcxfZez2cSAVqznMDbsemmrN927czfokTzISnDHDd6trYTes6NqgnzwkZW7tsAJnmFZynruIUAjFnBgYRrA1E7-A",
    "token_expiry": "2025-02-06T00:34:28Z"
  },
  "sentinels": {
    "config_sentinel": "/Users/tamjid/.config/gcloud/config_sentinel"
  }
}
2025-02-06 16:49:44,158 INFO     ___FILE_ONLY___ 

