2025-02-06 20:23:27,642 DEBUG    root            Loaded Command Group: ['gcloud', 'auth']
2025-02-06 20:23:27,651 DEBUG    root            Loaded Command Group: ['gcloud', 'auth', 'login']
2025-02-06 20:23:27,652 DEBUG    root            Running [gcloud.auth.login] with arguments: []
2025-02-06 20:23:27,684 DEBUG    requests_oauthlib.oauth2_session Generated new state dsAsTrx46zWVHIk07QxSWUnD6pM0bY.
2025-02-06 20:23:27,819 INFO     ___FILE_ONLY___ Your browser has been opened to visit:

    https://accounts.google.com/o/oauth2/auth?response_type=code&client_id=32555940559.apps.googleusercontent.com&redirect_uri=http%3A%2F%2Flocalhost%3A8085%2F&scope=openid+https%3A%2F%2Fwww.googleapis.com%2Fauth%2Fuserinfo.email+https%3A%2F%2Fwww.googleapis.com%2Fauth%2Fcloud-platform+https%3A%2F%2Fwww.googleapis.com%2Fauth%2Fappengine.admin+https%3A%2F%2Fwww.googleapis.com%2Fauth%2Fsqlservice.login+https%3A%2F%2Fwww.googleapis.com%2Fauth%2Fcompute+https%3A%2F%2Fwww.googleapis.com%2Fauth%2Faccounts.reauth&state=dsAsTrx46zWVHIk07QxSWUnD6pM0bY&access_type=offline&code_challenge=Fuai8UhsD3aH1YbBEHgcjf3LmUX0GI1rogTldimik5Q&code_challenge_method=S256


2025-02-06 20:23:38,196 INFO     google_auth_oauthlib.flow "GET /?state=dsAsTrx46zWVHIk07QxSWUnD6pM0bY&code=4/0ASVgi3K3ERWEUQKLq-ewO7gEC1cQhLZOD5ANj9mR8UV_TAxcgq_c4-CNN9W5CLt5a4qM2g&scope=email%20openid%20https://www.googleapis.com/auth/userinfo.email%20https://www.googleapis.com/auth/cloud-platform%20https://www.googleapis.com/auth/appengine.admin%20https://www.googleapis.com/auth/sqlservice.login%20https://www.googleapis.com/auth/compute%20https://www.googleapis.com/auth/accounts.reauth&authuser=0&hd=valon.com&prompt=consent HTTP/1.1" 200 959
2025-02-06 20:23:38,196 DEBUG    requests_oauthlib.oauth2_session Requesting url https://oauth2.googleapis.com/token using method POST.
2025-02-06 20:23:38,196 DEBUG    requests_oauthlib.oauth2_session Supplying headers {b'Accept': b'application/json', b'Content-Type': b'application/x-www-form-urlencoded;charset=UTF-8', b'user-agent': b'google-cloud-sdk gcloud/475.0.0 command/gcloud.auth.login invocation-id/720e9b1c397744808ca5c71758b5e4e7 environment/None environment-version/None client-os/MACOSX client-os-ver/24.2.0 client-pltf-arch/arm interactive/False from-script/False python/3.11.6 term/screen-256color (Macintosh; Intel Mac OS X 24.2.0)'} and data {'grant_type': 'authorization_code', 'client_id': '32555940559.apps.googleusercontent.com', 'client_secret': 'ZmssLNjJy2998hD4CTg2ejr2', 'code': '4/0ASVgi3K3ERWEUQKLq-ewO7gEC1cQhLZOD5ANj9mR8UV_TAxcgq_c4-CNN9W5CLt5a4qM2g', 'redirect_uri': 'http://localhost:8085/', 'code_verifier': 'tF~yT0wjoxYlss4IXHmr-YAyt1zcbDP-QmptfVBcv9J~rjehqlIcZfNLolqkbclkmubPIJqiiESRXaEZEN6fy4tAj0y83r~1Yk15Bog8LJO_nL0Nc4jriT9Qlzg2vPcd'}
2025-02-06 20:23:38,196 DEBUG    requests_oauthlib.oauth2_session Passing through key word arguments {'json': None, 'timeout': None, 'auth': None, 'verify': None, 'proxies': None}.
2025-02-06 20:23:38,203 DEBUG    urllib3.connectionpool Starting new HTTPS connection (1): oauth2.googleapis.com:443
2025-02-06 20:23:38,391 DEBUG    urllib3.connectionpool https://oauth2.googleapis.com:443 "POST /token HTTP/1.1" 200 None
2025-02-06 20:23:38,393 DEBUG    requests_oauthlib.oauth2_session Prepared fetch token request body grant_type=authorization_code&client_id=32555940559.apps.googleusercontent.com&client_secret=ZmssLNjJy2998hD4CTg2ejr2&code=4%2F0ASVgi3K3ERWEUQKLq-ewO7gEC1cQhLZOD5ANj9mR8UV_TAxcgq_c4-CNN9W5CLt5a4qM2g&redirect_uri=http%3A%2F%2Flocalhost%3A8085%2F&code_verifier=tF~yT0wjoxYlss4IXHmr-YAyt1zcbDP-QmptfVBcv9J~rjehqlIcZfNLolqkbclkmubPIJqiiESRXaEZEN6fy4tAj0y83r~1Yk15Bog8LJO_nL0Nc4jriT9Qlzg2vPcd
2025-02-06 20:23:38,393 DEBUG    requests_oauthlib.oauth2_session Request to fetch token completed with status 200.
2025-02-06 20:23:38,393 DEBUG    requests_oauthlib.oauth2_session Request headers were {'user-agent': b'google-cloud-sdk gcloud/475.0.0 command/gcloud.auth.login invocation-id/720e9b1c397744808ca5c71758b5e4e7 environment/None environment-version/None client-os/MACOSX client-os-ver/24.2.0 client-pltf-arch/arm interactive/False from-script/False python/3.11.6 term/screen-256color (Macintosh; Intel Mac OS X 24.2.0)', 'Accept-Encoding': 'gzip, deflate', 'Accept': b'application/json', 'Connection': 'keep-alive', 'Content-Type': b'application/x-www-form-urlencoded;charset=UTF-8', 'Content-Length': '387'}
2025-02-06 20:23:38,394 DEBUG    requests_oauthlib.oauth2_session Request body was grant_type=authorization_code&client_id=32555940559.apps.googleusercontent.com&client_secret=ZmssLNjJy2998hD4CTg2ejr2&code=4%2F0ASVgi3K3ERWEUQKLq-ewO7gEC1cQhLZOD5ANj9mR8UV_TAxcgq_c4-CNN9W5CLt5a4qM2g&redirect_uri=http%3A%2F%2Flocalhost%3A8085%2F&code_verifier=tF~yT0wjoxYlss4IXHmr-YAyt1zcbDP-QmptfVBcv9J~rjehqlIcZfNLolqkbclkmubPIJqiiESRXaEZEN6fy4tAj0y83r~1Yk15Bog8LJO_nL0Nc4jriT9Qlzg2vPcd
2025-02-06 20:23:38,394 DEBUG    requests_oauthlib.oauth2_session Response headers were {'Cache-Control': 'no-cache, no-store, max-age=0, must-revalidate', 'Date': 'Fri, 07 Feb 2025 01:23:38 GMT', 'Expires': 'Mon, 01 Jan 1990 00:00:00 GMT', 'Pragma': 'no-cache', 'Content-Type': 'application/json; charset=utf-8', 'Vary': 'Origin, X-Origin, Referer', 'Content-Encoding': 'gzip', 'Server': 'scaffolding on HTTPServer2', 'X-XSS-Protection': '0', 'X-Frame-Options': 'SAMEORIGIN', 'X-Content-Type-Options': 'nosniff', 'Alt-Svc': 'h3=":443"; ma=2592000,h3-29=":443"; ma=2592000', 'Transfer-Encoding': 'chunked'} and content {
  "access_token": "ya29.a0AXeO80TFGzeFqaTSFMFZnsJw0iQ5-sThjcgyN9q9fGeQfON3l2EAyRqVT1R6gIbroLR6ZAR5rgwyvSx9O__v4mnwU8TYu8YoSwiwyH2GgincKfYgrxaT5KGvvIJ7V7CZjSYwTZI9R4dw6YSg2Hcbn0RHoVuQrHxKBG3h2GWi2P_3LQaCgYKAYUSARISFQHGX2MicZE2hrWwtB-1xTe916-DXw0181",
  "expires_in": 3599,
  "refresh_token": "1//01o7mo6aGJT8JCgYIARAAGAESNwF-L9IreGiTeCr-3Mv0mp28-JWH5p4PnVoq08sDq3leeXAgQ-kEhcLCNSJ07KsKr1oElYaMU4A",
  "scope": "https://www.googleapis.com/auth/sqlservice.login https://www.googleapis.com/auth/userinfo.email https://www.googleapis.com/auth/appengine.admin openid https://www.googleapis.com/auth/cloud-platform https://www.googleapis.com/auth/accounts.reauth https://www.googleapis.com/auth/compute",
  "token_type": "Bearer",
  "id_token": "eyJhbGciOiJSUzI1NiIsImtpZCI6ImVlYzUzNGZhNWI4Y2FjYTIwMWNhOGQwZmY5NmI1NGM1NjIyMTBkMWUiLCJ0eXAiOiJKV1QifQ.eyJpc3MiOiJodHRwczovL2FjY291bnRzLmdvb2dsZS5jb20iLCJhenAiOiIzMjU1NTk0MDU1OS5hcHBzLmdvb2dsZXVzZXJjb250ZW50LmNvbSIsImF1ZCI6IjMyNTU1OTQwNTU5LmFwcHMuZ29vZ2xldXNlcmNvbnRlbnQuY29tIiwic3ViIjoiMTAwNjUyNDM4NTEyNzgzNjkzMzI5IiwiaGQiOiJ2YWxvbi5jb20iLCJlbWFpbCI6InRhbWppZC5yYWhtYW5AdmFsb24uY29tIiwiZW1haWxfdmVyaWZpZWQiOnRydWUsImF0X2hhc2giOiI2Y3JVWW9paTFXSXJFalZ4VWFSajJRIiwiaWF0IjoxNzM4ODkxNDE4LCJleHAiOjE3Mzg4OTUwMTh9.IhuQIXGmjREnXNrEW20GK2Dh8hhqQ0IkJX2TP5OicFgSWvrvl0ztsoJ5gq-W9C41gRE9BU6-h_x3K_g9XP9jwiPajtPq5a13FbkU7vG0T3qKl5U-NFyUsnFEN7O4EiJKPYdOLQCdjOWtvibkDxwLj2mDYywRtwxoM9FS1O_FE596V6M7uMFkkUdvbBaFLCK3BHTJWwH5R1wvBhoc4eVsDFZ_-NjYMiTgO2I4UxDSrX0mhqDMXzPBl0Z81EKobfX4gGlnRmMkTwF3W13T10091_YJqAHNI_FJeLENjXPmIqxIsIs_zRstFBcd5uIb67OhGDMHl6w9wWT_Q6mqUDcprA"
}.
2025-02-06 20:23:38,394 DEBUG    requests_oauthlib.oauth2_session Invoking 0 token response hooks.
2025-02-06 20:23:38,394 DEBUG    requests_oauthlib.oauth2_session Obtained token {'access_token': 'ya29.a0AXeO80TFGzeFqaTSFMFZnsJw0iQ5-sThjcgyN9q9fGeQfON3l2EAyRqVT1R6gIbroLR6ZAR5rgwyvSx9O__v4mnwU8TYu8YoSwiwyH2GgincKfYgrxaT5KGvvIJ7V7CZjSYwTZI9R4dw6YSg2Hcbn0RHoVuQrHxKBG3h2GWi2P_3LQaCgYKAYUSARISFQHGX2MicZE2hrWwtB-1xTe916-DXw0181', 'expires_in': 3599, 'refresh_token': '1//01o7mo6aGJT8JCgYIARAAGAESNwF-L9IreGiTeCr-3Mv0mp28-JWH5p4PnVoq08sDq3leeXAgQ-kEhcLCNSJ07KsKr1oElYaMU4A', 'scope': ['https://www.googleapis.com/auth/sqlservice.login', 'https://www.googleapis.com/auth/userinfo.email', 'https://www.googleapis.com/auth/appengine.admin', 'openid', 'https://www.googleapis.com/auth/cloud-platform', 'https://www.googleapis.com/auth/accounts.reauth', 'https://www.googleapis.com/auth/compute'], 'token_type': 'Bearer', 'id_token': 'eyJhbGciOiJSUzI1NiIsImtpZCI6ImVlYzUzNGZhNWI4Y2FjYTIwMWNhOGQwZmY5NmI1NGM1NjIyMTBkMWUiLCJ0eXAiOiJKV1QifQ.eyJpc3MiOiJodHRwczovL2FjY291bnRzLmdvb2dsZS5jb20iLCJhenAiOiIzMjU1NTk0MDU1OS5hcHBzLmdvb2dsZXVzZXJjb250ZW50LmNvbSIsImF1ZCI6IjMyNTU1OTQwNTU5LmFwcHMuZ29vZ2xldXNlcmNvbnRlbnQuY29tIiwic3ViIjoiMTAwNjUyNDM4NTEyNzgzNjkzMzI5IiwiaGQiOiJ2YWxvbi5jb20iLCJlbWFpbCI6InRhbWppZC5yYWhtYW5AdmFsb24uY29tIiwiZW1haWxfdmVyaWZpZWQiOnRydWUsImF0X2hhc2giOiI2Y3JVWW9paTFXSXJFalZ4VWFSajJRIiwiaWF0IjoxNzM4ODkxNDE4LCJleHAiOjE3Mzg4OTUwMTh9.IhuQIXGmjREnXNrEW20GK2Dh8hhqQ0IkJX2TP5OicFgSWvrvl0ztsoJ5gq-W9C41gRE9BU6-h_x3K_g9XP9jwiPajtPq5a13FbkU7vG0T3qKl5U-NFyUsnFEN7O4EiJKPYdOLQCdjOWtvibkDxwLj2mDYywRtwxoM9FS1O_FE596V6M7uMFkkUdvbBaFLCK3BHTJWwH5R1wvBhoc4eVsDFZ_-NjYMiTgO2I4UxDSrX0mhqDMXzPBl0Z81EKobfX4gGlnRmMkTwF3W13T10091_YJqAHNI_FJeLENjXPmIqxIsIs_zRstFBcd5uIb67OhGDMHl6w9wWT_Q6mqUDcprA', 'expires_at': 1738895017.3945248}.
2025-02-06 20:23:38,416 INFO     ___FILE_ONLY___ 
You are now logged in as [tamjid.rahman@valon.com].
Your current project is [prod-peach-street].  You can change this setting by running:
  $ gcloud config set project PROJECT_ID

2025-02-06 20:23:38,417 DEBUG    root            Chosen display Format:none
2025-02-06 20:23:38,417 INFO     root            Display format: "none"
