2025-02-06 20:23:50,185 DEBUG    root            Loaded Command Group: ['gcloud', 'config']
2025-02-06 20:23:50,187 DEBUG    root            Loaded Command Group: ['gcloud', 'config', 'config_helper']
2025-02-06 20:23:50,188 DEBUG    root            Running [gcloud.config.config-helper] with arguments: [--format: "json", --min-expiry: "3600"]
2025-02-06 20:23:50,193 DEBUG    google.auth.transport.requests Making request: POST https://oauth2.googleapis.com/token
2025-02-06 20:23:50,199 DEBUG    urllib3.connectionpool Starting new HTTPS connection (1): oauth2.googleapis.com:443
2025-02-06 20:23:50,358 DEBUG    urllib3.connectionpool https://oauth2.googleapis.com:443 "POST /token HTTP/1.1" 200 None
2025-02-06 20:23:50,361 DEBUG    root            Chosen display Format:default json
2025-02-06 20:23:50,361 INFO     root            Display format: "default json"
2025-02-06 20:23:50,375 INFO     ___FILE_ONLY___ {
  "configuration": {
    "active_configuration": "default",
    "properties": {
      "core": {
        "account": "tamjid.rahman@valon.com",
        "disable_prompts": "false",
        "disable_usage_reporting": "True",
        "project": "prod-peach-street"
      }
    }
  },
  "credential": {
    "access_token": "ya29.a0AXeO80Q0m_A5ZpuTZxFBq6o9n1GFxeUS0lHUmY0U5Jjyw9pflCgbh4FHkZ2E-HoVjRko1BZ7ERrytazhUaLlAYFIJkadc4NMpT2fug1zlj93WaJd0tYJg02aFyMu9bqcqYqdVhNBWoyyv2o3pePeshYJZsgmdNhoDYGJey1E5AclNQaCgYKARUSARISFQHGX2MirTJQDGs5rb-Uqcf9XfNPjA0181",
    "id_token": "eyJhbGciOiJSUzI1NiIsImtpZCI6ImVlYzUzNGZhNWI4Y2FjYTIwMWNhOGQwZmY5NmI1NGM1NjIyMTBkMWUiLCJ0eXAiOiJKV1QifQ.eyJpc3MiOiJodHRwczovL2FjY291bnRzLmdvb2dsZS5jb20iLCJhenAiOiIzMjU1NTk0MDU1OS5hcHBzLmdvb2dsZXVzZXJjb250ZW50LmNvbSIsImF1ZCI6IjMyNTU1OTQwNTU5LmFwcHMuZ29vZ2xldXNlcmNvbnRlbnQuY29tIiwic3ViIjoiMTAwNjUyNDM4NTEyNzgzNjkzMzI5IiwiaGQiOiJ2YWxvbi5jb20iLCJlbWFpbCI6InRhbWppZC5yYWhtYW5AdmFsb24uY29tIiwiZW1haWxfdmVyaWZpZWQiOnRydWUsImF0X2hhc2giOiJlUnZvNThUX085clBEeXIxVEVzQUJRIiwiaWF0IjoxNzM4ODkxNDMwLCJleHAiOjE3Mzg4OTUwMzB9.2lRtNOGTOvwJATZN9RvvBGfqiXTJ6zAfBVBM-VBbEYakEhPfVlBuRaiTx8PSY_4D47bI6Mk8HxPHCZ7tfqZDVwg1GwPfjAIvlXGeHm7J89QwcjZNGyI4VUyiydrhvAljxb15YtEFlg7ClR74pzlEn1EI9SfEcE-U1FBYb6fliDB9jcnVDphb_eMKgRAwN76JJqBxctF665jBruFBXp-2TclaIDlSpJr-ROrZFK0uLEpFl8jhHsCaT58S4TeE8mvwtgTX34bF87aTBQ2Fq2T-3sfO5ga_LzQote5rNi3-FRr79VtjgPWSoQ_bm-oZC4-O6vYeTyHEk_qlFjFbIrPvTg",
    "token_expiry": "2025-02-07T02:23:49Z"
  },
  "sentinels": {
    "config_sentinel": "/Users/tamjid/.config/gcloud/config_sentinel"
  }
}
2025-02-06 20:23:50,375 INFO     ___FILE_ONLY___ 

