2025-02-18 10:27:18,253 DEBUG    root            Loaded Command Group: ['gcloud', 'auth']
2025-02-18 10:27:18,263 DEBUG    root            Loaded Command Group: ['gcloud', 'auth', 'login']
2025-02-18 10:27:18,264 DEBUG    root            Running [gcloud.auth.login] with arguments: []
2025-02-18 10:27:18,294 DEBUG    requests_oauthlib.oauth2_session Generated new state gmSbA5BxIObZHh11ePgA2M6jnYqy4B.
2025-02-18 10:27:18,397 INFO     ___FILE_ONLY___ Your browser has been opened to visit:

    https://accounts.google.com/o/oauth2/auth?response_type=code&client_id=32555940559.apps.googleusercontent.com&redirect_uri=http%3A%2F%2Flocalhost%3A8085%2F&scope=openid+https%3A%2F%2Fwww.googleapis.com%2Fauth%2Fuserinfo.email+https%3A%2F%2Fwww.googleapis.com%2Fauth%2Fcloud-platform+https%3A%2F%2Fwww.googleapis.com%2Fauth%2Fappengine.admin+https%3A%2F%2Fwww.googleapis.com%2Fauth%2Fsqlservice.login+https%3A%2F%2Fwww.googleapis.com%2Fauth%2Fcompute+https%3A%2F%2Fwww.googleapis.com%2Fauth%2Faccounts.reauth&state=gmSbA5BxIObZHh11ePgA2M6jnYqy4B&access_type=offline&code_challenge=RRvBSEB4m0ssYY3MxNrPW6oSeGMZ_lLTLjS75D7yWjE&code_challenge_method=S256


2025-02-18 10:27:50,480 INFO     google_auth_oauthlib.flow "GET /?state=gmSbA5BxIObZHh11ePgA2M6jnYqy4B&code=4/0ASVgi3JDz-TkOaJJRe2GSNs7BEDnoc-WcV9mUq4InIBOZ6WMKzQZsBC6SiCIrqWu-30Y-w&scope=email%20openid%20https://www.googleapis.com/auth/userinfo.email%20https://www.googleapis.com/auth/cloud-platform%20https://www.googleapis.com/auth/appengine.admin%20https://www.googleapis.com/auth/sqlservice.login%20https://www.googleapis.com/auth/compute%20https://www.googleapis.com/auth/accounts.reauth&authuser=0&hd=valon.com&prompt=consent HTTP/1.1" 200 959
2025-02-18 10:27:50,481 DEBUG    requests_oauthlib.oauth2_session Requesting url https://oauth2.googleapis.com/token using method POST.
2025-02-18 10:27:50,481 DEBUG    requests_oauthlib.oauth2_session Supplying headers {b'Accept': b'application/json', b'Content-Type': b'application/x-www-form-urlencoded;charset=UTF-8', b'user-agent': b'google-cloud-sdk gcloud/475.0.0 command/gcloud.auth.login invocation-id/737dbce1816d4ac885be0d427bda9fab environment/None environment-version/None client-os/MACOSX client-os-ver/24.2.0 client-pltf-arch/arm interactive/False from-script/False python/3.11.6 term/screen-256color (Macintosh; Intel Mac OS X 24.2.0)'} and data {'grant_type': 'authorization_code', 'client_id': '32555940559.apps.googleusercontent.com', 'client_secret': 'ZmssLNjJy2998hD4CTg2ejr2', 'code': '4/0ASVgi3JDz-TkOaJJRe2GSNs7BEDnoc-WcV9mUq4InIBOZ6WMKzQZsBC6SiCIrqWu-30Y-w', 'redirect_uri': 'http://localhost:8085/', 'code_verifier': 'K2~61L3K~iGMd_TLm4Tll1M4uQPLYF-Py9ZsibuGDk8E2HQjL6mfoy2O0Av.7N7c9iFJl6yG0St2YyJS2.k4YB2aSYc2m~MyT_HmXQOuRxF1WaWnshklBOUE-rD5C7a7'}
2025-02-18 10:27:50,481 DEBUG    requests_oauthlib.oauth2_session Passing through key word arguments {'json': None, 'timeout': None, 'auth': None, 'verify': None, 'proxies': None}.
2025-02-18 10:27:50,490 DEBUG    urllib3.connectionpool Starting new HTTPS connection (1): oauth2.googleapis.com:443
2025-02-18 10:27:50,682 DEBUG    urllib3.connectionpool https://oauth2.googleapis.com:443 "POST /token HTTP/1.1" 200 None
2025-02-18 10:27:50,683 DEBUG    requests_oauthlib.oauth2_session Prepared fetch token request body grant_type=authorization_code&client_id=32555940559.apps.googleusercontent.com&client_secret=ZmssLNjJy2998hD4CTg2ejr2&code=4%2F0ASVgi3JDz-TkOaJJRe2GSNs7BEDnoc-WcV9mUq4InIBOZ6WMKzQZsBC6SiCIrqWu-30Y-w&redirect_uri=http%3A%2F%2Flocalhost%3A8085%2F&code_verifier=K2~61L3K~iGMd_TLm4Tll1M4uQPLYF-Py9ZsibuGDk8E2HQjL6mfoy2O0Av.7N7c9iFJl6yG0St2YyJS2.k4YB2aSYc2m~MyT_HmXQOuRxF1WaWnshklBOUE-rD5C7a7
2025-02-18 10:27:50,684 DEBUG    requests_oauthlib.oauth2_session Request to fetch token completed with status 200.
2025-02-18 10:27:50,684 DEBUG    requests_oauthlib.oauth2_session Request headers were {'user-agent': b'google-cloud-sdk gcloud/475.0.0 command/gcloud.auth.login invocation-id/737dbce1816d4ac885be0d427bda9fab environment/None environment-version/None client-os/MACOSX client-os-ver/24.2.0 client-pltf-arch/arm interactive/False from-script/False python/3.11.6 term/screen-256color (Macintosh; Intel Mac OS X 24.2.0)', 'Accept-Encoding': 'gzip, deflate', 'Accept': b'application/json', 'Connection': 'keep-alive', 'Content-Type': b'application/x-www-form-urlencoded;charset=UTF-8', 'Content-Length': '387'}
2025-02-18 10:27:50,684 DEBUG    requests_oauthlib.oauth2_session Request body was grant_type=authorization_code&client_id=32555940559.apps.googleusercontent.com&client_secret=ZmssLNjJy2998hD4CTg2ejr2&code=4%2F0ASVgi3JDz-TkOaJJRe2GSNs7BEDnoc-WcV9mUq4InIBOZ6WMKzQZsBC6SiCIrqWu-30Y-w&redirect_uri=http%3A%2F%2Flocalhost%3A8085%2F&code_verifier=K2~61L3K~iGMd_TLm4Tll1M4uQPLYF-Py9ZsibuGDk8E2HQjL6mfoy2O0Av.7N7c9iFJl6yG0St2YyJS2.k4YB2aSYc2m~MyT_HmXQOuRxF1WaWnshklBOUE-rD5C7a7
2025-02-18 10:27:50,684 DEBUG    requests_oauthlib.oauth2_session Response headers were {'Date': 'Tue, 18 Feb 2025 15:27:50 GMT', 'Cache-Control': 'no-cache, no-store, max-age=0, must-revalidate', 'Pragma': 'no-cache', 'Expires': 'Mon, 01 Jan 1990 00:00:00 GMT', 'Content-Type': 'application/json; charset=utf-8', 'Vary': 'Origin, X-Origin, Referer', 'Content-Encoding': 'gzip', 'Server': 'scaffolding on HTTPServer2', 'X-XSS-Protection': '0', 'X-Frame-Options': 'SAMEORIGIN', 'X-Content-Type-Options': 'nosniff', 'Alt-Svc': 'h3=":443"; ma=2592000,h3-29=":443"; ma=2592000', 'Transfer-Encoding': 'chunked'} and content {
  "access_token": "ya29.a0AXeO80S3l9jrA4d9spNfCTF11zlL-6FbwfPdiTRZvuEr2wdrNxJvcJCt9jwpEMuOaJvtG6mVjbQZfbQyH30iO5bP1Rq4PyJQwtTI5Fi7RPo-DOS4j-tiBsTIes4JMT4zJLG9weR0T__6dY0qpbKhHaNXjDDqIr_2Bj3h8pQ_NoahkAaCgYKAfkSARISFQHGX2MiJBNODLAIQj4ZKjr1AkLSyQ0181",
  "expires_in": 3599,
  "refresh_token": "1//01BOoaUSnXIukCgYIARAAGAESNwF-L9IraoZFiGcFo6oN8yS-nkt15nf-166F9DUxtUzv4Q3sORIr9byf9W1M6eovZOVEU1qT3lQ",
  "scope": "https://www.googleapis.com/auth/sqlservice.login https://www.googleapis.com/auth/accounts.reauth https://www.googleapis.com/auth/appengine.admin https://www.googleapis.com/auth/compute https://www.googleapis.com/auth/userinfo.email openid https://www.googleapis.com/auth/cloud-platform",
  "token_type": "Bearer",
  "id_token": "eyJhbGciOiJSUzI1NiIsImtpZCI6IjVkMTJhYjc4MmNiNjA5NjI4NWY2OWU0OGFlYTk5MDc5YmI1OWNiODYiLCJ0eXAiOiJKV1QifQ.eyJpc3MiOiJodHRwczovL2FjY291bnRzLmdvb2dsZS5jb20iLCJhenAiOiIzMjU1NTk0MDU1OS5hcHBzLmdvb2dsZXVzZXJjb250ZW50LmNvbSIsImF1ZCI6IjMyNTU1OTQwNTU5LmFwcHMuZ29vZ2xldXNlcmNvbnRlbnQuY29tIiwic3ViIjoiMTAwNjUyNDM4NTEyNzgzNjkzMzI5IiwiaGQiOiJ2YWxvbi5jb20iLCJlbWFpbCI6InRhbWppZC5yYWhtYW5AdmFsb24uY29tIiwiZW1haWxfdmVyaWZpZWQiOnRydWUsImF0X2hhc2giOiJwRGhXUTZvLTJsODJKQ2JaMldXUHR3IiwiaWF0IjoxNzM5ODkyNDcwLCJleHAiOjE3Mzk4OTYwNzB9.m-zoohhbGJM4CBzfhLIyso-P_8tEb4i3aIMqz904wmWaFo4lgBN5-xxXGTFShaJQJD-hCiGrzKiOAEKCcnO7QweiI-4uDaBwte9jSo1POvHcZAEpvkPOqfMsdR-VztEMzxCmMV3FGfEzer0dgg0CnASprODHnVH72yofTDElerzQJhEGTqcDlZ_dz_iHbn9_yK2UxpfcHbRWkhtr5e3fjmlYB3Bhq5gRa6Mg5bMqYK_T12XjvqDcTBBu-ETMZwH4T8gYPPfkKcWtVK7rraCT4xL-6taJ5OaVT4zVcwHlS5jeYXAzlRnn4JNT6yuqF3JBiQWTm3oeYUHGPHsG90NJuA"
}.
2025-02-18 10:27:50,684 DEBUG    requests_oauthlib.oauth2_session Invoking 0 token response hooks.
2025-02-18 10:27:50,684 DEBUG    requests_oauthlib.oauth2_session Obtained token {'access_token': 'ya29.a0AXeO80S3l9jrA4d9spNfCTF11zlL-6FbwfPdiTRZvuEr2wdrNxJvcJCt9jwpEMuOaJvtG6mVjbQZfbQyH30iO5bP1Rq4PyJQwtTI5Fi7RPo-DOS4j-tiBsTIes4JMT4zJLG9weR0T__6dY0qpbKhHaNXjDDqIr_2Bj3h8pQ_NoahkAaCgYKAfkSARISFQHGX2MiJBNODLAIQj4ZKjr1AkLSyQ0181', 'expires_in': 3599, 'refresh_token': '1//01BOoaUSnXIukCgYIARAAGAESNwF-L9IraoZFiGcFo6oN8yS-nkt15nf-166F9DUxtUzv4Q3sORIr9byf9W1M6eovZOVEU1qT3lQ', 'scope': ['https://www.googleapis.com/auth/sqlservice.login', 'https://www.googleapis.com/auth/accounts.reauth', 'https://www.googleapis.com/auth/appengine.admin', 'https://www.googleapis.com/auth/compute', 'https://www.googleapis.com/auth/userinfo.email', 'openid', 'https://www.googleapis.com/auth/cloud-platform'], 'token_type': 'Bearer', 'id_token': 'eyJhbGciOiJSUzI1NiIsImtpZCI6IjVkMTJhYjc4MmNiNjA5NjI4NWY2OWU0OGFlYTk5MDc5YmI1OWNiODYiLCJ0eXAiOiJKV1QifQ.eyJpc3MiOiJodHRwczovL2FjY291bnRzLmdvb2dsZS5jb20iLCJhenAiOiIzMjU1NTk0MDU1OS5hcHBzLmdvb2dsZXVzZXJjb250ZW50LmNvbSIsImF1ZCI6IjMyNTU1OTQwNTU5LmFwcHMuZ29vZ2xldXNlcmNvbnRlbnQuY29tIiwic3ViIjoiMTAwNjUyNDM4NTEyNzgzNjkzMzI5IiwiaGQiOiJ2YWxvbi5jb20iLCJlbWFpbCI6InRhbWppZC5yYWhtYW5AdmFsb24uY29tIiwiZW1haWxfdmVyaWZpZWQiOnRydWUsImF0X2hhc2giOiJwRGhXUTZvLTJsODJKQ2JaMldXUHR3IiwiaWF0IjoxNzM5ODkyNDcwLCJleHAiOjE3Mzk4OTYwNzB9.m-zoohhbGJM4CBzfhLIyso-P_8tEb4i3aIMqz904wmWaFo4lgBN5-xxXGTFShaJQJD-hCiGrzKiOAEKCcnO7QweiI-4uDaBwte9jSo1POvHcZAEpvkPOqfMsdR-VztEMzxCmMV3FGfEzer0dgg0CnASprODHnVH72yofTDElerzQJhEGTqcDlZ_dz_iHbn9_yK2UxpfcHbRWkhtr5e3fjmlYB3Bhq5gRa6Mg5bMqYK_T12XjvqDcTBBu-ETMZwH4T8gYPPfkKcWtVK7rraCT4xL-6taJ5OaVT4zVcwHlS5jeYXAzlRnn4JNT6yuqF3JBiQWTm3oeYUHGPHsG90NJuA', 'expires_at': 1739896069.684654}.
2025-02-18 10:27:50,705 INFO     ___FILE_ONLY___ 
You are now logged in as [tamjid.rahman@valon.com].
Your current project is [prod-peach-street].  You can change this setting by running:
  $ gcloud config set project PROJECT_ID

2025-02-18 10:27:50,705 DEBUG    root            Chosen display Format:none
2025-02-18 10:27:50,706 INFO     root            Display format: "none"
