2025-02-18 10:27:51,092 DEBUG    root            Loaded Command Group: ['gcloud', 'config']
2025-02-18 10:27:51,093 DEBUG    root            Loaded Command Group: ['gcloud', 'config', 'config_helper']
2025-02-18 10:27:51,094 DEBUG    root            Running [gcloud.config.config-helper] with arguments: [--format: "json", --min-expiry: "3600"]
2025-02-18 10:27:51,100 DEBUG    google.auth.transport.requests Making request: POST https://oauth2.googleapis.com/token
2025-02-18 10:27:51,105 DEBUG    urllib3.connectionpool Starting new HTTPS connection (1): oauth2.googleapis.com:443
2025-02-18 10:27:51,263 DEBUG    urllib3.connectionpool https://oauth2.googleapis.com:443 "POST /token HTTP/1.1" 200 None
2025-02-18 10:27:51,267 DEBUG    root            Chosen display Format:default json
2025-02-18 10:27:51,268 INFO     root            Display format: "default json"
2025-02-18 10:27:51,286 INFO     ___FILE_ONLY___ {
  "configuration": {
    "active_configuration": "default",
    "properties": {
      "core": {
        "account": "tamjid.rahman@valon.com",
        "disable_prompts": "false",
        "disable_usage_reporting": "True",
        "project": "prod-peach-street"
      }
    }
  },
  "credential": {
    "access_token": "ya29.a0AXeO80T8xHIBAMlxqTO1MPp4flXibEYyNrm90h7e1uuyvEg29WWYL2lGh00dE-bVbHodsVxZFjDRzPYJQo22fDeXnu5Qr0CpWNHq4omuiN4ug7BonHtWl_NyZxxAd76SvWK_5zwlVG_bl3xw_TzNhuNI4xGskFZxDUp1ZSajz5PwqQaCgYKAWcSARISFQHGX2MizjLT9waZKG5GHK1KKd7EDg0181",
    "id_token": "eyJhbGciOiJSUzI1NiIsImtpZCI6IjVkMTJhYjc4MmNiNjA5NjI4NWY2OWU0OGFlYTk5MDc5YmI1OWNiODYiLCJ0eXAiOiJKV1QifQ.eyJpc3MiOiJodHRwczovL2FjY291bnRzLmdvb2dsZS5jb20iLCJhenAiOiIzMjU1NTk0MDU1OS5hcHBzLmdvb2dsZXVzZXJjb250ZW50LmNvbSIsImF1ZCI6IjMyNTU1OTQwNTU5LmFwcHMuZ29vZ2xldXNlcmNvbnRlbnQuY29tIiwic3ViIjoiMTAwNjUyNDM4NTEyNzgzNjkzMzI5IiwiaGQiOiJ2YWxvbi5jb20iLCJlbWFpbCI6InRhbWppZC5yYWhtYW5AdmFsb24uY29tIiwiZW1haWxfdmVyaWZpZWQiOnRydWUsImF0X2hhc2giOiJ4aGN2S3pNOGF3NU1sSmRIOU0zdmNRIiwiaWF0IjoxNzM5ODkyNDcxLCJleHAiOjE3Mzk4OTYwNzF9.l9XhrsjPrHcZvY3E5l7XJBsPCVTi3df9M6lKUa4LxSg3_5_XfAVuBMWhE68R4Eo-jYFIAaulmiF51pAB3htz_tFgf2bdDvXmJI_SnRsMz2UojVrbuoVaarYxFQiQa9R16kIImDZiHoXCs_jYfavdDk9QfKYLWULeCJfFmQmAWYObk5VGNRA3IJBHdvoEByaDlKcAvttgDcIMc5-LkMGFDzv1apKD4wIuoAK68aiYFdFOACvP7b0DTgAQ5vS0_cB9CNBsZK_TzY-fiARd1fijcG8vil_Ho9W3F3IQTpT807kbP0VtpQkBmQwkQcoPslV_JFxtfj7hXCLPKI-4l4Fc1g",
    "token_expiry": "2025-02-18T16:27:50Z"
  },
  "sentinels": {
    "config_sentinel": "/Users/tamjid/.config/gcloud/config_sentinel"
  }
}
2025-02-18 10:27:51,286 INFO     ___FILE_ONLY___ 

