2025-02-18 10:47:36,006 DEBUG    root            Loaded Command Group: ['gcloud', 'config']
2025-02-18 10:47:36,007 DEBUG    root            Loaded Command Group: ['gcloud', 'config', 'config_helper']
2025-02-18 10:47:36,007 DEBUG    root            Running [gcloud.config.config-helper] with arguments: [--format: "json", --min-expiry: "3600"]
2025-02-18 10:47:36,013 DEBUG    google.auth.transport.requests Making request: POST https://oauth2.googleapis.com/token
2025-02-18 10:47:36,201 DEBUG    urllib3.connectionpool Starting new HTTPS connection (1): oauth2.googleapis.com:443
2025-02-18 10:47:36,375 DEBUG    urllib3.connectionpool https://oauth2.googleapis.com:443 "POST /token HTTP/1.1" 200 None
2025-02-18 10:47:36,388 DEBUG    root            Chosen display Format:default json
2025-02-18 10:47:36,388 INFO     root            Display format: "default json"
2025-02-18 10:47:36,421 INFO     ___FILE_ONLY___ {
  "configuration": {
    "active_configuration": "default",
    "properties": {
      "core": {
        "account": "tamjid.rahman@valon.com",
        "disable_prompts": "false",
        "disable_usage_reporting": "True",
        "project": "prod-peach-street"
      }
    }
  },
  "credential": {
    "access_token": "ya29.a0AXeO80SvEk2eM6KNX1QPLdWn63T8M84qaW2BaK4JIM8Sl328cxC_uVRS9K9SPg2t6hIl723MrbjJOypfoP9SeFRkQ9Kta6xr8Bko0cNJBZTfkWy3Y1jUAZC6NCYcP3mGnTD_qw8lcMXyDtr_9tMiQ1h1KVGnvnLUlkUKuvc1t4lclgaCgYKAWISARISFQHGX2Mi_Ei3vBHwo6Hkm6A1TWCN6w0181",
    "id_token": "eyJhbGciOiJSUzI1NiIsImtpZCI6IjVkMTJhYjc4MmNiNjA5NjI4NWY2OWU0OGFlYTk5MDc5YmI1OWNiODYiLCJ0eXAiOiJKV1QifQ.eyJpc3MiOiJodHRwczovL2FjY291bnRzLmdvb2dsZS5jb20iLCJhenAiOiIzMjU1NTk0MDU1OS5hcHBzLmdvb2dsZXVzZXJjb250ZW50LmNvbSIsImF1ZCI6IjMyNTU1OTQwNTU5LmFwcHMuZ29vZ2xldXNlcmNvbnRlbnQuY29tIiwic3ViIjoiMTAwNjUyNDM4NTEyNzgzNjkzMzI5IiwiaGQiOiJ2YWxvbi5jb20iLCJlbWFpbCI6InRhbWppZC5yYWhtYW5AdmFsb24uY29tIiwiZW1haWxfdmVyaWZpZWQiOnRydWUsImF0X2hhc2giOiJ1bTYzMGhKTVhPX081TGd5Q3pkaUZnIiwiaWF0IjoxNzM5ODkzNjU2LCJleHAiOjE3Mzk4OTcyNTZ9.ezicu1xfWSFiRad2HEmCGus6Xu9IFAHo0Yt1vEkl4hYFHs_7IiPIGFO1hCJY-u7SWBKXNnsOJ3FU01mG0OKPKT8BVXnO8F08fk0HtslVIHG1-K3UTW_ZHzSiDPgGEaclgntY2cNta83GANauiXDcpJtxJTjj_0GUU4OBBpn0oXN3qDHHqDf8eau91Ur-4uiFGvp6f3H1CdZq5h1tuAkY1nzZJ3ke6FH95NlSW1oWVliZB0bgns50_0CUWtq7ni5ZqpEeUXOtblo2t34Ypy6N5YDQYqhmdZNV1IFzEjEMBQAS6nS1lKH7Mt_rDO4NHM2IsDV6Bb1UmfUld80oA107cQ",
    "token_expiry": "2025-02-18T16:47:35Z"
  },
  "sentinels": {
    "config_sentinel": "/Users/tamjid/.config/gcloud/config_sentinel"
  }
}
2025-02-18 10:47:36,421 INFO     ___FILE_ONLY___ 

