2025-02-18 17:43:23,815 DEBUG    root            Loaded Command Group: ['gcloud', 'config']
2025-02-18 17:43:23,816 DEBUG    root            Loaded Command Group: ['gcloud', 'config', 'config_helper']
2025-02-18 17:43:23,816 DEBUG    root            Running [gcloud.config.config-helper] with arguments: [--format: "json", --min-expiry: "3600"]
2025-02-18 17:43:23,822 DEBUG    google.auth.transport.requests Making request: POST https://oauth2.googleapis.com/token
2025-02-18 17:43:23,827 DEBUG    urllib3.connectionpool Starting new HTTPS connection (1): oauth2.googleapis.com:443
2025-02-18 17:43:24,006 DEBUG    urllib3.connectionpool https://oauth2.googleapis.com:443 "POST /token HTTP/1.1" 200 None
2025-02-18 17:43:24,011 DEBUG    root            Chosen display Format:default json
2025-02-18 17:43:24,011 INFO     root            Display format: "default json"
2025-02-18 17:43:24,033 INFO     ___FILE_ONLY___ {
  "configuration": {
    "active_configuration": "default",
    "properties": {
      "core": {
        "account": "tamjid.rahman@valon.com",
        "disable_prompts": "false",
        "disable_usage_reporting": "True",
        "project": "prod-peach-street"
      }
    }
  },
  "credential": {
    "access_token": "ya29.a0AXeO80SnKjt1_e54zlIXbfggnBV1nLHXxrFpLtMBGww4PiQjedJmRy5P0ifCm72PYJeZYD46EJbtKkLWq8KOHENCHQq3806qq9y3sL4kw4H3RkBe1KA_LxSNXxStMgmuvrvduxkVrkZvw4z9p_E7x9qenwkT-8m0KTq2MMzPMkZhtTcaCgYKAbsSARISFQHGX2MilicDeqEeeINIDulusfe_VA0182",
    "id_token": "eyJhbGciOiJSUzI1NiIsImtpZCI6IjVkMTJhYjc4MmNiNjA5NjI4NWY2OWU0OGFlYTk5MDc5YmI1OWNiODYiLCJ0eXAiOiJKV1QifQ.eyJpc3MiOiJodHRwczovL2FjY291bnRzLmdvb2dsZS5jb20iLCJhenAiOiIzMjU1NTk0MDU1OS5hcHBzLmdvb2dsZXVzZXJjb250ZW50LmNvbSIsImF1ZCI6IjMyNTU1OTQwNTU5LmFwcHMuZ29vZ2xldXNlcmNvbnRlbnQuY29tIiwic3ViIjoiMTAwNjUyNDM4NTEyNzgzNjkzMzI5IiwiaGQiOiJ2YWxvbi5jb20iLCJlbWFpbCI6InRhbWppZC5yYWhtYW5AdmFsb24uY29tIiwiZW1haWxfdmVyaWZpZWQiOnRydWUsImF0X2hhc2giOiJWaVdBLXdOdnlUQ0N2VlJUbExsWnVRIiwiaWF0IjoxNzM5OTE4NjA0LCJleHAiOjE3Mzk5MjIyMDR9.sxv2lX5_8j9FY-YTHdUp4P3L9XTQXeQ8-9ivw-IgbbyO6KaZrtCl6cbAhblhTWmvZIPgP6B45uuqiapG53X_OelyIQB8JlUOOjDMqVAI59Wi0XCuptr811TIRrh4linv-oOg7_kle8WRZydh7bwYWv7ffz0CGRbRzMob956GNrrpsTZmbPO4apvUEwNUXH3eA5oJCts0Vr86xW6NGiFuB4PnPFP8AKB4WYHe_TNdYpEbRdiRuPDHo6a1nEnvApmUABGSXIZAszZfzpwOztp3gtSxF3ZPvqvep6FyYQD7DrfBVPgbnvz4m2hEy0i2DPTvuBkCLNm_hgrMOuO8EAWAGg",
    "token_expiry": "2025-02-18T23:43:23Z"
  },
  "sentinels": {
    "config_sentinel": "/Users/tamjid/.config/gcloud/config_sentinel"
  }
}
2025-02-18 17:43:24,033 INFO     ___FILE_ONLY___ 

