2025-02-18 18:42:28,688 DEBUG    root            Loaded Command Group: ['gcloud', 'config']
2025-02-18 18:42:28,690 DEBUG    root            Loaded Command Group: ['gcloud', 'config', 'config_helper']
2025-02-18 18:42:28,690 DEBUG    root            Running [gcloud.config.config-helper] with arguments: [--format: "json", --min-expiry: "3600"]
2025-02-18 18:42:28,702 DEBUG    google.auth.transport.requests Making request: POST https://oauth2.googleapis.com/token
2025-02-18 18:42:28,734 DEBUG    urllib3.connectionpool Starting new HTTPS connection (1): oauth2.googleapis.com:443
2025-02-18 18:42:28,895 DEBUG    urllib3.connectionpool https://oauth2.googleapis.com:443 "POST /token HTTP/1.1" 200 None
2025-02-18 18:42:28,900 DEBUG    google.auth.transport.requests Making request: POST https://oauth2.googleapis.com/token
2025-02-18 18:42:28,902 DEBUG    urllib3.connectionpool Starting new HTTPS connection (1): oauth2.googleapis.com:443
2025-02-18 18:42:29,078 DEBUG    urllib3.connectionpool https://oauth2.googleapis.com:443 "POST /token HTTP/1.1" 200 None
2025-02-18 18:42:29,092 DEBUG    root            Chosen display Format:default json
2025-02-18 18:42:29,092 INFO     root            Display format: "default json"
2025-02-18 18:42:29,136 INFO     ___FILE_ONLY___ {
  "configuration": {
    "active_configuration": "default",
    "properties": {
      "core": {
        "account": "tamjid.rahman@valon.com",
        "disable_prompts": "false",
        "disable_usage_reporting": "True",
        "project": "prod-peach-street"
      }
    }
  },
  "credential": {
    "access_token": "ya29.a0AXeO80QdHJ-FjBNNICVwrZKo31ZB0ZYzAEUSeMPdJQoWHkneG9YzpAiyuLkGziCR4E8bC7ZM6ISIo_ztcNVkInpqlZxaQi0ukGklC-oWsWKXGb0EZH5ZzScoLAwMd3MMLQVINX6c5FO2dlpCHX9mmjZvAce79PhaJ-YbJNUKTNx4zqIaCgYKAd4SARISFQHGX2MiWmu9Xy-Gn3LvRcq13GD7vw0182",
    "id_token": "eyJhbGciOiJSUzI1NiIsImtpZCI6IjVkMTJhYjc4MmNiNjA5NjI4NWY2OWU0OGFlYTk5MDc5YmI1OWNiODYiLCJ0eXAiOiJKV1QifQ.eyJpc3MiOiJodHRwczovL2FjY291bnRzLmdvb2dsZS5jb20iLCJhenAiOiIzMjU1NTk0MDU1OS5hcHBzLmdvb2dsZXVzZXJjb250ZW50LmNvbSIsImF1ZCI6IjMyNTU1OTQwNTU5LmFwcHMuZ29vZ2xldXNlcmNvbnRlbnQuY29tIiwic3ViIjoiMTAwNjUyNDM4NTEyNzgzNjkzMzI5IiwiaGQiOiJ2YWxvbi5jb20iLCJlbWFpbCI6InRhbWppZC5yYWhtYW5AdmFsb24uY29tIiwiZW1haWxfdmVyaWZpZWQiOnRydWUsImF0X2hhc2giOiItN1ZBSThhRXJvT29Xa2VqZEx4bUxBIiwiaWF0IjoxNzM5OTIyMTQ5LCJleHAiOjE3Mzk5MjU3NDl9.MiiM6hU2NIkBNqL9jF3w2ZThf3rRXd-41Wzl4KyYrbcBpxdLiPPay8rYNbp0018WeuaxFY6Gs78A7pd6dUWmTFReA3NX03XaPisjJeu1fKj_T4bksFyeie-XPBYaGBwlb469RVWa4EZFVAgIhn5lTZt1-MsGx3R9NjRmyIZrkWMAyZiTqrevS1Bhxbe40u5mhyNI-1Qf7tMyVnosy5bzVlTzPwQKECfkiVNzaHd-BIBIWARxiV6dDrJekxe8lIdfqoYWNe3BRBq0hZr38wInHpoeMdVHdhgEv0_Q34n_yob8g7f7K78UgWkPEjv8GXA7HsRFkWr9axX81L6QjIkNLQ",
    "token_expiry": "2025-02-19T00:42:28Z"
  },
  "sentinels": {
    "config_sentinel": "/Users/tamjid/.config/gcloud/config_sentinel"
  }
}
2025-02-18 18:42:29,136 INFO     ___FILE_ONLY___ 

