2025-02-18 19:41:34,304 DEBUG    root            Loaded Command Group: ['gcloud', 'config']
2025-02-18 19:41:34,305 DEBUG    root            Loaded Command Group: ['gcloud', 'config', 'config_helper']
2025-02-18 19:41:34,305 DEBUG    root            Running [gcloud.config.config-helper] with arguments: [--format: "json", --min-expiry: "3600"]
2025-02-18 19:41:34,311 DEBUG    google.auth.transport.requests Making request: POST https://oauth2.googleapis.com/token
2025-02-18 19:41:34,317 DEBUG    urllib3.connectionpool Starting new HTTPS connection (1): oauth2.googleapis.com:443
2025-02-18 19:41:34,480 DEBUG    urllib3.connectionpool https://oauth2.googleapis.com:443 "POST /token HTTP/1.1" 200 None
2025-02-18 19:41:34,485 DEBUG    root            Chosen display Format:default json
2025-02-18 19:41:34,485 INFO     root            Display format: "default json"
2025-02-18 19:41:34,506 INFO     ___FILE_ONLY___ {
  "configuration": {
    "active_configuration": "default",
    "properties": {
      "core": {
        "account": "tamjid.rahman@valon.com",
        "disable_prompts": "false",
        "disable_usage_reporting": "True",
        "project": "prod-peach-street"
      }
    }
  },
  "credential": {
    "access_token": "ya29.a0AXeO80R4Mil1lae_Z19IyyaLn7A43zHpCCylaYeq1i0Pf1h8z34OnUDhBiYo_QIy7MZBqyhCZALdc10gCcs8DpK2VLZsxIcBbq3_Lnl7WpcJovcKyzUGChlU3PGylSDOQwZIBg84wyx_ViXGjFVZLPn-1XCnDYAgllwhtd-x7pWoNIMaCgYKAQUSARISFQHGX2MiVkP3ptZkOFtwETuv6_21wA0182",
    "id_token": "eyJhbGciOiJSUzI1NiIsImtpZCI6IjVkMTJhYjc4MmNiNjA5NjI4NWY2OWU0OGFlYTk5MDc5YmI1OWNiODYiLCJ0eXAiOiJKV1QifQ.eyJpc3MiOiJodHRwczovL2FjY291bnRzLmdvb2dsZS5jb20iLCJhenAiOiIzMjU1NTk0MDU1OS5hcHBzLmdvb2dsZXVzZXJjb250ZW50LmNvbSIsImF1ZCI6IjMyNTU1OTQwNTU5LmFwcHMuZ29vZ2xldXNlcmNvbnRlbnQuY29tIiwic3ViIjoiMTAwNjUyNDM4NTEyNzgzNjkzMzI5IiwiaGQiOiJ2YWxvbi5jb20iLCJlbWFpbCI6InRhbWppZC5yYWhtYW5AdmFsb24uY29tIiwiZW1haWxfdmVyaWZpZWQiOnRydWUsImF0X2hhc2giOiJlc051UFZqUm05WFJqLWNEZXdJcTZBIiwiaWF0IjoxNzM5OTI1Njk0LCJleHAiOjE3Mzk5MjkyOTR9.MDQaPxMA5HMog2O6eqz5Kz9wulVWHlCxfGm-6NBseQwbD6DvmaMAAy8kypdEtY1VD76ZEd_Knhoe8iFnK_pazuhfNWLbxA8UcgIhVZFIWv7qA_ytV0kt4PDja5ln4k2hALAtMsOQFnngWjLfWM8hrZt2IcAJshhCepEX-4D2HTOLHswUpspm5yEvjv7QBnEXkVw7aCT6VXrthKvtkHk2OmzWvZdT01NO8wy8QLWCeP3bpEqq1qSx1dF2JsFTwF6lRxaVZGEnkBgwvnQuJZcnU_CSVX1uCjb4eGeEDIl07KKOVhSc3TVnbtsM8EaO9YJqFj_LAviHvFAf-LuHtFb84Q",
    "token_expiry": "2025-02-19T01:41:33Z"
  },
  "sentinels": {
    "config_sentinel": "/Users/tamjid/.config/gcloud/config_sentinel"
  }
}
2025-02-18 19:41:34,506 INFO     ___FILE_ONLY___ 

