2025-02-18 20:40:39,038 DEBUG    root            Loaded Command Group: ['gcloud', 'config']
2025-02-18 20:40:39,039 DEBUG    root            Loaded Command Group: ['gcloud', 'config', 'config_helper']
2025-02-18 20:40:39,040 DEBUG    root            Running [gcloud.config.config-helper] with arguments: [--format: "json", --min-expiry: "3600"]
2025-02-18 20:40:39,070 DEBUG    google.auth.transport.requests Making request: POST https://oauth2.googleapis.com/token
2025-02-18 20:40:39,097 DEBUG    urllib3.connectionpool Starting new HTTPS connection (1): oauth2.googleapis.com:443
2025-02-18 20:40:39,259 DEBUG    urllib3.connectionpool https://oauth2.googleapis.com:443 "POST /token HTTP/1.1" 200 None
2025-02-18 20:40:39,265 DEBUG    google.auth.transport.requests Making request: POST https://oauth2.googleapis.com/token
2025-02-18 20:40:39,267 DEBUG    urllib3.connectionpool Starting new HTTPS connection (1): oauth2.googleapis.com:443
2025-02-18 20:40:39,430 DEBUG    urllib3.connectionpool https://oauth2.googleapis.com:443 "POST /token HTTP/1.1" 200 None
2025-02-18 20:40:39,444 DEBUG    root            Chosen display Format:default json
2025-02-18 20:40:39,445 INFO     root            Display format: "default json"
2025-02-18 20:40:39,485 INFO     ___FILE_ONLY___ {
  "configuration": {
    "active_configuration": "default",
    "properties": {
      "core": {
        "account": "tamjid.rahman@valon.com",
        "disable_prompts": "false",
        "disable_usage_reporting": "True",
        "project": "prod-peach-street"
      }
    }
  },
  "credential": {
    "access_token": "ya29.a0AXeO80Tl9Ic0XVE6xsPYsYye7v6yhb2ynEYLvcMYmcrU9ZaYVTvG1SQmh253hEmrNLYFv3NcpKNGT1RohQPqkFuPO-d-Xb_ZHQWNxFbt4JgRDAtUEiis0S8oFChMPJwDacaruy0qR2zBCOpJh5HpNmr7QIueFq__SSkqM-OEdp0gYnAaCgYKAYsSARISFQHGX2MiUneAzIawNp18DB512jAk2w0182",
    "id_token": "eyJhbGciOiJSUzI1NiIsImtpZCI6IjVkMTJhYjc4MmNiNjA5NjI4NWY2OWU0OGFlYTk5MDc5YmI1OWNiODYiLCJ0eXAiOiJKV1QifQ.eyJpc3MiOiJodHRwczovL2FjY291bnRzLmdvb2dsZS5jb20iLCJhenAiOiIzMjU1NTk0MDU1OS5hcHBzLmdvb2dsZXVzZXJjb250ZW50LmNvbSIsImF1ZCI6IjMyNTU1OTQwNTU5LmFwcHMuZ29vZ2xldXNlcmNvbnRlbnQuY29tIiwic3ViIjoiMTAwNjUyNDM4NTEyNzgzNjkzMzI5IiwiaGQiOiJ2YWxvbi5jb20iLCJlbWFpbCI6InRhbWppZC5yYWhtYW5AdmFsb24uY29tIiwiZW1haWxfdmVyaWZpZWQiOnRydWUsImF0X2hhc2giOiJmQUFCS2FadTI1a212bTdwWVdFWFdBIiwiaWF0IjoxNzM5OTI5MjM5LCJleHAiOjE3Mzk5MzI4Mzl9.lHTCgzjz9-4-o4mKFvKkSRfXm5zg8968UlRm5rTcz3yHMlyyoR_gE8hYeKOt2NRWnWeGGINpJngg7xAMj6U-IarkpOs7kcdRl7-w-RGd3NO6dvECdY5PdT5CxePx35kDWNogeDmehVAf-3Xgn5rHQO1LWwtDgL5XgV-Yh82yV2qehBK8TQ1byT95W9LtDe13TeKhWlGpeV9ZpLSEr2FourJHvBGI95AQtWdfACy6zW6T5IhOunYWlPu-ZWb4GGa57zsg9Lmk7U55szp0t_OKMl1UN5wyyEJYurNTcv2ltzOrJuxOPkguWkmvY-1O0PCsJcucnRjoxx1HaFKTL1Ud9A",
    "token_expiry": "2025-02-19T02:40:38Z"
  },
  "sentinels": {
    "config_sentinel": "/Users/tamjid/.config/gcloud/config_sentinel"
  }
}
2025-02-18 20:40:39,485 INFO     ___FILE_ONLY___ 

