2025-02-11 12:32:55,037 DEBUG    root            Loaded Command Group: ['gcloud', 'config']
2025-02-11 12:32:55,038 DEBUG    root            Loaded Command Group: ['gcloud', 'config', 'config_helper']
2025-02-11 12:32:55,039 DEBUG    root            Running [gcloud.config.config-helper] with arguments: [--format: "json", --min-expiry: "3600"]
2025-02-11 12:32:55,045 DEBUG    google.auth.transport.requests Making request: POST https://oauth2.googleapis.com/token
2025-02-11 12:32:55,050 DEBUG    urllib3.connectionpool Starting new HTTPS connection (1): oauth2.googleapis.com:443
2025-02-11 12:32:55,226 DEBUG    urllib3.connectionpool https://oauth2.googleapis.com:443 "POST /token HTTP/1.1" 200 None
2025-02-11 12:32:55,231 DEBUG    root            Chosen display Format:default json
2025-02-11 12:32:55,231 INFO     root            Display format: "default json"
2025-02-11 12:32:55,250 INFO     ___FILE_ONLY___ {
  "configuration": {
    "active_configuration": "default",
    "properties": {
      "core": {
        "account": "tamjid.rahman@valon.com",
        "disable_prompts": "false",
        "disable_usage_reporting": "True",
        "project": "prod-peach-street"
      }
    }
  },
  "credential": {
    "access_token": "ya29.a0AXeO80TTd_DKiiKLn3gCLD8JhYTqGpovApgVWQ7N9eAlASfVjgSLXpXkdSuVtbadfdeZsuYTjXXGjidgoQGyzHX-y5nlmXGL0QLBvUQZKTBVoiTCDD88RHo3s60ehFGy_hBMsG4qoya_J6R3FI-3c6DsVYExmXeI7rBNaqEO68bpWwaCgYKAboSARISFQHGX2MiFqVpKnEPFaST7fSzZhdc0Q0181",
    "id_token": "eyJhbGciOiJSUzI1NiIsImtpZCI6ImVlYzUzNGZhNWI4Y2FjYTIwMWNhOGQwZmY5NmI1NGM1NjIyMTBkMWUiLCJ0eXAiOiJKV1QifQ.eyJpc3MiOiJodHRwczovL2FjY291bnRzLmdvb2dsZS5jb20iLCJhenAiOiIzMjU1NTk0MDU1OS5hcHBzLmdvb2dsZXVzZXJjb250ZW50LmNvbSIsImF1ZCI6IjMyNTU1OTQwNTU5LmFwcHMuZ29vZ2xldXNlcmNvbnRlbnQuY29tIiwic3ViIjoiMTAwNjUyNDM4NTEyNzgzNjkzMzI5IiwiaGQiOiJ2YWxvbi5jb20iLCJlbWFpbCI6InRhbWppZC5yYWhtYW5AdmFsb24uY29tIiwiZW1haWxfdmVyaWZpZWQiOnRydWUsImF0X2hhc2giOiJ4UG9XTG1nNk53V3ZnbkI2alU3ZmVBIiwiaWF0IjoxNzM5Mjk1MTc1LCJleHAiOjE3MzkyOTg3NzV9.MVPtjvT2cJ-7gnQuweO-GmtofL3YwEUi3Hc53lZ8Gu2_LmgmZ_-sIbjElXjhqjYmoN4WWrzQbOIsDJ3allo8BX5UxKCE7CPCcCgAZNsxLWIx-lPETF2V1wMR8sGNyaAbTXgQ4DPl8l2Z4ZZy1XrktBpvSdeFEeDSq3I6eiUeNRQDj9KGWr2W32D6CGM3vttH1Ybr9sq5c9VPk7plKG4OpaGFYxX49Kwpuse67LNpiP7zuPR1P3CzESLXv-k7ZCJDdcyj26Q3ZDpPZzyXtrjhgKn-IRLcv6EXl_Yqezuu-dGJYuubDzBCzJPHwxMXoxzDV10wGgc6qb_4mPY11LFA2A",
    "token_expiry": "2025-02-11T18:32:54Z"
  },
  "sentinels": {
    "config_sentinel": "/Users/tamjid/.config/gcloud/config_sentinel"
  }
}
2025-02-11 12:32:55,251 INFO     ___FILE_ONLY___ 

