2025-02-11 12:32:43,958 DEBUG    root            Loaded Command Group: ['gcloud', 'config']
2025-02-11 12:32:43,960 DEBUG    root            Loaded Command Group: ['gcloud', 'config', 'config_helper']
2025-02-11 12:32:43,960 DEBUG    root            Running [gcloud.config.config-helper] with arguments: [--format: "json", --min-expiry: "3600"]
2025-02-11 12:32:43,967 DEBUG    google.auth.transport.requests Making request: POST https://oauth2.googleapis.com/token
2025-02-11 12:32:43,972 DEBUG    urllib3.connectionpool Starting new HTTPS connection (1): oauth2.googleapis.com:443
2025-02-11 12:32:44,125 DEBUG    urllib3.connectionpool https://oauth2.googleapis.com:443 "POST /token HTTP/1.1" 200 None
2025-02-11 12:32:44,129 DEBUG    root            Chosen display Format:default json
2025-02-11 12:32:44,129 INFO     root            Display format: "default json"
2025-02-11 12:32:44,148 INFO     ___FILE_ONLY___ {
  "configuration": {
    "active_configuration": "default",
    "properties": {
      "core": {
        "account": "tamjid.rahman@valon.com",
        "disable_prompts": "false",
        "disable_usage_reporting": "True",
        "project": "prod-peach-street"
      }
    }
  },
  "credential": {
    "access_token": "ya29.a0AXeO80SrEzsnGviCTWME1q1lFtc-cRj20dJBRO8uTojUyd3sLNOA042XwMEGCVJEtqYOsX0GFHsgOhPoCtaaJEnfCC_9UPYOs13tppKzTgfYdErDZr_yfD6Tgcbe_6_OZA2fi-RTa9XgmeBQXbcra950IKvYU2OZ6ZUsGu6WHuFuCAaCgYKASMSARISFQHGX2Mis93RUrChLEouseIEzOS6DQ0181",
    "id_token": "eyJhbGciOiJSUzI1NiIsImtpZCI6ImVlYzUzNGZhNWI4Y2FjYTIwMWNhOGQwZmY5NmI1NGM1NjIyMTBkMWUiLCJ0eXAiOiJKV1QifQ.eyJpc3MiOiJodHRwczovL2FjY291bnRzLmdvb2dsZS5jb20iLCJhenAiOiIzMjU1NTk0MDU1OS5hcHBzLmdvb2dsZXVzZXJjb250ZW50LmNvbSIsImF1ZCI6IjMyNTU1OTQwNTU5LmFwcHMuZ29vZ2xldXNlcmNvbnRlbnQuY29tIiwic3ViIjoiMTAwNjUyNDM4NTEyNzgzNjkzMzI5IiwiaGQiOiJ2YWxvbi5jb20iLCJlbWFpbCI6InRhbWppZC5yYWhtYW5AdmFsb24uY29tIiwiZW1haWxfdmVyaWZpZWQiOnRydWUsImF0X2hhc2giOiJDRWtIMk5BdlpBcV9yb3JzUE91UXlnIiwiaWF0IjoxNzM5Mjk1MTY0LCJleHAiOjE3MzkyOTg3NjR9.uKv-xYOATNQFmGSHrfbXq_Vn2CLGQzLm6o9WdU_wXYCzYnAdd2IdoB3BmanAR-hvaWU5qte4nNu1ylQ0LBlsnGyprTL2lrl-WQgM7za9nsxWDG4_PzJfw8wOdTiZ6VV4cOVK9NoeA78eQ_tUxQsGRGQteTwaObT_R7pqKMmsHpTR6fMPV2uOueD-DIYyRzQwJcFVfl3NEBsY2i2vEjAzZ9ALQyrZKh0PGyPSka_Jau_sGzNOH3LaaWfxrs2v0ckwwtZ13WMekKBNsSXn9iWJKXtKw_5jh0ydwafl46N7HoRPMRM264s0fu5KgwS62Dwkm43zVY0dmk86ILA4ilm5AA",
    "token_expiry": "2025-02-11T18:32:43Z"
  },
  "sentinels": {
    "config_sentinel": "/Users/tamjid/.config/gcloud/config_sentinel"
  }
}
2025-02-11 12:32:44,148 INFO     ___FILE_ONLY___ 

