2025-02-11 14:26:30,229 DEBUG    root            Loaded Command Group: ['gcloud', 'config']
2025-02-11 14:26:30,231 DEBUG    root            Loaded Command Group: ['gcloud', 'config', 'config_helper']
2025-02-11 14:26:30,231 DEBUG    root            Running [gcloud.config.config-helper] with arguments: [--format: "json", --min-expiry: "3600"]
2025-02-11 14:26:30,237 DEBUG    google.auth.transport.requests Making request: POST https://oauth2.googleapis.com/token
2025-02-11 14:26:30,243 DEBUG    urllib3.connectionpool Starting new HTTPS connection (1): oauth2.googleapis.com:443
2025-02-11 14:26:30,403 DEBUG    urllib3.connectionpool https://oauth2.googleapis.com:443 "POST /token HTTP/1.1" 200 None
2025-02-11 14:26:30,408 DEBUG    root            Chosen display Format:default json
2025-02-11 14:26:30,409 INFO     root            Display format: "default json"
2025-02-11 14:26:30,428 INFO     ___FILE_ONLY___ {
  "configuration": {
    "active_configuration": "default",
    "properties": {
      "core": {
        "account": "tamjid.rahman@valon.com",
        "disable_prompts": "false",
        "disable_usage_reporting": "True",
        "project": "prod-peach-street"
      }
    }
  },
  "credential": {
    "access_token": "ya29.a0AXeO80Sx_n2AGZzb0WkUd3xxAPKIXZ0-jcsfNliUYjLhtAB0BzKSJW0q29qI9__BGeoefkyQ3GQdZEfKjN21O-meBSvpmnICm4ZXUfr5bld1-BPIu4lKk3GLvDgu6F8H1yRC2BpucC4u7lKZGJBM8LaJrxhTKKEFGSPJkdkH8T8RxgaCgYKAfgSARISFQHGX2MiqkGwhnC_MQtewnk6Ztnghw0181",
    "id_token": "eyJhbGciOiJSUzI1NiIsImtpZCI6ImVlYzUzNGZhNWI4Y2FjYTIwMWNhOGQwZmY5NmI1NGM1NjIyMTBkMWUiLCJ0eXAiOiJKV1QifQ.eyJpc3MiOiJodHRwczovL2FjY291bnRzLmdvb2dsZS5jb20iLCJhenAiOiIzMjU1NTk0MDU1OS5hcHBzLmdvb2dsZXVzZXJjb250ZW50LmNvbSIsImF1ZCI6IjMyNTU1OTQwNTU5LmFwcHMuZ29vZ2xldXNlcmNvbnRlbnQuY29tIiwic3ViIjoiMTAwNjUyNDM4NTEyNzgzNjkzMzI5IiwiaGQiOiJ2YWxvbi5jb20iLCJlbWFpbCI6InRhbWppZC5yYWhtYW5AdmFsb24uY29tIiwiZW1haWxfdmVyaWZpZWQiOnRydWUsImF0X2hhc2giOiJkdUIxTkhpUWdLM0tZaTc0MkFTNHdnIiwiaWF0IjoxNzM5MzAxOTkwLCJleHAiOjE3MzkzMDU1OTB9.oY7GnYyLEDsxkDUoUiO1mDsTfPKy5AO-sl_VzU9dLQ7nnR1x8MdVqnnSgnI6mpipz39ndxQN5RTu6mnDjX4eMXjDn6a4tnM_ubuHCh8A7SVFpiUBIeJFxkcAtZtS3L_GgU8Zd6L7fX6aZGzNOVKyZN-O7FMkxqOQiBx50yrfz6D_HHFs9d-wx9HGCrlTJHg_7ShYSlCuvcly43pJolh1rDSk1kDC3cvjMEqMa8xCPukOCbIC5pYTxqhNVWMA_zV9Zphex-7hDzuT-ep_Sp4SVGABElLSPofobxeb6nmxY66_1NVI19RM1WlhBTRNqtCrU6EsIFaTs-TIB6wMIdXKIQ",
    "token_expiry": "2025-02-11T20:26:29Z"
  },
  "sentinels": {
    "config_sentinel": "/Users/tamjid/.config/gcloud/config_sentinel"
  }
}
2025-02-11 14:26:30,428 INFO     ___FILE_ONLY___ 

