2025-02-11 14:26:35,058 DEBUG    root            Loaded Command Group: ['gcloud', 'config']
2025-02-11 14:26:35,059 DEBUG    root            Loaded Command Group: ['gcloud', 'config', 'config_helper']
2025-02-11 14:26:35,060 DEBUG    root            Running [gcloud.config.config-helper] with arguments: [--format: "json", --min-expiry: "3600"]
2025-02-11 14:26:35,065 DEBUG    google.auth.transport.requests Making request: POST https://oauth2.googleapis.com/token
2025-02-11 14:26:35,070 DEBUG    urllib3.connectionpool Starting new HTTPS connection (1): oauth2.googleapis.com:443
2025-02-11 14:26:35,235 DEBUG    urllib3.connectionpool https://oauth2.googleapis.com:443 "POST /token HTTP/1.1" 200 None
2025-02-11 14:26:35,239 DEBUG    root            Chosen display Format:default json
2025-02-11 14:26:35,240 INFO     root            Display format: "default json"
2025-02-11 14:26:35,258 INFO     ___FILE_ONLY___ {
  "configuration": {
    "active_configuration": "default",
    "properties": {
      "core": {
        "account": "tamjid.rahman@valon.com",
        "disable_prompts": "false",
        "disable_usage_reporting": "True",
        "project": "prod-peach-street"
      }
    }
  },
  "credential": {
    "access_token": "ya29.a0AXeO80TyNls8GIZ3YlWfO0UL-RoU5I9nTzG24kqH8CXiRrK6njjqD2vBTYJpKwEaB1G9x8w5wVdfMYr7Ck9lQgLMDIScIWS4-Fgw5E5TUIOK04Zl0w8wIGEyHaOcfELMG0tT2qlnwBQsBYpsbY1XBMRNcqHmS_anG9CsQZxY7TF1VwaCgYKAdUSARISFQHGX2MihE_H08uxtlDNPWgT4A9AmA0181",
    "id_token": "eyJhbGciOiJSUzI1NiIsImtpZCI6ImVlYzUzNGZhNWI4Y2FjYTIwMWNhOGQwZmY5NmI1NGM1NjIyMTBkMWUiLCJ0eXAiOiJKV1QifQ.eyJpc3MiOiJodHRwczovL2FjY291bnRzLmdvb2dsZS5jb20iLCJhenAiOiIzMjU1NTk0MDU1OS5hcHBzLmdvb2dsZXVzZXJjb250ZW50LmNvbSIsImF1ZCI6IjMyNTU1OTQwNTU5LmFwcHMuZ29vZ2xldXNlcmNvbnRlbnQuY29tIiwic3ViIjoiMTAwNjUyNDM4NTEyNzgzNjkzMzI5IiwiaGQiOiJ2YWxvbi5jb20iLCJlbWFpbCI6InRhbWppZC5yYWhtYW5AdmFsb24uY29tIiwiZW1haWxfdmVyaWZpZWQiOnRydWUsImF0X2hhc2giOiJQc3AtMFpNSXRub0JnTEtZbEhsUzBnIiwiaWF0IjoxNzM5MzAxOTk1LCJleHAiOjE3MzkzMDU1OTV9.Cx9YhtDf36964qYJFqOW5VATtOm0x1dmyKPWTxKIwPfFBLkRaSssIPAHOVHRTD7RJ7m4r_ai7uI_3AyrpQviWLycuSvSIN0DrqiTO0tUVqvcqbDERfxKJFyS0Hq-ybBCqCphw91sAN-Cdc0hA8PuTuBOhqd9XH9bL0eWoFLeTtfgFpHpFBY3xYfd0XJVZ3GwjtRbFgUtuii96L3AI1BtoAOplfNpxhb8ZfT8Oe4KbNVRSHex1YrUi4udIGwzzSpj38rRcYQKo-7jlJJZomtUScnSxBYQgGIxiDwQ6ntsKrVcqnUb0GQTCkgd2fYThFdRW8AH_XBZU_mKbl8hXmyU5g",
    "token_expiry": "2025-02-11T20:26:34Z"
  },
  "sentinels": {
    "config_sentinel": "/Users/tamjid/.config/gcloud/config_sentinel"
  }
}
2025-02-11 14:26:35,258 INFO     ___FILE_ONLY___ 

