2025-02-11 18:07:38,313 DEBUG    root            Loaded Command Group: ['gcloud', 'config']
2025-02-11 18:07:38,314 DEBUG    root            Loaded Command Group: ['gcloud', 'config', 'config_helper']
2025-02-11 18:07:38,315 DEBUG    root            Running [gcloud.config.config-helper] with arguments: [--format: "json", --min-expiry: "3600"]
2025-02-11 18:07:38,321 DEBUG    google.auth.transport.requests Making request: POST https://oauth2.googleapis.com/token
2025-02-11 18:07:38,327 DEBUG    urllib3.connectionpool Starting new HTTPS connection (1): oauth2.googleapis.com:443
2025-02-11 18:07:38,481 DEBUG    urllib3.connectionpool https://oauth2.googleapis.com:443 "POST /token HTTP/1.1" 200 None
2025-02-11 18:07:38,485 DEBUG    root            Chosen display Format:default json
2025-02-11 18:07:38,485 INFO     root            Display format: "default json"
2025-02-11 18:07:38,503 INFO     ___FILE_ONLY___ {
  "configuration": {
    "active_configuration": "default",
    "properties": {
      "core": {
        "account": "tamjid.rahman@valon.com",
        "disable_prompts": "false",
        "disable_usage_reporting": "True",
        "project": "prod-peach-street"
      }
    }
  },
  "credential": {
    "access_token": "ya29.a0AXeO80R89yp-1rvgm-2GutTjRUC3CXuX1OELbEezIhSCjFajFfLtf-reG6bUjSF1lUQTQQViFvQ9jGM2enCc5shU9kkd7BaZaKekbPHKc5KkDnM-D_x35i1AqqfOYQTGiY0TsFZExAyTiJkG0ms5PlH4FPKAtFIavhnuPMCDcwRhztgaCgYKAdISARISFQHGX2MiryI89zOILg9XmjMgaRO8jw0182",
    "id_token": "eyJhbGciOiJSUzI1NiIsImtpZCI6ImVlYzUzNGZhNWI4Y2FjYTIwMWNhOGQwZmY5NmI1NGM1NjIyMTBkMWUiLCJ0eXAiOiJKV1QifQ.eyJpc3MiOiJodHRwczovL2FjY291bnRzLmdvb2dsZS5jb20iLCJhenAiOiIzMjU1NTk0MDU1OS5hcHBzLmdvb2dsZXVzZXJjb250ZW50LmNvbSIsImF1ZCI6IjMyNTU1OTQwNTU5LmFwcHMuZ29vZ2xldXNlcmNvbnRlbnQuY29tIiwic3ViIjoiMTAwNjUyNDM4NTEyNzgzNjkzMzI5IiwiaGQiOiJ2YWxvbi5jb20iLCJlbWFpbCI6InRhbWppZC5yYWhtYW5AdmFsb24uY29tIiwiZW1haWxfdmVyaWZpZWQiOnRydWUsImF0X2hhc2giOiJENVgyTzBJbTdpUEpjUkhzQ2xFQ01RIiwiaWF0IjoxNzM5MzE1MjU4LCJleHAiOjE3MzkzMTg4NTh9.yDGiiFkW3gA1JL0GlpLNWJais9zAUAS88ui4Ph8B5dSBCXQpCEIcta2Gb_WaYQCmo_GH25xWZweOlVgvIVL9Iv_WSCiY05nhQpbwXPLEjSZSqCZuguCJwSZovjdUWNVtgv02IdeuNGKDPsO11Ka-oDjXuMU30e2QiXtdux0Ga7rlWewMnURAuCeSvFGzLkm4l8Y_2peXRlL_cKAtWuKgWdGGlIL7qvrB5iigvAtux2XHM4dUcO2nZ_fVOOvmjN-RhNK2zxsBRQuxG-z18bvRtN6x_ngYl18sVUDRnY8eKKDB5K3VMReYH5HVMBQ1_6yjHWp7FFTqlo0GlVu-fH4HVA",
    "token_expiry": "2025-02-12T00:07:37Z"
  },
  "sentinels": {
    "config_sentinel": "/Users/tamjid/.config/gcloud/config_sentinel"
  }
}
2025-02-11 18:07:38,504 INFO     ___FILE_ONLY___ 

