2025-02-11 18:08:38,333 DEBUG    root            Loaded Command Group: ['gcloud', 'config']
2025-02-11 18:08:38,334 DEBUG    root            Loaded Command Group: ['gcloud', 'config', 'config_helper']
2025-02-11 18:08:38,335 DEBUG    root            Running [gcloud.config.config-helper] with arguments: [--format: "json", --min-expiry: "3600"]
2025-02-11 18:08:38,340 DEBUG    google.auth.transport.requests Making request: POST https://oauth2.googleapis.com/token
2025-02-11 18:08:38,345 DEBUG    urllib3.connectionpool Starting new HTTPS connection (1): oauth2.googleapis.com:443
2025-02-11 18:08:38,512 DEBUG    urllib3.connectionpool https://oauth2.googleapis.com:443 "POST /token HTTP/1.1" 200 None
2025-02-11 18:08:38,516 DEBUG    root            Chosen display Format:default json
2025-02-11 18:08:38,516 INFO     root            Display format: "default json"
2025-02-11 18:08:38,535 INFO     ___FILE_ONLY___ {
  "configuration": {
    "active_configuration": "default",
    "properties": {
      "core": {
        "account": "tamjid.rahman@valon.com",
        "disable_prompts": "false",
        "disable_usage_reporting": "True",
        "project": "prod-peach-street"
      }
    }
  },
  "credential": {
    "access_token": "ya29.a0AXeO80RMZ3KAkBDQFlnbsr19zKQ4y6qa-OVDQPztxjSXKFkeXsu6DSEoAqm_E_qX_l6rMz4mVZ_EzYUxUHqyGn7fPL60xIDizRHfCp7oifxsxsDOJdZpVOuEXE3KAIYNjf9w0qw2sO3InFB5unsQh2ub9YhkfYK2KB4fPyOJMbknpv8aCgYKAekSARISFQHGX2Mim7HuB-8lVSupjPx6jW6I2A0182",
    "id_token": "eyJhbGciOiJSUzI1NiIsImtpZCI6ImVlYzUzNGZhNWI4Y2FjYTIwMWNhOGQwZmY5NmI1NGM1NjIyMTBkMWUiLCJ0eXAiOiJKV1QifQ.eyJpc3MiOiJodHRwczovL2FjY291bnRzLmdvb2dsZS5jb20iLCJhenAiOiIzMjU1NTk0MDU1OS5hcHBzLmdvb2dsZXVzZXJjb250ZW50LmNvbSIsImF1ZCI6IjMyNTU1OTQwNTU5LmFwcHMuZ29vZ2xldXNlcmNvbnRlbnQuY29tIiwic3ViIjoiMTAwNjUyNDM4NTEyNzgzNjkzMzI5IiwiaGQiOiJ2YWxvbi5jb20iLCJlbWFpbCI6InRhbWppZC5yYWhtYW5AdmFsb24uY29tIiwiZW1haWxfdmVyaWZpZWQiOnRydWUsImF0X2hhc2giOiJwbDMwbWQ4SnJUXzVLWm1fbXgtZXVRIiwiaWF0IjoxNzM5MzE1MzE4LCJleHAiOjE3MzkzMTg5MTh9.YfpAUJYkEqEsV8WbLOw3-TydZm-jGF2S8Hruybd15GolCkHFp5qQWqLZ0D25oAxAkLr0OeGVLQzMpYMIaOfBD51L5ioJgWF_Rj3gapxlew7yTGhh-wkTEFi1HdYpguJ9OPtRD9rNLcWHzon_AAzVokoQV2UHvX1SvAYpkYKHyN5mhJZRVGvk4TwjCXU06mEvQqIGkZH347xYvnHigKXgQF01T5VBlH4Bc8BoCrdoND1w3iZfNGaV85G3bx41mLwj1kyM3ZDHTtft-Qwqncz5EMCikNeEAUi4BYiwGQl5FXa0HlQzpzpNB-33wOrC9ZSErFZYitVejGxhhS67SMJk3w",
    "token_expiry": "2025-02-12T00:08:37Z"
  },
  "sentinels": {
    "config_sentinel": "/Users/tamjid/.config/gcloud/config_sentinel"
  }
}
2025-02-11 18:08:38,535 INFO     ___FILE_ONLY___ 

