2025-02-11 18:07:21,483 DEBUG    root            Loaded Command Group: ['gcloud', 'config']
2025-02-11 18:07:21,484 DEBUG    root            Loaded Command Group: ['gcloud', 'config', 'config_helper']
2025-02-11 18:07:21,484 DEBUG    root            Running [gcloud.config.config-helper] with arguments: [--format: "json", --min-expiry: "3600"]
2025-02-11 18:07:21,490 DEBUG    google.auth.transport.requests Making request: POST https://oauth2.googleapis.com/token
2025-02-11 18:07:21,495 DEBUG    urllib3.connectionpool Starting new HTTPS connection (1): oauth2.googleapis.com:443
2025-02-11 18:07:21,670 DEBUG    urllib3.connectionpool https://oauth2.googleapis.com:443 "POST /token HTTP/1.1" 200 None
2025-02-11 18:07:21,676 DEBUG    root            Chosen display Format:default json
2025-02-11 18:07:21,676 INFO     root            Display format: "default json"
2025-02-11 18:07:21,697 INFO     ___FILE_ONLY___ {
  "configuration": {
    "active_configuration": "default",
    "properties": {
      "core": {
        "account": "tamjid.rahman@valon.com",
        "disable_prompts": "false",
        "disable_usage_reporting": "True",
        "project": "prod-peach-street"
      }
    }
  },
  "credential": {
    "access_token": "ya29.a0AXeO80R5g1joH80n3ntOXcue3lpk0APeUcKZtp0pBh3tbHdrN32nhNHlzfkuEJuCDJgjhKxKGA8oXm5N-PEE0DpN-VUT8OA6NFf_bJxfX_4n0hRXJqgiIvu3bOtnZECicTKHzAmW8zXJR5BcAonUnZwVuBURK9M-TyLwMdyQ5l_Rah0aCgYKAZoSARISFQHGX2MihxzCRQSC9MCIYws5QTbh8Q0182",
    "id_token": "eyJhbGciOiJSUzI1NiIsImtpZCI6ImVlYzUzNGZhNWI4Y2FjYTIwMWNhOGQwZmY5NmI1NGM1NjIyMTBkMWUiLCJ0eXAiOiJKV1QifQ.eyJpc3MiOiJodHRwczovL2FjY291bnRzLmdvb2dsZS5jb20iLCJhenAiOiIzMjU1NTk0MDU1OS5hcHBzLmdvb2dsZXVzZXJjb250ZW50LmNvbSIsImF1ZCI6IjMyNTU1OTQwNTU5LmFwcHMuZ29vZ2xldXNlcmNvbnRlbnQuY29tIiwic3ViIjoiMTAwNjUyNDM4NTEyNzgzNjkzMzI5IiwiaGQiOiJ2YWxvbi5jb20iLCJlbWFpbCI6InRhbWppZC5yYWhtYW5AdmFsb24uY29tIiwiZW1haWxfdmVyaWZpZWQiOnRydWUsImF0X2hhc2giOiJObFo4YWRuY243TUFTLWV3N2tmVklRIiwiaWF0IjoxNzM5MzE1MjQxLCJleHAiOjE3MzkzMTg4NDF9.a1PFn7k5qRieVYQ7Lri94aoyiZoaSTcqGnzjzMsCf0P9_74qHVYspEoRV8oyZ5nH03-LwVqV7UDNk_NqJx7QnqHLikqGBSNICBjeUYzHb_3Md5TNvNTLNv4A_69OLwjDxrNObb8AeenJaDbyEJW6WxE0wqCrG0fPGRTZWdV-lLAkbjjXMzGtcJ1aftwhy8vJ888AuR1UPwuRz51kq07Jx1S8ZGf2fxNY03Fo-enYQ1suE-CugNwTCtsIrl01tKGwkMKoHmQCsDpYWdpifZJc6tO_qqZaj-CZt4FjGWu4AKJBW93k26DUjtas09zu-5QBZaFlNpdh-IR71J-q5ZVxaA",
    "token_expiry": "2025-02-12T00:07:20Z"
  },
  "sentinels": {
    "config_sentinel": "/Users/tamjid/.config/gcloud/config_sentinel"
  }
}
2025-02-11 18:07:21,697 INFO     ___FILE_ONLY___ 

