2025-02-11 19:08:32,400 DEBUG    root            Loaded Command Group: ['gcloud', 'config']
2025-02-11 19:08:32,401 DEBUG    root            Loaded Command Group: ['gcloud', 'config', 'config_helper']
2025-02-11 19:08:32,401 DEBUG    root            Running [gcloud.config.config-helper] with arguments: [--format: "json", --min-expiry: "3600"]
2025-02-11 19:08:32,407 DEBUG    google.auth.transport.requests Making request: POST https://oauth2.googleapis.com/token
2025-02-11 19:08:32,412 DEBUG    urllib3.connectionpool Starting new HTTPS connection (1): oauth2.googleapis.com:443
2025-02-11 19:08:32,606 DEBUG    urllib3.connectionpool https://oauth2.googleapis.com:443 "POST /token HTTP/1.1" 200 None
2025-02-11 19:08:32,612 DEBUG    root            Chosen display Format:default json
2025-02-11 19:08:32,612 INFO     root            Display format: "default json"
2025-02-11 19:08:32,636 INFO     ___FILE_ONLY___ {
  "configuration": {
    "active_configuration": "default",
    "properties": {
      "core": {
        "account": "tamjid.rahman@valon.com",
        "disable_prompts": "false",
        "disable_usage_reporting": "True",
        "project": "prod-peach-street"
      }
    }
  },
  "credential": {
    "access_token": "ya29.a0AXeO80SKWE3ESlfOJ308KrR652Sor1nK8Neu8219-CNmdth1DNqXAQtexPkxOWduOKi8IMZZs1lKX_Y6-vPQMb78bxOCRB2Z77VYu5Uw-CtjMYr4BFSflcrptCwYNGuv9_e6zUOdK3M2muAFycCD5q6hvmgt7q9XPUnxgwcR33lhcnMaCgYKAX8SARISFQHGX2MidC749pymjXNPktarOlkANA0182",
    "id_token": "eyJhbGciOiJSUzI1NiIsImtpZCI6ImVlYzUzNGZhNWI4Y2FjYTIwMWNhOGQwZmY5NmI1NGM1NjIyMTBkMWUiLCJ0eXAiOiJKV1QifQ.eyJpc3MiOiJodHRwczovL2FjY291bnRzLmdvb2dsZS5jb20iLCJhenAiOiIzMjU1NTk0MDU1OS5hcHBzLmdvb2dsZXVzZXJjb250ZW50LmNvbSIsImF1ZCI6IjMyNTU1OTQwNTU5LmFwcHMuZ29vZ2xldXNlcmNvbnRlbnQuY29tIiwic3ViIjoiMTAwNjUyNDM4NTEyNzgzNjkzMzI5IiwiaGQiOiJ2YWxvbi5jb20iLCJlbWFpbCI6InRhbWppZC5yYWhtYW5AdmFsb24uY29tIiwiZW1haWxfdmVyaWZpZWQiOnRydWUsImF0X2hhc2giOiJxZUJsS3FDUzUzQWxycWZPSkQtRm1BIiwiaWF0IjoxNzM5MzE4OTEyLCJleHAiOjE3MzkzMjI1MTJ9.aqnPVA-kmKYpRwf_m3PK51rUHJ5Z0sdRIvuvX5WnRAPo0Pv69PQ1Ljmblk-eQMyQSX75yWF4M3CmvUV_tPT4u0swjKYUd6rZikFBIRPS2tDdDyDpu1FndkfQoP8TQsqcnjOxwMsJ15uaoLPXDcbX2G7f2fO51SJxKRV-xThsG3MvzO1zo2zbphWGl8gSBuus3nd2onVPEvhwndrBZJkRS6KzaGndFo3M4DwyNYjuMmgRreTfrBEpm7K7wwTL32qwpv9IAjRmzxapITKVkogEpW9l6_WmpOrBOSKybKbbPWhhjc_74J9hLp1J9ROwPZXuY02Pd55u3TPldCcoRrdq_A",
    "token_expiry": "2025-02-12T01:08:31Z"
  },
  "sentinels": {
    "config_sentinel": "/Users/tamjid/.config/gcloud/config_sentinel"
  }
}
2025-02-11 19:08:32,636 INFO     ___FILE_ONLY___ 

