2025-02-11 20:09:16,401 DEBUG    root            Loaded Command Group: ['gcloud', 'config']
2025-02-11 20:09:16,402 DEBUG    root            Loaded Command Group: ['gcloud', 'config', 'config_helper']
2025-02-11 20:09:16,402 DEBUG    root            Running [gcloud.config.config-helper] with arguments: [--format: "json", --min-expiry: "3600"]
2025-02-11 20:09:16,407 DEBUG    google.auth.transport.requests Making request: POST https://oauth2.googleapis.com/token
2025-02-11 20:09:16,413 DEBUG    urllib3.connectionpool Starting new HTTPS connection (1): oauth2.googleapis.com:443
2025-02-11 20:09:16,583 DEBUG    urllib3.connectionpool https://oauth2.googleapis.com:443 "POST /token HTTP/1.1" 200 None
2025-02-11 20:09:16,589 DEBUG    root            Chosen display Format:default json
2025-02-11 20:09:16,589 INFO     root            Display format: "default json"
2025-02-11 20:09:16,611 INFO     ___FILE_ONLY___ {
  "configuration": {
    "active_configuration": "default",
    "properties": {
      "core": {
        "account": "tamjid.rahman@valon.com",
        "disable_prompts": "false",
        "disable_usage_reporting": "True",
        "project": "prod-peach-street"
      }
    }
  },
  "credential": {
    "access_token": "ya29.a0AXeO80SRVCcVi_vcZdgNndYsV3i7dFmZnZ-Zws8TwK9byNhCvSSRaVKVCVI4cYlHMhFSAf2qYn0IVZct-ekMyxWNE5wcwPF2_H243N2oAsVTwt6Z7mBH6R82GS2Ki3hE1lJPe3ZtfbBaOKsMFb9CCEUshndtu4yPONW78QlTka44F-8aCgYKAfcSARISFQHGX2MiCBwf84HoLlkic1VikNNONw0182",
    "id_token": "eyJhbGciOiJSUzI1NiIsImtpZCI6ImVlYzUzNGZhNWI4Y2FjYTIwMWNhOGQwZmY5NmI1NGM1NjIyMTBkMWUiLCJ0eXAiOiJKV1QifQ.eyJpc3MiOiJodHRwczovL2FjY291bnRzLmdvb2dsZS5jb20iLCJhenAiOiIzMjU1NTk0MDU1OS5hcHBzLmdvb2dsZXVzZXJjb250ZW50LmNvbSIsImF1ZCI6IjMyNTU1OTQwNTU5LmFwcHMuZ29vZ2xldXNlcmNvbnRlbnQuY29tIiwic3ViIjoiMTAwNjUyNDM4NTEyNzgzNjkzMzI5IiwiaGQiOiJ2YWxvbi5jb20iLCJlbWFpbCI6InRhbWppZC5yYWhtYW5AdmFsb24uY29tIiwiZW1haWxfdmVyaWZpZWQiOnRydWUsImF0X2hhc2giOiJVNmdpVXZQNExBS0RrS1VPMVJaeVJnIiwiaWF0IjoxNzM5MzIyNTU2LCJleHAiOjE3MzkzMjYxNTZ9.SNTW_F55O877hewSAHkSYrtb-IvpytwufyrMtjyb-gzmXqVinIY9NvGn0qTAYKPqHONsvhWg7glZ954qgQuNJ09MMvIpEShPob0a98-TbVzXihmmesPZebEh9sa0cM4rB5eyfmZhb6Xy4H6fkeCsVw2wr47HMzBLylHj_8Y4PAzPm5-oE8T0yiE2dI8v5u1kVhJioSuJy4M4-FnV7cSBWZO25zCKxkyxRK4lNXTKfSpxJozgjJhLtwMV-YTQanIRoS6I0wI1-JI2x5rXkDdwdd4eQuk1_ixybgHVzf37GEWoB2KCDHRukbvmhIpq9BKREsDqc6Kb_CRKP7VWnzid6w",
    "token_expiry": "2025-02-12T02:09:15Z"
  },
  "sentinels": {
    "config_sentinel": "/Users/tamjid/.config/gcloud/config_sentinel"
  }
}
2025-02-11 20:09:16,611 INFO     ___FILE_ONLY___ 

