2025-02-11 20:09:15,661 DEBUG    root            Loaded Command Group: ['gcloud', 'config']
2025-02-11 20:09:15,663 DEBUG    root            Loaded Command Group: ['gcloud', 'config', 'config_helper']
2025-02-11 20:09:15,663 DEBUG    root            Running [gcloud.config.config-helper] with arguments: [--format: "json", --min-expiry: "3600"]
2025-02-11 20:09:15,677 DEBUG    google.auth.transport.requests Making request: POST https://oauth2.googleapis.com/token
2025-02-11 20:09:15,708 DEBUG    urllib3.connectionpool Starting new HTTPS connection (1): oauth2.googleapis.com:443
2025-02-11 20:09:15,882 DEBUG    urllib3.connectionpool https://oauth2.googleapis.com:443 "POST /token HTTP/1.1" 200 None
2025-02-11 20:09:15,887 DEBUG    google.auth.transport.requests Making request: POST https://oauth2.googleapis.com/token
2025-02-11 20:09:15,889 DEBUG    urllib3.connectionpool Starting new HTTPS connection (1): oauth2.googleapis.com:443
2025-02-11 20:09:16,067 DEBUG    urllib3.connectionpool https://oauth2.googleapis.com:443 "POST /token HTTP/1.1" 200 None
2025-02-11 20:09:16,080 DEBUG    root            Chosen display Format:default json
2025-02-11 20:09:16,081 INFO     root            Display format: "default json"
2025-02-11 20:09:16,126 INFO     ___FILE_ONLY___ {
  "configuration": {
    "active_configuration": "default",
    "properties": {
      "core": {
        "account": "tamjid.rahman@valon.com",
        "disable_prompts": "false",
        "disable_usage_reporting": "True",
        "project": "prod-peach-street"
      }
    }
  },
  "credential": {
    "access_token": "ya29.a0AXeO80Qc9sBDo-CxBpMbFRHrEzSShPczFH2fThKMbfjciSbwVxCdAT7nqTLcnok0Gfbac6aZBGkyOT61d6P3JJpKA85-LLs53zzS_oy2ZabQKg-XPv--B_wtsKUl4xOsqUcgX9d5mqIwdBH6Huoh9SpFhONbF6-tM4kTeO-FmIIcfLMaCgYKARoSARISFQHGX2Mi9-zfpnw_MgXdrj22hSyOTw0182",
    "id_token": "eyJhbGciOiJSUzI1NiIsImtpZCI6ImVlYzUzNGZhNWI4Y2FjYTIwMWNhOGQwZmY5NmI1NGM1NjIyMTBkMWUiLCJ0eXAiOiJKV1QifQ.eyJpc3MiOiJodHRwczovL2FjY291bnRzLmdvb2dsZS5jb20iLCJhenAiOiIzMjU1NTk0MDU1OS5hcHBzLmdvb2dsZXVzZXJjb250ZW50LmNvbSIsImF1ZCI6IjMyNTU1OTQwNTU5LmFwcHMuZ29vZ2xldXNlcmNvbnRlbnQuY29tIiwic3ViIjoiMTAwNjUyNDM4NTEyNzgzNjkzMzI5IiwiaGQiOiJ2YWxvbi5jb20iLCJlbWFpbCI6InRhbWppZC5yYWhtYW5AdmFsb24uY29tIiwiZW1haWxfdmVyaWZpZWQiOnRydWUsImF0X2hhc2giOiJfR2dMTUF3NWtWRjAxaXBwQWVwc1lBIiwiaWF0IjoxNzM5MzIyNTU2LCJleHAiOjE3MzkzMjYxNTZ9.jaZcmoHZ7v21ikaIgiXeWlP_m__sBsSk5007hkBnYC1sZ0SiSg-K3x2Dfx7cpXa1OoXmF8ReUPPgF3LAPK-5RErJIZYl6GSs3ChrObAOnzq3ttUey_mbJmULX5X27_-aZEAPe4m_kXLiVHUpjncecuM_ug36TYJiPH84xwjQTZyM5zjRaoJU1CBMnJkaVT78fX92X6aQ7j3ioIa51nRhubn1OajElw2Dik3XOsTCmjRwPRN1BEFxC1qb6cDrSct7ym_hOIGFmOtjXH7WlPjZLFVkRSvIMyMzCT1Vgx_eOFLmjbYKo9K1uomLqxuQj-7l8fK0Bc_cFIOCEOgUUOSN6Q",
    "token_expiry": "2025-02-12T02:09:15Z"
  },
  "sentinels": {
    "config_sentinel": "/Users/tamjid/.config/gcloud/config_sentinel"
  }
}
2025-02-11 20:09:16,126 INFO     ___FILE_ONLY___ 

