2025-02-05 13:48:36,894 DEBUG    root            Loaded Command Group: ['gcloud', 'config']
2025-02-05 13:48:36,895 DEBUG    root            Loaded Command Group: ['gcloud', 'config', 'config_helper']
2025-02-05 13:48:36,896 DEBUG    root            Running [gcloud.config.config-helper] with arguments: [--format: "json", --min-expiry: "3600"]
2025-02-05 13:48:36,901 DEBUG    google.auth.transport.requests Making request: POST https://oauth2.googleapis.com/token
2025-02-05 13:48:36,907 DEBUG    urllib3.connectionpool Starting new HTTPS connection (1): oauth2.googleapis.com:443
2025-02-05 13:48:37,060 DEBUG    urllib3.connectionpool https://oauth2.googleapis.com:443 "POST /token HTTP/1.1" 400 None
2025-02-05 13:48:37,060 INFO     root            Reauthentication not performed as we cannot prompt during non-interactive execution.
2025-02-05 13:48:37,065 DEBUG    google.auth.transport.requests Making request: POST https://oauth2.googleapis.com/token
2025-02-05 13:48:37,067 DEBUG    urllib3.connectionpool Starting new HTTPS connection (1): oauth2.googleapis.com:443
2025-02-05 13:48:37,244 DEBUG    urllib3.connectionpool https://oauth2.googleapis.com:443 "POST /token HTTP/1.1" 400 None
2025-02-05 13:48:37,245 INFO     root            Reauthentication not performed as we cannot prompt during non-interactive execution.
2025-02-05 13:48:37,250 DEBUG    root            Chosen display Format:default json
2025-02-05 13:48:37,250 INFO     root            Display format: "default json"
2025-02-05 13:48:37,273 INFO     ___FILE_ONLY___ {
  "configuration": {
    "active_configuration": "default",
    "properties": {
      "core": {
        "account": "tamjid.rahman@valon.com",
        "disable_prompts": "false",
        "disable_usage_reporting": "True",
        "project": "prod-peach-street"
      }
    }
  },
  "credential": {
    "access_token": "ya29.a0AXeO80TxuP76ZlIydKqxld8pA7EXqXy1yFYH0Ih_H6cjT7iK-SqkTbh88L8OG4omPAvNYVXCCbZFaOSJgdHXxQ-UUGmzHpGLK_uwmIe6WdkDgJ0vH2os-_t9ViK01Q-MUj1RkDIej5WNKiSGVEQUx70EgVGMhZTIOlNBr3sgBBJnlesaCgYKASQSARISFQHGX2MiY4FhFZOIffZP57c5ftMtLw0182",
    "id_token": "eyJhbGciOiJSUzI1NiIsImtpZCI6ImVlYzUzNGZhNWI4Y2FjYTIwMWNhOGQwZmY5NmI1NGM1NjIyMTBkMWUiLCJ0eXAiOiJKV1QifQ.eyJpc3MiOiJodHRwczovL2FjY291bnRzLmdvb2dsZS5jb20iLCJhenAiOiIzMjU1NTk0MDU1OS5hcHBzLmdvb2dsZXVzZXJjb250ZW50LmNvbSIsImF1ZCI6IjMyNTU1OTQwNTU5LmFwcHMuZ29vZ2xldXNlcmNvbnRlbnQuY29tIiwic3ViIjoiMTAwNjUyNDM4NTEyNzgzNjkzMzI5IiwiaGQiOiJ2YWxvbi5jb20iLCJlbWFpbCI6InRhbWppZC5yYWhtYW5AdmFsb24uY29tIiwiZW1haWxfdmVyaWZpZWQiOnRydWUsImF0X2hhc2giOiJJVGtSWFpwUHFHVF81RTVxWXp3SWR3IiwiaWF0IjoxNzM4Nzc1ODY1LCJleHAiOjE3Mzg3Nzk0NjV9.wjSm75ljDYrAk1QBvdRHunvgBxJdCAI0qtjgAS2sTG9upAWvaRg_L_dmiV4bilD9fouZXu30P5iwqay7p65I1Pbq1NtJZ4oyo8TkX6rulekPpwTutzCTAXALVKOkSWtc5MqaVcKG_n4Tv_bQWGZAZCytq3zhFPMCtXmjKxF2ZNux5unp7zurrrS5ciy9aH-yUoeXGesS3rGwkO3nujNKagSJXN42shT_EPKNEweNAHVe_7iEOTfvurULlWs9lp7e5HEA2fucL5J6M6TXwO5nfphwxvEOAgKcp3kjlkVXImgSBZ2UVonFuj5-vTdbauxz-wzhBAfGajvG9eB_IasOOg",
    "token_expiry": "2025-02-05T17:18:10Z"
  },
  "sentinels": {
    "config_sentinel": "/Users/tamjid/.config/gcloud/config_sentinel"
  }
}
2025-02-05 13:48:37,273 INFO     ___FILE_ONLY___ 

