2025-02-05 14:48:28,152 DEBUG    root            Loaded Command Group: ['gcloud', 'config']
2025-02-05 14:48:28,153 DEBUG    root            Loaded Command Group: ['gcloud', 'config', 'config_helper']
2025-02-05 14:48:28,153 DEBUG    root            Running [gcloud.config.config-helper] with arguments: [--format: "json", --min-expiry: "3600"]
2025-02-05 14:48:28,159 DEBUG    google.auth.transport.requests Making request: POST https://oauth2.googleapis.com/token
2025-02-05 14:48:28,164 DEBUG    urllib3.connectionpool Starting new HTTPS connection (1): oauth2.googleapis.com:443
2025-02-05 14:48:28,327 DEBUG    urllib3.connectionpool https://oauth2.googleapis.com:443 "POST /token HTTP/1.1" 200 None
2025-02-05 14:48:28,330 DEBUG    root            Chosen display Format:default json
2025-02-05 14:48:28,330 INFO     root            Display format: "default json"
2025-02-05 14:48:28,344 INFO     ___FILE_ONLY___ {
  "configuration": {
    "active_configuration": "default",
    "properties": {
      "core": {
        "account": "tamjid.rahman@valon.com",
        "disable_prompts": "false",
        "disable_usage_reporting": "True",
        "project": "prod-peach-street"
      }
    }
  },
  "credential": {
    "access_token": "ya29.a0AXeO80SGRCjfzWlFlvwk0HZEQcF37z3kBFLv9jRolZ_vVkxceb1TQczE7BRiEsUSs1BKvkoSS4ja12brYauXYGYymEG_qVcXUT86rqjEYDp-zfLSovUpsSyNYJQ2kRmw6FjDdt7axUoKXgqPrHenGqoy4QHFMg33Kitws0eVxhcs4QaCgYKAasSARISFQHGX2MicuHxFjCZsbNYYeBfviQJHg0181",
    "id_token": "eyJhbGciOiJSUzI1NiIsImtpZCI6ImVlYzUzNGZhNWI4Y2FjYTIwMWNhOGQwZmY5NmI1NGM1NjIyMTBkMWUiLCJ0eXAiOiJKV1QifQ.eyJpc3MiOiJodHRwczovL2FjY291bnRzLmdvb2dsZS5jb20iLCJhenAiOiIzMjU1NTk0MDU1OS5hcHBzLmdvb2dsZXVzZXJjb250ZW50LmNvbSIsImF1ZCI6IjMyNTU1OTQwNTU5LmFwcHMuZ29vZ2xldXNlcmNvbnRlbnQuY29tIiwic3ViIjoiMTAwNjUyNDM4NTEyNzgzNjkzMzI5IiwiaGQiOiJ2YWxvbi5jb20iLCJlbWFpbCI6InRhbWppZC5yYWhtYW5AdmFsb24uY29tIiwiZW1haWxfdmVyaWZpZWQiOnRydWUsImF0X2hhc2giOiJoUlhDLUpqTEFzLWc0WkdDX3FVdXhRIiwiaWF0IjoxNzM4Nzg0OTA4LCJleHAiOjE3Mzg3ODg1MDh9.siYrv66bkzTLFHvrNQYSPmw7Javzl7evh7THEuRVms2O0g66HA53SJAbqFuhNQo5VBeJwiJquDyYWJCNjRIj_agGzHjZQ2-69HZXaGkzhIWPEYd91dhGny9Rn0RYGrcD13t2rhxDxednokfopb95nPaV9jDuhmxb_hUsY5Meijllgd0jWPoUWp7wtgSZcelnIVCVOkL6scdEz7vF5xe-uNzdoLSo__oWzdIjhxTFeGku_jT-KK5c1Xz7ltpIR6-8ATdJUPV110HvtQdhVEBjXVsBVHd4-blnEbv4u1Uq9Q0KafrULoeIpse00To9_j8KkbOXV50paXGy2X_cTCt_6A",
    "token_expiry": "2025-02-05T20:48:27Z"
  },
  "sentinels": {
    "config_sentinel": "/Users/tamjid/.config/gcloud/config_sentinel"
  }
}
2025-02-05 14:48:28,344 INFO     ___FILE_ONLY___ 

