2025-02-05 14:48:02,837 DEBUG    root            Loaded Command Group: ['gcloud', 'auth']
2025-02-05 14:48:02,846 DEBUG    root            Loaded Command Group: ['gcloud', 'auth', 'login']
2025-02-05 14:48:02,847 DEBUG    root            Running [gcloud.auth.login] with arguments: []
2025-02-05 14:48:02,878 DEBUG    requests_oauthlib.oauth2_session Generated new state 8HFY3tsiahDVyJPzWf3L0qdH2Rt8Dv.
2025-02-05 14:48:03,139 INFO     ___FILE_ONLY___ Your browser has been opened to visit:

    https://accounts.google.com/o/oauth2/auth?response_type=code&client_id=32555940559.apps.googleusercontent.com&redirect_uri=http%3A%2F%2Flocalhost%3A8085%2F&scope=openid+https%3A%2F%2Fwww.googleapis.com%2Fauth%2Fuserinfo.email+https%3A%2F%2Fwww.googleapis.com%2Fauth%2Fcloud-platform+https%3A%2F%2Fwww.googleapis.com%2Fauth%2Fappengine.admin+https%3A%2F%2Fwww.googleapis.com%2Fauth%2Fsqlservice.login+https%3A%2F%2Fwww.googleapis.com%2Fauth%2Fcompute+https%3A%2F%2Fwww.googleapis.com%2Fauth%2Faccounts.reauth&state=8HFY3tsiahDVyJPzWf3L0qdH2Rt8Dv&access_type=offline&code_challenge=d6EYFBqNjZDmlrmGUFCoK_yx7syOMTSCYh289-Pc5S0&code_challenge_method=S256


2025-02-05 14:48:12,230 INFO     google_auth_oauthlib.flow "GET /?state=8HFY3tsiahDVyJPzWf3L0qdH2Rt8Dv&code=4/0ASVgi3KjNRf19Y78CEyVlC6wWT0yc-VUIbkrSO8LhDFGvNZLcjdt9pdJS2-YBamMqi2v6A&scope=email%20openid%20https://www.googleapis.com/auth/userinfo.email%20https://www.googleapis.com/auth/cloud-platform%20https://www.googleapis.com/auth/appengine.admin%20https://www.googleapis.com/auth/sqlservice.login%20https://www.googleapis.com/auth/compute%20https://www.googleapis.com/auth/accounts.reauth&authuser=0&hd=valon.com&prompt=consent HTTP/1.1" 200 959
2025-02-05 14:48:12,231 DEBUG    requests_oauthlib.oauth2_session Requesting url https://oauth2.googleapis.com/token using method POST.
2025-02-05 14:48:12,231 DEBUG    requests_oauthlib.oauth2_session Supplying headers {b'Accept': b'application/json', b'Content-Type': b'application/x-www-form-urlencoded;charset=UTF-8', b'user-agent': b'google-cloud-sdk gcloud/475.0.0 command/gcloud.auth.login invocation-id/0ad83d57e5114c86b44085f5d4ce2989 environment/None environment-version/None client-os/MACOSX client-os-ver/24.2.0 client-pltf-arch/arm interactive/False from-script/False python/3.11.6 term/screen-256color (Macintosh; Intel Mac OS X 24.2.0)'} and data {'grant_type': 'authorization_code', 'client_id': '32555940559.apps.googleusercontent.com', 'client_secret': 'ZmssLNjJy2998hD4CTg2ejr2', 'code': '4/0ASVgi3KjNRf19Y78CEyVlC6wWT0yc-VUIbkrSO8LhDFGvNZLcjdt9pdJS2-YBamMqi2v6A', 'redirect_uri': 'http://localhost:8085/', 'code_verifier': 'QaIjkzFMdXN_5MDcGN5pYnVjLJxew1YXyu7ZJeJX7a.3qVRi4_7TvIMez2YJ.q7j0iRo4JvJBVDtS7gJZ-4X-Nbt.JzoQ~YEtvcAgrArAnsmwTLa9Oji.V_tMX20VmVy'}
2025-02-05 14:48:12,231 DEBUG    requests_oauthlib.oauth2_session Passing through key word arguments {'json': None, 'timeout': None, 'auth': None, 'verify': None, 'proxies': None}.
2025-02-05 14:48:12,243 DEBUG    urllib3.connectionpool Starting new HTTPS connection (1): oauth2.googleapis.com:443
2025-02-05 14:48:12,435 DEBUG    urllib3.connectionpool https://oauth2.googleapis.com:443 "POST /token HTTP/1.1" 200 None
2025-02-05 14:48:12,436 DEBUG    requests_oauthlib.oauth2_session Prepared fetch token request body grant_type=authorization_code&client_id=32555940559.apps.googleusercontent.com&client_secret=ZmssLNjJy2998hD4CTg2ejr2&code=4%2F0ASVgi3KjNRf19Y78CEyVlC6wWT0yc-VUIbkrSO8LhDFGvNZLcjdt9pdJS2-YBamMqi2v6A&redirect_uri=http%3A%2F%2Flocalhost%3A8085%2F&code_verifier=QaIjkzFMdXN_5MDcGN5pYnVjLJxew1YXyu7ZJeJX7a.3qVRi4_7TvIMez2YJ.q7j0iRo4JvJBVDtS7gJZ-4X-Nbt.JzoQ~YEtvcAgrArAnsmwTLa9Oji.V_tMX20VmVy
2025-02-05 14:48:12,436 DEBUG    requests_oauthlib.oauth2_session Request to fetch token completed with status 200.
2025-02-05 14:48:12,436 DEBUG    requests_oauthlib.oauth2_session Request headers were {'user-agent': b'google-cloud-sdk gcloud/475.0.0 command/gcloud.auth.login invocation-id/0ad83d57e5114c86b44085f5d4ce2989 environment/None environment-version/None client-os/MACOSX client-os-ver/24.2.0 client-pltf-arch/arm interactive/False from-script/False python/3.11.6 term/screen-256color (Macintosh; Intel Mac OS X 24.2.0)', 'Accept-Encoding': 'gzip, deflate', 'Accept': b'application/json', 'Connection': 'keep-alive', 'Content-Type': b'application/x-www-form-urlencoded;charset=UTF-8', 'Content-Length': '387'}
2025-02-05 14:48:12,436 DEBUG    requests_oauthlib.oauth2_session Request body was grant_type=authorization_code&client_id=32555940559.apps.googleusercontent.com&client_secret=ZmssLNjJy2998hD4CTg2ejr2&code=4%2F0ASVgi3KjNRf19Y78CEyVlC6wWT0yc-VUIbkrSO8LhDFGvNZLcjdt9pdJS2-YBamMqi2v6A&redirect_uri=http%3A%2F%2Flocalhost%3A8085%2F&code_verifier=QaIjkzFMdXN_5MDcGN5pYnVjLJxew1YXyu7ZJeJX7a.3qVRi4_7TvIMez2YJ.q7j0iRo4JvJBVDtS7gJZ-4X-Nbt.JzoQ~YEtvcAgrArAnsmwTLa9Oji.V_tMX20VmVy
2025-02-05 14:48:12,437 DEBUG    requests_oauthlib.oauth2_session Response headers were {'Pragma': 'no-cache', 'Date': 'Wed, 05 Feb 2025 19:48:12 GMT', 'Expires': 'Mon, 01 Jan 1990 00:00:00 GMT', 'Cache-Control': 'no-cache, no-store, max-age=0, must-revalidate', 'Content-Type': 'application/json; charset=utf-8', 'Vary': 'Origin, X-Origin, Referer', 'Content-Encoding': 'gzip', 'Server': 'scaffolding on HTTPServer2', 'X-XSS-Protection': '0', 'X-Frame-Options': 'SAMEORIGIN', 'X-Content-Type-Options': 'nosniff', 'Alt-Svc': 'h3=":443"; ma=2592000,h3-29=":443"; ma=2592000', 'Transfer-Encoding': 'chunked'} and content {
  "access_token": "ya29.a0AXeO80R-PRe1z5Xq5i2A0a-8ZawRtMLhPHzKh5Wcli_eRW4QHGa5_gLzJi0_hdLrHPGR2vXd7FMYE1xqBj623w6n6wf7gm4QnD8jLqtt0BDkEhNVYHqQCC-GUJm6nYZf2w51BQGWpAwxMCQS4sQFfSGC-mQrgXwC0h12wiKu9DV9HwaCgYKAV8SARISFQHGX2Mi0Llz9QKshs5Y2ScRjfAbzA0181",
  "expires_in": 3599,
  "refresh_token": "1//013Eeth4e20JJCgYIARAAGAESNwF-L9IrleHzdYwfIxWx0q9CRGpH6Aqdg2gW-Eo2X4DqvbkYhqDz9movepd7Ib1btkKUh4AZFhs",
  "scope": "https://www.googleapis.com/auth/userinfo.email https://www.googleapis.com/auth/compute openid https://www.googleapis.com/auth/accounts.reauth https://www.googleapis.com/auth/appengine.admin https://www.googleapis.com/auth/cloud-platform https://www.googleapis.com/auth/sqlservice.login",
  "token_type": "Bearer",
  "id_token": "eyJhbGciOiJSUzI1NiIsImtpZCI6ImVlYzUzNGZhNWI4Y2FjYTIwMWNhOGQwZmY5NmI1NGM1NjIyMTBkMWUiLCJ0eXAiOiJKV1QifQ.eyJpc3MiOiJodHRwczovL2FjY291bnRzLmdvb2dsZS5jb20iLCJhenAiOiIzMjU1NTk0MDU1OS5hcHBzLmdvb2dsZXVzZXJjb250ZW50LmNvbSIsImF1ZCI6IjMyNTU1OTQwNTU5LmFwcHMuZ29vZ2xldXNlcmNvbnRlbnQuY29tIiwic3ViIjoiMTAwNjUyNDM4NTEyNzgzNjkzMzI5IiwiaGQiOiJ2YWxvbi5jb20iLCJlbWFpbCI6InRhbWppZC5yYWhtYW5AdmFsb24uY29tIiwiZW1haWxfdmVyaWZpZWQiOnRydWUsImF0X2hhc2giOiJXVkdhOUdRbEszTWxLNHV4b3FNb0hnIiwiaWF0IjoxNzM4Nzg0ODkyLCJleHAiOjE3Mzg3ODg0OTJ9.s6ze-hLf0y6n5SSoR9Kp6cIxy6RUx0ZZulJAkj_IBCiJ02QmtMx66iJjp3k1izUZKkvtjv1mnfFdWBnwlnf3yFUvpOCCleS_1uUdnmshiMxy1sx0INMUgtvsQxSOseXwe_1jdwxLPeeKNcQRXGd8CiU9Jog1KPK2HHEKFnOtz5GWHeK8WCD9AL22XGpIkvwso9FRQCbU_KBOQVovjsTYfUuCwXYRdLVojlMXuRC07kV1mr1ZVl7gwtD6dWXjElSUEP7A3XAna_74mj2mYdFUq6aneDhA05ajz7AwPSZrL4tloVIeWia9BBbHdqjJCvziPzAS3Ff5kkRBOQMSq08aAA"
}.
2025-02-05 14:48:12,437 DEBUG    requests_oauthlib.oauth2_session Invoking 0 token response hooks.
2025-02-05 14:48:12,437 DEBUG    requests_oauthlib.oauth2_session Obtained token {'access_token': 'ya29.a0AXeO80R-PRe1z5Xq5i2A0a-8ZawRtMLhPHzKh5Wcli_eRW4QHGa5_gLzJi0_hdLrHPGR2vXd7FMYE1xqBj623w6n6wf7gm4QnD8jLqtt0BDkEhNVYHqQCC-GUJm6nYZf2w51BQGWpAwxMCQS4sQFfSGC-mQrgXwC0h12wiKu9DV9HwaCgYKAV8SARISFQHGX2Mi0Llz9QKshs5Y2ScRjfAbzA0181', 'expires_in': 3599, 'refresh_token': '1//013Eeth4e20JJCgYIARAAGAESNwF-L9IrleHzdYwfIxWx0q9CRGpH6Aqdg2gW-Eo2X4DqvbkYhqDz9movepd7Ib1btkKUh4AZFhs', 'scope': ['https://www.googleapis.com/auth/userinfo.email', 'https://www.googleapis.com/auth/compute', 'openid', 'https://www.googleapis.com/auth/accounts.reauth', 'https://www.googleapis.com/auth/appengine.admin', 'https://www.googleapis.com/auth/cloud-platform', 'https://www.googleapis.com/auth/sqlservice.login'], 'token_type': 'Bearer', 'id_token': 'eyJhbGciOiJSUzI1NiIsImtpZCI6ImVlYzUzNGZhNWI4Y2FjYTIwMWNhOGQwZmY5NmI1NGM1NjIyMTBkMWUiLCJ0eXAiOiJKV1QifQ.eyJpc3MiOiJodHRwczovL2FjY291bnRzLmdvb2dsZS5jb20iLCJhenAiOiIzMjU1NTk0MDU1OS5hcHBzLmdvb2dsZXVzZXJjb250ZW50LmNvbSIsImF1ZCI6IjMyNTU1OTQwNTU5LmFwcHMuZ29vZ2xldXNlcmNvbnRlbnQuY29tIiwic3ViIjoiMTAwNjUyNDM4NTEyNzgzNjkzMzI5IiwiaGQiOiJ2YWxvbi5jb20iLCJlbWFpbCI6InRhbWppZC5yYWhtYW5AdmFsb24uY29tIiwiZW1haWxfdmVyaWZpZWQiOnRydWUsImF0X2hhc2giOiJXVkdhOUdRbEszTWxLNHV4b3FNb0hnIiwiaWF0IjoxNzM4Nzg0ODkyLCJleHAiOjE3Mzg3ODg0OTJ9.s6ze-hLf0y6n5SSoR9Kp6cIxy6RUx0ZZulJAkj_IBCiJ02QmtMx66iJjp3k1izUZKkvtjv1mnfFdWBnwlnf3yFUvpOCCleS_1uUdnmshiMxy1sx0INMUgtvsQxSOseXwe_1jdwxLPeeKNcQRXGd8CiU9Jog1KPK2HHEKFnOtz5GWHeK8WCD9AL22XGpIkvwso9FRQCbU_KBOQVovjsTYfUuCwXYRdLVojlMXuRC07kV1mr1ZVl7gwtD6dWXjElSUEP7A3XAna_74mj2mYdFUq6aneDhA05ajz7AwPSZrL4tloVIeWia9BBbHdqjJCvziPzAS3Ff5kkRBOQMSq08aAA', 'expires_at': 1738788491.4373262}.
2025-02-05 14:48:12,459 INFO     ___FILE_ONLY___ 
You are now logged in as [tamjid.rahman@valon.com].
Your current project is [prod-peach-street].  You can change this setting by running:
  $ gcloud config set project PROJECT_ID

2025-02-05 14:48:12,459 DEBUG    root            Chosen display Format:none
2025-02-05 14:48:12,459 INFO     root            Display format: "none"
