2025-02-05 15:04:14,534 DEBUG    root            Loaded Command Group: ['gcloud', 'config']
2025-02-05 15:04:14,535 DEBUG    root            Loaded Command Group: ['gcloud', 'config', 'config_helper']
2025-02-05 15:04:14,536 DEBUG    root            Running [gcloud.config.config-helper] with arguments: [--format: "json", --min-expiry: "3600"]
2025-02-05 15:04:14,541 DEBUG    google.auth.transport.requests Making request: POST https://oauth2.googleapis.com/token
2025-02-05 15:04:14,546 DEBUG    urllib3.connectionpool Starting new HTTPS connection (1): oauth2.googleapis.com:443
2025-02-05 15:04:14,708 DEBUG    urllib3.connectionpool https://oauth2.googleapis.com:443 "POST /token HTTP/1.1" 200 None
2025-02-05 15:04:14,712 DEBUG    root            Chosen display Format:default json
2025-02-05 15:04:14,713 INFO     root            Display format: "default json"
2025-02-05 15:04:14,732 INFO     ___FILE_ONLY___ {
  "configuration": {
    "active_configuration": "default",
    "properties": {
      "core": {
        "account": "tamjid.rahman@valon.com",
        "disable_prompts": "false",
        "disable_usage_reporting": "True",
        "project": "prod-peach-street"
      }
    }
  },
  "credential": {
    "access_token": "ya29.a0AXeO80R01AVAOhVWZtO7F9DOxJJGZTl9H7u9VwazJt-05oIdbxEP0yfQ9Ef_YZjuUdq9OEyVV7m6OhWu4zZA1QZoWQuW2hAnyJpJugQQscRyFfgvKehasbXsfmiRh-iaph8UMYASQN-MKbD815GQjG63MUBm6lH6QHVDK4IliPowAQaCgYKAWoSARISFQHGX2Mi2b3VxfpctC9HYqCMZjvFhA0181",
    "id_token": "eyJhbGciOiJSUzI1NiIsImtpZCI6ImVlYzUzNGZhNWI4Y2FjYTIwMWNhOGQwZmY5NmI1NGM1NjIyMTBkMWUiLCJ0eXAiOiJKV1QifQ.eyJpc3MiOiJodHRwczovL2FjY291bnRzLmdvb2dsZS5jb20iLCJhenAiOiIzMjU1NTk0MDU1OS5hcHBzLmdvb2dsZXVzZXJjb250ZW50LmNvbSIsImF1ZCI6IjMyNTU1OTQwNTU5LmFwcHMuZ29vZ2xldXNlcmNvbnRlbnQuY29tIiwic3ViIjoiMTAwNjUyNDM4NTEyNzgzNjkzMzI5IiwiaGQiOiJ2YWxvbi5jb20iLCJlbWFpbCI6InRhbWppZC5yYWhtYW5AdmFsb24uY29tIiwiZW1haWxfdmVyaWZpZWQiOnRydWUsImF0X2hhc2giOiI2WmVNT2Q1LXN2MWlrdVFUYWd0alV3IiwiaWF0IjoxNzM4Nzg1ODU0LCJleHAiOjE3Mzg3ODk0NTR9.Fjg0CCQ1n369LxL48yljCzhV4YHbbyEkKexF_ixmS8iyjCHezLY84PTX-zqK2N5gQK_6A1zEH6SsPdQ3iy3qN37_0ufePwm00dvhj_5zmP4iXJtxsBQwDVFH2iv8xH7RfdIZfOcFMkyyl934Ltmnfx160eiFPZ7DeXNSKLUOD_65i58CIUJ1q0vCAipqOr3yDoLZHaNTtGUkvYFMaw6mg-zHjkq-TiWd6qvtwl_0lJDztIp1pMP0TGPI2fJUrBXIw_VdW9_EmMvsQe4rpmIjypV8mhazo0HYOObKmouedRmGJ9X7hkE63EdkKpzWrDc4fPNOapDyGqNWsdAkyzzuug",
    "token_expiry": "2025-02-05T21:04:13Z"
  },
  "sentinels": {
    "config_sentinel": "/Users/tamjid/.config/gcloud/config_sentinel"
  }
}
2025-02-05 15:04:14,732 INFO     ___FILE_ONLY___ 

