2025-02-05 15:02:02,338 DEBUG    root            Loaded Command Group: ['gcloud', 'config']
2025-02-05 15:02:02,339 DEBUG    root            Loaded Command Group: ['gcloud', 'config', 'config_helper']
2025-02-05 15:02:02,339 DEBUG    root            Running [gcloud.config.config-helper] with arguments: [--format: "json", --min-expiry: "3600"]
2025-02-05 15:02:02,345 DEBUG    google.auth.transport.requests Making request: POST https://oauth2.googleapis.com/token
2025-02-05 15:02:02,349 DEBUG    urllib3.connectionpool Starting new HTTPS connection (1): oauth2.googleapis.com:443
2025-02-05 15:02:02,515 DEBUG    urllib3.connectionpool https://oauth2.googleapis.com:443 "POST /token HTTP/1.1" 200 None
2025-02-05 15:02:02,521 DEBUG    root            Chosen display Format:default json
2025-02-05 15:02:02,521 INFO     root            Display format: "default json"
2025-02-05 15:02:02,541 INFO     ___FILE_ONLY___ {
  "configuration": {
    "active_configuration": "default",
    "properties": {
      "core": {
        "account": "tamjid.rahman@valon.com",
        "disable_prompts": "false",
        "disable_usage_reporting": "True",
        "project": "prod-peach-street"
      }
    }
  },
  "credential": {
    "access_token": "ya29.a0AXeO80TZyAP-XTlrwwe6oVa-wFi-TlJww22lQxFBhSfLfP-z9qxVL8w0eTUUptandg0_xOwd7QrwBz3UFxmiPjLf-IPywgKp__Rb4PirCk-PAKmgk4222b8S4CzkknjrpXiW-04ODWxBhXw9GPeM0hSUnlO50saEtbfF9HzEVmlrbwaCgYKAYoSARISFQHGX2Mi8mKYr-KQ-CBGkNcvpO3Hkg0181",
    "id_token": "eyJhbGciOiJSUzI1NiIsImtpZCI6ImVlYzUzNGZhNWI4Y2FjYTIwMWNhOGQwZmY5NmI1NGM1NjIyMTBkMWUiLCJ0eXAiOiJKV1QifQ.eyJpc3MiOiJodHRwczovL2FjY291bnRzLmdvb2dsZS5jb20iLCJhenAiOiIzMjU1NTk0MDU1OS5hcHBzLmdvb2dsZXVzZXJjb250ZW50LmNvbSIsImF1ZCI6IjMyNTU1OTQwNTU5LmFwcHMuZ29vZ2xldXNlcmNvbnRlbnQuY29tIiwic3ViIjoiMTAwNjUyNDM4NTEyNzgzNjkzMzI5IiwiaGQiOiJ2YWxvbi5jb20iLCJlbWFpbCI6InRhbWppZC5yYWhtYW5AdmFsb24uY29tIiwiZW1haWxfdmVyaWZpZWQiOnRydWUsImF0X2hhc2giOiJJblRMUHBNWmdDMW5rOWFSdk5yekFnIiwiaWF0IjoxNzM4Nzg1NzIyLCJleHAiOjE3Mzg3ODkzMjJ9.bNKX5s4YNePJ-jTtw0ri5sg2ei_SlOzKaD-Nmq1YU900JwtcekvsdeLjv-SMZNuBpzd7OPFiRhHi6PVB5mvUU8OkMgpYArpGc9ajRmNS8IqyMSHCU04aAwsXox_DVeFng9Pkjl29XLupKkcDMiEKC3Q21nAWWCZftcsPFMaUxP1FywLhJt53Cn3Zel7-B9V_xs5YC_ywLK6J_aPc6LGC0QGMBCsSjlpe_9T8rCe-pY1Wk1_x0yCUlHrNOOOwjUPiHcS0vovnVQ-G4Qn_aYBzMSRAjwBlGQ_qXYb1wudLP2fwlQlFLuWjzavhFcuv1kyYNeByUrJ_PUnYbE_osXC76w",
    "token_expiry": "2025-02-05T21:02:01Z"
  },
  "sentinels": {
    "config_sentinel": "/Users/tamjid/.config/gcloud/config_sentinel"
  }
}
2025-02-05 15:02:02,541 INFO     ___FILE_ONLY___ 

