2025-02-05 15:02:00,105 DEBUG    root            Loaded Command Group: ['gcloud', 'config']
2025-02-05 15:02:00,106 DEBUG    root            Loaded Command Group: ['gcloud', 'config', 'config_helper']
2025-02-05 15:02:00,107 DEBUG    root            Running [gcloud.config.config-helper] with arguments: [--format: "json", --min-expiry: "3600"]
2025-02-05 15:02:00,112 DEBUG    google.auth.transport.requests Making request: POST https://oauth2.googleapis.com/token
2025-02-05 15:02:00,117 DEBUG    urllib3.connectionpool Starting new HTTPS connection (1): oauth2.googleapis.com:443
2025-02-05 15:02:00,284 DEBUG    urllib3.connectionpool https://oauth2.googleapis.com:443 "POST /token HTTP/1.1" 200 None
2025-02-05 15:02:00,288 DEBUG    root            Chosen display Format:default json
2025-02-05 15:02:00,288 INFO     root            Display format: "default json"
2025-02-05 15:02:00,308 INFO     ___FILE_ONLY___ {
  "configuration": {
    "active_configuration": "default",
    "properties": {
      "core": {
        "account": "tamjid.rahman@valon.com",
        "disable_prompts": "false",
        "disable_usage_reporting": "True",
        "project": "prod-peach-street"
      }
    }
  },
  "credential": {
    "access_token": "ya29.a0AXeO80Tkq2WC6ezVBsDrhpzByf8CBcqhX06WkPpalRusCO2rOT3iLMV4aGKzkxVKqefKBmpDqzOfU0J_K5saZK7HCEZ2JD98QnUlmoz_CB61_ahgMXlWQDUgofOc_8zRO5PusbLUoi6PYvS7b2s0jVnVxQ8PUNveQIVwi10elBquswaCgYKAQYSARISFQHGX2Miv2VeQ2bHcUR6leML3zhOPw0181",
    "id_token": "eyJhbGciOiJSUzI1NiIsImtpZCI6ImVlYzUzNGZhNWI4Y2FjYTIwMWNhOGQwZmY5NmI1NGM1NjIyMTBkMWUiLCJ0eXAiOiJKV1QifQ.eyJpc3MiOiJodHRwczovL2FjY291bnRzLmdvb2dsZS5jb20iLCJhenAiOiIzMjU1NTk0MDU1OS5hcHBzLmdvb2dsZXVzZXJjb250ZW50LmNvbSIsImF1ZCI6IjMyNTU1OTQwNTU5LmFwcHMuZ29vZ2xldXNlcmNvbnRlbnQuY29tIiwic3ViIjoiMTAwNjUyNDM4NTEyNzgzNjkzMzI5IiwiaGQiOiJ2YWxvbi5jb20iLCJlbWFpbCI6InRhbWppZC5yYWhtYW5AdmFsb24uY29tIiwiZW1haWxfdmVyaWZpZWQiOnRydWUsImF0X2hhc2giOiJibUhJOTVVcjB2Si1Lem9ZMUFpWl9nIiwiaWF0IjoxNzM4Nzg1NzIwLCJleHAiOjE3Mzg3ODkzMjB9.WEuGA7z9TVQwzKRAcNXCcwOpVOYfhrJ08NRosPffxmV26J-Wbb_OvC9ugJRp5NwTkqH4kaXoMiE0myd4CAJdUNBtG4Ho9VOM-cYSbhAa3bFoumfTAsc_HBctKUBORyFRdrxD8oDDYmKHLj0d-vf4dI_zWXja2_petkXqbXhMmoNuqx1O4nHAXdbRqrveJWZ8FRVyUfIFscq_mlTNm_bF0S1VK8GFsenZJKveGhm1Vgi5vubCcvJKiktFnPPbkwfjzGu4XXQ3ulSQMgnGw9r-AWlvxfcG9oIF6WKJQTFxcGm_wrgy0REa1YIe7L-j4ULlPFlVkzWHw64cnVkTVoGRtg",
    "token_expiry": "2025-02-05T21:01:59Z"
  },
  "sentinels": {
    "config_sentinel": "/Users/tamjid/.config/gcloud/config_sentinel"
  }
}
2025-02-05 15:02:00,308 INFO     ___FILE_ONLY___ 

