2025-02-05 15:02:04,531 DEBUG    root            Loaded Command Group: ['gcloud', 'config']
2025-02-05 15:02:04,531 DEBUG    root            Loaded Command Group: ['gcloud', 'config', 'config_helper']
2025-02-05 15:02:04,532 DEBUG    root            Running [gcloud.config.config-helper] with arguments: [--format: "json", --min-expiry: "3600"]
2025-02-05 15:02:04,537 DEBUG    google.auth.transport.requests Making request: POST https://oauth2.googleapis.com/token
2025-02-05 15:02:04,542 DEBUG    urllib3.connectionpool Starting new HTTPS connection (1): oauth2.googleapis.com:443
2025-02-05 15:02:04,708 DEBUG    urllib3.connectionpool https://oauth2.googleapis.com:443 "POST /token HTTP/1.1" 200 None
2025-02-05 15:02:04,715 DEBUG    root            Chosen display Format:default json
2025-02-05 15:02:04,715 INFO     root            Display format: "default json"
2025-02-05 15:02:04,736 INFO     ___FILE_ONLY___ {
  "configuration": {
    "active_configuration": "default",
    "properties": {
      "core": {
        "account": "tamjid.rahman@valon.com",
        "disable_prompts": "false",
        "disable_usage_reporting": "True",
        "project": "prod-peach-street"
      }
    }
  },
  "credential": {
    "access_token": "ya29.a0AXeO80Sb26w_GMwWmLctRIFFMES_GGeYEd9LSAGljp9Zd5Y-OlIWEe2me1tyz18PbC7M1nfJBG-pbnNus8uWdbmwsgwja4cR6PCywM1g7j6udShknDPeJLjzF6ygbRsGV8XF2V43uPlCAjEgNgcFQ8Tq5mtCUHEYxIT80F5QalBKBwaCgYKAUcSARISFQHGX2Mi9TvhHRygFV5kRbVYZ_93aA0181",
    "id_token": "eyJhbGciOiJSUzI1NiIsImtpZCI6ImVlYzUzNGZhNWI4Y2FjYTIwMWNhOGQwZmY5NmI1NGM1NjIyMTBkMWUiLCJ0eXAiOiJKV1QifQ.eyJpc3MiOiJodHRwczovL2FjY291bnRzLmdvb2dsZS5jb20iLCJhenAiOiIzMjU1NTk0MDU1OS5hcHBzLmdvb2dsZXVzZXJjb250ZW50LmNvbSIsImF1ZCI6IjMyNTU1OTQwNTU5LmFwcHMuZ29vZ2xldXNlcmNvbnRlbnQuY29tIiwic3ViIjoiMTAwNjUyNDM4NTEyNzgzNjkzMzI5IiwiaGQiOiJ2YWxvbi5jb20iLCJlbWFpbCI6InRhbWppZC5yYWhtYW5AdmFsb24uY29tIiwiZW1haWxfdmVyaWZpZWQiOnRydWUsImF0X2hhc2giOiJjOTg3QXFLemRGQzBKQTVrZjk0Q2tnIiwiaWF0IjoxNzM4Nzg1NzI0LCJleHAiOjE3Mzg3ODkzMjR9.ihydxoTULuskbG39kRtp0fzqtNyRsi23rOWSt1l53b4yNG5hyWcLO0H17Giiqd_yE0o8L4rGuY0pBenI7jlFFZKvV7KIFIiYOmR15zHHkgvrpMCLeSh3_uzxBAhZN2TQ3IRdWVFyiQ9qxUipEW4N3dxtmbM7db-L8h80ljen_TlUYwZm4fAQcWWt7U5PMV2KULZL7-NBQDKH5_OPh-taajZVzT2Pqw01ZzK7gAsSUOUETZu82m9aBrUFPTYHZL8k0zxlRj9b5XXVOK315UKmsdIlKFyasUrIEoqTz4mZr6ZCw7xMW0er7uw0DGGPJZ389jCUUA62Zt14NDeG9DYXQA",
    "token_expiry": "2025-02-05T21:02:03Z"
  },
  "sentinels": {
    "config_sentinel": "/Users/tamjid/.config/gcloud/config_sentinel"
  }
}
2025-02-05 15:02:04,736 INFO     ___FILE_ONLY___ 

