2025-02-05 15:02:10,498 DEBUG    root            Loaded Command Group: ['gcloud', 'config']
2025-02-05 15:02:10,499 DEBUG    root            Loaded Command Group: ['gcloud', 'config', 'config_helper']
2025-02-05 15:02:10,499 DEBUG    root            Running [gcloud.config.config-helper] with arguments: [--format: "json", --min-expiry: "3600"]
2025-02-05 15:02:10,505 DEBUG    google.auth.transport.requests Making request: POST https://oauth2.googleapis.com/token
2025-02-05 15:02:10,510 DEBUG    urllib3.connectionpool Starting new HTTPS connection (1): oauth2.googleapis.com:443
2025-02-05 15:02:10,680 DEBUG    urllib3.connectionpool https://oauth2.googleapis.com:443 "POST /token HTTP/1.1" 200 None
2025-02-05 15:02:10,685 DEBUG    root            Chosen display Format:default json
2025-02-05 15:02:10,685 INFO     root            Display format: "default json"
2025-02-05 15:02:10,706 INFO     ___FILE_ONLY___ {
  "configuration": {
    "active_configuration": "default",
    "properties": {
      "core": {
        "account": "tamjid.rahman@valon.com",
        "disable_prompts": "false",
        "disable_usage_reporting": "True",
        "project": "prod-peach-street"
      }
    }
  },
  "credential": {
    "access_token": "ya29.a0AXeO80Qyc7G233ln3hek-iulf-yO-Hh-Wlsn61RlVcMU-d-hePP-soxvXbSjEJUNRJRRtLhr-qH3pdh-JJbJ0rRTNgABARfEfJ2YOBlsZIKEzkyiKoWf1plH8ZuHD6B6Z_kYCF_syma8rc4XqKPu4_EVBsjMsW9stkqYmG2Uk7O9fQaCgYKAewSARISFQHGX2MinwAcPGXwY5nH-AayR35LoQ0181",
    "id_token": "eyJhbGciOiJSUzI1NiIsImtpZCI6ImVlYzUzNGZhNWI4Y2FjYTIwMWNhOGQwZmY5NmI1NGM1NjIyMTBkMWUiLCJ0eXAiOiJKV1QifQ.eyJpc3MiOiJodHRwczovL2FjY291bnRzLmdvb2dsZS5jb20iLCJhenAiOiIzMjU1NTk0MDU1OS5hcHBzLmdvb2dsZXVzZXJjb250ZW50LmNvbSIsImF1ZCI6IjMyNTU1OTQwNTU5LmFwcHMuZ29vZ2xldXNlcmNvbnRlbnQuY29tIiwic3ViIjoiMTAwNjUyNDM4NTEyNzgzNjkzMzI5IiwiaGQiOiJ2YWxvbi5jb20iLCJlbWFpbCI6InRhbWppZC5yYWhtYW5AdmFsb24uY29tIiwiZW1haWxfdmVyaWZpZWQiOnRydWUsImF0X2hhc2giOiJkdkVVaGJIR0ZVZW9KdUM5ZzREekl3IiwiaWF0IjoxNzM4Nzg1NzMwLCJleHAiOjE3Mzg3ODkzMzB9.4yTNAIhVxywnHIW2gj65uFU4B6lprwaUK8OXkUWpPE62Qi6yg-u0Fbu1umqxBny3h3paLOpvcrMLGXfITffVVxiSaw2l8pVgkP34qjMTmaRYKHDWjMDvYMOEWpPWnTYR7nzm_W_qcovUmH8A9v9zP-dauFB5e61A2jGAQivOlDQzzldKEircwze1jAHnSh4jn0U35EonB25rnPPmWfPrBsFG4fIRvkH2gL5gOgRRu0msAvx74O86s8sF3pFD6DAD0VCpVzBXHNF4v6dbt4hspTndFc2cx196VfiA9Hg7Tu7I3mafNmHzkGL7ugCXL7MiOixbRJrA5jqdiS0-qByCWg",
    "token_expiry": "2025-02-05T21:02:09Z"
  },
  "sentinels": {
    "config_sentinel": "/Users/tamjid/.config/gcloud/config_sentinel"
  }
}
2025-02-05 15:02:10,706 INFO     ___FILE_ONLY___ 

