2025-02-05 15:04:12,382 DEBUG    root            Loaded Command Group: ['gcloud', 'config']
2025-02-05 15:04:12,383 DEBUG    root            Loaded Command Group: ['gcloud', 'config', 'config_helper']
2025-02-05 15:04:12,383 DEBUG    root            Running [gcloud.config.config-helper] with arguments: [--format: "json", --min-expiry: "3600"]
2025-02-05 15:04:12,388 DEBUG    google.auth.transport.requests Making request: POST https://oauth2.googleapis.com/token
2025-02-05 15:04:12,392 DEBUG    urllib3.connectionpool Starting new HTTPS connection (1): oauth2.googleapis.com:443
2025-02-05 15:04:12,581 DEBUG    urllib3.connectionpool https://oauth2.googleapis.com:443 "POST /token HTTP/1.1" 200 None
2025-02-05 15:04:12,586 DEBUG    root            Chosen display Format:default json
2025-02-05 15:04:12,586 INFO     root            Display format: "default json"
2025-02-05 15:04:12,606 INFO     ___FILE_ONLY___ {
  "configuration": {
    "active_configuration": "default",
    "properties": {
      "core": {
        "account": "tamjid.rahman@valon.com",
        "disable_prompts": "false",
        "disable_usage_reporting": "True",
        "project": "prod-peach-street"
      }
    }
  },
  "credential": {
    "access_token": "ya29.a0AXeO80S1uqnJFk17v_EUY38UXMIKpPYTQXF3exX74Vi9G_wKeHYGpI3TuFjIwsp-9DmeA84teJnOVA-ZfxkaCcAH9SSuSWqnmW6qgwYA7oEotYV6lqz3iTeKEzXlaMJ_fh7yp1h0kwlDDKPAFT7cyXUgQMhBQ-Q5sUizFQMrDQexXAaCgYKARQSARISFQHGX2MiUgU9zw7J4bVZlENvjCgl7A0181",
    "id_token": "eyJhbGciOiJSUzI1NiIsImtpZCI6ImVlYzUzNGZhNWI4Y2FjYTIwMWNhOGQwZmY5NmI1NGM1NjIyMTBkMWUiLCJ0eXAiOiJKV1QifQ.eyJpc3MiOiJodHRwczovL2FjY291bnRzLmdvb2dsZS5jb20iLCJhenAiOiIzMjU1NTk0MDU1OS5hcHBzLmdvb2dsZXVzZXJjb250ZW50LmNvbSIsImF1ZCI6IjMyNTU1OTQwNTU5LmFwcHMuZ29vZ2xldXNlcmNvbnRlbnQuY29tIiwic3ViIjoiMTAwNjUyNDM4NTEyNzgzNjkzMzI5IiwiaGQiOiJ2YWxvbi5jb20iLCJlbWFpbCI6InRhbWppZC5yYWhtYW5AdmFsb24uY29tIiwiZW1haWxfdmVyaWZpZWQiOnRydWUsImF0X2hhc2giOiJmT1R2bk1aZkJBRnFEdWNoWVBPaGVRIiwiaWF0IjoxNzM4Nzg1ODUyLCJleHAiOjE3Mzg3ODk0NTJ9.BcZrDSo5Wk4UigXKqFNKgOiRxDTJFij2F5e6_-oDyJZ-8xBOzTtyOyRpgqczF1pWVVkxCz4GaOSCAzttS-EQ2pwV1FIjOIp7us_Ir3UpmOBHi3OKHGaZgyH-si601ac05fzM-z-OyVqwm0D3QfvSy8s9vWwgHZzLP_0osPxnQJxaDGWmjts6CNMWJpv5unxWp5MNWOzDd7A5VkvuEVZKEJDTSz68ZZ0YkwA5VQL5REBPZi9sLUBKblTnDZJjnts31NsExG1rz2yazK7-cxa_mVdl2JAksepUQiywH0QxkbwRwO_MpB3gsPvMyKeBypNY2wZSGZ18DhkJaBdCzH3gNA",
    "token_expiry": "2025-02-05T21:04:11Z"
  },
  "sentinels": {
    "config_sentinel": "/Users/tamjid/.config/gcloud/config_sentinel"
  }
}
2025-02-05 15:04:12,606 INFO     ___FILE_ONLY___ 

