2025-02-05 15:04:10,221 DEBUG    root            Loaded Command Group: ['gcloud', 'config']
2025-02-05 15:04:10,222 DEBUG    root            Loaded Command Group: ['gcloud', 'config', 'config_helper']
2025-02-05 15:04:10,223 DEBUG    root            Running [gcloud.config.config-helper] with arguments: [--format: "json", --min-expiry: "3600"]
2025-02-05 15:04:10,229 DEBUG    google.auth.transport.requests Making request: POST https://oauth2.googleapis.com/token
2025-02-05 15:04:10,234 DEBUG    urllib3.connectionpool Starting new HTTPS connection (1): oauth2.googleapis.com:443
2025-02-05 15:04:10,398 DEBUG    urllib3.connectionpool https://oauth2.googleapis.com:443 "POST /token HTTP/1.1" 200 None
2025-02-05 15:04:10,404 DEBUG    root            Chosen display Format:default json
2025-02-05 15:04:10,404 INFO     root            Display format: "default json"
2025-02-05 15:04:10,424 INFO     ___FILE_ONLY___ {
  "configuration": {
    "active_configuration": "default",
    "properties": {
      "core": {
        "account": "tamjid.rahman@valon.com",
        "disable_prompts": "false",
        "disable_usage_reporting": "True",
        "project": "prod-peach-street"
      }
    }
  },
  "credential": {
    "access_token": "ya29.a0AXeO80Sg5z1SmfJcVJAAnY3f72t2QhLxYVeQBbhX8m6VHDMhI7KEbRtk-2l_UX_UeD0Evn15oGx-1GZs3GDT4Y0QK_dLBmxtbCofRueB2UkKubEoqXkSFVong0tgwFQsmYEffJGxqYFICkMCr11gmbKxOtcryTIfGdCIBRIQa0SRqAaCgYKAZgSARISFQHGX2Mih-wYwKGB0boLfyBdraCn3g0181",
    "id_token": "eyJhbGciOiJSUzI1NiIsImtpZCI6ImVlYzUzNGZhNWI4Y2FjYTIwMWNhOGQwZmY5NmI1NGM1NjIyMTBkMWUiLCJ0eXAiOiJKV1QifQ.eyJpc3MiOiJodHRwczovL2FjY291bnRzLmdvb2dsZS5jb20iLCJhenAiOiIzMjU1NTk0MDU1OS5hcHBzLmdvb2dsZXVzZXJjb250ZW50LmNvbSIsImF1ZCI6IjMyNTU1OTQwNTU5LmFwcHMuZ29vZ2xldXNlcmNvbnRlbnQuY29tIiwic3ViIjoiMTAwNjUyNDM4NTEyNzgzNjkzMzI5IiwiaGQiOiJ2YWxvbi5jb20iLCJlbWFpbCI6InRhbWppZC5yYWhtYW5AdmFsb24uY29tIiwiZW1haWxfdmVyaWZpZWQiOnRydWUsImF0X2hhc2giOiJJbEhUMzJlM2FKRzBUTHEwdEhINXNBIiwiaWF0IjoxNzM4Nzg1ODUwLCJleHAiOjE3Mzg3ODk0NTB9.0l4wVKmN7YulOgtYQqzPDFjgW7Z0V915tlKLoUZQ0r2z1tGzL4Z4CSaD-iElDpGqjv6IVCRTBCfTNxJNjRSxA-bY9kP-8BmbLBMK8VMdRrVFRcVwa51KyjwmbVz_aMa1kCp7nQZrKv3K51fGPyQVHkrhIyLwDEmLVWR3-5z3i6sGt7HIiljXR5mEb6FkyP4E-ILStIepbAn8K-NZ73mHq_4YOUFeE01xdfe1thGvl9ETWPa9FCwVsHRSaSFQt7W9cPklvh6wt9NCDm8Oa-SzUcMLHEI5dC70xUcKSIO2mf8-K8nTmHxVMD7AuSAcP0Or4fGd6YSexRzYjp-m7M1oRQ",
    "token_expiry": "2025-02-05T21:04:09Z"
  },
  "sentinels": {
    "config_sentinel": "/Users/tamjid/.config/gcloud/config_sentinel"
  }
}
2025-02-05 15:04:10,424 INFO     ___FILE_ONLY___ 

