2025-02-05 15:00:44,144 DEBUG    root            Loaded Command Group: ['gcloud', 'auth']
2025-02-05 15:00:44,145 DEBUG    root            Loaded Command Group: ['gcloud', 'auth', 'application_default']
2025-02-05 15:00:44,153 DEBUG    root            Loaded Command Group: ['gcloud', 'auth', 'application-default', 'login']
2025-02-05 15:00:44,154 DEBUG    root            Running [gcloud.auth.application-default.login] with arguments: []
2025-02-05 15:00:44,175 DEBUG    requests_oauthlib.oauth2_session Generated new state ZBwuy5KcnplpK3U1C2ZOYYbZx6MW24.
2025-02-05 15:00:44,261 INFO     ___FILE_ONLY___ Your browser has been opened to visit:

    https://accounts.google.com/o/oauth2/auth?response_type=code&client_id=764086051850-6qr4p6gpi6hn506pt8ejuq83di341hur.apps.googleusercontent.com&redirect_uri=http%3A%2F%2Flocalhost%3A8085%2F&scope=openid+https%3A%2F%2Fwww.googleapis.com%2Fauth%2Fuserinfo.email+https%3A%2F%2Fwww.googleapis.com%2Fauth%2Fcloud-platform+https%3A%2F%2Fwww.googleapis.com%2Fauth%2Fsqlservice.login&state=ZBwuy5KcnplpK3U1C2ZOYYbZx6MW24&access_type=offline&code_challenge=lN3RC1656xzqOSz4qZsHNB6LJE-_uw10XVdxU3mmrB0&code_challenge_method=S256


2025-02-05 15:00:57,481 INFO     google_auth_oauthlib.flow "GET /?state=ZBwuy5KcnplpK3U1C2ZOYYbZx6MW24&code=4/0ASVgi3It_cziTE_5HP0w9pNA-96DZumiqKNpmAqkel-h5FDbeJO9rL364vmu45GK0QwE9g&scope=email%20openid%20https://www.googleapis.com/auth/userinfo.email%20https://www.googleapis.com/auth/cloud-platform%20https://www.googleapis.com/auth/sqlservice.login&authuser=0&hd=valon.com&prompt=consent HTTP/1.1" 200 959
2025-02-05 15:00:57,481 DEBUG    requests_oauthlib.oauth2_session Requesting url https://oauth2.googleapis.com/token using method POST.
2025-02-05 15:00:57,482 DEBUG    requests_oauthlib.oauth2_session Supplying headers {b'Accept': b'application/json', b'Content-Type': b'application/x-www-form-urlencoded;charset=UTF-8', b'user-agent': b'google-cloud-sdk gcloud/475.0.0 command/gcloud.auth.application-default.login invocation-id/9a0f78a137b241d2b9d3ecb0dbd29269 environment/None environment-version/None client-os/MACOSX client-os-ver/24.2.0 client-pltf-arch/arm interactive/False from-script/False python/3.11.6 term/screen-256color (Macintosh; Intel Mac OS X 24.2.0)'} and data {'grant_type': 'authorization_code', 'client_id': '764086051850-6qr4p6gpi6hn506pt8ejuq83di341hur.apps.googleusercontent.com', 'client_secret': 'd-FL95Q19q7MQmFpd7hHD0Ty', 'code': '4/0ASVgi3It_cziTE_5HP0w9pNA-96DZumiqKNpmAqkel-h5FDbeJO9rL364vmu45GK0QwE9g', 'redirect_uri': 'http://localhost:8085/', 'code_verifier': 'YX0mm69srVgKMncUggbBgyxH~y3md2ardpO8N_onaLikgCa5mmv~VZdm0eLW4kezjpKjjw.NaZQEhYxvsS2KwvAq~E3A.NhZwZErqwgAZ5I0L2gjOg1VsogWjn8Ocr-P'}
2025-02-05 15:00:57,482 DEBUG    requests_oauthlib.oauth2_session Passing through key word arguments {'json': None, 'timeout': None, 'auth': None, 'verify': None, 'proxies': None}.
2025-02-05 15:00:57,490 DEBUG    urllib3.connectionpool Starting new HTTPS connection (1): oauth2.googleapis.com:443
2025-02-05 15:00:57,685 DEBUG    urllib3.connectionpool https://oauth2.googleapis.com:443 "POST /token HTTP/1.1" 200 None
2025-02-05 15:00:57,686 DEBUG    requests_oauthlib.oauth2_session Prepared fetch token request body grant_type=authorization_code&client_id=764086051850-6qr4p6gpi6hn506pt8ejuq83di341hur.apps.googleusercontent.com&client_secret=d-FL95Q19q7MQmFpd7hHD0Ty&code=4%2F0ASVgi3It_cziTE_5HP0w9pNA-96DZumiqKNpmAqkel-h5FDbeJO9rL364vmu45GK0QwE9g&redirect_uri=http%3A%2F%2Flocalhost%3A8085%2F&code_verifier=YX0mm69srVgKMncUggbBgyxH~y3md2ardpO8N_onaLikgCa5mmv~VZdm0eLW4kezjpKjjw.NaZQEhYxvsS2KwvAq~E3A.NhZwZErqwgAZ5I0L2gjOg1VsogWjn8Ocr-P
2025-02-05 15:00:57,686 DEBUG    requests_oauthlib.oauth2_session Request to fetch token completed with status 200.
2025-02-05 15:00:57,686 DEBUG    requests_oauthlib.oauth2_session Request headers were {'user-agent': b'google-cloud-sdk gcloud/475.0.0 command/gcloud.auth.application-default.login invocation-id/9a0f78a137b241d2b9d3ecb0dbd29269 environment/None environment-version/None client-os/MACOSX client-os-ver/24.2.0 client-pltf-arch/arm interactive/False from-script/False python/3.11.6 term/screen-256color (Macintosh; Intel Mac OS X 24.2.0)', 'Accept-Encoding': 'gzip, deflate', 'Accept': b'application/json', 'Connection': 'keep-alive', 'Content-Type': b'application/x-www-form-urlencoded;charset=UTF-8', 'Content-Length': '421'}
2025-02-05 15:00:57,686 DEBUG    requests_oauthlib.oauth2_session Request body was grant_type=authorization_code&client_id=764086051850-6qr4p6gpi6hn506pt8ejuq83di341hur.apps.googleusercontent.com&client_secret=d-FL95Q19q7MQmFpd7hHD0Ty&code=4%2F0ASVgi3It_cziTE_5HP0w9pNA-96DZumiqKNpmAqkel-h5FDbeJO9rL364vmu45GK0QwE9g&redirect_uri=http%3A%2F%2Flocalhost%3A8085%2F&code_verifier=YX0mm69srVgKMncUggbBgyxH~y3md2ardpO8N_onaLikgCa5mmv~VZdm0eLW4kezjpKjjw.NaZQEhYxvsS2KwvAq~E3A.NhZwZErqwgAZ5I0L2gjOg1VsogWjn8Ocr-P
2025-02-05 15:00:57,687 DEBUG    requests_oauthlib.oauth2_session Response headers were {'Date': 'Wed, 05 Feb 2025 20:00:57 GMT', 'Cache-Control': 'no-cache, no-store, max-age=0, must-revalidate', 'Pragma': 'no-cache', 'Expires': 'Mon, 01 Jan 1990 00:00:00 GMT', 'Content-Type': 'application/json; charset=utf-8', 'Vary': 'Origin, X-Origin, Referer', 'Content-Encoding': 'gzip', 'Server': 'scaffolding on HTTPServer2', 'X-XSS-Protection': '0', 'X-Frame-Options': 'SAMEORIGIN', 'X-Content-Type-Options': 'nosniff', 'Alt-Svc': 'h3=":443"; ma=2592000,h3-29=":443"; ma=2592000', 'Transfer-Encoding': 'chunked'} and content {
  "access_token": "ya29.a0AXeO80SWLkJJFbeuNuXGPvRVovyxSykYa4cPRpxXwozmx--JBAjBUNvi4znkrTyt983wY2Nju2r96EvxDZWdymsf32MfyQ0HC8AQmI2wLzBPWuExhHss_pLf-9mwYux4ShVHg4P-CreXWbSAaFdy58KhHRKo0NflvsTeMy2maCgYKAWoSARISFQHGX2MiCEF6ohbfrMe-hU8Z_HWFtw0175",
  "expires_in": 3599,
  "refresh_token": "1//01OfIPotsrPjFCgYIARAAGAESNwF-L9Ire-XoeEtppb77G6PTqusTBhXF_dH57kRqr2jK391_4H_qHZB5yby3uB2TszGOiWGiV-0",
  "scope": "https://www.googleapis.com/auth/cloud-platform https://www.googleapis.com/auth/sqlservice.login openid https://www.googleapis.com/auth/userinfo.email",
  "token_type": "Bearer",
  "id_token": "eyJhbGciOiJSUzI1NiIsImtpZCI6ImVlYzUzNGZhNWI4Y2FjYTIwMWNhOGQwZmY5NmI1NGM1NjIyMTBkMWUiLCJ0eXAiOiJKV1QifQ.eyJpc3MiOiJodHRwczovL2FjY291bnRzLmdvb2dsZS5jb20iLCJhenAiOiI3NjQwODYwNTE4NTAtNnFyNHA2Z3BpNmhuNTA2cHQ4ZWp1cTgzZGkzNDFodXIuYXBwcy5nb29nbGV1c2VyY29udGVudC5jb20iLCJhdWQiOiI3NjQwODYwNTE4NTAtNnFyNHA2Z3BpNmhuNTA2cHQ4ZWp1cTgzZGkzNDFodXIuYXBwcy5nb29nbGV1c2VyY29udGVudC5jb20iLCJzdWIiOiIxMDA2NTI0Mzg1MTI3ODM2OTMzMjkiLCJoZCI6InZhbG9uLmNvbSIsImVtYWlsIjoidGFtamlkLnJhaG1hbkB2YWxvbi5jb20iLCJlbWFpbF92ZXJpZmllZCI6dHJ1ZSwiYXRfaGFzaCI6InUzaVBXTUpQZnR1WmczZUotLVBkeFEiLCJpYXQiOjE3Mzg3ODU2NTcsImV4cCI6MTczODc4OTI1N30.T9JZnIBXcH_eqGuO2FKvESuUqJioNq0MAkd_JhQpWcIG1--79_WXIqdvKpMvVCyGTdkctCcxy5xoQgu2B4tkq0Yan1wsZwKOEhAt6hSwj-QpgKxon36brioLBhXNtHFYfnPTX99LLBZp7qBieLDojLTg3J7ypXmW0fAjCATfgap1FKn-fPqPMJzZD1OiPL2326t0eC7EoY6ekZ0l_kgHJuuRqS0hpGdrmfs9p107jkonMGFAw_mWm8NVmYzUQxMlfRyYV48bmNT3J3z0wjcAha9Ig_Gbb-sp53w6EfcOYxhocyFA1_GidE34i8szaUrw9wFfEbTEcpP-hXNoDmSnHQ"
}.
2025-02-05 15:00:57,687 DEBUG    requests_oauthlib.oauth2_session Invoking 0 token response hooks.
2025-02-05 15:00:57,687 DEBUG    requests_oauthlib.oauth2_session Obtained token {'access_token': 'ya29.a0AXeO80SWLkJJFbeuNuXGPvRVovyxSykYa4cPRpxXwozmx--JBAjBUNvi4znkrTyt983wY2Nju2r96EvxDZWdymsf32MfyQ0HC8AQmI2wLzBPWuExhHss_pLf-9mwYux4ShVHg4P-CreXWbSAaFdy58KhHRKo0NflvsTeMy2maCgYKAWoSARISFQHGX2MiCEF6ohbfrMe-hU8Z_HWFtw0175', 'expires_in': 3599, 'refresh_token': '1//01OfIPotsrPjFCgYIARAAGAESNwF-L9Ire-XoeEtppb77G6PTqusTBhXF_dH57kRqr2jK391_4H_qHZB5yby3uB2TszGOiWGiV-0', 'scope': ['https://www.googleapis.com/auth/cloud-platform', 'https://www.googleapis.com/auth/sqlservice.login', 'openid', 'https://www.googleapis.com/auth/userinfo.email'], 'token_type': 'Bearer', 'id_token': 'eyJhbGciOiJSUzI1NiIsImtpZCI6ImVlYzUzNGZhNWI4Y2FjYTIwMWNhOGQwZmY5NmI1NGM1NjIyMTBkMWUiLCJ0eXAiOiJKV1QifQ.eyJpc3MiOiJodHRwczovL2FjY291bnRzLmdvb2dsZS5jb20iLCJhenAiOiI3NjQwODYwNTE4NTAtNnFyNHA2Z3BpNmhuNTA2cHQ4ZWp1cTgzZGkzNDFodXIuYXBwcy5nb29nbGV1c2VyY29udGVudC5jb20iLCJhdWQiOiI3NjQwODYwNTE4NTAtNnFyNHA2Z3BpNmhuNTA2cHQ4ZWp1cTgzZGkzNDFodXIuYXBwcy5nb29nbGV1c2VyY29udGVudC5jb20iLCJzdWIiOiIxMDA2NTI0Mzg1MTI3ODM2OTMzMjkiLCJoZCI6InZhbG9uLmNvbSIsImVtYWlsIjoidGFtamlkLnJhaG1hbkB2YWxvbi5jb20iLCJlbWFpbF92ZXJpZmllZCI6dHJ1ZSwiYXRfaGFzaCI6InUzaVBXTUpQZnR1WmczZUotLVBkeFEiLCJpYXQiOjE3Mzg3ODU2NTcsImV4cCI6MTczODc4OTI1N30.T9JZnIBXcH_eqGuO2FKvESuUqJioNq0MAkd_JhQpWcIG1--79_WXIqdvKpMvVCyGTdkctCcxy5xoQgu2B4tkq0Yan1wsZwKOEhAt6hSwj-QpgKxon36brioLBhXNtHFYfnPTX99LLBZp7qBieLDojLTg3J7ypXmW0fAjCATfgap1FKn-fPqPMJzZD1OiPL2326t0eC7EoY6ekZ0l_kgHJuuRqS0hpGdrmfs9p107jkonMGFAw_mWm8NVmYzUQxMlfRyYV48bmNT3J3z0wjcAha9Ig_Gbb-sp53w6EfcOYxhocyFA1_GidE34i8szaUrw9wFfEbTEcpP-hXNoDmSnHQ', 'expires_at': 1738789256.687325}.
2025-02-05 15:00:57,695 INFO     ___FILE_ONLY___ 
Credentials saved to file: [/Users/tamjid/.config/gcloud/application_default_credentials.json]

2025-02-05 15:00:57,695 INFO     ___FILE_ONLY___ 
These credentials will be used by any library that requests Application Default Credentials (ADC).

2025-02-05 15:00:57,703 INFO     root            Using alternate credentials from file: [/Users/tamjid/.config/gcloud/application_default_credentials.json]
2025-02-05 15:00:57,712 DEBUG    google.auth.transport.requests Making request: POST https://oauth2.googleapis.com/token
2025-02-05 15:00:57,715 DEBUG    urllib3.connectionpool Starting new HTTPS connection (1): oauth2.googleapis.com:443
2025-02-05 15:00:57,902 DEBUG    urllib3.connectionpool https://oauth2.googleapis.com:443 "POST /token HTTP/1.1" 200 None
2025-02-05 15:00:57,912 INFO     root            Using alternate credentials from file: [/Users/tamjid/.config/gcloud/application_default_credentials.json]
2025-02-05 15:00:57,931 DEBUG    urllib3.connectionpool Starting new HTTPS connection (1): cloudresourcemanager.googleapis.com:443
2025-02-05 15:00:58,283 DEBUG    urllib3.connectionpool https://cloudresourcemanager.googleapis.com:443 "POST /v1/projects/prod-peach-street:testIamPermissions?alt=json HTTP/1.1" 200 None
2025-02-05 15:00:58,288 WARNING  root            
Cannot add the project "prod-peach-street" to ADC as the quota project because the account in ADC does not have the "serviceusage.services.use" permission on this project. You might receive a "quota_exceeded" or "API not enabled" error. Run $ gcloud auth application-default set-quota-project to add a quota project.
2025-02-05 15:00:58,289 DEBUG    root            Chosen display Format:none
2025-02-05 15:00:58,291 INFO     root            Display format: "none"
