2025-02-05 15:04:20,704 DEBUG    root            Loaded Command Group: ['gcloud', 'config']
2025-02-05 15:04:20,705 DEBUG    root            Loaded Command Group: ['gcloud', 'config', 'config_helper']
2025-02-05 15:04:20,706 DEBUG    root            Running [gcloud.config.config-helper] with arguments: [--format: "json", --min-expiry: "3600"]
2025-02-05 15:04:20,711 DEBUG    google.auth.transport.requests Making request: POST https://oauth2.googleapis.com/token
2025-02-05 15:04:20,716 DEBUG    urllib3.connectionpool Starting new HTTPS connection (1): oauth2.googleapis.com:443
2025-02-05 15:04:20,872 DEBUG    urllib3.connectionpool https://oauth2.googleapis.com:443 "POST /token HTTP/1.1" 200 None
2025-02-05 15:04:20,877 DEBUG    root            Chosen display Format:default json
2025-02-05 15:04:20,877 INFO     root            Display format: "default json"
2025-02-05 15:04:20,897 INFO     ___FILE_ONLY___ {
  "configuration": {
    "active_configuration": "default",
    "properties": {
      "core": {
        "account": "tamjid.rahman@valon.com",
        "disable_prompts": "false",
        "disable_usage_reporting": "True",
        "project": "prod-peach-street"
      }
    }
  },
  "credential": {
    "access_token": "ya29.a0AXeO80TO0jvAU7X7syjaaZHMZ8ZohN7AIl-6-WEP86XJiDZPKQ6QPqIcnA8xt8h0F6MboGyPSzGC-3lZVGteTU7nM1sh2RHRfxjqPEhCCLQKSPA1zaJbxyaE6mLexeBP4nA5DE1jNfDP0kbnePvbywJqO0Mx1-caIPPivP45nsKlBAaCgYKAbISARISFQHGX2MiJM5M2FE5_YxwYoiRwrtHGw0181",
    "id_token": "eyJhbGciOiJSUzI1NiIsImtpZCI6ImVlYzUzNGZhNWI4Y2FjYTIwMWNhOGQwZmY5NmI1NGM1NjIyMTBkMWUiLCJ0eXAiOiJKV1QifQ.eyJpc3MiOiJodHRwczovL2FjY291bnRzLmdvb2dsZS5jb20iLCJhenAiOiIzMjU1NTk0MDU1OS5hcHBzLmdvb2dsZXVzZXJjb250ZW50LmNvbSIsImF1ZCI6IjMyNTU1OTQwNTU5LmFwcHMuZ29vZ2xldXNlcmNvbnRlbnQuY29tIiwic3ViIjoiMTAwNjUyNDM4NTEyNzgzNjkzMzI5IiwiaGQiOiJ2YWxvbi5jb20iLCJlbWFpbCI6InRhbWppZC5yYWhtYW5AdmFsb24uY29tIiwiZW1haWxfdmVyaWZpZWQiOnRydWUsImF0X2hhc2giOiIyS1lkdnZ3UURVS3hSeUQ5OUh0eTJBIiwiaWF0IjoxNzM4Nzg1ODYwLCJleHAiOjE3Mzg3ODk0NjB9.DA1SH21ZDNmitX-x6Yd0Wcag9iQGoCb1rkjb464LlhuS55jAKY2X6YxjgEzUZlaNXxEhylfWBagIFffEzv_NSb92oio0DYPTVb2EV7YZq9tcrS8n3_JpBz7jf3FaHfUrDdSd3q7WJjfI9Ehp57soP2v_KC1TzGZUD9h0XdDHoiyNDQjPZtahguSGE75ZvsXe5L05AjNrPH5d1ybvt_Vkf1DbZMsF6tz4kQqSDxgwUjq5JBWaGMX9KvLO_oyVJRoKK-F_ApoEYmArkz6EmCRb_1gI-xInZJ-EQHofmStagfuRpn0aJDuCx79uSOo63XHpQhGq-DQ1UCQlTll8Uw1Ung",
    "token_expiry": "2025-02-05T21:04:19Z"
  },
  "sentinels": {
    "config_sentinel": "/Users/tamjid/.config/gcloud/config_sentinel"
  }
}
2025-02-05 15:04:20,897 INFO     ___FILE_ONLY___ 

