2025-02-05 15:11:31,611 DEBUG    root            Loaded Command Group: ['gcloud', 'config']
2025-02-05 15:11:31,612 DEBUG    root            Loaded Command Group: ['gcloud', 'config', 'config_helper']
2025-02-05 15:11:31,612 DEBUG    root            Running [gcloud.config.config-helper] with arguments: [--format: "json", --min-expiry: "3600"]
2025-02-05 15:11:31,621 DEBUG    google.auth.transport.requests Making request: POST https://oauth2.googleapis.com/token
2025-02-05 15:11:31,626 DEBUG    urllib3.connectionpool Starting new HTTPS connection (1): oauth2.googleapis.com:443
2025-02-05 15:11:31,786 DEBUG    urllib3.connectionpool https://oauth2.googleapis.com:443 "POST /token HTTP/1.1" 200 None
2025-02-05 15:11:31,790 DEBUG    root            Chosen display Format:default json
2025-02-05 15:11:31,790 INFO     root            Display format: "default json"
2025-02-05 15:11:31,810 INFO     ___FILE_ONLY___ {
  "configuration": {
    "active_configuration": "default",
    "properties": {
      "core": {
        "account": "tamjid.rahman@valon.com",
        "disable_prompts": "false",
        "disable_usage_reporting": "True",
        "project": "prod-peach-street"
      }
    }
  },
  "credential": {
    "access_token": "ya29.a0AXeO80SyVYLqm3Wh5G_tppGz1JHfKuQZMVBoXAHsa5UwuBsYboLiTMKOulv-e0t1z9JCj9JRXuNoBxgfgjHdLpGGYd6T--P7twnUAVkvuoFpLktEzomMbGCv28CuhOkZBWaO_5FRHV3zO5gEChlSedn2Sia6m1isl23-SJjvDl8uFQaCgYKAVISARISFQHGX2Mi6l6pXu-4U3s5zm1CVKhuSQ0181",
    "id_token": "eyJhbGciOiJSUzI1NiIsImtpZCI6ImVlYzUzNGZhNWI4Y2FjYTIwMWNhOGQwZmY5NmI1NGM1NjIyMTBkMWUiLCJ0eXAiOiJKV1QifQ.eyJpc3MiOiJodHRwczovL2FjY291bnRzLmdvb2dsZS5jb20iLCJhenAiOiIzMjU1NTk0MDU1OS5hcHBzLmdvb2dsZXVzZXJjb250ZW50LmNvbSIsImF1ZCI6IjMyNTU1OTQwNTU5LmFwcHMuZ29vZ2xldXNlcmNvbnRlbnQuY29tIiwic3ViIjoiMTAwNjUyNDM4NTEyNzgzNjkzMzI5IiwiaGQiOiJ2YWxvbi5jb20iLCJlbWFpbCI6InRhbWppZC5yYWhtYW5AdmFsb24uY29tIiwiZW1haWxfdmVyaWZpZWQiOnRydWUsImF0X2hhc2giOiJ4aTBROVBvOU9Hc2ZYd0pfRUU2Z25BIiwiaWF0IjoxNzM4Nzg2MjkxLCJleHAiOjE3Mzg3ODk4OTF9.lUtdddwTf6yEiHA-0RT32dRCoAhTaG8bZU4RVH7_xsaxUEQUgoWnO_AdAH1g4w07lVx129utBQckWpDIrl9TrxlFOGUQxT1lIayY-MSPxWXrORGGvs1G45UBuE2TM_ouMalxFwjS5aWaMalcpbM39gI17OJ2g92pmH5B4FrldBvG597ynVWnHH5eoehSiXG_OGjKfB3Nw9N1I4n8gVPCbz3eqqgXA-VwaKPuWieKyXWrOdKnE3XrXVGyz-JwBjJkWue94HW38Nh2F18pNgBEwPUE0WuQ9pjbOzYTqeSzmRrgKKrVdVp0kIxsnnJtaIvRFzsOSpmMdZVeTKQ32lL5jQ",
    "token_expiry": "2025-02-05T21:11:30Z"
  },
  "sentinels": {
    "config_sentinel": "/Users/tamjid/.config/gcloud/config_sentinel"
  }
}
2025-02-05 15:11:31,810 INFO     ___FILE_ONLY___ 

