2025-02-05 15:47:32,366 DEBUG    root            Loaded Command Group: ['gcloud', 'config']
2025-02-05 15:47:32,367 DEBUG    root            Loaded Command Group: ['gcloud', 'config', 'config_helper']
2025-02-05 15:47:32,368 DEBUG    root            Running [gcloud.config.config-helper] with arguments: [--format: "json", --min-expiry: "3600"]
2025-02-05 15:47:32,377 DEBUG    google.auth.transport.requests Making request: POST https://oauth2.googleapis.com/token
2025-02-05 15:47:32,404 DEBUG    urllib3.connectionpool Starting new HTTPS connection (1): oauth2.googleapis.com:443
2025-02-05 15:47:32,567 DEBUG    urllib3.connectionpool https://oauth2.googleapis.com:443 "POST /token HTTP/1.1" 200 None
2025-02-05 15:47:32,573 DEBUG    root            Chosen display Format:default json
2025-02-05 15:47:32,573 INFO     root            Display format: "default json"
2025-02-05 15:47:32,651 INFO     ___FILE_ONLY___ {
  "configuration": {
    "active_configuration": "default",
    "properties": {
      "core": {
        "account": "tamjid.rahman@valon.com",
        "disable_prompts": "false",
        "disable_usage_reporting": "True",
        "project": "prod-peach-street"
      }
    }
  },
  "credential": {
    "access_token": "ya29.a0AXeO80R1l1GBb5t_MnJCgGE-MnX11TUWYDFrh70IqdUuEQxoXjtCVk-80zGs2AApEt8uosrnBVoxmUVgaf2N-MHo7j7FgDxWZuqyL_5HLq3xCIRg-J1OqisdEAscwxHFVC-jFVzCeY-xFfL5cCahF9qQ2P1HSv9MyX54-6Q4Cc_ujgaCgYKAZoSARISFQHGX2MiC7bs_EU26X2rzX8PGlC1vg0181",
    "id_token": "eyJhbGciOiJSUzI1NiIsImtpZCI6ImVlYzUzNGZhNWI4Y2FjYTIwMWNhOGQwZmY5NmI1NGM1NjIyMTBkMWUiLCJ0eXAiOiJKV1QifQ.eyJpc3MiOiJodHRwczovL2FjY291bnRzLmdvb2dsZS5jb20iLCJhenAiOiIzMjU1NTk0MDU1OS5hcHBzLmdvb2dsZXVzZXJjb250ZW50LmNvbSIsImF1ZCI6IjMyNTU1OTQwNTU5LmFwcHMuZ29vZ2xldXNlcmNvbnRlbnQuY29tIiwic3ViIjoiMTAwNjUyNDM4NTEyNzgzNjkzMzI5IiwiaGQiOiJ2YWxvbi5jb20iLCJlbWFpbCI6InRhbWppZC5yYWhtYW5AdmFsb24uY29tIiwiZW1haWxfdmVyaWZpZWQiOnRydWUsImF0X2hhc2giOiJtOEZTa05wR1N5NHBXRjNCTnpyMHpBIiwiaWF0IjoxNzM4Nzg4NDUyLCJleHAiOjE3Mzg3OTIwNTJ9.G4yYTAs30BticudQW2GNm0I5JBp9CDsrrAf63GsnAL-uw8iGllIVG2yCZj_XMhPN_ibeABGoZ4L3U_E_ninf2LkYL1TyvsobP_iqp-58HxuHF9j4WAOpJWC0bey32Jrnl_xFNmPol1SUxBYNDSjy_6jOfFpdV8loJ-CzI4ik5n53ry64uQh1KnfGaD7K_JrcI3Alrxemk6gsiayGbQvugR0HjnpJFIPQNeGX2BwCzQQiBEq2-SpWsUykEJNLSe3VxMUc5zQQNSLjFmsB0G9PKj6Gcl8NKZpuuHehdgAprPie-pYOPVV-FF1ZiXtkI7H29XXzoyYsNj4igSd52J2EkQ",
    "token_expiry": "2025-02-05T21:47:31Z"
  },
  "sentinels": {
    "config_sentinel": "/Users/tamjid/.config/gcloud/config_sentinel"
  }
}
2025-02-05 15:47:32,651 INFO     ___FILE_ONLY___ 

