2025-02-05 17:34:50,205 DEBUG    root            Loaded Command Group: ['gcloud', 'config']
2025-02-05 17:34:50,207 DEBUG    root            Loaded Command Group: ['gcloud', 'config', 'config_helper']
2025-02-05 17:34:50,208 DEBUG    root            Running [gcloud.config.config-helper] with arguments: [--format: "json", --min-expiry: "3600"]
2025-02-05 17:34:50,222 DEBUG    google.auth.transport.requests Making request: POST https://oauth2.googleapis.com/token
2025-02-05 17:34:50,248 DEBUG    urllib3.connectionpool Starting new HTTPS connection (1): oauth2.googleapis.com:443
2025-02-05 17:34:50,424 DEBUG    urllib3.connectionpool https://oauth2.googleapis.com:443 "POST /token HTTP/1.1" 200 None
2025-02-05 17:34:50,428 DEBUG    google.auth.transport.requests Making request: POST https://oauth2.googleapis.com/token
2025-02-05 17:34:50,430 DEBUG    urllib3.connectionpool Starting new HTTPS connection (1): oauth2.googleapis.com:443
2025-02-05 17:34:50,591 DEBUG    urllib3.connectionpool https://oauth2.googleapis.com:443 "POST /token HTTP/1.1" 200 None
2025-02-05 17:34:50,596 DEBUG    root            Chosen display Format:default json
2025-02-05 17:34:50,596 INFO     root            Display format: "default json"
2025-02-05 17:34:50,673 INFO     ___FILE_ONLY___ {
  "configuration": {
    "active_configuration": "default",
    "properties": {
      "core": {
        "account": "tamjid.rahman@valon.com",
        "disable_prompts": "false",
        "disable_usage_reporting": "True",
        "project": "prod-peach-street"
      }
    }
  },
  "credential": {
    "access_token": "ya29.a0AXeO80TZ97u2hDpDMdvqxtqc4ONOkjTacty_SBU9cKczB6qRVT3TNpc8eTbtxBn-u9UB1tV10oWwk_9XwIpj5qxBQK3dCCR6KMIkdpkN5Hl-0f5a9kRVjSS1yrBQyxAIUbB_qabMjAPoTFEPR7lh_vZzEwlybseDbazx0gaCDcDBAQaCgYKAY8SARISFQHGX2MibiDScRBFI19J3f_VvWURWg0181",
    "id_token": "eyJhbGciOiJSUzI1NiIsImtpZCI6ImVlYzUzNGZhNWI4Y2FjYTIwMWNhOGQwZmY5NmI1NGM1NjIyMTBkMWUiLCJ0eXAiOiJKV1QifQ.eyJpc3MiOiJodHRwczovL2FjY291bnRzLmdvb2dsZS5jb20iLCJhenAiOiIzMjU1NTk0MDU1OS5hcHBzLmdvb2dsZXVzZXJjb250ZW50LmNvbSIsImF1ZCI6IjMyNTU1OTQwNTU5LmFwcHMuZ29vZ2xldXNlcmNvbnRlbnQuY29tIiwic3ViIjoiMTAwNjUyNDM4NTEyNzgzNjkzMzI5IiwiaGQiOiJ2YWxvbi5jb20iLCJlbWFpbCI6InRhbWppZC5yYWhtYW5AdmFsb24uY29tIiwiZW1haWxfdmVyaWZpZWQiOnRydWUsImF0X2hhc2giOiJVWG00cjZic1VDQ2pVaXdFTnFMbWl3IiwiaWF0IjoxNzM4Nzk0ODkwLCJleHAiOjE3Mzg3OTg0OTB9.soZq4YjWbUtZ45WapWffg_0230JY2v9pbj6fKfsEr4j9R2ZrnTxKet5G3kB1pFpisTtsrWGX6U_R5rUnx8MFORO3Jdgs37bO6lWq1-AQ0rjmY6RpZVsURazk4ZOL8J0QlagGBd4LfVDDPV_gwwj9CcQQ4X7QMzZuX8R6amuaZMGopvzQs3GPkR2tOnF37f09wgyaOborz0VDsCTZD3Hsb6bFpTLGo7Fcq8HUH24E0EcSwuU1ZZvUUBW2ZiieDiaa6b_oiNyEMlk7HcQnmfRLG0wapvazSPkscIgpoFkaHmOOO8RaBCAcaTqH8sv5yUc3PABmecwiqyuPAdbHc6AcQg",
    "token_expiry": "2025-02-05T23:34:49Z"
  },
  "sentinels": {
    "config_sentinel": "/Users/tamjid/.config/gcloud/config_sentinel"
  }
}
2025-02-05 17:34:50,673 INFO     ___FILE_ONLY___ 

2025-02-05 17:34:50,674 DEBUG    root            Checking for updates...
2025-02-05 17:34:50,706 DEBUG    urllib3.connectionpool Starting new HTTPS connection (1): dl.google.com:443
2025-02-05 17:34:50,823 DEBUG    urllib3.connectionpool https://dl.google.com:443 "GET /dl/cloudsdk/channels/rapid/components-2.json HTTP/1.1" 200 227832
