2025-02-05 17:34:51,224 DEBUG    root            Loaded Command Group: ['gcloud', 'config']
2025-02-05 17:34:51,224 DEBUG    root            Loaded Command Group: ['gcloud', 'config', 'config_helper']
2025-02-05 17:34:51,225 DEBUG    root            Running [gcloud.config.config-helper] with arguments: [--format: "json", --min-expiry: "3600"]
2025-02-05 17:34:51,231 DEBUG    google.auth.transport.requests Making request: POST https://oauth2.googleapis.com/token
2025-02-05 17:34:51,236 DEBUG    urllib3.connectionpool Starting new HTTPS connection (1): oauth2.googleapis.com:443
2025-02-05 17:34:51,402 DEBUG    urllib3.connectionpool https://oauth2.googleapis.com:443 "POST /token HTTP/1.1" 200 None
2025-02-05 17:34:51,406 DEBUG    root            Chosen display Format:default json
2025-02-05 17:34:51,406 INFO     root            Display format: "default json"
2025-02-05 17:34:51,423 INFO     ___FILE_ONLY___ {
  "configuration": {
    "active_configuration": "default",
    "properties": {
      "core": {
        "account": "tamjid.rahman@valon.com",
        "disable_prompts": "false",
        "disable_usage_reporting": "True",
        "project": "prod-peach-street"
      }
    }
  },
  "credential": {
    "access_token": "ya29.a0AXeO80TH7fEMBJ7kMJKMloH15B1x792RuUPsIhLUYAwo97_l9p-WZhds3XEsP_xZMssqAlTIp5N7J8Fwq0TcfL2Gb1JpImYAJpJUZbbrDu5K1Mhhh6h_NZJL8ryBHxFzPTg8jQ195FP3vKDUOJkABFlZ5q53d4zrwvJZ8Rfk1REvIgaCgYKAb8SARISFQHGX2Mijjdx2KrnIYpYH-LYtRH-yQ0181",
    "id_token": "eyJhbGciOiJSUzI1NiIsImtpZCI6ImVlYzUzNGZhNWI4Y2FjYTIwMWNhOGQwZmY5NmI1NGM1NjIyMTBkMWUiLCJ0eXAiOiJKV1QifQ.eyJpc3MiOiJodHRwczovL2FjY291bnRzLmdvb2dsZS5jb20iLCJhenAiOiIzMjU1NTk0MDU1OS5hcHBzLmdvb2dsZXVzZXJjb250ZW50LmNvbSIsImF1ZCI6IjMyNTU1OTQwNTU5LmFwcHMuZ29vZ2xldXNlcmNvbnRlbnQuY29tIiwic3ViIjoiMTAwNjUyNDM4NTEyNzgzNjkzMzI5IiwiaGQiOiJ2YWxvbi5jb20iLCJlbWFpbCI6InRhbWppZC5yYWhtYW5AdmFsb24uY29tIiwiZW1haWxfdmVyaWZpZWQiOnRydWUsImF0X2hhc2giOiJnLXBJMDlaTFA1c3U1c2pKT3BOOHN3IiwiaWF0IjoxNzM4Nzk0ODkxLCJleHAiOjE3Mzg3OTg0OTF9.1bfEQ_fsTUAlBKiJpsGbo3uRmqI2GE64PwtVJFqC4wz2EoaVWq_DERKQNyIDNh14XviemXn2l9Yt1F0b_IgdnNz2-Q7YaafZ6n8qTlXs7nmSakJv7Qn2QiGgpWsFshkiEsoi_3RLWYuEeK0RgjRWypWpgXauIRg-AmK-IpnKc1duIw6zwzdrjDSSDopX9BisGrEsKLBpodUFKi_UqUpw6rQvQhl9zs8OkVFByicYeGHuA0ezVzdSG_RCAbf6FMQV_Uvp5DK5rTCuNm-rF2I0HhzrsA4QOQE4TCnIdqZX2fa5mgRfZPn139pfFW79WKxQxN7M8OJL5_VCwp84M_I_KA",
    "token_expiry": "2025-02-05T23:34:50Z"
  },
  "sentinels": {
    "config_sentinel": "/Users/tamjid/.config/gcloud/config_sentinel"
  }
}
2025-02-05 17:34:51,423 INFO     ___FILE_ONLY___ 

