2025-02-05 17:35:14,302 DEBUG    root            Loaded Command Group: ['gcloud', 'config']
2025-02-05 17:35:14,303 DEBUG    root            Loaded Command Group: ['gcloud', 'config', 'config_helper']
2025-02-05 17:35:14,304 DEBUG    root            Running [gcloud.config.config-helper] with arguments: [--format: "json", --min-expiry: "3600"]
2025-02-05 17:35:14,310 DEBUG    google.auth.transport.requests Making request: POST https://oauth2.googleapis.com/token
2025-02-05 17:35:14,315 DEBUG    urllib3.connectionpool Starting new HTTPS connection (1): oauth2.googleapis.com:443
2025-02-05 17:35:14,480 DEBUG    urllib3.connectionpool https://oauth2.googleapis.com:443 "POST /token HTTP/1.1" 200 None
2025-02-05 17:35:14,485 DEBUG    root            Chosen display Format:default json
2025-02-05 17:35:14,485 INFO     root            Display format: "default json"
2025-02-05 17:35:14,506 INFO     ___FILE_ONLY___ {
  "configuration": {
    "active_configuration": "default",
    "properties": {
      "core": {
        "account": "tamjid.rahman@valon.com",
        "disable_prompts": "false",
        "disable_usage_reporting": "True",
        "project": "prod-peach-street"
      }
    }
  },
  "credential": {
    "access_token": "ya29.a0AXeO80QqIgDKhQEAsKislziu65OOs-mbecbhLAGSvC-yK05D92MX4iIUp5uZkKSiZJCNHKJiZMB3SHx_DDdiQw0nnOlzg-1UrZaOFzXFV_tzniGlTs1IxSHl8Y2ayC2KeLYTR83b61FU2FCqJ_34hZSYo4RjksFvvgtMMjzfLclXXAaCgYKAZ0SARISFQHGX2MiCNVNJQUAU9juMearrnPTPg0181",
    "id_token": "eyJhbGciOiJSUzI1NiIsImtpZCI6ImVlYzUzNGZhNWI4Y2FjYTIwMWNhOGQwZmY5NmI1NGM1NjIyMTBkMWUiLCJ0eXAiOiJKV1QifQ.eyJpc3MiOiJodHRwczovL2FjY291bnRzLmdvb2dsZS5jb20iLCJhenAiOiIzMjU1NTk0MDU1OS5hcHBzLmdvb2dsZXVzZXJjb250ZW50LmNvbSIsImF1ZCI6IjMyNTU1OTQwNTU5LmFwcHMuZ29vZ2xldXNlcmNvbnRlbnQuY29tIiwic3ViIjoiMTAwNjUyNDM4NTEyNzgzNjkzMzI5IiwiaGQiOiJ2YWxvbi5jb20iLCJlbWFpbCI6InRhbWppZC5yYWhtYW5AdmFsb24uY29tIiwiZW1haWxfdmVyaWZpZWQiOnRydWUsImF0X2hhc2giOiI4NGwzZ2RjN045ODJ2TzBidHFWdzN3IiwiaWF0IjoxNzM4Nzk0OTE0LCJleHAiOjE3Mzg3OTg1MTR9.PahMZ7teaMfJ-7RPYuTzptVVtnV49XmgP9oV1NM2jEi-Vb7BTzgh53V0Jj00l24g2_CtfwddyBk_YU5ZZTTj9l9ySUxt5Zz8WQETf-sSagff7XQl4u0eMUcSAp5zjtJxC1FcumdMHW598zMZW-fTB5g6MxjCDYuM0JCYT_8IrOkOy2uS_LZa06GbBLVPQ-6xFnqjuLdLEjqf5gH4kifnztB9_l4yZT5LgktF-HCgxXAy4kJaZ83mTLkbT_R9FXGZhddskaEbKw8nuwY45zhqQ8jAI4DpyQe5c8YS3HFKjQapkNvQKov6KVAKQ0gRiLjNdq-rVTDc7SPMtlHX3hpfxA",
    "token_expiry": "2025-02-05T23:35:13Z"
  },
  "sentinels": {
    "config_sentinel": "/Users/tamjid/.config/gcloud/config_sentinel"
  }
}
2025-02-05 17:35:14,506 INFO     ___FILE_ONLY___ 

