2025-02-08 17:08:29,292 DEBUG    root            Loaded Command Group: ['gcloud', 'config']
2025-02-08 17:08:29,293 DEBUG    root            Loaded Command Group: ['gcloud', 'config', 'config_helper']
2025-02-08 17:08:29,293 DEBUG    root            Running [gcloud.config.config-helper] with arguments: [--format: "json", --min-expiry: "3600"]
2025-02-08 17:08:29,299 DEBUG    google.auth.transport.requests Making request: POST https://oauth2.googleapis.com/token
2025-02-08 17:08:29,304 DEBUG    urllib3.connectionpool Starting new HTTPS connection (1): oauth2.googleapis.com:443
2025-02-08 17:08:29,470 DEBUG    urllib3.connectionpool https://oauth2.googleapis.com:443 "POST /token HTTP/1.1" 200 None
2025-02-08 17:08:29,477 DEBUG    root            Chosen display Format:default json
2025-02-08 17:08:29,478 INFO     root            Display format: "default json"
2025-02-08 17:08:29,496 INFO     ___FILE_ONLY___ {
  "configuration": {
    "active_configuration": "default",
    "properties": {
      "core": {
        "account": "tamjid.rahman@valon.com",
        "disable_prompts": "false",
        "disable_usage_reporting": "True",
        "project": "prod-peach-street"
      }
    }
  },
  "credential": {
    "access_token": "ya29.a0AXeO80S7676PbHH3rjnaqqdg_M1R5zoZbZOtz61acWDJWNUaf8Cm-7mWoOCeCzNHdl01I0g18JrIARZWJeZCQJxi03lfO6xD3gLFx9Y__hVKGL1Ivco6wzEYUFnLV2dY67_2fGVFPVeYbofNJJJFFKw3vNhGmgdbdkgGG9X2klq1QAaCgYKAS4SARISFQHGX2MiQQEuYd6WkiHmy2UCxcFSHw0181",
    "id_token": "eyJhbGciOiJSUzI1NiIsImtpZCI6ImVlYzUzNGZhNWI4Y2FjYTIwMWNhOGQwZmY5NmI1NGM1NjIyMTBkMWUiLCJ0eXAiOiJKV1QifQ.eyJpc3MiOiJodHRwczovL2FjY291bnRzLmdvb2dsZS5jb20iLCJhenAiOiIzMjU1NTk0MDU1OS5hcHBzLmdvb2dsZXVzZXJjb250ZW50LmNvbSIsImF1ZCI6IjMyNTU1OTQwNTU5LmFwcHMuZ29vZ2xldXNlcmNvbnRlbnQuY29tIiwic3ViIjoiMTAwNjUyNDM4NTEyNzgzNjkzMzI5IiwiaGQiOiJ2YWxvbi5jb20iLCJlbWFpbCI6InRhbWppZC5yYWhtYW5AdmFsb24uY29tIiwiZW1haWxfdmVyaWZpZWQiOnRydWUsImF0X2hhc2giOiJNOFhxeGFDMzRaR2FQa2xuWVJVWm1RIiwiaWF0IjoxNzM5MDUyNTA5LCJleHAiOjE3MzkwNTYxMDl9.ZwkdS739c-8QlQdx2oq33B_OW8qy3QtXEAi3SzfAJmzBFAKPa-RnpRvzO16l_GA0aoRxmoPvWlI7-FNh2vsEjiag6dv7ovn1TDnjHH3mgZgxKd_vfvtIkIiK8ZitI0s6H7NrcjVmWuPOhpmrt0D3c7fLZRhnsq0WpagJNeHQYx5GeY0CzqFX4_ve6olSpadUzSnS_fv6ggoCIHRPtdx_UbZKZlwxjMVtl1qg1kG7iRPSBYo9z8Bbaz-ifD9Blc-CQhc5OYuwUq_TMLfRGF7AeIabhN7OEjS4cCdV0k8_CIOzw9GGY4xkYXXJiIJKuHPdq17PlIf8yZW5rSctVV-1eQ",
    "token_expiry": "2025-02-08T23:08:28Z"
  },
  "sentinels": {
    "config_sentinel": "/Users/tamjid/.config/gcloud/config_sentinel"
  }
}
2025-02-08 17:08:29,496 INFO     ___FILE_ONLY___ 

