2025-02-08 17:08:17,970 DEBUG    root            Loaded Command Group: ['gcloud', 'auth']
2025-02-08 17:08:17,979 DEBUG    root            Loaded Command Group: ['gcloud', 'auth', 'login']
2025-02-08 17:08:17,980 DEBUG    root            Running [gcloud.auth.login] with arguments: []
2025-02-08 17:08:18,013 DEBUG    requests_oauthlib.oauth2_session Generated new state 8nzw43WG9cRQhuFwyndt6vMj4KSRC2.
2025-02-08 17:08:18,112 INFO     ___FILE_ONLY___ Your browser has been opened to visit:

    https://accounts.google.com/o/oauth2/auth?response_type=code&client_id=32555940559.apps.googleusercontent.com&redirect_uri=http%3A%2F%2Flocalhost%3A8085%2F&scope=openid+https%3A%2F%2Fwww.googleapis.com%2Fauth%2Fuserinfo.email+https%3A%2F%2Fwww.googleapis.com%2Fauth%2Fcloud-platform+https%3A%2F%2Fwww.googleapis.com%2Fauth%2Fappengine.admin+https%3A%2F%2Fwww.googleapis.com%2Fauth%2Fsqlservice.login+https%3A%2F%2Fwww.googleapis.com%2Fauth%2Fcompute+https%3A%2F%2Fwww.googleapis.com%2Fauth%2Faccounts.reauth&state=8nzw43WG9cRQhuFwyndt6vMj4KSRC2&access_type=offline&code_challenge=fXagSJ_1SHA60tU03pa79ymm53KqRD-CFLhvSQpIzqk&code_challenge_method=S256


2025-02-08 17:08:28,688 INFO     google_auth_oauthlib.flow "GET /?state=8nzw43WG9cRQhuFwyndt6vMj4KSRC2&code=4/0ASVgi3JxFwU5EG1iqwquTaReaU4tOzJf_GNYGv_sVeBSQrBZ-rx5hV086mbf_sdwpNpfjQ&scope=email%20openid%20https://www.googleapis.com/auth/userinfo.email%20https://www.googleapis.com/auth/cloud-platform%20https://www.googleapis.com/auth/appengine.admin%20https://www.googleapis.com/auth/sqlservice.login%20https://www.googleapis.com/auth/compute%20https://www.googleapis.com/auth/accounts.reauth&authuser=0&hd=valon.com&prompt=consent HTTP/1.1" 200 959
2025-02-08 17:08:28,689 DEBUG    requests_oauthlib.oauth2_session Requesting url https://oauth2.googleapis.com/token using method POST.
2025-02-08 17:08:28,690 DEBUG    requests_oauthlib.oauth2_session Supplying headers {b'Accept': b'application/json', b'Content-Type': b'application/x-www-form-urlencoded;charset=UTF-8', b'user-agent': b'google-cloud-sdk gcloud/475.0.0 command/gcloud.auth.login invocation-id/f85d3526118c4d9a8dd8ce75fe109d6c environment/None environment-version/None client-os/MACOSX client-os-ver/24.2.0 client-pltf-arch/arm interactive/False from-script/False python/3.11.6 term/screen-256color (Macintosh; Intel Mac OS X 24.2.0)'} and data {'grant_type': 'authorization_code', 'client_id': '32555940559.apps.googleusercontent.com', 'client_secret': 'ZmssLNjJy2998hD4CTg2ejr2', 'code': '4/0ASVgi3JxFwU5EG1iqwquTaReaU4tOzJf_GNYGv_sVeBSQrBZ-rx5hV086mbf_sdwpNpfjQ', 'redirect_uri': 'http://localhost:8085/', 'code_verifier': 'kHbN9x4mzfLxeJnoMmbaWnUZJYAxMKXxxUSOzH04JBnGR~eb8QHd.u27DrEfC_CR1PPM1BDhIJZwQrxQVk.4Myp7LxpWK_6mUXd8cQe~oXDpO1-S4FtI.bMYd-5taw5z'}
2025-02-08 17:08:28,690 DEBUG    requests_oauthlib.oauth2_session Passing through key word arguments {'json': None, 'timeout': None, 'auth': None, 'verify': None, 'proxies': None}.
2025-02-08 17:08:28,700 DEBUG    urllib3.connectionpool Starting new HTTPS connection (1): oauth2.googleapis.com:443
2025-02-08 17:08:28,902 DEBUG    urllib3.connectionpool https://oauth2.googleapis.com:443 "POST /token HTTP/1.1" 200 None
2025-02-08 17:08:28,904 DEBUG    requests_oauthlib.oauth2_session Prepared fetch token request body grant_type=authorization_code&client_id=32555940559.apps.googleusercontent.com&client_secret=ZmssLNjJy2998hD4CTg2ejr2&code=4%2F0ASVgi3JxFwU5EG1iqwquTaReaU4tOzJf_GNYGv_sVeBSQrBZ-rx5hV086mbf_sdwpNpfjQ&redirect_uri=http%3A%2F%2Flocalhost%3A8085%2F&code_verifier=kHbN9x4mzfLxeJnoMmbaWnUZJYAxMKXxxUSOzH04JBnGR~eb8QHd.u27DrEfC_CR1PPM1BDhIJZwQrxQVk.4Myp7LxpWK_6mUXd8cQe~oXDpO1-S4FtI.bMYd-5taw5z
2025-02-08 17:08:28,907 DEBUG    requests_oauthlib.oauth2_session Request to fetch token completed with status 200.
2025-02-08 17:08:28,907 DEBUG    requests_oauthlib.oauth2_session Request headers were {'user-agent': b'google-cloud-sdk gcloud/475.0.0 command/gcloud.auth.login invocation-id/f85d3526118c4d9a8dd8ce75fe109d6c environment/None environment-version/None client-os/MACOSX client-os-ver/24.2.0 client-pltf-arch/arm interactive/False from-script/False python/3.11.6 term/screen-256color (Macintosh; Intel Mac OS X 24.2.0)', 'Accept-Encoding': 'gzip, deflate', 'Accept': b'application/json', 'Connection': 'keep-alive', 'Content-Type': b'application/x-www-form-urlencoded;charset=UTF-8', 'Content-Length': '387'}
2025-02-08 17:08:28,907 DEBUG    requests_oauthlib.oauth2_session Request body was grant_type=authorization_code&client_id=32555940559.apps.googleusercontent.com&client_secret=ZmssLNjJy2998hD4CTg2ejr2&code=4%2F0ASVgi3JxFwU5EG1iqwquTaReaU4tOzJf_GNYGv_sVeBSQrBZ-rx5hV086mbf_sdwpNpfjQ&redirect_uri=http%3A%2F%2Flocalhost%3A8085%2F&code_verifier=kHbN9x4mzfLxeJnoMmbaWnUZJYAxMKXxxUSOzH04JBnGR~eb8QHd.u27DrEfC_CR1PPM1BDhIJZwQrxQVk.4Myp7LxpWK_6mUXd8cQe~oXDpO1-S4FtI.bMYd-5taw5z
2025-02-08 17:08:28,907 DEBUG    requests_oauthlib.oauth2_session Response headers were {'Cache-Control': 'no-cache, no-store, max-age=0, must-revalidate', 'Date': 'Sat, 08 Feb 2025 22:08:28 GMT', 'Expires': 'Mon, 01 Jan 1990 00:00:00 GMT', 'Pragma': 'no-cache', 'Content-Type': 'application/json; charset=utf-8', 'Vary': 'Origin, X-Origin, Referer', 'Content-Encoding': 'gzip', 'Server': 'scaffolding on HTTPServer2', 'X-XSS-Protection': '0', 'X-Frame-Options': 'SAMEORIGIN', 'X-Content-Type-Options': 'nosniff', 'Alt-Svc': 'h3=":443"; ma=2592000,h3-29=":443"; ma=2592000', 'Transfer-Encoding': 'chunked'} and content {
  "access_token": "ya29.a0AXeO80Q6cEdPkdbsD1WMn31ER-chALm2O7Goy0ph19LCeHi9t3CzFOf1DuAPAMcSG5R9fs1HY0dW6KYl0rKFok-Xw_iR9hlpf9NbbZINRFK5yJ9eh1VlGlUkvalZ1kaGFMYOdbJOBRlgsu_AlfhfaV8uwoS5zwOzM0b_OMoovDjo3AaCgYKAX8SARISFQHGX2MivSwzmU2e-dH1-CcHnvjNJQ0181",
  "expires_in": 3599,
  "refresh_token": "1//01zyouu_UuQfZCgYIARAAGAESNwF-L9IrCdxeayBjRyrkbcDHKuK9Wz7wV9Rdo5Q3UO0JcveTd9wTJMKy1w10Ta2sYmNt4pVFptc",
  "scope": "https://www.googleapis.com/auth/accounts.reauth https://www.googleapis.com/auth/appengine.admin https://www.googleapis.com/auth/cloud-platform https://www.googleapis.com/auth/sqlservice.login https://www.googleapis.com/auth/userinfo.email https://www.googleapis.com/auth/compute openid",
  "token_type": "Bearer",
  "id_token": "eyJhbGciOiJSUzI1NiIsImtpZCI6ImVlYzUzNGZhNWI4Y2FjYTIwMWNhOGQwZmY5NmI1NGM1NjIyMTBkMWUiLCJ0eXAiOiJKV1QifQ.eyJpc3MiOiJodHRwczovL2FjY291bnRzLmdvb2dsZS5jb20iLCJhenAiOiIzMjU1NTk0MDU1OS5hcHBzLmdvb2dsZXVzZXJjb250ZW50LmNvbSIsImF1ZCI6IjMyNTU1OTQwNTU5LmFwcHMuZ29vZ2xldXNlcmNvbnRlbnQuY29tIiwic3ViIjoiMTAwNjUyNDM4NTEyNzgzNjkzMzI5IiwiaGQiOiJ2YWxvbi5jb20iLCJlbWFpbCI6InRhbWppZC5yYWhtYW5AdmFsb24uY29tIiwiZW1haWxfdmVyaWZpZWQiOnRydWUsImF0X2hhc2giOiI2X0Q3QmtHWDBtUUUwM3NFbXZKMGpnIiwiaWF0IjoxNzM5MDUyNTA4LCJleHAiOjE3MzkwNTYxMDh9.1E_HHQZnWAtQUtixlI1P1ys33eMpHs-zsHIe_dddvzl_Eb4Sa_un98UgU-E79-HPJ0pJAY7kdPNZZ3Iud4tRMzNpvnMp1tjDY6wBCV1CMEMTqC4mEGr8K2pfCf7yWWMuq8efcuFy6x58Sx-Y9mkCrwIwS22VjogCAkv5Fn5X7iIN3y31cMYtjr5_PQwXJGC76FzHhoofXvggKnvmiylTbxuzIhGfBLYNZmAYMacK2R2oMUVvSkuNFsh706aFwlguybanIYkPp5OXXyqkPVqe1VM5xYezsN_dbsMCc2EQ6ylnR8f7CSU-wafx_eqVQ6znETZBbSZo_sNu8hJkwdAShA"
}.
2025-02-08 17:08:28,907 DEBUG    requests_oauthlib.oauth2_session Invoking 0 token response hooks.
2025-02-08 17:08:28,907 DEBUG    requests_oauthlib.oauth2_session Obtained token {'access_token': 'ya29.a0AXeO80Q6cEdPkdbsD1WMn31ER-chALm2O7Goy0ph19LCeHi9t3CzFOf1DuAPAMcSG5R9fs1HY0dW6KYl0rKFok-Xw_iR9hlpf9NbbZINRFK5yJ9eh1VlGlUkvalZ1kaGFMYOdbJOBRlgsu_AlfhfaV8uwoS5zwOzM0b_OMoovDjo3AaCgYKAX8SARISFQHGX2MivSwzmU2e-dH1-CcHnvjNJQ0181', 'expires_in': 3599, 'refresh_token': '1//01zyouu_UuQfZCgYIARAAGAESNwF-L9IrCdxeayBjRyrkbcDHKuK9Wz7wV9Rdo5Q3UO0JcveTd9wTJMKy1w10Ta2sYmNt4pVFptc', 'scope': ['https://www.googleapis.com/auth/accounts.reauth', 'https://www.googleapis.com/auth/appengine.admin', 'https://www.googleapis.com/auth/cloud-platform', 'https://www.googleapis.com/auth/sqlservice.login', 'https://www.googleapis.com/auth/userinfo.email', 'https://www.googleapis.com/auth/compute', 'openid'], 'token_type': 'Bearer', 'id_token': 'eyJhbGciOiJSUzI1NiIsImtpZCI6ImVlYzUzNGZhNWI4Y2FjYTIwMWNhOGQwZmY5NmI1NGM1NjIyMTBkMWUiLCJ0eXAiOiJKV1QifQ.eyJpc3MiOiJodHRwczovL2FjY291bnRzLmdvb2dsZS5jb20iLCJhenAiOiIzMjU1NTk0MDU1OS5hcHBzLmdvb2dsZXVzZXJjb250ZW50LmNvbSIsImF1ZCI6IjMyNTU1OTQwNTU5LmFwcHMuZ29vZ2xldXNlcmNvbnRlbnQuY29tIiwic3ViIjoiMTAwNjUyNDM4NTEyNzgzNjkzMzI5IiwiaGQiOiJ2YWxvbi5jb20iLCJlbWFpbCI6InRhbWppZC5yYWhtYW5AdmFsb24uY29tIiwiZW1haWxfdmVyaWZpZWQiOnRydWUsImF0X2hhc2giOiI2X0Q3QmtHWDBtUUUwM3NFbXZKMGpnIiwiaWF0IjoxNzM5MDUyNTA4LCJleHAiOjE3MzkwNTYxMDh9.1E_HHQZnWAtQUtixlI1P1ys33eMpHs-zsHIe_dddvzl_Eb4Sa_un98UgU-E79-HPJ0pJAY7kdPNZZ3Iud4tRMzNpvnMp1tjDY6wBCV1CMEMTqC4mEGr8K2pfCf7yWWMuq8efcuFy6x58Sx-Y9mkCrwIwS22VjogCAkv5Fn5X7iIN3y31cMYtjr5_PQwXJGC76FzHhoofXvggKnvmiylTbxuzIhGfBLYNZmAYMacK2R2oMUVvSkuNFsh706aFwlguybanIYkPp5OXXyqkPVqe1VM5xYezsN_dbsMCc2EQ6ylnR8f7CSU-wafx_eqVQ6znETZBbSZo_sNu8hJkwdAShA', 'expires_at': 1739056107.907525}.
2025-02-08 17:08:28,925 INFO     ___FILE_ONLY___ 
You are now logged in as [tamjid.rahman@valon.com].
Your current project is [prod-peach-street].  You can change this setting by running:
  $ gcloud config set project PROJECT_ID

2025-02-08 17:08:28,925 DEBUG    root            Chosen display Format:none
2025-02-08 17:08:28,926 INFO     root            Display format: "none"
