2025-02-08 17:13:00,017 DEBUG    root            Loaded Command Group: ['gcloud', 'config']
2025-02-08 17:13:00,018 DEBUG    root            Loaded Command Group: ['gcloud', 'config', 'config_helper']
2025-02-08 17:13:00,018 DEBUG    root            Running [gcloud.config.config-helper] with arguments: [--format: "json", --min-expiry: "3600"]
2025-02-08 17:13:00,024 DEBUG    google.auth.transport.requests Making request: POST https://oauth2.googleapis.com/token
2025-02-08 17:13:00,029 DEBUG    urllib3.connectionpool Starting new HTTPS connection (1): oauth2.googleapis.com:443
2025-02-08 17:13:00,209 DEBUG    urllib3.connectionpool https://oauth2.googleapis.com:443 "POST /token HTTP/1.1" 200 None
2025-02-08 17:13:00,213 DEBUG    root            Chosen display Format:default json
2025-02-08 17:13:00,213 INFO     root            Display format: "default json"
2025-02-08 17:13:00,230 INFO     ___FILE_ONLY___ {
  "configuration": {
    "active_configuration": "default",
    "properties": {
      "core": {
        "account": "tamjid.rahman@valon.com",
        "disable_prompts": "false",
        "disable_usage_reporting": "True",
        "project": "prod-peach-street"
      }
    }
  },
  "credential": {
    "access_token": "ya29.a0AXeO80RzjTImSRsQBSVUyRBDIvaI-7LILUbMWQrp_OpF6TU1jFd6t-xtv11pW6CYpb3AafPLRsduxGfptT5xOsRgs266IDbVhX9hwqxzzS7bAFUL3E-AVpylvNiPlF5ouqj3UGixsJY2Nz5pxGWIsbYQlNFWcQYt-6BVV4enWx9vWgaCgYKAWgSARISFQHGX2Mi6zi4K6lo9Yc-esFYmTXRlQ0181",
    "id_token": "eyJhbGciOiJSUzI1NiIsImtpZCI6ImVlYzUzNGZhNWI4Y2FjYTIwMWNhOGQwZmY5NmI1NGM1NjIyMTBkMWUiLCJ0eXAiOiJKV1QifQ.eyJpc3MiOiJodHRwczovL2FjY291bnRzLmdvb2dsZS5jb20iLCJhenAiOiIzMjU1NTk0MDU1OS5hcHBzLmdvb2dsZXVzZXJjb250ZW50LmNvbSIsImF1ZCI6IjMyNTU1OTQwNTU5LmFwcHMuZ29vZ2xldXNlcmNvbnRlbnQuY29tIiwic3ViIjoiMTAwNjUyNDM4NTEyNzgzNjkzMzI5IiwiaGQiOiJ2YWxvbi5jb20iLCJlbWFpbCI6InRhbWppZC5yYWhtYW5AdmFsb24uY29tIiwiZW1haWxfdmVyaWZpZWQiOnRydWUsImF0X2hhc2giOiJNN3ZPNmdvUzJ2Wllwa2lDOW55VXN3IiwiaWF0IjoxNzM5MDUyNzgwLCJleHAiOjE3MzkwNTYzODB9.cWtCE3ajHPLdGQ-LYQkYXgop5a-oVcxOXY3jagIcEFdUVj1CxMfgIhQ2p5_ydrltYrcEEhyw1ol-MmCw8rEtXyxlz4ztVRT6cJaJAIpLXYiMGEHGjU9qJbK2gJ-eHoUqb3psCL7wAiEo9D2tQnfsV0Hv9l7laFJqHJn9z8hgPZRLRGTSHkGKhr4dnTHnw5FtXL0XGr1bFMm1q7Gf2gITNtmLM45JPDdbTx1jY0k21hpfNSn_rNhFSe3fYxSzk0aqMBB4HTLQV6a4QrKPojtpK6H9UEuVUKHyYv7Job_zgtrhU5Bmjm9gWBRm-dWLqWEGdaNIj6EUdJUiMTC-yDDdgA",
    "token_expiry": "2025-02-08T23:12:59Z"
  },
  "sentinels": {
    "config_sentinel": "/Users/tamjid/.config/gcloud/config_sentinel"
  }
}
2025-02-08 17:13:00,230 INFO     ___FILE_ONLY___ 

