2025-02-08 17:10:04,281 DEBUG    root            Loaded Command Group: ['gcloud', 'config']
2025-02-08 17:10:04,281 DEBUG    root            Loaded Command Group: ['gcloud', 'config', 'config_helper']
2025-02-08 17:10:04,282 DEBUG    root            Running [gcloud.config.config-helper] with arguments: [--format: "json", --min-expiry: "3600"]
2025-02-08 17:10:04,287 DEBUG    google.auth.transport.requests Making request: POST https://oauth2.googleapis.com/token
2025-02-08 17:10:04,293 DEBUG    urllib3.connectionpool Starting new HTTPS connection (1): oauth2.googleapis.com:443
2025-02-08 17:10:04,454 DEBUG    urllib3.connectionpool https://oauth2.googleapis.com:443 "POST /token HTTP/1.1" 200 None
2025-02-08 17:10:04,458 DEBUG    root            Chosen display Format:default json
2025-02-08 17:10:04,458 INFO     root            Display format: "default json"
2025-02-08 17:10:04,475 INFO     ___FILE_ONLY___ {
  "configuration": {
    "active_configuration": "default",
    "properties": {
      "core": {
        "account": "tamjid.rahman@valon.com",
        "disable_prompts": "false",
        "disable_usage_reporting": "True",
        "project": "prod-peach-street"
      }
    }
  },
  "credential": {
    "access_token": "ya29.a0AXeO80R6UARcMDKcQ9khsL9LJKjJ2xRocQyBOaldhVr7zurAjogKRIDjfHqaSiST8-MuwEMzomCfEAjvxnl_6hkyVfR7SrH75waVhMt2bFUGs18uYbcQdsQhNbOpfHhHUAuRT2NHkl5Uev6nx5dNPsuKgrc5ZjSOAB7dG0sb6Cb3vwaCgYKASsSARISFQHGX2Mi1GAqfJ2wcR98CiGwAY7UkA0181",
    "id_token": "eyJhbGciOiJSUzI1NiIsImtpZCI6ImVlYzUzNGZhNWI4Y2FjYTIwMWNhOGQwZmY5NmI1NGM1NjIyMTBkMWUiLCJ0eXAiOiJKV1QifQ.eyJpc3MiOiJodHRwczovL2FjY291bnRzLmdvb2dsZS5jb20iLCJhenAiOiIzMjU1NTk0MDU1OS5hcHBzLmdvb2dsZXVzZXJjb250ZW50LmNvbSIsImF1ZCI6IjMyNTU1OTQwNTU5LmFwcHMuZ29vZ2xldXNlcmNvbnRlbnQuY29tIiwic3ViIjoiMTAwNjUyNDM4NTEyNzgzNjkzMzI5IiwiaGQiOiJ2YWxvbi5jb20iLCJlbWFpbCI6InRhbWppZC5yYWhtYW5AdmFsb24uY29tIiwiZW1haWxfdmVyaWZpZWQiOnRydWUsImF0X2hhc2giOiI4ejVWZWlIbWhMQll4VExrX3FjWnFBIiwiaWF0IjoxNzM5MDUyNjA0LCJleHAiOjE3MzkwNTYyMDR9.ZtWxH-n9rrbJ3XPzz_Z2Q483WPRH5pXq-pkzeuzb0TgfQTEzh8uMEJodrxIwhjGjoNWej9RpLAW3KPUO4uRdd1K8-nDazpigbzq7ygRK26HlRzo86_bz4iswJucjumXX8E7KD-xJRohOMRibEn62sYbxvbJTeY7l3SBqt3vUhlxtoDf3GHGcig2jbENFffpSvj5vu5l3aaWUZv2r2OwSyOliHVMSwAifxZeGN7eRrM0Ty7WRRY5PX4nvVjNcd578KP1l743Z6WTIYzG1fGsZf4mbi3DO5JDFsnGJBlQ_s6sRvq4OMNRRsyzM2VFN3K0cHxHYQNfbWJPbIXLzOP9LfA",
    "token_expiry": "2025-02-08T23:10:03Z"
  },
  "sentinels": {
    "config_sentinel": "/Users/tamjid/.config/gcloud/config_sentinel"
  }
}
2025-02-08 17:10:04,475 INFO     ___FILE_ONLY___ 

