2025-02-08 18:08:29,780 DEBUG    root            Loaded Command Group: ['gcloud', 'config']
2025-02-08 18:08:29,781 DEBUG    root            Loaded Command Group: ['gcloud', 'config', 'config_helper']
2025-02-08 18:08:29,782 DEBUG    root            Running [gcloud.config.config-helper] with arguments: [--format: "json", --min-expiry: "3600"]
2025-02-08 18:08:29,788 DEBUG    google.auth.transport.requests Making request: POST https://oauth2.googleapis.com/token
2025-02-08 18:08:29,794 DEBUG    urllib3.connectionpool Starting new HTTPS connection (1): oauth2.googleapis.com:443
2025-02-08 18:08:29,951 DEBUG    urllib3.connectionpool https://oauth2.googleapis.com:443 "POST /token HTTP/1.1" 200 None
2025-02-08 18:08:29,955 DEBUG    root            Chosen display Format:default json
2025-02-08 18:08:29,955 INFO     root            Display format: "default json"
2025-02-08 18:08:29,970 INFO     ___FILE_ONLY___ {
  "configuration": {
    "active_configuration": "default",
    "properties": {
      "core": {
        "account": "tamjid.rahman@valon.com",
        "disable_prompts": "false",
        "disable_usage_reporting": "True",
        "project": "prod-peach-street"
      }
    }
  },
  "credential": {
    "access_token": "ya29.a0AXeO80TipJL9hPvfmUILg0aNdwPKToPJ7DIajh7LDjckARbXEK0P-9acLQnkzGl6HthTgAjuKX6I-KWM6EavCldqjNoOgdC7Ak8flaPiqEjcz1osB2B4XT9XSDAY4_t-sJk3OCmBnaiP6PEGGAHZQ2KRdaCZzRa4TROxlfn_a_c6uQaCgYKAaASARISFQHGX2MifbLaJaRXikRwdFYKzptfWw0181",
    "id_token": "eyJhbGciOiJSUzI1NiIsImtpZCI6ImVlYzUzNGZhNWI4Y2FjYTIwMWNhOGQwZmY5NmI1NGM1NjIyMTBkMWUiLCJ0eXAiOiJKV1QifQ.eyJpc3MiOiJodHRwczovL2FjY291bnRzLmdvb2dsZS5jb20iLCJhenAiOiIzMjU1NTk0MDU1OS5hcHBzLmdvb2dsZXVzZXJjb250ZW50LmNvbSIsImF1ZCI6IjMyNTU1OTQwNTU5LmFwcHMuZ29vZ2xldXNlcmNvbnRlbnQuY29tIiwic3ViIjoiMTAwNjUyNDM4NTEyNzgzNjkzMzI5IiwiaGQiOiJ2YWxvbi5jb20iLCJlbWFpbCI6InRhbWppZC5yYWhtYW5AdmFsb24uY29tIiwiZW1haWxfdmVyaWZpZWQiOnRydWUsImF0X2hhc2giOiJRN0hqT2VfbHAxT1V0QmI2dGVmcUpRIiwiaWF0IjoxNzM5MDU2MTA5LCJleHAiOjE3MzkwNTk3MDl9.u4VL8sdQmEBsLLU0F8M9DyYcfA3rIQZU4rfWOWKT_gRhnV07Zsod7dp7LJ4_lTBf1OWSN_GiqvdcqIrUK5UXE1G3X56T-Pgqic5FUTs24Nbt4qZNdP8bEthacHWw2uJ2BJNeWvcPq9Jc0d61PB9Q2Tcl3HH2NVkD1IQP-MBinIrKluXYs-T-yKlfYLTLUHYj4VsybsBUtIplEXtnswvR7orcSkUrBzIqDayZB59_085kT39hLsoeygSin2mo38CMHweAuP-YV_uGqhrIfldsqchItvFoOyaWLTemgRBxsqVTJSg476yCu_KCFM3QFJHGDS1HN1OFcKQ_IPc7-mxsLg",
    "token_expiry": "2025-02-09T00:08:28Z"
  },
  "sentinels": {
    "config_sentinel": "/Users/tamjid/.config/gcloud/config_sentinel"
  }
}
2025-02-08 18:08:29,970 INFO     ___FILE_ONLY___ 

