    84.7ms (setup:1108): 2024-11-19 22:55:49
    84.8ms (setup:1109): /opt/homebrew/bin/pipx install poetry
    84.8ms (setup:1110): pipx version is 1.7.1
    84.8ms (setup:1111): Default python interpreter is '/opt/homebrew/opt/python@3.13/libexec/bin/python'
    84.8ms (mkdir:76): creating directory /Users/tamjid/src/dotfiles/.local/pipx/venvs
    84.9ms (mkdir:76): creating directory /Users/tamjid/src/dotfiles/.local/share/man
    85.0ms (mkdir:76): creating directory /Users/tamjid/src/dotfiles/.local/pipx/.cache
    85.0ms (mkdir:76): creating directory /Users/tamjid/src/dotfiles/.local/pipx/py
    85.1ms (setup:1125): Adding CACHEDIR.TAG to cache directory
    85.2ms (setup:1125): Adding CACHEDIR.TAG to cache directory
    85.5ms (package_name_from_spec:378): Determined package name: poetry
    85.5ms (package_name_from_spec:379): Package name determined in 0.0s
    85.6ms (create_venv:164): Creating virtual environment
    85.7ms (run_subprocess:175): running /opt/homebrew/opt/python@3.13/libexec/bin/python -m venv --without-pip /Users/tamjid/src/dotfiles/.local/pipx/venvs/poetry
   127.7ms (run_subprocess:195): stdout:
   127.7ms (run_subprocess:197): stderr:
   127.8ms (run_subprocess:198): returncode: 0
   128.2ms (run_subprocess:175): running /opt/homebrew/opt/python@3.13/libexec/bin/python -m venv --clear /Users/tamjid/src/dotfiles/.local/pipx/shared
  1137.9ms (run_subprocess:195): stdout:
  1137.9ms (run_subprocess:197): stderr:
  1138.0ms (run_subprocess:198): returncode: 0
  1138.3ms (run_subprocess:175): running <checking pip's availability>
  1165.5ms (run_subprocess:195): stdout: ModuleSpec(name='pip', loader=<_frozen_importlib_external.SourceFileLoader object at 0x10040acb0>, origin='/Users/tamjid/src/dotfiles/.local/pipx/shared/lib/python3.13/site-packages/pip/__init__.py', submodule_search_locations=['/Users/tamjid/src/dotfiles/.local/pipx/shared/lib/python3.13/site-packages/pip'])
  1165.6ms (run_subprocess:198): returncode: 0
  1165.7ms (upgrade:119): Upgrading shared libraries in /Users/tamjid/src/dotfiles/.local/pipx/shared
  1165.9ms (run_subprocess:175): running /Users/tamjid/src/dotfiles/.local/pipx/shared/bin/python -m pip --no-input --disable-pip-version-check install --force-reinstall -q --upgrade pip >= 23.1
  2305.7ms (run_subprocess:195): stdout:
  2305.8ms (run_subprocess:197): stderr:
  2305.8ms (run_subprocess:198): returncode: 0
  2306.1ms (run_subprocess:175): running /Users/tamjid/src/dotfiles/.local/pipx/venvs/poetry/bin/python -c import sysconfig; print(sysconfig.get_path('purelib'))
  2327.6ms (run_subprocess:195): stdout: /Users/tamjid/src/dotfiles/.local/pipx/venvs/poetry/lib/python3.13/site-packages
  2327.7ms (run_subprocess:198): returncode: 0
  2327.9ms (run_subprocess:175): running /Users/tamjid/src/dotfiles/.local/pipx/shared/bin/python -c import sysconfig; print(sysconfig.get_path('purelib'))
  2349.9ms (run_subprocess:195): stdout: /Users/tamjid/src/dotfiles/.local/pipx/shared/lib/python3.13/site-packages
  2349.9ms (run_subprocess:198): returncode: 0
  2350.3ms (run_subprocess:175): running /Users/tamjid/src/dotfiles/.local/pipx/venvs/poetry/bin/python --version
  2360.9ms (run_subprocess:195): stdout: Python 3.13.0
  2361.0ms (run_subprocess:197): stderr:
  2361.0ms (run_subprocess:198): returncode: 0
  2361.2ms (_parsed_package_to_package_or_url:139): cleaned package spec: poetry
  2361.2ms (install_package:247): Installing poetry
  2361.4ms (run_subprocess:175): running /Users/tamjid/src/dotfiles/.local/pipx/venvs/poetry/bin/python -m pip --no-input install poetry
 12882.6ms (run_subprocess:198): returncode: 0
 12883.0ms (run_subprocess:175): running <fetch_info_in_venv commands>
 12906.9ms (run_subprocess:195): stdout: {"sys_path": ["/opt/homebrew/Cellar/python@3.13/3.13.0_1/Frameworks/Python.framework/Versions/3.13/lib/python313.zip", "/opt/homebrew/Cellar/python@3.13/3.13.0_1/Frameworks/Python.framework/Versions/3.13/lib/python3.13", "/opt/homebrew/Cellar/python@3.13/3.13.0_1/Frameworks/Python.framework/Versions/3.13/lib/python3.13/lib-dynload", "/Users/tamjid/src/dotfiles/.local/pipx/venvs/poetry/lib/python3.13/site-packages", "/Users/tamjid/src/dotfiles/.local/pipx/shared/lib/python3.13/site-packages"], "python_version": "3.13.0", "environment": {"implementation_name": "cpython", "implementation_version": "3.13.0", "os_name": "posix", "platform_machine": "arm64", "platform_release": "24.1.0", "platform_system": "Darwin", "platform_version": "Darwin Kernel Version 24.1.0: Thu Oct 10 21:06:57 PDT 2024; root:xnu-11215.41.3~3/RELEASE_ARM64_T6041", "python_full_version": "3.13.0", "platform_python_implementation": "CPython", "python_version": "3.13", "sys_platform": "darwin"}}
 12907.0ms (run_subprocess:198): returncode: 0
 13001.4ms (get_venv_metadata_for_package:351): get_venv_metadata_for_package: 118ms
 13001.4ms (_parsed_package_to_package_or_url:139): cleaned package spec: poetry
 13002.5ms (cli:1187): pipx finished.
