   128.1ms (setup:1108): 2024-11-20 00:24:46
   128.2ms (setup:1109): /opt/homebrew/bin/pipx install uv
   128.2ms (setup:1110): pipx version is 1.7.1
   128.2ms (setup:1111): Default python interpreter is '/opt/homebrew/opt/python@3.13/libexec/bin/python'
   128.6ms (package_name_from_spec:378): Determined package name: uv
   128.6ms (package_name_from_spec:379): Package name determined in 0.0s
   128.7ms (create_venv:164): Creating virtual environment
   128.8ms (run_subprocess:175): running /opt/homebrew/opt/python@3.13/libexec/bin/python -m venv --without-pip /Users/tamjid/src/dotfiles/.local/pipx/venvs/uv
   166.5ms (run_subprocess:195): stdout:
   166.6ms (run_subprocess:197): stderr:
   166.6ms (run_subprocess:198): returncode: 0
   167.1ms (run_subprocess:175): running <checking pip's availability>
   193.6ms (run_subprocess:195): stdout: ModuleSpec(name='pip', loader=<_frozen_importlib_external.SourceFileLoader object at 0x102bf6cb0>, origin='/Users/tamjid/src/dotfiles/.local/pipx/shared/lib/python3.13/site-packages/pip/__init__.py', submodule_search_locations=['/Users/tamjid/src/dotfiles/.local/pipx/shared/lib/python3.13/site-packages/pip'])
   193.7ms (run_subprocess:198): returncode: 0
   194.0ms (run_subprocess:175): running /Users/tamjid/src/dotfiles/.local/pipx/venvs/uv/bin/python -c import sysconfig; print(sysconfig.get_path('purelib'))
   220.2ms (run_subprocess:195): stdout: /Users/tamjid/src/dotfiles/.local/pipx/venvs/uv/lib/python3.13/site-packages
   220.2ms (run_subprocess:198): returncode: 0
   220.5ms (run_subprocess:175): running /Users/tamjid/src/dotfiles/.local/pipx/shared/bin/python -c import sysconfig; print(sysconfig.get_path('purelib'))
   246.4ms (run_subprocess:195): stdout: /Users/tamjid/src/dotfiles/.local/pipx/shared/lib/python3.13/site-packages
   246.5ms (run_subprocess:198): returncode: 0
   246.9ms (run_subprocess:175): running /Users/tamjid/src/dotfiles/.local/pipx/venvs/uv/bin/python --version
   261.0ms (run_subprocess:195): stdout: Python 3.13.0
   261.1ms (run_subprocess:197): stderr:
   261.1ms (run_subprocess:198): returncode: 0
   261.3ms (_parsed_package_to_package_or_url:139): cleaned package spec: uv
   261.3ms (install_package:247): Installing uv
   261.5ms (run_subprocess:175): running /Users/tamjid/src/dotfiles/.local/pipx/venvs/uv/bin/python -m pip --no-input install uv
  1439.3ms (run_subprocess:198): returncode: 0
  1439.8ms (run_subprocess:175): running <fetch_info_in_venv commands>
  1466.1ms (run_subprocess:195): stdout: {"sys_path": ["/opt/homebrew/Cellar/python@3.13/3.13.0_1/Frameworks/Python.framework/Versions/3.13/lib/python313.zip", "/opt/homebrew/Cellar/python@3.13/3.13.0_1/Frameworks/Python.framework/Versions/3.13/lib/python3.13", "/opt/homebrew/Cellar/python@3.13/3.13.0_1/Frameworks/Python.framework/Versions/3.13/lib/python3.13/lib-dynload", "/Users/tamjid/src/dotfiles/.local/pipx/venvs/uv/lib/python3.13/site-packages", "/Users/tamjid/src/dotfiles/.local/pipx/shared/lib/python3.13/site-packages"], "python_version": "3.13.0", "environment": {"implementation_name": "cpython", "implementation_version": "3.13.0", "os_name": "posix", "platform_machine": "arm64", "platform_release": "24.1.0", "platform_system": "Darwin", "platform_version": "Darwin Kernel Version 24.1.0: Thu Oct 10 21:06:57 PDT 2024; root:xnu-11215.41.3~3/RELEASE_ARM64_T6041", "python_full_version": "3.13.0", "platform_python_implementation": "CPython", "python_version": "3.13", "sys_platform": "darwin"}}
  1466.2ms (run_subprocess:198): returncode: 0
  1468.7ms (get_venv_metadata_for_package:351): get_venv_metadata_for_package: 29ms
  1468.8ms (_parsed_package_to_package_or_url:139): cleaned package spec: uv
  1470.8ms (cli:1187): pipx finished.
