2025-02-12 12:07:32,076 DEBUG    root            Loaded Command Group: ['gcloud', 'config']
2025-02-12 12:07:32,078 DEBUG    root            Loaded Command Group: ['gcloud', 'config', 'config_helper']
2025-02-12 12:07:32,078 DEBUG    root            Running [gcloud.config.config-helper] with arguments: [--format: "json", --min-expiry: "3600"]
2025-02-12 12:07:32,120 DEBUG    google.auth.transport.requests Making request: POST https://oauth2.googleapis.com/token
2025-02-12 12:07:32,160 DEBUG    urllib3.connectionpool Starting new HTTPS connection (1): oauth2.googleapis.com:443
2025-02-12 12:07:32,329 DEBUG    urllib3.connectionpool https://oauth2.googleapis.com:443 "POST /token HTTP/1.1" 400 None
2025-02-12 12:07:32,329 INFO     root            Reauthentication not performed as we cannot prompt during non-interactive execution.
2025-02-12 12:07:32,333 DEBUG    google.auth.transport.requests Making request: POST https://oauth2.googleapis.com/token
2025-02-12 12:07:32,335 DEBUG    urllib3.connectionpool Starting new HTTPS connection (1): oauth2.googleapis.com:443
2025-02-12 12:07:32,498 DEBUG    urllib3.connectionpool https://oauth2.googleapis.com:443 "POST /token HTTP/1.1" 400 None
2025-02-12 12:07:32,500 INFO     root            Reauthentication not performed as we cannot prompt during non-interactive execution.
2025-02-12 12:07:32,506 DEBUG    root            Chosen display Format:default json
2025-02-12 12:07:32,507 INFO     root            Display format: "default json"
2025-02-12 12:07:32,538 INFO     ___FILE_ONLY___ {
  "configuration": {
    "active_configuration": "default",
    "properties": {
      "core": {
        "account": "tamjid.rahman@valon.com",
        "disable_prompts": "false",
        "disable_usage_reporting": "True",
        "project": "prod-peach-street"
      }
    }
  },
  "credential": {
    "access_token": "ya29.a0AXeO80Qv3OqrvS1fDQfam-UMynTLX2Y0KbwtqEaotO2WxRXJjZ3HHJ4hAXxpbA0_PoUFCMEqVUixccTy9Q7utJQ_bVQi3mivc_1wZMDGwwymHd4LEEplgyqKfMyD5c3p3DI7qROTT7oP_Vj87oFpOWk4qXP8RSmA8dyxTfBpSBpcvs8aCgYKAWUSARISFQHGX2MiXMc-7NFgEbd3UNQ3Xz-Tjg0182",
    "id_token": "eyJhbGciOiJSUzI1NiIsImtpZCI6ImVlYzUzNGZhNWI4Y2FjYTIwMWNhOGQwZmY5NmI1NGM1NjIyMTBkMWUiLCJ0eXAiOiJKV1QifQ.eyJpc3MiOiJodHRwczovL2FjY291bnRzLmdvb2dsZS5jb20iLCJhenAiOiIzMjU1NTk0MDU1OS5hcHBzLmdvb2dsZXVzZXJjb250ZW50LmNvbSIsImF1ZCI6IjMyNTU1OTQwNTU5LmFwcHMuZ29vZ2xldXNlcmNvbnRlbnQuY29tIiwic3ViIjoiMTAwNjUyNDM4NTEyNzgzNjkzMzI5IiwiaGQiOiJ2YWxvbi5jb20iLCJlbWFpbCI6InRhbWppZC5yYWhtYW5AdmFsb24uY29tIiwiZW1haWxfdmVyaWZpZWQiOnRydWUsImF0X2hhc2giOiI2MWh4Nkx5M19ITnNaMXlsb0dlZXF3IiwiaWF0IjoxNzM5MzY2MjE0LCJleHAiOjE3MzkzNjk4MTR9.mquOF_oN2b1IMohK2vQtqHwvlvV5W9xeRuDw-tFGAh4yfrrKg_xhtD9IDfwPrnAgebGzHspb_okbJaoK1oDAtfOd3OClfRZKNoBg-QyYkWUOe8k0_fYszNL7c9ZudEw5ANvG9hi04Azq2puPyD7HVtj3Jbf61IJYxK5KrsN7NCUiIm4KIpPUzznOUSpCTT5g_afjorn3OK-RxmECoT2ipnsfob12boLtgFth0pCSk9SvkQGziAESVuHdmo-wHfP0dCdeFonrFWX-ILp4rGQtfaL_nlt0gLjcVb_NjzuU68C9RoPW5v05bgxdkFsm9g_BMQwr6eMTtofHjRHugsaPyw",
    "token_expiry": "2025-02-12T13:32:39Z"
  },
  "sentinels": {
    "config_sentinel": "/Users/tamjid/.config/gcloud/config_sentinel"
  }
}
2025-02-12 12:07:32,538 INFO     ___FILE_ONLY___ 

