2025-02-12 12:08:04,820 DEBUG    root            Loaded Command Group: ['gcloud', 'config']
2025-02-12 12:08:04,821 DEBUG    root            Loaded Command Group: ['gcloud', 'config', 'config_helper']
2025-02-12 12:08:04,822 DEBUG    root            Running [gcloud.config.config-helper] with arguments: [--format: "json", --min-expiry: "3600"]
2025-02-12 12:08:04,827 DEBUG    google.auth.transport.requests Making request: POST https://oauth2.googleapis.com/token
2025-02-12 12:08:04,832 DEBUG    urllib3.connectionpool Starting new HTTPS connection (1): oauth2.googleapis.com:443
2025-02-12 12:08:04,992 DEBUG    urllib3.connectionpool https://oauth2.googleapis.com:443 "POST /token HTTP/1.1" 200 None
2025-02-12 12:08:04,997 DEBUG    root            Chosen display Format:default json
2025-02-12 12:08:04,997 INFO     root            Display format: "default json"
2025-02-12 12:08:05,029 INFO     ___FILE_ONLY___ {
  "configuration": {
    "active_configuration": "default",
    "properties": {
      "core": {
        "account": "tamjid.rahman@valon.com",
        "disable_prompts": "false",
        "disable_usage_reporting": "True",
        "project": "prod-peach-street"
      }
    }
  },
  "credential": {
    "access_token": "ya29.a0AXeO80TbY6ta2Q9LoskL8tcgRugCm2aAc1fb-DYC4kgy3gBReivtPnxj9M0uXUSrWohC8iYCEnn-n1KjkjwVieS31rcRcd8VI1Kfk1C7z_hUqXJaT1T90CEqaMFdUfXSuoQSoAQe4AjIiF9Rjn5wPDKf_Lk6oJbY_hhLPtOKAm4DswaCgYKAZwSARISFQHGX2Mie4_xL1X_AGZmssGlfPdGTA0181",
    "id_token": "eyJhbGciOiJSUzI1NiIsImtpZCI6ImVlYzUzNGZhNWI4Y2FjYTIwMWNhOGQwZmY5NmI1NGM1NjIyMTBkMWUiLCJ0eXAiOiJKV1QifQ.eyJpc3MiOiJodHRwczovL2FjY291bnRzLmdvb2dsZS5jb20iLCJhenAiOiIzMjU1NTk0MDU1OS5hcHBzLmdvb2dsZXVzZXJjb250ZW50LmNvbSIsImF1ZCI6IjMyNTU1OTQwNTU5LmFwcHMuZ29vZ2xldXNlcmNvbnRlbnQuY29tIiwic3ViIjoiMTAwNjUyNDM4NTEyNzgzNjkzMzI5IiwiaGQiOiJ2YWxvbi5jb20iLCJlbWFpbCI6InRhbWppZC5yYWhtYW5AdmFsb24uY29tIiwiZW1haWxfdmVyaWZpZWQiOnRydWUsImF0X2hhc2giOiJVSk9VMzZnVFc3dDBFTjVaZkVzUjVBIiwiaWF0IjoxNzM5MzgwMDg0LCJleHAiOjE3MzkzODM2ODR9.p5SVeCV1ek1-gSKf3bLI0QxU-_EhBw6h2X8cMBzn4t0j4qUIGYnk7xQJc6Jl0tlukYas2fb8cDm228xUWT-wLxSgWchjiGoUzkFdZJb6wk-E0697aasBx9d5WhKXRLiAK5fqe6Cq18WA5VnJ871yL8p5tjoxNiAfFxneNBi2rRbM6eILhGdSvipHyELCn5qHsxya_cWcjwN0LuyH7qA4ntG6W6528qa3FmIsDzYQzOrzpID2K6Qy6pEs575YetVzSHEGt8EkT_9O3ADE1xHwPe1pUUo60iXPoy88v9jm1qLPjITahEf4x_8aE9BjHm-xA01ZeqFVTOfaAjbPsDNGRw",
    "token_expiry": "2025-02-12T18:08:03Z"
  },
  "sentinels": {
    "config_sentinel": "/Users/tamjid/.config/gcloud/config_sentinel"
  }
}
2025-02-12 12:08:05,029 INFO     ___FILE_ONLY___ 

