2025-02-12 12:07:39,741 DEBUG    root            Loaded Command Group: ['gcloud', 'auth']
2025-02-12 12:07:39,751 DEBUG    root            Loaded Command Group: ['gcloud', 'auth', 'login']
2025-02-12 12:07:39,752 DEBUG    root            Running [gcloud.auth.login] with arguments: []
2025-02-12 12:07:39,779 DEBUG    requests_oauthlib.oauth2_session Generated new state IOA1jQxEeOtIqmhQbgLB7XETUfY5Wb.
2025-02-12 12:07:39,886 INFO     ___FILE_ONLY___ Your browser has been opened to visit:

    https://accounts.google.com/o/oauth2/auth?response_type=code&client_id=32555940559.apps.googleusercontent.com&redirect_uri=http%3A%2F%2Flocalhost%3A8085%2F&scope=openid+https%3A%2F%2Fwww.googleapis.com%2Fauth%2Fuserinfo.email+https%3A%2F%2Fwww.googleapis.com%2Fauth%2Fcloud-platform+https%3A%2F%2Fwww.googleapis.com%2Fauth%2Fappengine.admin+https%3A%2F%2Fwww.googleapis.com%2Fauth%2Fsqlservice.login+https%3A%2F%2Fwww.googleapis.com%2Fauth%2Fcompute+https%3A%2F%2Fwww.googleapis.com%2Fauth%2Faccounts.reauth&state=IOA1jQxEeOtIqmhQbgLB7XETUfY5Wb&access_type=offline&code_challenge=irmxN4Sxwei8a1fqC4YEwPLRSoQWxMmoShII77H4cK0&code_challenge_method=S256


2025-02-12 12:07:50,354 INFO     google_auth_oauthlib.flow "GET /?state=IOA1jQxEeOtIqmhQbgLB7XETUfY5Wb&code=4/0ASVgi3IQyK7Q9QW8hjxp1nkQLAbOa1wCA4g9NUuhm0flkM9UYvTflQVNLHQ9GxzZhujIIw&scope=email%20openid%20https://www.googleapis.com/auth/userinfo.email%20https://www.googleapis.com/auth/cloud-platform%20https://www.googleapis.com/auth/appengine.admin%20https://www.googleapis.com/auth/sqlservice.login%20https://www.googleapis.com/auth/compute%20https://www.googleapis.com/auth/accounts.reauth&authuser=0&hd=valon.com&prompt=consent HTTP/1.1" 200 959
2025-02-12 12:07:50,355 DEBUG    requests_oauthlib.oauth2_session Requesting url https://oauth2.googleapis.com/token using method POST.
2025-02-12 12:07:50,355 DEBUG    requests_oauthlib.oauth2_session Supplying headers {b'Accept': b'application/json', b'Content-Type': b'application/x-www-form-urlencoded;charset=UTF-8', b'user-agent': b'google-cloud-sdk gcloud/475.0.0 command/gcloud.auth.login invocation-id/1bfdc7cca4ce4fc089afc4fa58e6fd75 environment/None environment-version/None client-os/MACOSX client-os-ver/24.2.0 client-pltf-arch/arm interactive/False from-script/False python/3.11.6 term/screen-256color (Macintosh; Intel Mac OS X 24.2.0)'} and data {'grant_type': 'authorization_code', 'client_id': '32555940559.apps.googleusercontent.com', 'client_secret': 'ZmssLNjJy2998hD4CTg2ejr2', 'code': '4/0ASVgi3IQyK7Q9QW8hjxp1nkQLAbOa1wCA4g9NUuhm0flkM9UYvTflQVNLHQ9GxzZhujIIw', 'redirect_uri': 'http://localhost:8085/', 'code_verifier': 'Rvnu5o2gCgOlmKr_47ztpnrOwmJj_z-nJRoer-xSTa_y0xEo-iGsF.yS_a-YK1Sck-DJiF0BXmI-dG4w8_0mzD9Pxe2.ENeVg52jNBUfWUCe0s_TuG0fjnP.SH-s7g41'}
2025-02-12 12:07:50,355 DEBUG    requests_oauthlib.oauth2_session Passing through key word arguments {'json': None, 'timeout': None, 'auth': None, 'verify': None, 'proxies': None}.
2025-02-12 12:07:50,367 DEBUG    urllib3.connectionpool Starting new HTTPS connection (1): oauth2.googleapis.com:443
2025-02-12 12:07:50,563 DEBUG    urllib3.connectionpool https://oauth2.googleapis.com:443 "POST /token HTTP/1.1" 200 None
2025-02-12 12:07:50,565 DEBUG    requests_oauthlib.oauth2_session Prepared fetch token request body grant_type=authorization_code&client_id=32555940559.apps.googleusercontent.com&client_secret=ZmssLNjJy2998hD4CTg2ejr2&code=4%2F0ASVgi3IQyK7Q9QW8hjxp1nkQLAbOa1wCA4g9NUuhm0flkM9UYvTflQVNLHQ9GxzZhujIIw&redirect_uri=http%3A%2F%2Flocalhost%3A8085%2F&code_verifier=Rvnu5o2gCgOlmKr_47ztpnrOwmJj_z-nJRoer-xSTa_y0xEo-iGsF.yS_a-YK1Sck-DJiF0BXmI-dG4w8_0mzD9Pxe2.ENeVg52jNBUfWUCe0s_TuG0fjnP.SH-s7g41
2025-02-12 12:07:50,565 DEBUG    requests_oauthlib.oauth2_session Request to fetch token completed with status 200.
2025-02-12 12:07:50,565 DEBUG    requests_oauthlib.oauth2_session Request headers were {'user-agent': b'google-cloud-sdk gcloud/475.0.0 command/gcloud.auth.login invocation-id/1bfdc7cca4ce4fc089afc4fa58e6fd75 environment/None environment-version/None client-os/MACOSX client-os-ver/24.2.0 client-pltf-arch/arm interactive/False from-script/False python/3.11.6 term/screen-256color (Macintosh; Intel Mac OS X 24.2.0)', 'Accept-Encoding': 'gzip, deflate', 'Accept': b'application/json', 'Connection': 'keep-alive', 'Content-Type': b'application/x-www-form-urlencoded;charset=UTF-8', 'Content-Length': '387'}
2025-02-12 12:07:50,565 DEBUG    requests_oauthlib.oauth2_session Request body was grant_type=authorization_code&client_id=32555940559.apps.googleusercontent.com&client_secret=ZmssLNjJy2998hD4CTg2ejr2&code=4%2F0ASVgi3IQyK7Q9QW8hjxp1nkQLAbOa1wCA4g9NUuhm0flkM9UYvTflQVNLHQ9GxzZhujIIw&redirect_uri=http%3A%2F%2Flocalhost%3A8085%2F&code_verifier=Rvnu5o2gCgOlmKr_47ztpnrOwmJj_z-nJRoer-xSTa_y0xEo-iGsF.yS_a-YK1Sck-DJiF0BXmI-dG4w8_0mzD9Pxe2.ENeVg52jNBUfWUCe0s_TuG0fjnP.SH-s7g41
2025-02-12 12:07:50,565 DEBUG    requests_oauthlib.oauth2_session Response headers were {'Date': 'Wed, 12 Feb 2025 17:07:50 GMT', 'Pragma': 'no-cache', 'Expires': 'Mon, 01 Jan 1990 00:00:00 GMT', 'Cache-Control': 'no-cache, no-store, max-age=0, must-revalidate', 'Content-Type': 'application/json; charset=utf-8', 'Vary': 'Origin, X-Origin, Referer', 'Content-Encoding': 'gzip', 'Server': 'scaffolding on HTTPServer2', 'X-XSS-Protection': '0', 'X-Frame-Options': 'SAMEORIGIN', 'X-Content-Type-Options': 'nosniff', 'Alt-Svc': 'h3=":443"; ma=2592000,h3-29=":443"; ma=2592000', 'Transfer-Encoding': 'chunked'} and content {
  "access_token": "ya29.a0AXeO80T6-cK8DHj9_urZ7z7qaOqvq0XhxEXTnEHDeMu7SaHP8PbHx2Beo0kRZAT4hv3jvtssHswhIubKYwwQLdG4p2vHvJUiMAIKsiOq8DMWQMoRGqfKWwG4itUL_PX0hg15J7O10Fye8haTxAKDqGnZ6Wi-0sa80tCplt7EHRT5AgaCgYKAXsSARISFQHGX2MigC1--xfRyiDDRnyZh8cVwQ0181",
  "expires_in": 3599,
  "refresh_token": "1//01mfID-ptuoYUCgYIARAAGAESNwF-L9IrJvnKThxAMP3jK8OPdnX-T5_0qwUuLUM5bXO7YQ57v4Be3Tdt5JK0Ejd8MyForF0mJeI",
  "scope": "https://www.googleapis.com/auth/sqlservice.login https://www.googleapis.com/auth/cloud-platform https://www.googleapis.com/auth/userinfo.email https://www.googleapis.com/auth/appengine.admin https://www.googleapis.com/auth/compute openid https://www.googleapis.com/auth/accounts.reauth",
  "token_type": "Bearer",
  "id_token": "eyJhbGciOiJSUzI1NiIsImtpZCI6ImVlYzUzNGZhNWI4Y2FjYTIwMWNhOGQwZmY5NmI1NGM1NjIyMTBkMWUiLCJ0eXAiOiJKV1QifQ.eyJpc3MiOiJodHRwczovL2FjY291bnRzLmdvb2dsZS5jb20iLCJhenAiOiIzMjU1NTk0MDU1OS5hcHBzLmdvb2dsZXVzZXJjb250ZW50LmNvbSIsImF1ZCI6IjMyNTU1OTQwNTU5LmFwcHMuZ29vZ2xldXNlcmNvbnRlbnQuY29tIiwic3ViIjoiMTAwNjUyNDM4NTEyNzgzNjkzMzI5IiwiaGQiOiJ2YWxvbi5jb20iLCJlbWFpbCI6InRhbWppZC5yYWhtYW5AdmFsb24uY29tIiwiZW1haWxfdmVyaWZpZWQiOnRydWUsImF0X2hhc2giOiJXN1NXeWRlRVdKVFFwWWRia0ZkYVV3IiwiaWF0IjoxNzM5MzgwMDcwLCJleHAiOjE3MzkzODM2NzB9.DOJQV1pjHktTeDjuiQYSFdm4WIh6WMn5m6kXIkbnxW_LU300QVn2Mtt4rqs49c5nmwD37u-wE0XSqgpfsfZZtlBUJKQaubqt-9Q0QfQRRSyMOO86sRWecNs18EbG_ysLwZbKHrNWUCRK9HfvPjmje6Kxg8AJvosZ7nH30X-Lpa-W7hZKOv5i-RfBOfNTh78IIjhyNBmycLYMQRZ79yE27_Ike9J5RFc55bUsdYQeU6KaPoVluvaaNMcVqao5ZmFHtko4yEM85RRcKpq96cAuqKp-wh5Iu6CP-QP_x26DRxzzejIiNhfQtZVDJiPXXQJuqzAX4R4clrmYYqQi9-K_vQ"
}.
2025-02-12 12:07:50,565 DEBUG    requests_oauthlib.oauth2_session Invoking 0 token response hooks.
2025-02-12 12:07:50,566 DEBUG    requests_oauthlib.oauth2_session Obtained token {'access_token': 'ya29.a0AXeO80T6-cK8DHj9_urZ7z7qaOqvq0XhxEXTnEHDeMu7SaHP8PbHx2Beo0kRZAT4hv3jvtssHswhIubKYwwQLdG4p2vHvJUiMAIKsiOq8DMWQMoRGqfKWwG4itUL_PX0hg15J7O10Fye8haTxAKDqGnZ6Wi-0sa80tCplt7EHRT5AgaCgYKAXsSARISFQHGX2MigC1--xfRyiDDRnyZh8cVwQ0181', 'expires_in': 3599, 'refresh_token': '1//01mfID-ptuoYUCgYIARAAGAESNwF-L9IrJvnKThxAMP3jK8OPdnX-T5_0qwUuLUM5bXO7YQ57v4Be3Tdt5JK0Ejd8MyForF0mJeI', 'scope': ['https://www.googleapis.com/auth/sqlservice.login', 'https://www.googleapis.com/auth/cloud-platform', 'https://www.googleapis.com/auth/userinfo.email', 'https://www.googleapis.com/auth/appengine.admin', 'https://www.googleapis.com/auth/compute', 'openid', 'https://www.googleapis.com/auth/accounts.reauth'], 'token_type': 'Bearer', 'id_token': 'eyJhbGciOiJSUzI1NiIsImtpZCI6ImVlYzUzNGZhNWI4Y2FjYTIwMWNhOGQwZmY5NmI1NGM1NjIyMTBkMWUiLCJ0eXAiOiJKV1QifQ.eyJpc3MiOiJodHRwczovL2FjY291bnRzLmdvb2dsZS5jb20iLCJhenAiOiIzMjU1NTk0MDU1OS5hcHBzLmdvb2dsZXVzZXJjb250ZW50LmNvbSIsImF1ZCI6IjMyNTU1OTQwNTU5LmFwcHMuZ29vZ2xldXNlcmNvbnRlbnQuY29tIiwic3ViIjoiMTAwNjUyNDM4NTEyNzgzNjkzMzI5IiwiaGQiOiJ2YWxvbi5jb20iLCJlbWFpbCI6InRhbWppZC5yYWhtYW5AdmFsb24uY29tIiwiZW1haWxfdmVyaWZpZWQiOnRydWUsImF0X2hhc2giOiJXN1NXeWRlRVdKVFFwWWRia0ZkYVV3IiwiaWF0IjoxNzM5MzgwMDcwLCJleHAiOjE3MzkzODM2NzB9.DOJQV1pjHktTeDjuiQYSFdm4WIh6WMn5m6kXIkbnxW_LU300QVn2Mtt4rqs49c5nmwD37u-wE0XSqgpfsfZZtlBUJKQaubqt-9Q0QfQRRSyMOO86sRWecNs18EbG_ysLwZbKHrNWUCRK9HfvPjmje6Kxg8AJvosZ7nH30X-Lpa-W7hZKOv5i-RfBOfNTh78IIjhyNBmycLYMQRZ79yE27_Ike9J5RFc55bUsdYQeU6KaPoVluvaaNMcVqao5ZmFHtko4yEM85RRcKpq96cAuqKp-wh5Iu6CP-QP_x26DRxzzejIiNhfQtZVDJiPXXQJuqzAX4R4clrmYYqQi9-K_vQ', 'expires_at': 1739383669.565969}.
2025-02-12 12:07:50,591 INFO     ___FILE_ONLY___ 
You are now logged in as [tamjid.rahman@valon.com].
Your current project is [prod-peach-street].  You can change this setting by running:
  $ gcloud config set project PROJECT_ID

2025-02-12 12:07:50,591 DEBUG    root            Chosen display Format:none
2025-02-12 12:07:50,591 INFO     root            Display format: "none"
