2025-02-12 12:07:50,935 DEBUG    root            Loaded Command Group: ['gcloud', 'config']
2025-02-12 12:07:50,936 DEBUG    root            Loaded Command Group: ['gcloud', 'config', 'config_helper']
2025-02-12 12:07:50,937 DEBUG    root            Running [gcloud.config.config-helper] with arguments: [--format: "json", --min-expiry: "3600"]
2025-02-12 12:07:50,943 DEBUG    google.auth.transport.requests Making request: POST https://oauth2.googleapis.com/token
2025-02-12 12:07:50,949 DEBUG    urllib3.connectionpool Starting new HTTPS connection (1): oauth2.googleapis.com:443
2025-02-12 12:07:51,133 DEBUG    urllib3.connectionpool https://oauth2.googleapis.com:443 "POST /token HTTP/1.1" 200 None
2025-02-12 12:07:51,138 DEBUG    root            Chosen display Format:default json
2025-02-12 12:07:51,138 INFO     root            Display format: "default json"
2025-02-12 12:07:51,160 INFO     ___FILE_ONLY___ {
  "configuration": {
    "active_configuration": "default",
    "properties": {
      "core": {
        "account": "tamjid.rahman@valon.com",
        "disable_prompts": "false",
        "disable_usage_reporting": "True",
        "project": "prod-peach-street"
      }
    }
  },
  "credential": {
    "access_token": "ya29.a0AXeO80R2FL3KOC3tkSuovdgxW9zzEq95aGlowmqnCLLN3n38O3nnfpoM-S280QJ4NkHEJXzBIWra4G8r8_UBUVZeNE6Ktux9VA2hwcg1-5rUaarD3eZ5weqoIS2GIWuSTxDnmziPgvnT2DUNrkYjbHNUW1mJnKdzBd455UTfAdgJvQaCgYKAW0SARISFQHGX2MilF41m196z-5nBfoUtIk6mA0181",
    "id_token": "eyJhbGciOiJSUzI1NiIsImtpZCI6ImVlYzUzNGZhNWI4Y2FjYTIwMWNhOGQwZmY5NmI1NGM1NjIyMTBkMWUiLCJ0eXAiOiJKV1QifQ.eyJpc3MiOiJodHRwczovL2FjY291bnRzLmdvb2dsZS5jb20iLCJhenAiOiIzMjU1NTk0MDU1OS5hcHBzLmdvb2dsZXVzZXJjb250ZW50LmNvbSIsImF1ZCI6IjMyNTU1OTQwNTU5LmFwcHMuZ29vZ2xldXNlcmNvbnRlbnQuY29tIiwic3ViIjoiMTAwNjUyNDM4NTEyNzgzNjkzMzI5IiwiaGQiOiJ2YWxvbi5jb20iLCJlbWFpbCI6InRhbWppZC5yYWhtYW5AdmFsb24uY29tIiwiZW1haWxfdmVyaWZpZWQiOnRydWUsImF0X2hhc2giOiJOWEhUdU1kSE1yMTJSb1NRcFVrVG9RIiwiaWF0IjoxNzM5MzgwMDcxLCJleHAiOjE3MzkzODM2NzF9.I7Xa_EEWXIaC0N17lNgK82TrpuGcSWAkucfjHh1rxK6q7mDH4zFtl9UDoCtiDyEoYMOKLQbxBlwp_GuEvaDdi9EWXShhKR8wBGQuHM-HFbB5TFFT2E9SCy-SimSfDTmfXrcV1y84LRT1IDoKf9GZ8weFRWSStSYUrUeNNXZMr9XpppjYzuPmLoQ-0VB9xrY9c2_SF0EE5-qVjCHelgT_wnQnFxwyK2cCFU4GskAIhzZX7g-CXeuaeS5rBd3WI-h3Kq7u3LbEQhG0OPzUC_KKGSJkv6KWajPg-mSDMgG8tRRjP2mWFv_yhbQVDgxNpB_FQMH3W_o4uCAWZWPmtsW0Gg",
    "token_expiry": "2025-02-12T18:07:50Z"
  },
  "sentinels": {
    "config_sentinel": "/Users/tamjid/.config/gcloud/config_sentinel"
  }
}
2025-02-12 12:07:51,160 INFO     ___FILE_ONLY___ 

