2025-02-12 18:46:28,416 DEBUG    root            Loaded Command Group: ['gcloud', 'config']
2025-02-12 18:46:28,417 DEBUG    root            Loaded Command Group: ['gcloud', 'config', 'config_helper']
2025-02-12 18:46:28,417 DEBUG    root            Running [gcloud.config.config-helper] with arguments: [--format: "json", --min-expiry: "3600"]
2025-02-12 18:46:28,423 DEBUG    google.auth.transport.requests Making request: POST https://oauth2.googleapis.com/token
2025-02-12 18:46:28,428 DEBUG    urllib3.connectionpool Starting new HTTPS connection (1): oauth2.googleapis.com:443
2025-02-12 18:46:28,599 DEBUG    urllib3.connectionpool https://oauth2.googleapis.com:443 "POST /token HTTP/1.1" 200 None
2025-02-12 18:46:28,604 DEBUG    root            Chosen display Format:default json
2025-02-12 18:46:28,604 INFO     root            Display format: "default json"
2025-02-12 18:46:28,624 INFO     ___FILE_ONLY___ {
  "configuration": {
    "active_configuration": "default",
    "properties": {
      "core": {
        "account": "tamjid.rahman@valon.com",
        "disable_prompts": "false",
        "disable_usage_reporting": "True",
        "project": "prod-peach-street"
      }
    }
  },
  "credential": {
    "access_token": "ya29.a0AXeO80SLKtSrg4Dr3ulku-JiirJU83L-LL_A7FyPBHzdybv2VoCpDG4mSSwGtuVkCgqxD3wkUqy-rf8U7UfTBYh6s-rVzuzUPl7JDTb2vNXMDxonug8Ss1x3RURUCF5Pw7tWN__8y6DZray5eU2j47ZbA9wsSjNkGCLV4FMcAwKCzvAaCgYKAYsSARISFQHGX2MiV3jF06zu7QHMg2FBUjdCMw0182",
    "id_token": "eyJhbGciOiJSUzI1NiIsImtpZCI6ImVlYzUzNGZhNWI4Y2FjYTIwMWNhOGQwZmY5NmI1NGM1NjIyMTBkMWUiLCJ0eXAiOiJKV1QifQ.eyJpc3MiOiJodHRwczovL2FjY291bnRzLmdvb2dsZS5jb20iLCJhenAiOiIzMjU1NTk0MDU1OS5hcHBzLmdvb2dsZXVzZXJjb250ZW50LmNvbSIsImF1ZCI6IjMyNTU1OTQwNTU5LmFwcHMuZ29vZ2xldXNlcmNvbnRlbnQuY29tIiwic3ViIjoiMTAwNjUyNDM4NTEyNzgzNjkzMzI5IiwiaGQiOiJ2YWxvbi5jb20iLCJlbWFpbCI6InRhbWppZC5yYWhtYW5AdmFsb24uY29tIiwiZW1haWxfdmVyaWZpZWQiOnRydWUsImF0X2hhc2giOiJxWXpXQ2hDbjFjOEFwWXRVbkJ4MVFRIiwiaWF0IjoxNzM5NDAzOTg4LCJleHAiOjE3Mzk0MDc1ODh9.OKzqRCYgrunA_F42XUj6vDw-9aLGuZxC6yVl7v3ldVW3yRJ9jt4htxYRlo0J9ahk9koEGjaQKIyhYkbfeKcboK9Nnus-cUfL9LYXeN5vw5TWmuFBytAivUkgd_Yt0ACxW5MduDhlwcB4Go9aP50pfUj0BZF3zfjyy_8dPwvtdv0wYk1C_pvCxLmHrVugHSz7UC4dBwIszyzHCVSrMPuC2b5N5OSsDQ0SqfLjE512K8J3J9wEH_LqTAGWra6dJFb95k_5W9XXlXPNvt0ChiAfjlGdZyikSCSiBcNqTOPCWZrtLTbQW6UFKEnxJQd3pLp64VKPWJpoQZrrJJS9cwVQ3w",
    "token_expiry": "2025-02-13T00:46:27Z"
  },
  "sentinels": {
    "config_sentinel": "/Users/tamjid/.config/gcloud/config_sentinel"
  }
}
2025-02-12 18:46:28,624 INFO     ___FILE_ONLY___ 

