2025-02-12 18:46:30,893 DEBUG    root            Loaded Command Group: ['gcloud', 'config']
2025-02-12 18:46:30,894 DEBUG    root            Loaded Command Group: ['gcloud', 'config', 'config_helper']
2025-02-12 18:46:30,894 DEBUG    root            Running [gcloud.config.config-helper] with arguments: [--format: "json", --min-expiry: "3600"]
2025-02-12 18:46:30,899 DEBUG    google.auth.transport.requests Making request: POST https://oauth2.googleapis.com/token
2025-02-12 18:46:30,903 DEBUG    urllib3.connectionpool Starting new HTTPS connection (1): oauth2.googleapis.com:443
2025-02-12 18:46:31,060 DEBUG    urllib3.connectionpool https://oauth2.googleapis.com:443 "POST /token HTTP/1.1" 200 None
2025-02-12 18:46:31,064 DEBUG    root            Chosen display Format:default json
2025-02-12 18:46:31,064 INFO     root            Display format: "default json"
2025-02-12 18:46:31,080 INFO     ___FILE_ONLY___ {
  "configuration": {
    "active_configuration": "default",
    "properties": {
      "core": {
        "account": "tamjid.rahman@valon.com",
        "disable_prompts": "false",
        "disable_usage_reporting": "True",
        "project": "prod-peach-street"
      }
    }
  },
  "credential": {
    "access_token": "ya29.a0AXeO80TLIMZvMxzgzQUKalsH9vS2pxYhGEG4lKq58uVlVDec4vGCW_c9RCh-5SfnnwUw8rrT5e5LEnIFYIwlqb19HqcZVkrZjwu7OhaJLfuAjIExlbDaZ8I8-jkyVd28E-ynqiCHRXXO2Dt5XoZI4DjkWRI8kVtxdBHfVPxdqLfq06UaCgYKAV0SARISFQHGX2MixZHAlZ4jMH2pSHy51bzn1Q0182",
    "id_token": "eyJhbGciOiJSUzI1NiIsImtpZCI6ImVlYzUzNGZhNWI4Y2FjYTIwMWNhOGQwZmY5NmI1NGM1NjIyMTBkMWUiLCJ0eXAiOiJKV1QifQ.eyJpc3MiOiJodHRwczovL2FjY291bnRzLmdvb2dsZS5jb20iLCJhenAiOiIzMjU1NTk0MDU1OS5hcHBzLmdvb2dsZXVzZXJjb250ZW50LmNvbSIsImF1ZCI6IjMyNTU1OTQwNTU5LmFwcHMuZ29vZ2xldXNlcmNvbnRlbnQuY29tIiwic3ViIjoiMTAwNjUyNDM4NTEyNzgzNjkzMzI5IiwiaGQiOiJ2YWxvbi5jb20iLCJlbWFpbCI6InRhbWppZC5yYWhtYW5AdmFsb24uY29tIiwiZW1haWxfdmVyaWZpZWQiOnRydWUsImF0X2hhc2giOiJ4LUp3UmlTTnl2MnNsRHNITS1lZHNnIiwiaWF0IjoxNzM5NDAzOTkxLCJleHAiOjE3Mzk0MDc1OTF9.Bxc6zS8T75aICEqCQFVj1xdiCfSDkm77_1XC1XhBXjdElvaZ7fIOYvg-cEZ00HIIEYXLPvtc4zgTdJRyuN0l_JkbPWB9kIWN5IWtzzP-a8GFTGz8008urIXOn5uSNSwjt1QZXmZjaAiQaqPKFeVNA3SPVTInWDnhalRp1nVyILgB_xWwiUuFaWq8aimPOhwxaBRyTVZ4xV5mq8npMSVuhBzdzKM2eiwcfX2st7WEKs31tEkpwM1feUDDJ8_NgjwJ3qFmVgTue3raeIWPWwKQR9EBGqxYMw73oSOr1_RA7BG51tAogI_2L44Tnch4OUbw5aY7AIoIuVtlsb3lQAWtfw",
    "token_expiry": "2025-02-13T00:46:30Z"
  },
  "sentinels": {
    "config_sentinel": "/Users/tamjid/.config/gcloud/config_sentinel"
  }
}
2025-02-12 18:46:31,080 INFO     ___FILE_ONLY___ 

