2025-02-12 18:46:19,729 DEBUG    root            Loaded Command Group: ['gcloud', 'config']
2025-02-12 18:46:19,730 DEBUG    root            Loaded Command Group: ['gcloud', 'config', 'config_helper']
2025-02-12 18:46:19,731 DEBUG    root            Running [gcloud.config.config-helper] with arguments: [--format: "json", --min-expiry: "3600"]
2025-02-12 18:46:19,735 DEBUG    google.auth.transport.requests Making request: POST https://oauth2.googleapis.com/token
2025-02-12 18:46:19,740 DEBUG    urllib3.connectionpool Starting new HTTPS connection (1): oauth2.googleapis.com:443
2025-02-12 18:46:19,907 DEBUG    urllib3.connectionpool https://oauth2.googleapis.com:443 "POST /token HTTP/1.1" 200 None
2025-02-12 18:46:19,910 DEBUG    root            Chosen display Format:default json
2025-02-12 18:46:19,910 INFO     root            Display format: "default json"
2025-02-12 18:46:19,926 INFO     ___FILE_ONLY___ {
  "configuration": {
    "active_configuration": "default",
    "properties": {
      "core": {
        "account": "tamjid.rahman@valon.com",
        "disable_prompts": "false",
        "disable_usage_reporting": "True",
        "project": "prod-peach-street"
      }
    }
  },
  "credential": {
    "access_token": "ya29.a0AXeO80QZvD6JKXHQIm6qOJKRf2psBeo2G0EsRcbUef2bQgftlP1wQxIxE3iltRGFv98_mts7FQkeoLhkcCpG8HP6dQo2p52Ib8Yp8nDtp2JdxlUXhx1bwvWskGnpCgfr6AzonErshlmyooT4KXQ4YiN8BptPeOslpNOVR4qpY-S4a_oaCgYKAZ8SARISFQHGX2MiEcwGYwe5wwfLpy45E-3aww0182",
    "id_token": "eyJhbGciOiJSUzI1NiIsImtpZCI6ImVlYzUzNGZhNWI4Y2FjYTIwMWNhOGQwZmY5NmI1NGM1NjIyMTBkMWUiLCJ0eXAiOiJKV1QifQ.eyJpc3MiOiJodHRwczovL2FjY291bnRzLmdvb2dsZS5jb20iLCJhenAiOiIzMjU1NTk0MDU1OS5hcHBzLmdvb2dsZXVzZXJjb250ZW50LmNvbSIsImF1ZCI6IjMyNTU1OTQwNTU5LmFwcHMuZ29vZ2xldXNlcmNvbnRlbnQuY29tIiwic3ViIjoiMTAwNjUyNDM4NTEyNzgzNjkzMzI5IiwiaGQiOiJ2YWxvbi5jb20iLCJlbWFpbCI6InRhbWppZC5yYWhtYW5AdmFsb24uY29tIiwiZW1haWxfdmVyaWZpZWQiOnRydWUsImF0X2hhc2giOiJmNk9nQmpWTXdsZTFvczNqQ2Vrc213IiwiaWF0IjoxNzM5NDAzOTc5LCJleHAiOjE3Mzk0MDc1Nzl9.NXEAFYHDKTiV1Mapgc_Y2o3gM_IhJlf7ik9JWmfvYoPXQDZNWahAjrn60Cy4MW1SLOW4vNRqrssjLIUFviiCILh0i74okJnoc4PikWsrSwztIdPkp5gj60b_w61QjcwAEzz-Uk34CcLJ8K7RFUMAqqiRYviLeVX5j4oDYvbKM7PU7OuNW6RYFyC5k-tRHKGzCE2R65aZb4yjEvnCwzxKZBe1POt3lGWqhlbpuCGOC_quEdpWagjMfahUFsED45kjQvOt1grPqQgTdKaXZxXWy47bPTKaqZ_l49wwGGnP0_E20Y7UGvLzd0Mbp5orkkZWtgVsdsXlOjyE3LLc--0yIQ",
    "token_expiry": "2025-02-13T00:46:18Z"
  },
  "sentinels": {
    "config_sentinel": "/Users/tamjid/.config/gcloud/config_sentinel"
  }
}
2025-02-12 18:46:19,926 INFO     ___FILE_ONLY___ 

