2025-01-30 09:33:09,554 DEBUG    root            Loaded Command Group: ['gcloud', 'config']
2025-01-30 09:33:09,554 DEBUG    root            Loaded Command Group: ['gcloud', 'config', 'config_helper']
2025-01-30 09:33:09,555 DEBUG    root            Running [gcloud.config.config-helper] with arguments: [--format: "json", --min-expiry: "3600"]
2025-01-30 09:33:09,561 DEBUG    google.auth.transport.requests Making request: POST https://oauth2.googleapis.com/token
2025-01-30 09:33:09,566 DEBUG    urllib3.connectionpool Starting new HTTPS connection (1): oauth2.googleapis.com:443
2025-01-30 09:33:09,723 DEBUG    urllib3.connectionpool https://oauth2.googleapis.com:443 "POST /token HTTP/1.1" 200 None
2025-01-30 09:33:09,727 DEBUG    root            Chosen display Format:default json
2025-01-30 09:33:09,728 INFO     root            Display format: "default json"
2025-01-30 09:33:09,746 INFO     ___FILE_ONLY___ {
  "configuration": {
    "active_configuration": "default",
    "properties": {
      "core": {
        "account": "tamjid.rahman@valon.com",
        "disable_prompts": "false",
        "disable_usage_reporting": "True",
        "project": "prod-peach-street"
      }
    }
  },
  "credential": {
    "access_token": "ya29.a0AXeO80TrtYDOojtu9nrfb8P3nr152RJjBW8Z1Uqe327BPT2yL5oYxbPLOApCuMCWPv9Bt0uqZogidycXOQbAwIP0bQXiXzXXNZuZh5jWpqmuXF0wCShwBvLXdwTgSvin9mJhZ4m4EbmpDqU8Tsc_krUW0m8iDykXhe9-zq_od_bJeAaCgYKAcESARISFQHGX2MiMYipU2SBXNobEbu9VcHMXg0181",
    "id_token": "eyJhbGciOiJSUzI1NiIsImtpZCI6ImZhMDcyZjc1Nzg0NjQyNjE1MDg3YzcxODJjMTAxMzQxZTE4ZjdhM2EiLCJ0eXAiOiJKV1QifQ.eyJpc3MiOiJodHRwczovL2FjY291bnRzLmdvb2dsZS5jb20iLCJhenAiOiIzMjU1NTk0MDU1OS5hcHBzLmdvb2dsZXVzZXJjb250ZW50LmNvbSIsImF1ZCI6IjMyNTU1OTQwNTU5LmFwcHMuZ29vZ2xldXNlcmNvbnRlbnQuY29tIiwic3ViIjoiMTAwNjUyNDM4NTEyNzgzNjkzMzI5IiwiaGQiOiJ2YWxvbi5jb20iLCJlbWFpbCI6InRhbWppZC5yYWhtYW5AdmFsb24uY29tIiwiZW1haWxfdmVyaWZpZWQiOnRydWUsImF0X2hhc2giOiJwVnAtYVFqRjhTQzU1blBmNXZYUFVnIiwiaWF0IjoxNzM4MjQ3NTg5LCJleHAiOjE3MzgyNTExODl9.E4KzMHK0cE461ulnH1Oockl44F8xpqnqsJLixO0YMzqu7-5ITHSwu0Jn_9MQha1u54yN_U3-IVeDlviC-9Ln4_i2Iml2fY2N3xmWdP-ldEbVkZiGCVG9xFQTdSjjlcn3aRPkuKT2n2mYhsKXK89B6dw4TZkGsq591FXMszMFqRIcp_44dIfcSZ4mRC1RxjIlGSJT5pAXo6l0W_Xt9Fcbp1dhO77vpUpivuCKEdjJsgD2jwRo8rIjFVrtTWvSjACL3rFMmcBUn4t0rdQDHRYbdHFNYvqy94dxPm6cH75Qx7uMwjNDXlg7WUCTu_i54ifatTehz_jLKMFe0HNgNgNBHQ",
    "token_expiry": "2025-01-30T15:33:08Z"
  },
  "sentinels": {
    "config_sentinel": "/Users/tamjid/.config/gcloud/config_sentinel"
  }
}
2025-01-30 09:33:09,746 INFO     ___FILE_ONLY___ 

