2025-01-30 09:32:55,250 DEBUG    root            Loaded Command Group: ['gcloud', 'auth']
2025-01-30 09:32:55,259 DEBUG    root            Loaded Command Group: ['gcloud', 'auth', 'login']
2025-01-30 09:32:55,260 DEBUG    root            Running [gcloud.auth.login] with arguments: []
2025-01-30 09:32:55,286 DEBUG    requests_oauthlib.oauth2_session Generated new state 4ygsEONSvJC5ixCwW5DL1E4AVZ5Wse.
2025-01-30 09:32:55,420 INFO     ___FILE_ONLY___ Your browser has been opened to visit:

    https://accounts.google.com/o/oauth2/auth?response_type=code&client_id=32555940559.apps.googleusercontent.com&redirect_uri=http%3A%2F%2Flocalhost%3A8085%2F&scope=openid+https%3A%2F%2Fwww.googleapis.com%2Fauth%2Fuserinfo.email+https%3A%2F%2Fwww.googleapis.com%2Fauth%2Fcloud-platform+https%3A%2F%2Fwww.googleapis.com%2Fauth%2Fappengine.admin+https%3A%2F%2Fwww.googleapis.com%2Fauth%2Fsqlservice.login+https%3A%2F%2Fwww.googleapis.com%2Fauth%2Fcompute+https%3A%2F%2Fwww.googleapis.com%2Fauth%2Faccounts.reauth&state=4ygsEONSvJC5ixCwW5DL1E4AVZ5Wse&access_type=offline&code_challenge=acH63dkxgCYUPpJTQC3aObAgXSw7sbFoUO54v4Mz0Rc&code_challenge_method=S256


2025-01-30 09:33:08,979 INFO     google_auth_oauthlib.flow "GET /?state=4ygsEONSvJC5ixCwW5DL1E4AVZ5Wse&code=4/0ASVgi3JL-ABP4avzo_PFECUxwVwzQTUzhYuF9ZWxiOuHG8U64x71GbAggFiiOJn1PVEFBw&scope=email%20openid%20https://www.googleapis.com/auth/userinfo.email%20https://www.googleapis.com/auth/cloud-platform%20https://www.googleapis.com/auth/appengine.admin%20https://www.googleapis.com/auth/sqlservice.login%20https://www.googleapis.com/auth/compute%20https://www.googleapis.com/auth/accounts.reauth&authuser=0&hd=valon.com&prompt=consent HTTP/1.1" 200 959
2025-01-30 09:33:08,981 DEBUG    requests_oauthlib.oauth2_session Requesting url https://oauth2.googleapis.com/token using method POST.
2025-01-30 09:33:08,981 DEBUG    requests_oauthlib.oauth2_session Supplying headers {b'Accept': b'application/json', b'Content-Type': b'application/x-www-form-urlencoded;charset=UTF-8', b'user-agent': b'google-cloud-sdk gcloud/475.0.0 command/gcloud.auth.login invocation-id/6f98d48da6364fdba0ac9a8685eebc21 environment/None environment-version/None client-os/MACOSX client-os-ver/24.2.0 client-pltf-arch/arm interactive/False from-script/False python/3.11.6 term/screen-256color (Macintosh; Intel Mac OS X 24.2.0)'} and data {'grant_type': 'authorization_code', 'client_id': '32555940559.apps.googleusercontent.com', 'client_secret': 'ZmssLNjJy2998hD4CTg2ejr2', 'code': '4/0ASVgi3JL-ABP4avzo_PFECUxwVwzQTUzhYuF9ZWxiOuHG8U64x71GbAggFiiOJn1PVEFBw', 'redirect_uri': 'http://localhost:8085/', 'code_verifier': 'SARZ1HfM~PXsh_6fCk2hlSGz4XTMh_Dd84lNIQ09c5k9_gYFq~i3oTPqsicfcXpW1HE1w03GhJLt.Ekxi7BSVBEJLUYRyx8gk8KZsLiCtTsFQ6Z-nJyc_IlKoeXeqaoG'}
2025-01-30 09:33:08,981 DEBUG    requests_oauthlib.oauth2_session Passing through key word arguments {'json': None, 'timeout': None, 'auth': None, 'verify': None, 'proxies': None}.
2025-01-30 09:33:08,988 DEBUG    urllib3.connectionpool Starting new HTTPS connection (1): oauth2.googleapis.com:443
2025-01-30 09:33:09,182 DEBUG    urllib3.connectionpool https://oauth2.googleapis.com:443 "POST /token HTTP/1.1" 200 None
2025-01-30 09:33:09,185 DEBUG    requests_oauthlib.oauth2_session Prepared fetch token request body grant_type=authorization_code&client_id=32555940559.apps.googleusercontent.com&client_secret=ZmssLNjJy2998hD4CTg2ejr2&code=4%2F0ASVgi3JL-ABP4avzo_PFECUxwVwzQTUzhYuF9ZWxiOuHG8U64x71GbAggFiiOJn1PVEFBw&redirect_uri=http%3A%2F%2Flocalhost%3A8085%2F&code_verifier=SARZ1HfM~PXsh_6fCk2hlSGz4XTMh_Dd84lNIQ09c5k9_gYFq~i3oTPqsicfcXpW1HE1w03GhJLt.Ekxi7BSVBEJLUYRyx8gk8KZsLiCtTsFQ6Z-nJyc_IlKoeXeqaoG
2025-01-30 09:33:09,185 DEBUG    requests_oauthlib.oauth2_session Request to fetch token completed with status 200.
2025-01-30 09:33:09,185 DEBUG    requests_oauthlib.oauth2_session Request headers were {'user-agent': b'google-cloud-sdk gcloud/475.0.0 command/gcloud.auth.login invocation-id/6f98d48da6364fdba0ac9a8685eebc21 environment/None environment-version/None client-os/MACOSX client-os-ver/24.2.0 client-pltf-arch/arm interactive/False from-script/False python/3.11.6 term/screen-256color (Macintosh; Intel Mac OS X 24.2.0)', 'Accept-Encoding': 'gzip, deflate', 'Accept': b'application/json', 'Connection': 'keep-alive', 'Content-Type': b'application/x-www-form-urlencoded;charset=UTF-8', 'Content-Length': '387'}
2025-01-30 09:33:09,185 DEBUG    requests_oauthlib.oauth2_session Request body was grant_type=authorization_code&client_id=32555940559.apps.googleusercontent.com&client_secret=ZmssLNjJy2998hD4CTg2ejr2&code=4%2F0ASVgi3JL-ABP4avzo_PFECUxwVwzQTUzhYuF9ZWxiOuHG8U64x71GbAggFiiOJn1PVEFBw&redirect_uri=http%3A%2F%2Flocalhost%3A8085%2F&code_verifier=SARZ1HfM~PXsh_6fCk2hlSGz4XTMh_Dd84lNIQ09c5k9_gYFq~i3oTPqsicfcXpW1HE1w03GhJLt.Ekxi7BSVBEJLUYRyx8gk8KZsLiCtTsFQ6Z-nJyc_IlKoeXeqaoG
2025-01-30 09:33:09,185 DEBUG    requests_oauthlib.oauth2_session Response headers were {'Cache-Control': 'no-cache, no-store, max-age=0, must-revalidate', 'Date': 'Thu, 30 Jan 2025 14:33:09 GMT', 'Pragma': 'no-cache', 'Expires': 'Mon, 01 Jan 1990 00:00:00 GMT', 'Content-Type': 'application/json; charset=utf-8', 'Vary': 'Origin, X-Origin, Referer', 'Content-Encoding': 'gzip', 'Server': 'scaffolding on HTTPServer2', 'X-XSS-Protection': '0', 'X-Frame-Options': 'SAMEORIGIN', 'X-Content-Type-Options': 'nosniff', 'Alt-Svc': 'h3=":443"; ma=2592000,h3-29=":443"; ma=2592000', 'Transfer-Encoding': 'chunked'} and content {
  "access_token": "ya29.a0AXeO80S5H-tJMkm0M4NhPoaqK8iyUGChchN-qlmIwlWctejGC8CJFdVe_KuzKeAQGLp7A6sQItz9J4QIOjZaxTPJxl8TJUKcZKhpDitScCbVAZvZsRcv4H80AV5UBEgwGtsYbCOiHFlON_Mkybx15X409jQTYTYFDLysb3GBKr455AaCgYKASESARISFQHGX2Midf7egRlrdnNOLR94QCma0Q0181",
  "expires_in": 3599,
  "refresh_token": "1//01nZe2GP5NP3nCgYIARAAGAESNwF-L9IruHCApeNs5KVysqowVAevaabN8MTSaf6Odw_lybKzdNSpi8kj5Lho6Jkh3jWFosB3EMM",
  "scope": "https://www.googleapis.com/auth/appengine.admin https://www.googleapis.com/auth/accounts.reauth https://www.googleapis.com/auth/cloud-platform https://www.googleapis.com/auth/compute https://www.googleapis.com/auth/sqlservice.login https://www.googleapis.com/auth/userinfo.email openid",
  "token_type": "Bearer",
  "id_token": "eyJhbGciOiJSUzI1NiIsImtpZCI6ImZhMDcyZjc1Nzg0NjQyNjE1MDg3YzcxODJjMTAxMzQxZTE4ZjdhM2EiLCJ0eXAiOiJKV1QifQ.eyJpc3MiOiJodHRwczovL2FjY291bnRzLmdvb2dsZS5jb20iLCJhenAiOiIzMjU1NTk0MDU1OS5hcHBzLmdvb2dsZXVzZXJjb250ZW50LmNvbSIsImF1ZCI6IjMyNTU1OTQwNTU5LmFwcHMuZ29vZ2xldXNlcmNvbnRlbnQuY29tIiwic3ViIjoiMTAwNjUyNDM4NTEyNzgzNjkzMzI5IiwiaGQiOiJ2YWxvbi5jb20iLCJlbWFpbCI6InRhbWppZC5yYWhtYW5AdmFsb24uY29tIiwiZW1haWxfdmVyaWZpZWQiOnRydWUsImF0X2hhc2giOiJuYWhXdThnSS1ZMkZHVEY0TnVhZ2tnIiwiaWF0IjoxNzM4MjQ3NTg5LCJleHAiOjE3MzgyNTExODl9.ZKlGJg3BKt1OcHVGWuyuaL47e10zfIOUtOebNQiSr_8iFa0GO3P_5egnYT1128r8gXJrBI-yAhy5nmOx7KNgt5aSbeVaA89T-7_XbxrHImK-kNt_4mEtZTSQixAyOiCWp0frkX0hEJaAIpPNmSRdhzLZ4xFpqih9cUHm0uziydQFKXOrkqwH9RxPE0TKOlRI3kA4Xuexed9htKwnn7qwR_DvR9LXUbDiW8beVEEEx9_a5s6EVeCQbzRNMZX1TVitMY8ampcuHbJAFfxpq5-vkWvoZ2-H4MCxNlpRRrorlDGyRQQrwiJsrThTZDxTTueZkCf8wO5m1DmH8CulTGxiGg"
}.
2025-01-30 09:33:09,185 DEBUG    requests_oauthlib.oauth2_session Invoking 0 token response hooks.
2025-01-30 09:33:09,185 DEBUG    requests_oauthlib.oauth2_session Obtained token {'access_token': 'ya29.a0AXeO80S5H-tJMkm0M4NhPoaqK8iyUGChchN-qlmIwlWctejGC8CJFdVe_KuzKeAQGLp7A6sQItz9J4QIOjZaxTPJxl8TJUKcZKhpDitScCbVAZvZsRcv4H80AV5UBEgwGtsYbCOiHFlON_Mkybx15X409jQTYTYFDLysb3GBKr455AaCgYKASESARISFQHGX2Midf7egRlrdnNOLR94QCma0Q0181', 'expires_in': 3599, 'refresh_token': '1//01nZe2GP5NP3nCgYIARAAGAESNwF-L9IruHCApeNs5KVysqowVAevaabN8MTSaf6Odw_lybKzdNSpi8kj5Lho6Jkh3jWFosB3EMM', 'scope': ['https://www.googleapis.com/auth/appengine.admin', 'https://www.googleapis.com/auth/accounts.reauth', 'https://www.googleapis.com/auth/cloud-platform', 'https://www.googleapis.com/auth/compute', 'https://www.googleapis.com/auth/sqlservice.login', 'https://www.googleapis.com/auth/userinfo.email', 'openid'], 'token_type': 'Bearer', 'id_token': 'eyJhbGciOiJSUzI1NiIsImtpZCI6ImZhMDcyZjc1Nzg0NjQyNjE1MDg3YzcxODJjMTAxMzQxZTE4ZjdhM2EiLCJ0eXAiOiJKV1QifQ.eyJpc3MiOiJodHRwczovL2FjY291bnRzLmdvb2dsZS5jb20iLCJhenAiOiIzMjU1NTk0MDU1OS5hcHBzLmdvb2dsZXVzZXJjb250ZW50LmNvbSIsImF1ZCI6IjMyNTU1OTQwNTU5LmFwcHMuZ29vZ2xldXNlcmNvbnRlbnQuY29tIiwic3ViIjoiMTAwNjUyNDM4NTEyNzgzNjkzMzI5IiwiaGQiOiJ2YWxvbi5jb20iLCJlbWFpbCI6InRhbWppZC5yYWhtYW5AdmFsb24uY29tIiwiZW1haWxfdmVyaWZpZWQiOnRydWUsImF0X2hhc2giOiJuYWhXdThnSS1ZMkZHVEY0TnVhZ2tnIiwiaWF0IjoxNzM4MjQ3NTg5LCJleHAiOjE3MzgyNTExODl9.ZKlGJg3BKt1OcHVGWuyuaL47e10zfIOUtOebNQiSr_8iFa0GO3P_5egnYT1128r8gXJrBI-yAhy5nmOx7KNgt5aSbeVaA89T-7_XbxrHImK-kNt_4mEtZTSQixAyOiCWp0frkX0hEJaAIpPNmSRdhzLZ4xFpqih9cUHm0uziydQFKXOrkqwH9RxPE0TKOlRI3kA4Xuexed9htKwnn7qwR_DvR9LXUbDiW8beVEEEx9_a5s6EVeCQbzRNMZX1TVitMY8ampcuHbJAFfxpq5-vkWvoZ2-H4MCxNlpRRrorlDGyRQQrwiJsrThTZDxTTueZkCf8wO5m1DmH8CulTGxiGg', 'expires_at': 1738251188.185649}.
2025-01-30 09:33:09,217 INFO     ___FILE_ONLY___ 
You are now logged in as [tamjid.rahman@valon.com].
Your current project is [prod-peach-street].  You can change this setting by running:
  $ gcloud config set project PROJECT_ID

2025-01-30 09:33:09,218 DEBUG    root            Chosen display Format:none
2025-01-30 09:33:09,218 INFO     root            Display format: "none"
