2025-01-30 09:36:48,653 DEBUG    root            Loaded Command Group: ['gcloud', 'config']
2025-01-30 09:36:48,655 DEBUG    root            Loaded Command Group: ['gcloud', 'config', 'config_helper']
2025-01-30 09:36:48,655 DEBUG    root            Running [gcloud.config.config-helper] with arguments: [--format: "json", --min-expiry: "3600"]
2025-01-30 09:36:48,661 DEBUG    google.auth.transport.requests Making request: POST https://oauth2.googleapis.com/token
2025-01-30 09:36:48,666 DEBUG    urllib3.connectionpool Starting new HTTPS connection (1): oauth2.googleapis.com:443
2025-01-30 09:36:48,825 DEBUG    urllib3.connectionpool https://oauth2.googleapis.com:443 "POST /token HTTP/1.1" 200 None
2025-01-30 09:36:48,829 DEBUG    root            Chosen display Format:default json
2025-01-30 09:36:48,829 INFO     root            Display format: "default json"
2025-01-30 09:36:48,848 INFO     ___FILE_ONLY___ {
  "configuration": {
    "active_configuration": "default",
    "properties": {
      "core": {
        "account": "tamjid.rahman@valon.com",
        "disable_prompts": "false",
        "disable_usage_reporting": "True",
        "project": "prod-peach-street"
      }
    }
  },
  "credential": {
    "access_token": "ya29.a0AXeO80R2stV3pE8dJA5wMuN83oQIj2lwrAcdqhN-rjGXEonoxfQ7dgnZ0D1mS14uNNKN96YXnHRg4RCaXNn58qOqJ1V13fPgJuCyfbBukeck2_uhgcX7mIlbHzitsfNgF_D9Qdgyg-q1bn4FZJlUCLN-frBEbFzcoEh0XsJ2GKSm_waCgYKAa8SARISFQHGX2MiCcbLGpD3gl26s6159a4nNg0181",
    "id_token": "eyJhbGciOiJSUzI1NiIsImtpZCI6ImZhMDcyZjc1Nzg0NjQyNjE1MDg3YzcxODJjMTAxMzQxZTE4ZjdhM2EiLCJ0eXAiOiJKV1QifQ.eyJpc3MiOiJodHRwczovL2FjY291bnRzLmdvb2dsZS5jb20iLCJhenAiOiIzMjU1NTk0MDU1OS5hcHBzLmdvb2dsZXVzZXJjb250ZW50LmNvbSIsImF1ZCI6IjMyNTU1OTQwNTU5LmFwcHMuZ29vZ2xldXNlcmNvbnRlbnQuY29tIiwic3ViIjoiMTAwNjUyNDM4NTEyNzgzNjkzMzI5IiwiaGQiOiJ2YWxvbi5jb20iLCJlbWFpbCI6InRhbWppZC5yYWhtYW5AdmFsb24uY29tIiwiZW1haWxfdmVyaWZpZWQiOnRydWUsImF0X2hhc2giOiJra01JV3ZrWUpxVzdwX0F2NmJvZG9BIiwiaWF0IjoxNzM4MjQ3ODA4LCJleHAiOjE3MzgyNTE0MDh9.HH9jVb6HXXiqy-7sbTTjJ14SfYGqqAJQ7hfC4vmPLUtjFKIh-RFFaA8TpZRbXyKajFdxZU8rsNvQm23Des-gP5LAThX_HppPSAv36dAAfRaaUgeTtGwNAVQim-v2b8n801hfwGgc32NwB615KmmX_snEjha28YaTZxWc3KsYjIc2PyDe_BY2LNLh3swrtFtpCEqTqI6vh9uM-oKv-G1cOsDQTjMDSy-Y1-lHlLV9Rf4RP06PdO7EO2ZgSf_kaNTSIM6AFKHqVwGs8-rvth8rTgFCnz3xBXdhmJQCqj8bm4xtJfMdIZs4_07AfqFNBqfJ76iaJlnBAB4sJHEHAPSXDw",
    "token_expiry": "2025-01-30T15:36:47Z"
  },
  "sentinels": {
    "config_sentinel": "/Users/tamjid/.config/gcloud/config_sentinel"
  }
}
2025-01-30 09:36:48,848 INFO     ___FILE_ONLY___ 

