2025-01-30 09:32:32,658 DEBUG    root            Loaded Command Group: ['gcloud', 'config']
2025-01-30 09:32:32,659 DEBUG    root            Loaded Command Group: ['gcloud', 'config', 'config_helper']
2025-01-30 09:32:32,660 DEBUG    root            Running [gcloud.config.config-helper] with arguments: [--format: "json", --min-expiry: "3600"]
2025-01-30 09:32:32,664 DEBUG    google.auth.transport.requests Making request: POST https://oauth2.googleapis.com/token
2025-01-30 09:32:32,669 DEBUG    urllib3.connectionpool Starting new HTTPS connection (1): oauth2.googleapis.com:443
2025-01-30 09:32:32,843 DEBUG    urllib3.connectionpool https://oauth2.googleapis.com:443 "POST /token HTTP/1.1" 400 None
2025-01-30 09:32:32,844 INFO     root            Reauthentication not performed as we cannot prompt during non-interactive execution.
2025-01-30 09:32:32,849 DEBUG    google.auth.transport.requests Making request: POST https://oauth2.googleapis.com/token
2025-01-30 09:32:32,851 DEBUG    urllib3.connectionpool Starting new HTTPS connection (1): oauth2.googleapis.com:443
2025-01-30 09:32:33,018 DEBUG    urllib3.connectionpool https://oauth2.googleapis.com:443 "POST /token HTTP/1.1" 400 None
2025-01-30 09:32:33,019 INFO     root            Reauthentication not performed as we cannot prompt during non-interactive execution.
2025-01-30 09:32:33,027 DEBUG    root            Chosen display Format:default json
2025-01-30 09:32:33,027 INFO     root            Display format: "default json"
2025-01-30 09:32:33,054 INFO     ___FILE_ONLY___ {
  "configuration": {
    "active_configuration": "default",
    "properties": {
      "core": {
        "account": "tamjid.rahman@valon.com",
        "disable_prompts": "false",
        "disable_usage_reporting": "True",
        "project": "prod-peach-street"
      }
    }
  },
  "credential": {
    "access_token": "ya29.a0AXeO80RjQ1TBleMST6PHvyHqLvhpaInHCvESblKzp2-vG7RkMUJuf5P0cn1YzqrLFckdC81GQ5XaBocR4_m68ZEKMV5wDD8X8z4KhEABKOGaBPHnRgQlqecQj7ZGlQMoKtwpA6Koe5Z9hI8pTzk5hQibvQbGloYT7rWSvF8Gtj5d0hYaCgYKAYgSARISFQHGX2Mi1tlSzHEucfOccOzWRkwe1Q0182",
    "id_token": "eyJhbGciOiJSUzI1NiIsImtpZCI6ImZhMDcyZjc1Nzg0NjQyNjE1MDg3YzcxODJjMTAxMzQxZTE4ZjdhM2EiLCJ0eXAiOiJKV1QifQ.eyJpc3MiOiJodHRwczovL2FjY291bnRzLmdvb2dsZS5jb20iLCJhenAiOiIzMjU1NTk0MDU1OS5hcHBzLmdvb2dsZXVzZXJjb250ZW50LmNvbSIsImF1ZCI6IjMyNTU1OTQwNTU5LmFwcHMuZ29vZ2xldXNlcmNvbnRlbnQuY29tIiwic3ViIjoiMTAwNjUyNDM4NTEyNzgzNjkzMzI5IiwiaGQiOiJ2YWxvbi5jb20iLCJlbWFpbCI6InRhbWppZC5yYWhtYW5AdmFsb24uY29tIiwiZW1haWxfdmVyaWZpZWQiOnRydWUsImF0X2hhc2giOiJYdmR4LTVTUVJfMF9GcXMyNXMtNnhnIiwiaWF0IjoxNzM4MTk1NjM3LCJleHAiOjE3MzgxOTkyMzd9.B4DReKef_MQZAlpukr4AYfq6daCboFg_0626a9CHRXoP8sqSULYdSMZIcYw0IlrZqoquP3Aos5GOI_YzI7tUqsJRkQH5KK5y1S2_VWwrU_0PXBSSNFaCr_Ej5i3gputOLpoFSfWb2J9lw_9XKoD1L4ttube8ZZI4a9tHYq-jIaKuCGqWk6bjQfFreTtdk7Lvzw7BeRHcecPLZJqHFmHVTqK0ljWZlQREVw0N84rh9XeG6UIvlmRDGmKDcYnHgXyuBgRNI4x_DSXjXURUsaq7-jv3qqnS0q_mpfSpgaAf3sxwQNBaW-3iW5Yxz2IXn_egydDnalLmY7re6MIHG4aBrw",
    "token_expiry": "2025-01-30T01:07:16Z"
  },
  "sentinels": {
    "config_sentinel": "/Users/tamjid/.config/gcloud/config_sentinel"
  }
}
2025-01-30 09:32:33,054 INFO     ___FILE_ONLY___ 

