2025-01-30 09:33:16,549 DEBUG    root            Loaded Command Group: ['gcloud', 'config']
2025-01-30 09:33:16,550 DEBUG    root            Loaded Command Group: ['gcloud', 'config', 'config_helper']
2025-01-30 09:33:16,551 DEBUG    root            Running [gcloud.config.config-helper] with arguments: [--format: "json", --min-expiry: "3600"]
2025-01-30 09:33:16,556 DEBUG    google.auth.transport.requests Making request: POST https://oauth2.googleapis.com/token
2025-01-30 09:33:16,561 DEBUG    urllib3.connectionpool Starting new HTTPS connection (1): oauth2.googleapis.com:443
2025-01-30 09:33:16,731 DEBUG    urllib3.connectionpool https://oauth2.googleapis.com:443 "POST /token HTTP/1.1" 200 None
2025-01-30 09:33:16,735 DEBUG    root            Chosen display Format:default json
2025-01-30 09:33:16,735 INFO     root            Display format: "default json"
2025-01-30 09:33:16,752 INFO     ___FILE_ONLY___ {
  "configuration": {
    "active_configuration": "default",
    "properties": {
      "core": {
        "account": "tamjid.rahman@valon.com",
        "disable_prompts": "false",
        "disable_usage_reporting": "True",
        "project": "prod-peach-street"
      }
    }
  },
  "credential": {
    "access_token": "ya29.a0AXeO80R8C5ErX0-yaCWBQ6wacftO_ZorAOQLiJ-9NPEcSQpNBjpICIKnmZi6mcJrL8le_9rsbALKb5fwNF4RStPjonGajXHxgCUgWavsPV6se623GU9Lgjk3Jt2eujz7IYOeZXhNH_j2lREYfWD4HbHbN5c5fRNHJ5CXdetWcmEDOQaCgYKAbwSARISFQHGX2MiFtkvxw38Wcu8Hvkl9qR86Q0181",
    "id_token": "eyJhbGciOiJSUzI1NiIsImtpZCI6ImZhMDcyZjc1Nzg0NjQyNjE1MDg3YzcxODJjMTAxMzQxZTE4ZjdhM2EiLCJ0eXAiOiJKV1QifQ.eyJpc3MiOiJodHRwczovL2FjY291bnRzLmdvb2dsZS5jb20iLCJhenAiOiIzMjU1NTk0MDU1OS5hcHBzLmdvb2dsZXVzZXJjb250ZW50LmNvbSIsImF1ZCI6IjMyNTU1OTQwNTU5LmFwcHMuZ29vZ2xldXNlcmNvbnRlbnQuY29tIiwic3ViIjoiMTAwNjUyNDM4NTEyNzgzNjkzMzI5IiwiaGQiOiJ2YWxvbi5jb20iLCJlbWFpbCI6InRhbWppZC5yYWhtYW5AdmFsb24uY29tIiwiZW1haWxfdmVyaWZpZWQiOnRydWUsImF0X2hhc2giOiJ1VGFsZ1dsdnBUX1BTcHBuVUZ2U3J3IiwiaWF0IjoxNzM4MjQ3NTk2LCJleHAiOjE3MzgyNTExOTZ9.KxOFwN9aJVmhOxAXeDmbvteQCCwl6awK8i2V2GmUXZKqCUoyo6RA4X09BFOiQc5pse4W66ckPYkNA53nBWbbjSYQux_t3F2eoDu5Pm_mZ_LFYOGQeCuYJls-5h-YfrFvB-QV6NheUm-V8XiSY0i0D85r9EtobxjzBMhq0HhFeToEkmbPCkXyLYFUHSHeXXx1oWBEw0sBBEZ48-t8mAN9G39qQopr_JF_Ka6svhGYWILSIob2vrN728zeStNbEYqnpzwV_hGfGohS0bHip0SB-cKi5nKBhg6KQob0Gy2D1LOnS52vUMY9YdbraSOTNmeTzWfeQj3GRKmypiPe1R2CbQ",
    "token_expiry": "2025-01-30T15:33:15Z"
  },
  "sentinels": {
    "config_sentinel": "/Users/tamjid/.config/gcloud/config_sentinel"
  }
}
2025-01-30 09:33:16,752 INFO     ___FILE_ONLY___ 

