2025-01-30 09:37:14,222 DEBUG    root            Loaded Command Group: ['gcloud', 'config']
2025-01-30 09:37:14,222 DEBUG    root            Loaded Command Group: ['gcloud', 'config', 'config_helper']
2025-01-30 09:37:14,223 DEBUG    root            Running [gcloud.config.config-helper] with arguments: [--format: "json", --min-expiry: "3600"]
2025-01-30 09:37:14,229 DEBUG    google.auth.transport.requests Making request: POST https://oauth2.googleapis.com/token
2025-01-30 09:37:14,234 DEBUG    urllib3.connectionpool Starting new HTTPS connection (1): oauth2.googleapis.com:443
2025-01-30 09:37:14,460 DEBUG    urllib3.connectionpool https://oauth2.googleapis.com:443 "POST /token HTTP/1.1" 200 None
2025-01-30 09:37:14,466 DEBUG    root            Chosen display Format:default json
2025-01-30 09:37:14,466 INFO     root            Display format: "default json"
2025-01-30 09:37:14,489 INFO     ___FILE_ONLY___ {
  "configuration": {
    "active_configuration": "default",
    "properties": {
      "core": {
        "account": "tamjid.rahman@valon.com",
        "disable_prompts": "false",
        "disable_usage_reporting": "True",
        "project": "prod-peach-street"
      }
    }
  },
  "credential": {
    "access_token": "ya29.a0AXeO80SOJv69lDr79wVgBKAmWfk1zQF_I1_KjUdLFI8KtqVgbJXgupu2SHDKrz9fDhunrvdIfYRAov2fQ48MoPpFInKiTMBvLVZJkmzEI530dIPS_N_MDIBqdHQTuebVaXn4vKKqoxNMXhhF8tV8JyRrPkR_GcQYUWeahM0PzPolQwaCgYKAcoSARISFQHGX2MiLLIYWW62Ym8qdKZWgK9_Gg0181",
    "id_token": "eyJhbGciOiJSUzI1NiIsImtpZCI6ImZhMDcyZjc1Nzg0NjQyNjE1MDg3YzcxODJjMTAxMzQxZTE4ZjdhM2EiLCJ0eXAiOiJKV1QifQ.eyJpc3MiOiJodHRwczovL2FjY291bnRzLmdvb2dsZS5jb20iLCJhenAiOiIzMjU1NTk0MDU1OS5hcHBzLmdvb2dsZXVzZXJjb250ZW50LmNvbSIsImF1ZCI6IjMyNTU1OTQwNTU5LmFwcHMuZ29vZ2xldXNlcmNvbnRlbnQuY29tIiwic3ViIjoiMTAwNjUyNDM4NTEyNzgzNjkzMzI5IiwiaGQiOiJ2YWxvbi5jb20iLCJlbWFpbCI6InRhbWppZC5yYWhtYW5AdmFsb24uY29tIiwiZW1haWxfdmVyaWZpZWQiOnRydWUsImF0X2hhc2giOiJWdU85RzlpLTRWVTBZLTUycGVITUFBIiwiaWF0IjoxNzM4MjQ3ODM0LCJleHAiOjE3MzgyNTE0MzR9.A0h3wLuLq_ebn-O74ngG8hrNPVS7CJ8YcqO5in0o19lsPNi1vRnIOM7JSYNT7Gid-nH3XUxY3tk1aMuJjIqZkzq4WJH9FQqdIIPS2uEHXCo6rn7f0UjM6xawBFfwDZCTTXowiU2Fpdo09U9K_zVe-2WZj0ePV9M3-ZDolQVd1M4YTT53E3QuSU-VarYXUkrjfSQsXaejzCFkSisG8K4kk398vziE92swOXFNiLs4EZZkJEdd1Q5ADA7sZrjVfhFr46telTJ0qWdKjZj1VitZYcEh6NFjf9eB9UCV7P3trcZPmmCloIKMLQTZFDeWaJZJAEMA4oLsA0qganxUFPMv8g",
    "token_expiry": "2025-01-30T15:37:13Z"
  },
  "sentinels": {
    "config_sentinel": "/Users/tamjid/.config/gcloud/config_sentinel"
  }
}
2025-01-30 09:37:14,489 INFO     ___FILE_ONLY___ 

