2025-01-30 10:36:18,436 DEBUG    root            Loaded Command Group: ['gcloud', 'config']
2025-01-30 10:36:18,438 DEBUG    root            Loaded Command Group: ['gcloud', 'config', 'config_helper']
2025-01-30 10:36:18,438 DEBUG    root            Running [gcloud.config.config-helper] with arguments: [--format: "json", --min-expiry: "3600"]
2025-01-30 10:36:18,445 DEBUG    google.auth.transport.requests Making request: POST https://oauth2.googleapis.com/token
2025-01-30 10:36:18,450 DEBUG    urllib3.connectionpool Starting new HTTPS connection (1): oauth2.googleapis.com:443
2025-01-30 10:36:18,636 DEBUG    urllib3.connectionpool https://oauth2.googleapis.com:443 "POST /token HTTP/1.1" 200 None
2025-01-30 10:36:18,642 DEBUG    root            Chosen display Format:default json
2025-01-30 10:36:18,642 INFO     root            Display format: "default json"
2025-01-30 10:36:18,671 INFO     ___FILE_ONLY___ {
  "configuration": {
    "active_configuration": "default",
    "properties": {
      "core": {
        "account": "tamjid.rahman@valon.com",
        "disable_prompts": "false",
        "disable_usage_reporting": "True",
        "project": "prod-peach-street"
      }
    }
  },
  "credential": {
    "access_token": "ya29.a0AXeO80S4YhVAw3U7EQSFQ8VmoEGa8xjaos2VowfqM71BGG0auBhsnAwfebVZRYkG1_oWIFbyvZLg6mHi55vB_hgCRLhRhdffVfQN8vz6B3sh4t64RCDgga933Gwdq1dK1BS4uVj5zDN6aPIUUR_63QNFODOsc28S1nAv56RbrutSZgaCgYKAaQSARISFQHGX2MiU_uwlXmWxdMJS4cHpHrxZw0181",
    "id_token": "eyJhbGciOiJSUzI1NiIsImtpZCI6ImZhMDcyZjc1Nzg0NjQyNjE1MDg3YzcxODJjMTAxMzQxZTE4ZjdhM2EiLCJ0eXAiOiJKV1QifQ.eyJpc3MiOiJodHRwczovL2FjY291bnRzLmdvb2dsZS5jb20iLCJhenAiOiIzMjU1NTk0MDU1OS5hcHBzLmdvb2dsZXVzZXJjb250ZW50LmNvbSIsImF1ZCI6IjMyNTU1OTQwNTU5LmFwcHMuZ29vZ2xldXNlcmNvbnRlbnQuY29tIiwic3ViIjoiMTAwNjUyNDM4NTEyNzgzNjkzMzI5IiwiaGQiOiJ2YWxvbi5jb20iLCJlbWFpbCI6InRhbWppZC5yYWhtYW5AdmFsb24uY29tIiwiZW1haWxfdmVyaWZpZWQiOnRydWUsImF0X2hhc2giOiI2T2JrQmdrSnVwME5YWlNPZ0VVeE9RIiwiaWF0IjoxNzM4MjUxMzc4LCJleHAiOjE3MzgyNTQ5Nzh9.ee3nItRPJYY0ag_vHC5My5iueLcQN5o0AMlh0hRJbXvTLP0Fgo3hlsDxy8qMS6TETKjHzLLUo1N3yuDHlhaEXyDgi6lPRnPjsLl7xTlq4OWg5_TnNjNrVE1iOTgqaJ0fBtje1BJ-fIt-Ox9wnwMgPJzlAOHaJ993L3LYsIuDQuL9a9hmc6_glUnR5l9ducynK416fpSlhVTJJgQmQ62rlfYZDqeYbj80ku5DmAyYtXk7Ul90fCCaKAHs8VEwAwYdIdWb1Hff0URCHua0CGrfx2pWPnUAOGzWagxLEDaHeF8-EX6Bc7-k3l1AvSWlye9palv47OOkTI0cWSdcxZ40Vw",
    "token_expiry": "2025-01-30T16:36:17Z"
  },
  "sentinels": {
    "config_sentinel": "/Users/tamjid/.config/gcloud/config_sentinel"
  }
}
2025-01-30 10:36:18,671 INFO     ___FILE_ONLY___ 

