2025-01-30 11:17:20,135 DEBUG    root            Loaded Command Group: ['gcloud', 'auth']
2025-01-30 11:17:20,136 DEBUG    root            Loaded Command Group: ['gcloud', 'auth', 'application_default']
2025-01-30 11:17:20,149 DEBUG    root            Loaded Command Group: ['gcloud', 'auth', 'application-default', 'login']
2025-01-30 11:17:20,150 DEBUG    root            Running [gcloud.auth.application-default.login] with arguments: []
2025-01-30 11:17:20,182 DEBUG    requests_oauthlib.oauth2_session Generated new state atVx1biaqtQpgaR9POmjGahqUEynqy.
2025-01-30 11:17:20,310 INFO     ___FILE_ONLY___ Your browser has been opened to visit:

    https://accounts.google.com/o/oauth2/auth?response_type=code&client_id=764086051850-6qr4p6gpi6hn506pt8ejuq83di341hur.apps.googleusercontent.com&redirect_uri=http%3A%2F%2Flocalhost%3A8085%2F&scope=openid+https%3A%2F%2Fwww.googleapis.com%2Fauth%2Fuserinfo.email+https%3A%2F%2Fwww.googleapis.com%2Fauth%2Fcloud-platform+https%3A%2F%2Fwww.googleapis.com%2Fauth%2Fsqlservice.login&state=atVx1biaqtQpgaR9POmjGahqUEynqy&access_type=offline&code_challenge=pG4YVpH-LVqz1bVt7xBcMupbPYSbqq8Y1fxQWYhXRHk&code_challenge_method=S256


2025-01-30 11:17:31,734 INFO     google_auth_oauthlib.flow "GET /?state=atVx1biaqtQpgaR9POmjGahqUEynqy&code=4/0ASVgi3IeGbormzMMn18RDTfZrlf9KbcSVMH3k0So40yiYikHy60sDL0sPOo5jrkKFOuY3A&scope=email%20openid%20https://www.googleapis.com/auth/userinfo.email%20https://www.googleapis.com/auth/cloud-platform%20https://www.googleapis.com/auth/sqlservice.login&authuser=0&hd=valon.com&prompt=consent HTTP/1.1" 200 959
2025-01-30 11:17:31,735 DEBUG    requests_oauthlib.oauth2_session Requesting url https://oauth2.googleapis.com/token using method POST.
2025-01-30 11:17:31,735 DEBUG    requests_oauthlib.oauth2_session Supplying headers {b'Accept': b'application/json', b'Content-Type': b'application/x-www-form-urlencoded;charset=UTF-8', b'user-agent': b'google-cloud-sdk gcloud/475.0.0 command/gcloud.auth.application-default.login invocation-id/07fccbd2944d465a845e50c94e493ce2 environment/None environment-version/None client-os/MACOSX client-os-ver/24.2.0 client-pltf-arch/arm interactive/False from-script/False python/3.11.6 term/screen-256color (Macintosh; Intel Mac OS X 24.2.0)'} and data {'grant_type': 'authorization_code', 'client_id': '764086051850-6qr4p6gpi6hn506pt8ejuq83di341hur.apps.googleusercontent.com', 'client_secret': 'd-FL95Q19q7MQmFpd7hHD0Ty', 'code': '4/0ASVgi3IeGbormzMMn18RDTfZrlf9KbcSVMH3k0So40yiYikHy60sDL0sPOo5jrkKFOuY3A', 'redirect_uri': 'http://localhost:8085/', 'code_verifier': 'Ou4nxrQpnHM-CsZpwFFMLZejdZE8Nk0Eq12tUfE.pl.6rp5m4ICh9tSEuJSangnILlQX15vswbe2FV9nXH0BkFvUFY9GZtkloc5aH-1~kxC5H~OD0FizKv7-C.iyRK5p'}
2025-01-30 11:17:31,735 DEBUG    requests_oauthlib.oauth2_session Passing through key word arguments {'json': None, 'timeout': None, 'auth': None, 'verify': None, 'proxies': None}.
2025-01-30 11:17:31,746 DEBUG    urllib3.connectionpool Starting new HTTPS connection (1): oauth2.googleapis.com:443
2025-01-30 11:17:31,963 DEBUG    urllib3.connectionpool https://oauth2.googleapis.com:443 "POST /token HTTP/1.1" 200 None
2025-01-30 11:17:31,965 DEBUG    requests_oauthlib.oauth2_session Prepared fetch token request body grant_type=authorization_code&client_id=764086051850-6qr4p6gpi6hn506pt8ejuq83di341hur.apps.googleusercontent.com&client_secret=d-FL95Q19q7MQmFpd7hHD0Ty&code=4%2F0ASVgi3IeGbormzMMn18RDTfZrlf9KbcSVMH3k0So40yiYikHy60sDL0sPOo5jrkKFOuY3A&redirect_uri=http%3A%2F%2Flocalhost%3A8085%2F&code_verifier=Ou4nxrQpnHM-CsZpwFFMLZejdZE8Nk0Eq12tUfE.pl.6rp5m4ICh9tSEuJSangnILlQX15vswbe2FV9nXH0BkFvUFY9GZtkloc5aH-1~kxC5H~OD0FizKv7-C.iyRK5p
2025-01-30 11:17:31,965 DEBUG    requests_oauthlib.oauth2_session Request to fetch token completed with status 200.
2025-01-30 11:17:31,966 DEBUG    requests_oauthlib.oauth2_session Request headers were {'user-agent': b'google-cloud-sdk gcloud/475.0.0 command/gcloud.auth.application-default.login invocation-id/07fccbd2944d465a845e50c94e493ce2 environment/None environment-version/None client-os/MACOSX client-os-ver/24.2.0 client-pltf-arch/arm interactive/False from-script/False python/3.11.6 term/screen-256color (Macintosh; Intel Mac OS X 24.2.0)', 'Accept-Encoding': 'gzip, deflate', 'Accept': b'application/json', 'Connection': 'keep-alive', 'Content-Type': b'application/x-www-form-urlencoded;charset=UTF-8', 'Content-Length': '421'}
2025-01-30 11:17:31,966 DEBUG    requests_oauthlib.oauth2_session Request body was grant_type=authorization_code&client_id=764086051850-6qr4p6gpi6hn506pt8ejuq83di341hur.apps.googleusercontent.com&client_secret=d-FL95Q19q7MQmFpd7hHD0Ty&code=4%2F0ASVgi3IeGbormzMMn18RDTfZrlf9KbcSVMH3k0So40yiYikHy60sDL0sPOo5jrkKFOuY3A&redirect_uri=http%3A%2F%2Flocalhost%3A8085%2F&code_verifier=Ou4nxrQpnHM-CsZpwFFMLZejdZE8Nk0Eq12tUfE.pl.6rp5m4ICh9tSEuJSangnILlQX15vswbe2FV9nXH0BkFvUFY9GZtkloc5aH-1~kxC5H~OD0FizKv7-C.iyRK5p
2025-01-30 11:17:31,966 DEBUG    requests_oauthlib.oauth2_session Response headers were {'Pragma': 'no-cache', 'Cache-Control': 'no-cache, no-store, max-age=0, must-revalidate', 'Expires': 'Mon, 01 Jan 1990 00:00:00 GMT', 'Date': 'Thu, 30 Jan 2025 16:17:31 GMT', 'Content-Type': 'application/json; charset=utf-8', 'Vary': 'Origin, X-Origin, Referer', 'Content-Encoding': 'gzip', 'Server': 'scaffolding on HTTPServer2', 'X-XSS-Protection': '0', 'X-Frame-Options': 'SAMEORIGIN', 'X-Content-Type-Options': 'nosniff', 'Alt-Svc': 'h3=":443"; ma=2592000,h3-29=":443"; ma=2592000', 'Transfer-Encoding': 'chunked'} and content {
  "access_token": "ya29.a0AXeO80SL5WkAQCivKstr_RWEq6PlFLIR1wFJdN6IRTrAztKaZyTYeBuLIxFGIBVvwSrIAUh803gP-vWucHns7vyuObi7hUusCcWVH-Qn4xek3qVOmN0sFRXp2aMU-0BMPvbTE8xo_UCrpRN9rlojP0T5UyyMrOgEp_hgixTEaCgYKAW8SARISFQHGX2MiP8AKDV94OmTK8oQ4ubvlSw0175",
  "expires_in": 3599,
  "refresh_token": "1//017kT68yqMduTCgYIARAAGAESNwF-L9IrRA1LEmqRpkUIrzbE3GzQbY7AYbQVpRuqRxV524vxdSzOqw3nslsdr19Me6muKdiFogQ",
  "scope": "https://www.googleapis.com/auth/cloud-platform https://www.googleapis.com/auth/sqlservice.login openid https://www.googleapis.com/auth/userinfo.email",
  "token_type": "Bearer",
  "id_token": "eyJhbGciOiJSUzI1NiIsImtpZCI6ImZhMDcyZjc1Nzg0NjQyNjE1MDg3YzcxODJjMTAxMzQxZTE4ZjdhM2EiLCJ0eXAiOiJKV1QifQ.eyJpc3MiOiJodHRwczovL2FjY291bnRzLmdvb2dsZS5jb20iLCJhenAiOiI3NjQwODYwNTE4NTAtNnFyNHA2Z3BpNmhuNTA2cHQ4ZWp1cTgzZGkzNDFodXIuYXBwcy5nb29nbGV1c2VyY29udGVudC5jb20iLCJhdWQiOiI3NjQwODYwNTE4NTAtNnFyNHA2Z3BpNmhuNTA2cHQ4ZWp1cTgzZGkzNDFodXIuYXBwcy5nb29nbGV1c2VyY29udGVudC5jb20iLCJzdWIiOiIxMDA2NTI0Mzg1MTI3ODM2OTMzMjkiLCJoZCI6InZhbG9uLmNvbSIsImVtYWlsIjoidGFtamlkLnJhaG1hbkB2YWxvbi5jb20iLCJlbWFpbF92ZXJpZmllZCI6dHJ1ZSwiYXRfaGFzaCI6InJ5a3hVT0VDbHZKbVlNREJrQkRFanciLCJpYXQiOjE3MzgyNTM4NTEsImV4cCI6MTczODI1NzQ1MX0.YwtHguD9Zd-1L121XXoJZwEzAQFewJq0w7PxE-MG8t6iWOqAnKyxm_VbqHQK5n1AiQeoBDAmVRRDdTYT7Hi6_F_kqVyj2nFVKoamsqCcccrbibttPKK69zeoPlm9K5wkug6HwcThBNINPd7YZVh1e8-Isza9v7QJ4yjXtX_e8GM2QHSE9sG-TZ7wic83bB0py41NseM7IMMUReAGYqlOoQ_3r2piYtyDcdQ5w3jdtlSYZBHB6SaAoJ_A51F_UQVsTu3pz9EYs1ubf5beMY4muC9npRC8MYh8jDOccw9UP3Ud5d5chxNOiGp14nCsCw0mfHJ6zyV0HQB4QqAFQgNFPQ"
}.
2025-01-30 11:17:31,966 DEBUG    requests_oauthlib.oauth2_session Invoking 0 token response hooks.
2025-01-30 11:17:31,967 DEBUG    requests_oauthlib.oauth2_session Obtained token {'access_token': 'ya29.a0AXeO80SL5WkAQCivKstr_RWEq6PlFLIR1wFJdN6IRTrAztKaZyTYeBuLIxFGIBVvwSrIAUh803gP-vWucHns7vyuObi7hUusCcWVH-Qn4xek3qVOmN0sFRXp2aMU-0BMPvbTE8xo_UCrpRN9rlojP0T5UyyMrOgEp_hgixTEaCgYKAW8SARISFQHGX2MiP8AKDV94OmTK8oQ4ubvlSw0175', 'expires_in': 3599, 'refresh_token': '1//017kT68yqMduTCgYIARAAGAESNwF-L9IrRA1LEmqRpkUIrzbE3GzQbY7AYbQVpRuqRxV524vxdSzOqw3nslsdr19Me6muKdiFogQ', 'scope': ['https://www.googleapis.com/auth/cloud-platform', 'https://www.googleapis.com/auth/sqlservice.login', 'openid', 'https://www.googleapis.com/auth/userinfo.email'], 'token_type': 'Bearer', 'id_token': 'eyJhbGciOiJSUzI1NiIsImtpZCI6ImZhMDcyZjc1Nzg0NjQyNjE1MDg3YzcxODJjMTAxMzQxZTE4ZjdhM2EiLCJ0eXAiOiJKV1QifQ.eyJpc3MiOiJodHRwczovL2FjY291bnRzLmdvb2dsZS5jb20iLCJhenAiOiI3NjQwODYwNTE4NTAtNnFyNHA2Z3BpNmhuNTA2cHQ4ZWp1cTgzZGkzNDFodXIuYXBwcy5nb29nbGV1c2VyY29udGVudC5jb20iLCJhdWQiOiI3NjQwODYwNTE4NTAtNnFyNHA2Z3BpNmhuNTA2cHQ4ZWp1cTgzZGkzNDFodXIuYXBwcy5nb29nbGV1c2VyY29udGVudC5jb20iLCJzdWIiOiIxMDA2NTI0Mzg1MTI3ODM2OTMzMjkiLCJoZCI6InZhbG9uLmNvbSIsImVtYWlsIjoidGFtamlkLnJhaG1hbkB2YWxvbi5jb20iLCJlbWFpbF92ZXJpZmllZCI6dHJ1ZSwiYXRfaGFzaCI6InJ5a3hVT0VDbHZKbVlNREJrQkRFanciLCJpYXQiOjE3MzgyNTM4NTEsImV4cCI6MTczODI1NzQ1MX0.YwtHguD9Zd-1L121XXoJZwEzAQFewJq0w7PxE-MG8t6iWOqAnKyxm_VbqHQK5n1AiQeoBDAmVRRDdTYT7Hi6_F_kqVyj2nFVKoamsqCcccrbibttPKK69zeoPlm9K5wkug6HwcThBNINPd7YZVh1e8-Isza9v7QJ4yjXtX_e8GM2QHSE9sG-TZ7wic83bB0py41NseM7IMMUReAGYqlOoQ_3r2piYtyDcdQ5w3jdtlSYZBHB6SaAoJ_A51F_UQVsTu3pz9EYs1ubf5beMY4muC9npRC8MYh8jDOccw9UP3Ud5d5chxNOiGp14nCsCw0mfHJ6zyV0HQB4QqAFQgNFPQ', 'expires_at': 1738257450.9677382}.
2025-01-30 11:17:31,979 INFO     ___FILE_ONLY___ 
Credentials saved to file: [/Users/tamjid/.config/gcloud/application_default_credentials.json]

2025-01-30 11:17:31,979 INFO     ___FILE_ONLY___ 
These credentials will be used by any library that requests Application Default Credentials (ADC).

2025-01-30 11:17:31,991 INFO     root            Using alternate credentials from file: [/Users/tamjid/.config/gcloud/application_default_credentials.json]
2025-01-30 11:17:31,996 DEBUG    google.auth.transport.requests Making request: POST https://oauth2.googleapis.com/token
2025-01-30 11:17:31,998 DEBUG    urllib3.connectionpool Starting new HTTPS connection (1): oauth2.googleapis.com:443
2025-01-30 11:17:32,166 DEBUG    urllib3.connectionpool https://oauth2.googleapis.com:443 "POST /token HTTP/1.1" 200 None
2025-01-30 11:17:32,173 INFO     root            Using alternate credentials from file: [/Users/tamjid/.config/gcloud/application_default_credentials.json]
2025-01-30 11:17:32,237 DEBUG    urllib3.connectionpool Starting new HTTPS connection (1): cloudresourcemanager.googleapis.com:443
2025-01-30 11:17:32,652 DEBUG    urllib3.connectionpool https://cloudresourcemanager.googleapis.com:443 "POST /v1/projects/prod-peach-street:testIamPermissions?alt=json HTTP/1.1" 200 None
2025-01-30 11:17:32,656 WARNING  root            
Cannot add the project "prod-peach-street" to ADC as the quota project because the account in ADC does not have the "serviceusage.services.use" permission on this project. You might receive a "quota_exceeded" or "API not enabled" error. Run $ gcloud auth application-default set-quota-project to add a quota project.
2025-01-30 11:17:32,657 DEBUG    root            Chosen display Format:none
2025-01-30 11:17:32,659 INFO     root            Display format: "none"
