2025-01-30 12:17:28,375 DEBUG    root            Loaded Command Group: ['gcloud', 'config']
2025-01-30 12:17:28,376 DEBUG    root            Loaded Command Group: ['gcloud', 'config', 'config_helper']
2025-01-30 12:17:28,377 DEBUG    root            Running [gcloud.config.config-helper] with arguments: [--format: "json", --min-expiry: "3600"]
2025-01-30 12:17:28,382 DEBUG    google.auth.transport.requests Making request: POST https://oauth2.googleapis.com/token
2025-01-30 12:17:28,387 DEBUG    urllib3.connectionpool Starting new HTTPS connection (1): oauth2.googleapis.com:443
2025-01-30 12:17:28,552 DEBUG    urllib3.connectionpool https://oauth2.googleapis.com:443 "POST /token HTTP/1.1" 200 None
2025-01-30 12:17:28,556 DEBUG    root            Chosen display Format:default json
2025-01-30 12:17:28,556 INFO     root            Display format: "default json"
2025-01-30 12:17:28,574 INFO     ___FILE_ONLY___ {
  "configuration": {
    "active_configuration": "default",
    "properties": {
      "core": {
        "account": "tamjid.rahman@valon.com",
        "disable_prompts": "false",
        "disable_usage_reporting": "True",
        "project": "prod-peach-street"
      }
    }
  },
  "credential": {
    "access_token": "ya29.a0AXeO80SeWAHcX8w25eT7U26A1Tpsdjjs4wVFsoSiXIHiTmnYg9lJFkh3kDEDQB2T7yrsG3WFVD229rHvUd4TcXSRZdxW8wxMeCS9o80A8Bw2OTvURBp2ZN2H_z_9huRYj10EE5_nYyHsAZ3sSKmvIKVsUBLwsVUrB8K5vAm_eZUEQwaCgYKARwSARISFQHGX2MiNkttKIR2iZEaz-NG4yTQ8w0181",
    "id_token": "eyJhbGciOiJSUzI1NiIsImtpZCI6ImZhMDcyZjc1Nzg0NjQyNjE1MDg3YzcxODJjMTAxMzQxZTE4ZjdhM2EiLCJ0eXAiOiJKV1QifQ.eyJpc3MiOiJodHRwczovL2FjY291bnRzLmdvb2dsZS5jb20iLCJhenAiOiIzMjU1NTk0MDU1OS5hcHBzLmdvb2dsZXVzZXJjb250ZW50LmNvbSIsImF1ZCI6IjMyNTU1OTQwNTU5LmFwcHMuZ29vZ2xldXNlcmNvbnRlbnQuY29tIiwic3ViIjoiMTAwNjUyNDM4NTEyNzgzNjkzMzI5IiwiaGQiOiJ2YWxvbi5jb20iLCJlbWFpbCI6InRhbWppZC5yYWhtYW5AdmFsb24uY29tIiwiZW1haWxfdmVyaWZpZWQiOnRydWUsImF0X2hhc2giOiI0MTRZUkx4V2dKRGRUVnFvdWp5V3lRIiwiaWF0IjoxNzM4MjU3NDQ4LCJleHAiOjE3MzgyNjEwNDh9.j8QrfL85SH2HktR34NosVT8QG1ALusxcd6bmTTX30Qg7y_XM2G1JVRWSZnmP4xnZemGkDcY-qOTdPAD6FYUjA2BLi7TDldDjXNyr7POj7cWc07Nh-fOiuZebT39dq0-escsAM7wSVpqdg22Ov4Ijjft-RaJdhSlsk9ZT2eihZR-JrxYxTSFmkE8-eOYw3i9sHafN5lJ_JbWYSQDv2e043gobrwENlAKF3eRCt9Xy5-bO8mrTrGm88P88gc_7YH3JVgbVCIO_ghxrE4U_28vbcWFIlRBDaiPWCbo5u6aATe7--tsyqokp0RMZIHq9i8WJgueVbBf93z31npYePsrmVg",
    "token_expiry": "2025-01-30T18:17:27Z"
  },
  "sentinels": {
    "config_sentinel": "/Users/tamjid/.config/gcloud/config_sentinel"
  }
}
2025-01-30 12:17:28,574 INFO     ___FILE_ONLY___ 

