2025-01-30 13:16:32,387 DEBUG    root            Loaded Command Group: ['gcloud', 'config']
2025-01-30 13:16:32,389 DEBUG    root            Loaded Command Group: ['gcloud', 'config', 'config_helper']
2025-01-30 13:16:32,389 DEBUG    root            Running [gcloud.config.config-helper] with arguments: [--format: "json", --min-expiry: "3600"]
2025-01-30 13:16:32,399 DEBUG    google.auth.transport.requests Making request: POST https://oauth2.googleapis.com/token
2025-01-30 13:16:32,571 DEBUG    urllib3.connectionpool Starting new HTTPS connection (1): oauth2.googleapis.com:443
2025-01-30 13:16:32,781 DEBUG    urllib3.connectionpool https://oauth2.googleapis.com:443 "POST /token HTTP/1.1" 200 None
2025-01-30 13:16:32,791 DEBUG    root            Chosen display Format:default json
2025-01-30 13:16:32,791 INFO     root            Display format: "default json"
2025-01-30 13:16:32,822 INFO     ___FILE_ONLY___ {
  "configuration": {
    "active_configuration": "default",
    "properties": {
      "core": {
        "account": "tamjid.rahman@valon.com",
        "disable_prompts": "false",
        "disable_usage_reporting": "True",
        "project": "prod-peach-street"
      }
    }
  },
  "credential": {
    "access_token": "ya29.a0AXeO80QRDZ6UFEmq8dS4Gc45ScO9hdC3eSD2nQr7l61W7LucSXRJJMWUt7k37Myhii-MDEr3kBYfXB37K3TYkM0D3JbSUH-qSRRgVEKfk1R7u0pnWSsVDQv-0GiH1Q8HQiHYx94VVPCupjiAXO6-KHR9NRq0uaF-dufPHrgvti_lOmwaCgYKAcASARISFQHGX2MifgM7dAMQBD5j6GV7qRTSfA0182",
    "id_token": "eyJhbGciOiJSUzI1NiIsImtpZCI6ImZhMDcyZjc1Nzg0NjQyNjE1MDg3YzcxODJjMTAxMzQxZTE4ZjdhM2EiLCJ0eXAiOiJKV1QifQ.eyJpc3MiOiJodHRwczovL2FjY291bnRzLmdvb2dsZS5jb20iLCJhenAiOiIzMjU1NTk0MDU1OS5hcHBzLmdvb2dsZXVzZXJjb250ZW50LmNvbSIsImF1ZCI6IjMyNTU1OTQwNTU5LmFwcHMuZ29vZ2xldXNlcmNvbnRlbnQuY29tIiwic3ViIjoiMTAwNjUyNDM4NTEyNzgzNjkzMzI5IiwiaGQiOiJ2YWxvbi5jb20iLCJlbWFpbCI6InRhbWppZC5yYWhtYW5AdmFsb24uY29tIiwiZW1haWxfdmVyaWZpZWQiOnRydWUsImF0X2hhc2giOiJEOFVuZ0c5TEl5Q182bGljODNPSnVBIiwiaWF0IjoxNzM4MjYwOTkyLCJleHAiOjE3MzgyNjQ1OTJ9.XZoPA34HucNmyd5Gc7BBILo2aKAr5kPFdHSBUlFp-iRdF4pRxhDsYETUSokqmDh3yyU5HAJzRj1LCAtHiXaH9whEHytelILsEtbBrcxOVCJMu1b3l041_-8AtEypzXA6YmOysT_JMGE2ba_FG8ymc-T_NV6BYN-130cQ5NJ6fmEBfIia8vZD3UScuy_xVtNQiaip6ylVFtWC-jDisIMDPj-hzqGhFsADBnBQ_vJdy2bAj0srfN2O1Lk7Syrp-Vn8dc8_CJWP5UVsnTTyHlgeKhKgMKkC5crb2zRTRncLKEPJ07QW2tObR6qWIqvKV5QLnMOQKrHEG086Iy5FxckvQA",
    "token_expiry": "2025-01-30T19:16:31Z"
  },
  "sentinels": {
    "config_sentinel": "/Users/tamjid/.config/gcloud/config_sentinel"
  }
}
2025-01-30 13:16:32,822 INFO     ___FILE_ONLY___ 

