2025-02-13 17:34:39,228 DEBUG    root            Loaded Command Group: ['gcloud', 'auth']
2025-02-13 17:34:39,238 DEBUG    root            Loaded Command Group: ['gcloud', 'auth', 'login']
2025-02-13 17:34:39,238 DEBUG    root            Running [gcloud.auth.login] with arguments: []
2025-02-13 17:34:39,269 DEBUG    requests_oauthlib.oauth2_session Generated new state DimMdxyljZV23aj6DAbKkwSpPwMM6u.
2025-02-13 17:34:39,593 INFO     ___FILE_ONLY___ Your browser has been opened to visit:

    https://accounts.google.com/o/oauth2/auth?response_type=code&client_id=32555940559.apps.googleusercontent.com&redirect_uri=http%3A%2F%2Flocalhost%3A8085%2F&scope=openid+https%3A%2F%2Fwww.googleapis.com%2Fauth%2Fuserinfo.email+https%3A%2F%2Fwww.googleapis.com%2Fauth%2Fcloud-platform+https%3A%2F%2Fwww.googleapis.com%2Fauth%2Fappengine.admin+https%3A%2F%2Fwww.googleapis.com%2Fauth%2Fsqlservice.login+https%3A%2F%2Fwww.googleapis.com%2Fauth%2Fcompute+https%3A%2F%2Fwww.googleapis.com%2Fauth%2Faccounts.reauth&state=DimMdxyljZV23aj6DAbKkwSpPwMM6u&access_type=offline&code_challenge=lgl64CCjA1xvwFXWKoRZPh4X6DGuBEolb4dvMWccFhA&code_challenge_method=S256


2025-02-13 17:35:07,921 INFO     google_auth_oauthlib.flow "GET /?state=DimMdxyljZV23aj6DAbKkwSpPwMM6u&code=4/0ASVgi3KLROaaHh1AfmULirmO7TZ-9pguEdVuE_AV9aDDr6trmKzz7VXISidTZLlZPHvO3Q&scope=email%20openid%20https://www.googleapis.com/auth/userinfo.email%20https://www.googleapis.com/auth/cloud-platform%20https://www.googleapis.com/auth/appengine.admin%20https://www.googleapis.com/auth/sqlservice.login%20https://www.googleapis.com/auth/compute%20https://www.googleapis.com/auth/accounts.reauth&authuser=0&hd=valon.com&prompt=consent HTTP/1.1" 200 959
2025-02-13 17:35:07,921 DEBUG    requests_oauthlib.oauth2_session Requesting url https://oauth2.googleapis.com/token using method POST.
2025-02-13 17:35:07,922 DEBUG    requests_oauthlib.oauth2_session Supplying headers {b'Accept': b'application/json', b'Content-Type': b'application/x-www-form-urlencoded;charset=UTF-8', b'user-agent': b'google-cloud-sdk gcloud/475.0.0 command/gcloud.auth.login invocation-id/1c526fd96daa4e52810c9b3be3283327 environment/None environment-version/None client-os/MACOSX client-os-ver/24.2.0 client-pltf-arch/arm interactive/False from-script/False python/3.11.6 term/screen-256color (Macintosh; Intel Mac OS X 24.2.0)'} and data {'grant_type': 'authorization_code', 'client_id': '32555940559.apps.googleusercontent.com', 'client_secret': 'ZmssLNjJy2998hD4CTg2ejr2', 'code': '4/0ASVgi3KLROaaHh1AfmULirmO7TZ-9pguEdVuE_AV9aDDr6trmKzz7VXISidTZLlZPHvO3Q', 'redirect_uri': 'http://localhost:8085/', 'code_verifier': 'JoJFs0a2ckdsL~UArxdelJg7Lcgf4zGLZxgwoBfxrKVQEpEKjhwc8O7lMb0vxsDGeazGBDlczjnymfbiQCZBMDcn9132bbKDMhHfzo7CcnXpcF_pXp2bGIImJGH-RWIE'}
2025-02-13 17:35:07,922 DEBUG    requests_oauthlib.oauth2_session Passing through key word arguments {'json': None, 'timeout': None, 'auth': None, 'verify': None, 'proxies': None}.
2025-02-13 17:35:07,930 DEBUG    urllib3.connectionpool Starting new HTTPS connection (1): oauth2.googleapis.com:443
2025-02-13 17:35:08,121 DEBUG    urllib3.connectionpool https://oauth2.googleapis.com:443 "POST /token HTTP/1.1" 200 None
2025-02-13 17:35:08,121 DEBUG    requests_oauthlib.oauth2_session Prepared fetch token request body grant_type=authorization_code&client_id=32555940559.apps.googleusercontent.com&client_secret=ZmssLNjJy2998hD4CTg2ejr2&code=4%2F0ASVgi3KLROaaHh1AfmULirmO7TZ-9pguEdVuE_AV9aDDr6trmKzz7VXISidTZLlZPHvO3Q&redirect_uri=http%3A%2F%2Flocalhost%3A8085%2F&code_verifier=JoJFs0a2ckdsL~UArxdelJg7Lcgf4zGLZxgwoBfxrKVQEpEKjhwc8O7lMb0vxsDGeazGBDlczjnymfbiQCZBMDcn9132bbKDMhHfzo7CcnXpcF_pXp2bGIImJGH-RWIE
2025-02-13 17:35:08,122 DEBUG    requests_oauthlib.oauth2_session Request to fetch token completed with status 200.
2025-02-13 17:35:08,122 DEBUG    requests_oauthlib.oauth2_session Request headers were {'user-agent': b'google-cloud-sdk gcloud/475.0.0 command/gcloud.auth.login invocation-id/1c526fd96daa4e52810c9b3be3283327 environment/None environment-version/None client-os/MACOSX client-os-ver/24.2.0 client-pltf-arch/arm interactive/False from-script/False python/3.11.6 term/screen-256color (Macintosh; Intel Mac OS X 24.2.0)', 'Accept-Encoding': 'gzip, deflate', 'Accept': b'application/json', 'Connection': 'keep-alive', 'Content-Type': b'application/x-www-form-urlencoded;charset=UTF-8', 'Content-Length': '387'}
2025-02-13 17:35:08,122 DEBUG    requests_oauthlib.oauth2_session Request body was grant_type=authorization_code&client_id=32555940559.apps.googleusercontent.com&client_secret=ZmssLNjJy2998hD4CTg2ejr2&code=4%2F0ASVgi3KLROaaHh1AfmULirmO7TZ-9pguEdVuE_AV9aDDr6trmKzz7VXISidTZLlZPHvO3Q&redirect_uri=http%3A%2F%2Flocalhost%3A8085%2F&code_verifier=JoJFs0a2ckdsL~UArxdelJg7Lcgf4zGLZxgwoBfxrKVQEpEKjhwc8O7lMb0vxsDGeazGBDlczjnymfbiQCZBMDcn9132bbKDMhHfzo7CcnXpcF_pXp2bGIImJGH-RWIE
2025-02-13 17:35:08,122 DEBUG    requests_oauthlib.oauth2_session Response headers were {'Pragma': 'no-cache', 'Expires': 'Mon, 01 Jan 1990 00:00:00 GMT', 'Cache-Control': 'no-cache, no-store, max-age=0, must-revalidate', 'Date': 'Thu, 13 Feb 2025 22:35:08 GMT', 'Content-Type': 'application/json; charset=utf-8', 'Vary': 'Origin, X-Origin, Referer', 'Content-Encoding': 'gzip', 'Server': 'scaffolding on HTTPServer2', 'X-XSS-Protection': '0', 'X-Frame-Options': 'SAMEORIGIN', 'X-Content-Type-Options': 'nosniff', 'Alt-Svc': 'h3=":443"; ma=2592000,h3-29=":443"; ma=2592000', 'Transfer-Encoding': 'chunked'} and content {
  "access_token": "ya29.a0AXeO80QRuhWO_fWOWLZUg-_P5wR_6oYvFL9cSq5iclViWSQsrkcsEsX8RS1NkrxiRzcM3bLlyrEakNSXThsqj6RH0V5CaTSwm-BXfqB2xKMWBfi2b2rDkukAOpaaLxSjPlH89MWiiPoqZ3xkUxyH9r4lTS4BAhePQRwCiQ2hgokO9QaCgYKAcwSARISFQHGX2MiH0K7hVW9VUSNRvhr8W2eLA0181",
  "expires_in": 3599,
  "refresh_token": "1//01X-LFG6kHRQhCgYIARAAGAESNwF-L9Ir3RkVmbUgzcKsYBCc6gyQMpFNku1bY-usHpMN7NYti20W8SW_OKqdqTPlApR7i7ZV2JU",
  "scope": "https://www.googleapis.com/auth/cloud-platform https://www.googleapis.com/auth/compute https://www.googleapis.com/auth/sqlservice.login https://www.googleapis.com/auth/accounts.reauth https://www.googleapis.com/auth/appengine.admin https://www.googleapis.com/auth/userinfo.email openid",
  "token_type": "Bearer",
  "id_token": "eyJhbGciOiJSUzI1NiIsImtpZCI6IjVkMTJhYjc4MmNiNjA5NjI4NWY2OWU0OGFlYTk5MDc5YmI1OWNiODYiLCJ0eXAiOiJKV1QifQ.eyJpc3MiOiJodHRwczovL2FjY291bnRzLmdvb2dsZS5jb20iLCJhenAiOiIzMjU1NTk0MDU1OS5hcHBzLmdvb2dsZXVzZXJjb250ZW50LmNvbSIsImF1ZCI6IjMyNTU1OTQwNTU5LmFwcHMuZ29vZ2xldXNlcmNvbnRlbnQuY29tIiwic3ViIjoiMTAwNjUyNDM4NTEyNzgzNjkzMzI5IiwiaGQiOiJ2YWxvbi5jb20iLCJlbWFpbCI6InRhbWppZC5yYWhtYW5AdmFsb24uY29tIiwiZW1haWxfdmVyaWZpZWQiOnRydWUsImF0X2hhc2giOiJTZFY4S3RmcmprLU05ejJZeEdvV3JnIiwiaWF0IjoxNzM5NDg2MTA4LCJleHAiOjE3Mzk0ODk3MDh9.InzuX4a-IbkyCo0ZHW3ABcz110dRbrQMu5brug_idKyfFLbXCyV5MX6zPK96CVTHgkQixyVt-byPW7p8jVEdSIqdSNMViSWy03WsTNJW9U_TlEJtbDTSYU4t8vCT2ie7CNes2bjqOb833m77nFxyFvQ_X-xL5XC4xbqTPUGk3e6LroRvOG55tcX7klyNFj4ZZkcyGN1ruw6dMXMYnXrqa1f_cTqR9ImgflMaE0Q10QWDX3Pvur5tJPvbfi6HQ10-rgE5BxF_X4m67NEu2gwyS2GD0JHlhK1GUwzbYIh9Tt8sFEdV0u53XCh-2biyMZhtlhclmdob-j-AYaq1zIjGKQ"
}.
2025-02-13 17:35:08,122 DEBUG    requests_oauthlib.oauth2_session Invoking 0 token response hooks.
2025-02-13 17:35:08,122 DEBUG    requests_oauthlib.oauth2_session Obtained token {'access_token': 'ya29.a0AXeO80QRuhWO_fWOWLZUg-_P5wR_6oYvFL9cSq5iclViWSQsrkcsEsX8RS1NkrxiRzcM3bLlyrEakNSXThsqj6RH0V5CaTSwm-BXfqB2xKMWBfi2b2rDkukAOpaaLxSjPlH89MWiiPoqZ3xkUxyH9r4lTS4BAhePQRwCiQ2hgokO9QaCgYKAcwSARISFQHGX2MiH0K7hVW9VUSNRvhr8W2eLA0181', 'expires_in': 3599, 'refresh_token': '1//01X-LFG6kHRQhCgYIARAAGAESNwF-L9Ir3RkVmbUgzcKsYBCc6gyQMpFNku1bY-usHpMN7NYti20W8SW_OKqdqTPlApR7i7ZV2JU', 'scope': ['https://www.googleapis.com/auth/cloud-platform', 'https://www.googleapis.com/auth/compute', 'https://www.googleapis.com/auth/sqlservice.login', 'https://www.googleapis.com/auth/accounts.reauth', 'https://www.googleapis.com/auth/appengine.admin', 'https://www.googleapis.com/auth/userinfo.email', 'openid'], 'token_type': 'Bearer', 'id_token': 'eyJhbGciOiJSUzI1NiIsImtpZCI6IjVkMTJhYjc4MmNiNjA5NjI4NWY2OWU0OGFlYTk5MDc5YmI1OWNiODYiLCJ0eXAiOiJKV1QifQ.eyJpc3MiOiJodHRwczovL2FjY291bnRzLmdvb2dsZS5jb20iLCJhenAiOiIzMjU1NTk0MDU1OS5hcHBzLmdvb2dsZXVzZXJjb250ZW50LmNvbSIsImF1ZCI6IjMyNTU1OTQwNTU5LmFwcHMuZ29vZ2xldXNlcmNvbnRlbnQuY29tIiwic3ViIjoiMTAwNjUyNDM4NTEyNzgzNjkzMzI5IiwiaGQiOiJ2YWxvbi5jb20iLCJlbWFpbCI6InRhbWppZC5yYWhtYW5AdmFsb24uY29tIiwiZW1haWxfdmVyaWZpZWQiOnRydWUsImF0X2hhc2giOiJTZFY4S3RmcmprLU05ejJZeEdvV3JnIiwiaWF0IjoxNzM5NDg2MTA4LCJleHAiOjE3Mzk0ODk3MDh9.InzuX4a-IbkyCo0ZHW3ABcz110dRbrQMu5brug_idKyfFLbXCyV5MX6zPK96CVTHgkQixyVt-byPW7p8jVEdSIqdSNMViSWy03WsTNJW9U_TlEJtbDTSYU4t8vCT2ie7CNes2bjqOb833m77nFxyFvQ_X-xL5XC4xbqTPUGk3e6LroRvOG55tcX7klyNFj4ZZkcyGN1ruw6dMXMYnXrqa1f_cTqR9ImgflMaE0Q10QWDX3Pvur5tJPvbfi6HQ10-rgE5BxF_X4m67NEu2gwyS2GD0JHlhK1GUwzbYIh9Tt8sFEdV0u53XCh-2biyMZhtlhclmdob-j-AYaq1zIjGKQ', 'expires_at': 1739489707.122459}.
2025-02-13 17:35:08,144 INFO     ___FILE_ONLY___ 
You are now logged in as [tamjid.rahman@valon.com].
Your current project is [prod-peach-street].  You can change this setting by running:
  $ gcloud config set project PROJECT_ID

2025-02-13 17:35:08,145 DEBUG    root            Chosen display Format:none
2025-02-13 17:35:08,145 INFO     root            Display format: "none"
