2025-02-13 17:34:22,333 DEBUG    root            Loaded Command Group: ['gcloud', 'config']
2025-02-13 17:34:22,334 DEBUG    root            Loaded Command Group: ['gcloud', 'config', 'config_helper']
2025-02-13 17:34:22,335 DEBUG    root            Running [gcloud.config.config-helper] with arguments: [--format: "json", --min-expiry: "3600"]
2025-02-13 17:34:22,340 DEBUG    google.auth.transport.requests Making request: POST https://oauth2.googleapis.com/token
2025-02-13 17:34:22,345 DEBUG    urllib3.connectionpool Starting new HTTPS connection (1): oauth2.googleapis.com:443
2025-02-13 17:34:22,510 DEBUG    urllib3.connectionpool https://oauth2.googleapis.com:443 "POST /token HTTP/1.1" 400 None
2025-02-13 17:34:22,510 INFO     root            Reauthentication not performed as we cannot prompt during non-interactive execution.
2025-02-13 17:34:22,516 DEBUG    google.auth.transport.requests Making request: POST https://oauth2.googleapis.com/token
2025-02-13 17:34:22,519 DEBUG    urllib3.connectionpool Starting new HTTPS connection (1): oauth2.googleapis.com:443
2025-02-13 17:34:22,696 DEBUG    urllib3.connectionpool https://oauth2.googleapis.com:443 "POST /token HTTP/1.1" 400 None
2025-02-13 17:34:22,698 INFO     root            Reauthentication not performed as we cannot prompt during non-interactive execution.
2025-02-13 17:34:22,707 DEBUG    root            Chosen display Format:default json
2025-02-13 17:34:22,708 INFO     root            Display format: "default json"
2025-02-13 17:34:22,747 INFO     ___FILE_ONLY___ {
  "configuration": {
    "active_configuration": "default",
    "properties": {
      "core": {
        "account": "tamjid.rahman@valon.com",
        "disable_prompts": "false",
        "disable_usage_reporting": "True",
        "project": "prod-peach-street"
      }
    }
  },
  "credential": {
    "access_token": "ya29.a0AXeO80Rc95nqURXPm7jo1LDuebnDmTcLwJeFIm5mGPdKlAx_nj7K8Q3QK1mJ6UahkDC7bnOVEq3wdN1IPDx0EubGefWI2gB59txrut_wWS1rObCtB283xCjr6bXoA5ZyIHHXZ3hHgX56ga7mc_Tgh9xLwbNR750HZRfDuZ9EzNCExXMaCgYKAWkSARISFQHGX2MilxD9HTlRiA_C9-JkIgq-LQ0182",
    "id_token": "eyJhbGciOiJSUzI1NiIsImtpZCI6IjVkMTJhYjc4MmNiNjA5NjI4NWY2OWU0OGFlYTk5MDc5YmI1OWNiODYiLCJ0eXAiOiJKV1QifQ.eyJpc3MiOiJodHRwczovL2FjY291bnRzLmdvb2dsZS5jb20iLCJhenAiOiIzMjU1NTk0MDU1OS5hcHBzLmdvb2dsZXVzZXJjb250ZW50LmNvbSIsImF1ZCI6IjMyNTU1OTQwNTU5LmFwcHMuZ29vZ2xldXNlcmNvbnRlbnQuY29tIiwic3ViIjoiMTAwNjUyNDM4NTEyNzgzNjkzMzI5IiwiaGQiOiJ2YWxvbi5jb20iLCJlbWFpbCI6InRhbWppZC5yYWhtYW5AdmFsb24uY29tIiwiZW1haWxfdmVyaWZpZWQiOnRydWUsImF0X2hhc2giOiJxMkVVOTlwVnlId3V4T1FjZ0dtM1lnIiwiaWF0IjoxNzM5NDEzMjkyLCJleHAiOjE3Mzk0MTY4OTJ9.UUFeReadarZTsso-pX_kKPZw7Es4fYgQg8S_S_ueR5eFlabEr49XrPbZMIEoDMqm4iWxiLc6l5pxBbP_jtAMYZkz2YRdmyWds9p-IGQRUSwHBiKiwi1WHSLXV5fnXeNMnjp_B8kNx4y6oKTm1CN5d_bapeWYTfgd47-XeS27g0Hs6li1VSq0rFijPuBR9dymLDQyXu02z8Vz6mB2bRaBnZB2qV9KY53AmhnN2GMkvgbcrpRlX6Li3AZdzJwThlhNBNRW9SAbMhvUOVQoqcR3rvxZYGB7GWxDafvkyDmTbXGNe-sqLCH_wGXFdz8K1_e9XLo3egyyi9u4WUT3iiFZ4w",
    "token_expiry": "2025-02-13T03:21:31Z"
  },
  "sentinels": {
    "config_sentinel": "/Users/tamjid/.config/gcloud/config_sentinel"
  }
}
2025-02-13 17:34:22,747 INFO     ___FILE_ONLY___ 

