2025-02-13 17:35:08,457 DEBUG    root            Loaded Command Group: ['gcloud', 'config']
2025-02-13 17:35:08,458 DEBUG    root            Loaded Command Group: ['gcloud', 'config', 'config_helper']
2025-02-13 17:35:08,459 DEBUG    root            Running [gcloud.config.config-helper] with arguments: [--format: "json", --min-expiry: "3600"]
2025-02-13 17:35:08,464 DEBUG    google.auth.transport.requests Making request: POST https://oauth2.googleapis.com/token
2025-02-13 17:35:08,469 DEBUG    urllib3.connectionpool Starting new HTTPS connection (1): oauth2.googleapis.com:443
2025-02-13 17:35:08,637 DEBUG    urllib3.connectionpool https://oauth2.googleapis.com:443 "POST /token HTTP/1.1" 200 None
2025-02-13 17:35:08,642 DEBUG    root            Chosen display Format:default json
2025-02-13 17:35:08,642 INFO     root            Display format: "default json"
2025-02-13 17:35:08,661 INFO     ___FILE_ONLY___ {
  "configuration": {
    "active_configuration": "default",
    "properties": {
      "core": {
        "account": "tamjid.rahman@valon.com",
        "disable_prompts": "false",
        "disable_usage_reporting": "True",
        "project": "prod-peach-street"
      }
    }
  },
  "credential": {
    "access_token": "ya29.a0AXeO80Q5hNqIGsgOExDE79V1c_XFx8lunGFDC0X02OG1ZFiQU61A2Wx1QagGvmACjkjsQ9-KOjjGePd2zo0cOgNFGOrim45IA1rCdg5GGgnWnYlzWCmSR8gHVw3g-YfZi6o5hZrTPxthHo0Y_KxiuBjupJtOni-Zju_VWM_OEAQCtAaCgYKAaISARISFQHGX2MiNx9fcjBpPtCVln_GkyhSuQ0181",
    "id_token": "eyJhbGciOiJSUzI1NiIsImtpZCI6IjVkMTJhYjc4MmNiNjA5NjI4NWY2OWU0OGFlYTk5MDc5YmI1OWNiODYiLCJ0eXAiOiJKV1QifQ.eyJpc3MiOiJodHRwczovL2FjY291bnRzLmdvb2dsZS5jb20iLCJhenAiOiIzMjU1NTk0MDU1OS5hcHBzLmdvb2dsZXVzZXJjb250ZW50LmNvbSIsImF1ZCI6IjMyNTU1OTQwNTU5LmFwcHMuZ29vZ2xldXNlcmNvbnRlbnQuY29tIiwic3ViIjoiMTAwNjUyNDM4NTEyNzgzNjkzMzI5IiwiaGQiOiJ2YWxvbi5jb20iLCJlbWFpbCI6InRhbWppZC5yYWhtYW5AdmFsb24uY29tIiwiZW1haWxfdmVyaWZpZWQiOnRydWUsImF0X2hhc2giOiJBS0tnelhFWV9YWFVzTVNPWjVmSmJnIiwiaWF0IjoxNzM5NDg2MTA4LCJleHAiOjE3Mzk0ODk3MDh9.noM8VVSGolk_6hPJqJwR42_j9UjbpN64dLFK9Q4BW4C3Jl6XGiO9lPtEtPwnkRycSjdUOAXzJgwcDODL77PQYcRqFIK0QWq3W0vkqvLmg9XK8sIB-x5jRG_JR_x8Crxcu2ikSMGOucUFXvfHnN1hSN0E03RU2-A2tv6F4_uN9u0rXVNJ-nt56Izc6DAYKE5LGLcnjmxt2maTbL1XBumizDULxW9AwqTnTOQsXFxli3kTTEHFenuDNwUBMF1VtxPdKOm8GqQH9oYe1r4_1L6ZWxctyuGDOwGvdmwxwBasdMqAIBpPza60rR2hJ-tBZFOVip-oqDxXrOgM-6OfnQknLA",
    "token_expiry": "2025-02-13T23:35:07Z"
  },
  "sentinels": {
    "config_sentinel": "/Users/tamjid/.config/gcloud/config_sentinel"
  }
}
2025-02-13 17:35:08,661 INFO     ___FILE_ONLY___ 

