2025-02-13 17:35:30,527 DEBUG    root            Loaded Command Group: ['gcloud', 'config']
2025-02-13 17:35:30,527 DEBUG    root            Loaded Command Group: ['gcloud', 'config', 'config_helper']
2025-02-13 17:35:30,528 DEBUG    root            Running [gcloud.config.config-helper] with arguments: [--format: "json", --min-expiry: "3600"]
2025-02-13 17:35:30,532 DEBUG    google.auth.transport.requests Making request: POST https://oauth2.googleapis.com/token
2025-02-13 17:35:30,538 DEBUG    urllib3.connectionpool Starting new HTTPS connection (1): oauth2.googleapis.com:443
2025-02-13 17:35:30,698 DEBUG    urllib3.connectionpool https://oauth2.googleapis.com:443 "POST /token HTTP/1.1" 200 None
2025-02-13 17:35:30,702 DEBUG    root            Chosen display Format:default json
2025-02-13 17:35:30,702 INFO     root            Display format: "default json"
2025-02-13 17:35:30,720 INFO     ___FILE_ONLY___ {
  "configuration": {
    "active_configuration": "default",
    "properties": {
      "core": {
        "account": "tamjid.rahman@valon.com",
        "disable_prompts": "false",
        "disable_usage_reporting": "True",
        "project": "prod-peach-street"
      }
    }
  },
  "credential": {
    "access_token": "ya29.a0AXeO80Qt1ENX7IMM0Dz0Mm5a28jj3i6fyoZG9Pv_FCRCbzcluy03fMfvET-VNLEX4v0M8LAUohRXsAdX8uG9BKYGguN7dhpjLIzUZPtUBbih1WrN26vbi1DhrtorcquNNUOb61x6uuMIOGLB9ZiLWYdlolxZYLJDoGlNfKHtI1SaDAaCgYKAf4SARISFQHGX2Mio2JBmcYbsdHdpxq1qevLhA0181",
    "id_token": "eyJhbGciOiJSUzI1NiIsImtpZCI6IjVkMTJhYjc4MmNiNjA5NjI4NWY2OWU0OGFlYTk5MDc5YmI1OWNiODYiLCJ0eXAiOiJKV1QifQ.eyJpc3MiOiJodHRwczovL2FjY291bnRzLmdvb2dsZS5jb20iLCJhenAiOiIzMjU1NTk0MDU1OS5hcHBzLmdvb2dsZXVzZXJjb250ZW50LmNvbSIsImF1ZCI6IjMyNTU1OTQwNTU5LmFwcHMuZ29vZ2xldXNlcmNvbnRlbnQuY29tIiwic3ViIjoiMTAwNjUyNDM4NTEyNzgzNjkzMzI5IiwiaGQiOiJ2YWxvbi5jb20iLCJlbWFpbCI6InRhbWppZC5yYWhtYW5AdmFsb24uY29tIiwiZW1haWxfdmVyaWZpZWQiOnRydWUsImF0X2hhc2giOiJEc0NWSFJ4YVhsUEdOczVfWHBtSXNRIiwiaWF0IjoxNzM5NDg2MTMwLCJleHAiOjE3Mzk0ODk3MzB9.i7IlOadJ-2WQvCycAYcOdkIrVEJKtCuFQ_OhcQ1BbyekApOw_HnOVp8V4MurXU32ZDkm-UZCkE3CTn4jFJTZ5bYL9_be4Q28wnQhpSSP2k140xJVU3dBtPJBlt7mHbmezRolvXLzLEVSIsyRxbi_ZWBPfLgFPBlPcGPQiSGjm2wqGnX8rtymqe0SJrnWP37icvPB0UAtu2HjlHimiZN3tHg0a9RMbucYD6Udy3UDr56LsihE1xC9AUhl3e8kOJj22W849Kpu5s7wof_ETKshN1EdFjLyV0iF8dpIvnWy9x7nQGhpfCqbm-_opSk5TqA3Jw861XPjRu-SdWn9Xtu9pA",
    "token_expiry": "2025-02-13T23:35:29Z"
  },
  "sentinels": {
    "config_sentinel": "/Users/tamjid/.config/gcloud/config_sentinel"
  }
}
2025-02-13 17:35:30,720 INFO     ___FILE_ONLY___ 

