2025-02-13 20:02:34,618 DEBUG    root            Loaded Command Group: ['gcloud', 'config']
2025-02-13 20:02:34,620 DEBUG    root            Loaded Command Group: ['gcloud', 'config', 'config_helper']
2025-02-13 20:02:34,621 DEBUG    root            Running [gcloud.config.config-helper] with arguments: [--format: "json", --min-expiry: "3600"]
2025-02-13 20:02:34,626 DEBUG    google.auth.transport.requests Making request: POST https://oauth2.googleapis.com/token
2025-02-13 20:02:34,656 DEBUG    urllib3.connectionpool Starting new HTTPS connection (1): oauth2.googleapis.com:443
2025-02-13 20:02:34,815 DEBUG    urllib3.connectionpool https://oauth2.googleapis.com:443 "POST /token HTTP/1.1" 200 None
2025-02-13 20:02:34,820 DEBUG    root            Chosen display Format:default json
2025-02-13 20:02:34,820 INFO     root            Display format: "default json"
2025-02-13 20:02:34,841 INFO     ___FILE_ONLY___ {
  "configuration": {
    "active_configuration": "default",
    "properties": {
      "core": {
        "account": "tamjid.rahman@valon.com",
        "disable_prompts": "false",
        "disable_usage_reporting": "True",
        "project": "prod-peach-street"
      }
    }
  },
  "credential": {
    "access_token": "ya29.a0AXeO80TkRJpDfmGSDjW1KdcwZh71RJ64Z-70OnLwqAd7GOZkB1xCcHkHTHmjSJFhpVnOWvYKvHXDjmnuyiwPewk1KpCyi1ghY0z0F7XSgIOlR4sQftrNh2J0SFasgv1vSmB6xk5k1cFuGULXaZkjIlzfRP2Gb4pwgYM3OCQYxTQIHQaCgYKAasSARISFQHGX2MiYscF0pNx4cmA70szq8Fy3w0181",
    "id_token": "eyJhbGciOiJSUzI1NiIsImtpZCI6IjVkMTJhYjc4MmNiNjA5NjI4NWY2OWU0OGFlYTk5MDc5YmI1OWNiODYiLCJ0eXAiOiJKV1QifQ.eyJpc3MiOiJodHRwczovL2FjY291bnRzLmdvb2dsZS5jb20iLCJhenAiOiIzMjU1NTk0MDU1OS5hcHBzLmdvb2dsZXVzZXJjb250ZW50LmNvbSIsImF1ZCI6IjMyNTU1OTQwNTU5LmFwcHMuZ29vZ2xldXNlcmNvbnRlbnQuY29tIiwic3ViIjoiMTAwNjUyNDM4NTEyNzgzNjkzMzI5IiwiaGQiOiJ2YWxvbi5jb20iLCJlbWFpbCI6InRhbWppZC5yYWhtYW5AdmFsb24uY29tIiwiZW1haWxfdmVyaWZpZWQiOnRydWUsImF0X2hhc2giOiJ6bVVpaEZRTlNlalRubWNySmVVWTNnIiwiaWF0IjoxNzM5NDk0OTU0LCJleHAiOjE3Mzk0OTg1NTR9.GeVi6p96CS3plPQC7EegblE01x4XBPDVuDVjUSEmBmlkSZPptkL0Ape7GyjwTPJtzHXbJUHbYTvBSvoq7VnvCfjN8Ma2wZarcvpzCgyeMxr4Qv2pwh1rTT6Wpubs6noeqC4VHIR3GLboJA_uDNIKBGQ2D2aawp6TLoxTcsBbVfRe36cBr2Vdx53vv378wtS3tvSjnFS4gPOcUoWFk7BY1cc0vu1i2sQA36azouiiYfaDW3G3EOpwNPRJY7PJrZzhpLMl4sNmQcg5OBhBR44q-7P-CHtjrRX122eq6wEZvBXtcIA8N9c4H1eLiKk8_ASKdzykB0TPU9UGVh_p2g8oSQ",
    "token_expiry": "2025-02-14T02:02:33Z"
  },
  "sentinels": {
    "config_sentinel": "/Users/tamjid/.config/gcloud/config_sentinel"
  }
}
2025-02-13 20:02:34,841 INFO     ___FILE_ONLY___ 

