2025-02-13 20:02:35,109 DEBUG    root            Loaded Command Group: ['gcloud', 'config']
2025-02-13 20:02:35,110 DEBUG    root            Loaded Command Group: ['gcloud', 'config', 'config_helper']
2025-02-13 20:02:35,111 DEBUG    root            Running [gcloud.config.config-helper] with arguments: [--format: "json", --min-expiry: "3600"]
2025-02-13 20:02:35,116 DEBUG    google.auth.transport.requests Making request: POST https://oauth2.googleapis.com/token
2025-02-13 20:02:35,121 DEBUG    urllib3.connectionpool Starting new HTTPS connection (1): oauth2.googleapis.com:443
2025-02-13 20:02:35,282 DEBUG    urllib3.connectionpool https://oauth2.googleapis.com:443 "POST /token HTTP/1.1" 200 None
2025-02-13 20:02:35,286 DEBUG    root            Chosen display Format:default json
2025-02-13 20:02:35,286 INFO     root            Display format: "default json"
2025-02-13 20:02:35,304 INFO     ___FILE_ONLY___ {
  "configuration": {
    "active_configuration": "default",
    "properties": {
      "core": {
        "account": "tamjid.rahman@valon.com",
        "disable_prompts": "false",
        "disable_usage_reporting": "True",
        "project": "prod-peach-street"
      }
    }
  },
  "credential": {
    "access_token": "ya29.a0AXeO80Q7JthXf-Duum4xM7rkBS1XJoRHPMal8k8I9Z1zykPDIdrKrdAQRgxYRms5f4ZOkH8tVEoWBtbyOA7nKG3vV4SsXIys7ZxsH1tXj27Pcqzvj51c36FP_tz7j6p0CbbXetGCqTpuWZ6l5m-2Bw1o-ejXo9qCuDiFclbO7uTXYwaCgYKARESARISFQHGX2MilA7v4jeDpEyjkFp4VlLpnw0181",
    "id_token": "eyJhbGciOiJSUzI1NiIsImtpZCI6IjVkMTJhYjc4MmNiNjA5NjI4NWY2OWU0OGFlYTk5MDc5YmI1OWNiODYiLCJ0eXAiOiJKV1QifQ.eyJpc3MiOiJodHRwczovL2FjY291bnRzLmdvb2dsZS5jb20iLCJhenAiOiIzMjU1NTk0MDU1OS5hcHBzLmdvb2dsZXVzZXJjb250ZW50LmNvbSIsImF1ZCI6IjMyNTU1OTQwNTU5LmFwcHMuZ29vZ2xldXNlcmNvbnRlbnQuY29tIiwic3ViIjoiMTAwNjUyNDM4NTEyNzgzNjkzMzI5IiwiaGQiOiJ2YWxvbi5jb20iLCJlbWFpbCI6InRhbWppZC5yYWhtYW5AdmFsb24uY29tIiwiZW1haWxfdmVyaWZpZWQiOnRydWUsImF0X2hhc2giOiJJcTdvWEJfMUNGRDR6TkVEWXhpaFdRIiwiaWF0IjoxNzM5NDk0OTU1LCJleHAiOjE3Mzk0OTg1NTV9.MHvUaSdi2h4Mejjjg_0JZLxy7bXzbg-nnOozvL5EQ9Z3hHvRihA5J0DuxCfXXf6BCRq1WYKHcKTidBZL9y5mV_1EKbMkYwjK27leedKuXkEsE3hVqB9M5mxg0z-52hmEzxWMo9VDvicQrE_10hZ2vS8Y48rytba3SnKRNhPPgkQkJYCDH48KDBGoRgtTkc1P9VKyKwQwXCjai28jbUP90O7HrWu4qMeGCleZoG9SXL3kwI3e0-lWnEmFT9YxwQJkUkqX8JZNuvSgY3UVv4ONrtsyV68jiF8i_i2aXfLp2ZFTuHUiNtuFaAtnBQJ5fg7DLg9sPXFQ91BfmylJzNqGBQ",
    "token_expiry": "2025-02-14T02:02:34Z"
  },
  "sentinels": {
    "config_sentinel": "/Users/tamjid/.config/gcloud/config_sentinel"
  }
}
2025-02-13 20:02:35,304 INFO     ___FILE_ONLY___ 

