2025-02-13 20:08:55,405 DEBUG    root            Loaded Command Group: ['gcloud', 'config']
2025-02-13 20:08:55,406 DEBUG    root            Loaded Command Group: ['gcloud', 'config', 'config_helper']
2025-02-13 20:08:55,407 DEBUG    root            Running [gcloud.config.config-helper] with arguments: [--format: "json", --min-expiry: "3600"]
2025-02-13 20:08:55,412 DEBUG    google.auth.transport.requests Making request: POST https://oauth2.googleapis.com/token
2025-02-13 20:08:55,417 DEBUG    urllib3.connectionpool Starting new HTTPS connection (1): oauth2.googleapis.com:443
2025-02-13 20:08:55,584 DEBUG    urllib3.connectionpool https://oauth2.googleapis.com:443 "POST /token HTTP/1.1" 200 None
2025-02-13 20:08:55,587 DEBUG    root            Chosen display Format:default json
2025-02-13 20:08:55,587 INFO     root            Display format: "default json"
2025-02-13 20:08:55,601 INFO     ___FILE_ONLY___ {
  "configuration": {
    "active_configuration": "default",
    "properties": {
      "core": {
        "account": "tamjid.rahman@valon.com",
        "disable_prompts": "false",
        "disable_usage_reporting": "True",
        "project": "prod-peach-street"
      }
    }
  },
  "credential": {
    "access_token": "ya29.a0AXeO80TqpHpWQQUcvj2-iD9TxnMmdqUsVn3CGf0hQDY5BQPDIQQoWox5mzKj8N-bNBLRoc8GAGd7qHXOA35T9-gpRNpiaVQ1AqorMR3R88B0R4yoT2bd_XPiChv3cda1jcaak23XQY8r9ub0ZMyybfWeC-eA4SMz7rQdOuQOX5QLkgaCgYKASQSARISFQHGX2MiMGmrjzVM_2yXbn8ctZJ9FA0181",
    "id_token": "eyJhbGciOiJSUzI1NiIsImtpZCI6IjVkMTJhYjc4MmNiNjA5NjI4NWY2OWU0OGFlYTk5MDc5YmI1OWNiODYiLCJ0eXAiOiJKV1QifQ.eyJpc3MiOiJodHRwczovL2FjY291bnRzLmdvb2dsZS5jb20iLCJhenAiOiIzMjU1NTk0MDU1OS5hcHBzLmdvb2dsZXVzZXJjb250ZW50LmNvbSIsImF1ZCI6IjMyNTU1OTQwNTU5LmFwcHMuZ29vZ2xldXNlcmNvbnRlbnQuY29tIiwic3ViIjoiMTAwNjUyNDM4NTEyNzgzNjkzMzI5IiwiaGQiOiJ2YWxvbi5jb20iLCJlbWFpbCI6InRhbWppZC5yYWhtYW5AdmFsb24uY29tIiwiZW1haWxfdmVyaWZpZWQiOnRydWUsImF0X2hhc2giOiJ6VjVxX2xQUmxxZXU5VnBab1RSMVJnIiwiaWF0IjoxNzM5NDk1MzM1LCJleHAiOjE3Mzk0OTg5MzV9.aFU87Q6EskVTjDZK_0x3bDtgtjDNxzk-55G3FMWvAQXTa_JpHjr_d1TY6AIEMvkTPPOwfjBSK3_1cbiXz4NBR-rafIDMURijxnsYl59W9m3LmM-Lr_EITh7XZe5p8oy_z-FV27Z9lQgzbhTVT0mC_bNr1pDq5392A-MoBMdFVOKA_9Nu0NbcLMKSiOzkaCdbYWuN68STziEPQikr6qJmAtnNEEsH9yKGY3RKzRS2eWLScIYsbXqALItiBT17CnxVNDGkOFTZ7cgLI4mJ2PtpGcgznz8tY7vr55JAP_SkFKD9h3_aeNcYBS46_fjST6GY8CJqZSgzG_duRM7wMbFcTw",
    "token_expiry": "2025-02-14T02:08:54Z"
  },
  "sentinels": {
    "config_sentinel": "/Users/tamjid/.config/gcloud/config_sentinel"
  }
}
2025-02-13 20:08:55,601 INFO     ___FILE_ONLY___ 

