2025-02-13 20:02:50,063 DEBUG    root            Loaded Command Group: ['gcloud', 'config']
2025-02-13 20:02:50,064 DEBUG    root            Loaded Command Group: ['gcloud', 'config', 'config_helper']
2025-02-13 20:02:50,064 DEBUG    root            Running [gcloud.config.config-helper] with arguments: [--format: "json", --min-expiry: "3600"]
2025-02-13 20:02:50,070 DEBUG    google.auth.transport.requests Making request: POST https://oauth2.googleapis.com/token
2025-02-13 20:02:50,075 DEBUG    urllib3.connectionpool Starting new HTTPS connection (1): oauth2.googleapis.com:443
2025-02-13 20:02:50,242 DEBUG    urllib3.connectionpool https://oauth2.googleapis.com:443 "POST /token HTTP/1.1" 200 None
2025-02-13 20:02:50,249 DEBUG    root            Chosen display Format:default json
2025-02-13 20:02:50,249 INFO     root            Display format: "default json"
2025-02-13 20:02:50,270 INFO     ___FILE_ONLY___ {
  "configuration": {
    "active_configuration": "default",
    "properties": {
      "core": {
        "account": "tamjid.rahman@valon.com",
        "disable_prompts": "false",
        "disable_usage_reporting": "True",
        "project": "prod-peach-street"
      }
    }
  },
  "credential": {
    "access_token": "ya29.a0AXeO80TE5JA3sqAsgYNUBbzXc4nlPy1F8mmuhW0aq28pAEpcCko_rdGFOvqSby-SOv7j69rHrywZUFWBSV_pjf9J8t5wxpdhWXuh3tu2WG36GAAiGa1ZkoHggtetVvFKge75lNFsXRp-Imo35v5J5XrVXwLkxUDqsuTPTqk9hGpUdwaCgYKAYcSARISFQHGX2MinhnjERjVJOsg6sydhnpITg0181",
    "id_token": "eyJhbGciOiJSUzI1NiIsImtpZCI6IjVkMTJhYjc4MmNiNjA5NjI4NWY2OWU0OGFlYTk5MDc5YmI1OWNiODYiLCJ0eXAiOiJKV1QifQ.eyJpc3MiOiJodHRwczovL2FjY291bnRzLmdvb2dsZS5jb20iLCJhenAiOiIzMjU1NTk0MDU1OS5hcHBzLmdvb2dsZXVzZXJjb250ZW50LmNvbSIsImF1ZCI6IjMyNTU1OTQwNTU5LmFwcHMuZ29vZ2xldXNlcmNvbnRlbnQuY29tIiwic3ViIjoiMTAwNjUyNDM4NTEyNzgzNjkzMzI5IiwiaGQiOiJ2YWxvbi5jb20iLCJlbWFpbCI6InRhbWppZC5yYWhtYW5AdmFsb24uY29tIiwiZW1haWxfdmVyaWZpZWQiOnRydWUsImF0X2hhc2giOiJmbHVrdkVaaWlZMEI2dzM0RWJQRUNnIiwiaWF0IjoxNzM5NDk0OTcwLCJleHAiOjE3Mzk0OTg1NzB9.F8Bh2g0KtDPD_L1vWLB9hv_k8FlXseoD-T2gPrShbWWpjN1OtBoKAQEJTThmVaDNr13a7asZOpHGAciTjbwoPmZBazj-OWP8XWjzclZ3Bq7YeYQ-qhq8TpRHY30iCSJjBXUi6SAnkSE3SbwXTUvH0klHlWZzjz5mzvvE3uL8H_rkc1oivvMwSf-IrkMW6RP4JpRJggPNAu5hBDylzs_LIo-Eoiol1xEpetEO0Ij6IkE53pdYyMTTLCPsHYW_DO22IPL496YoLTynxuhlXBuFk9qPKK1PCKynwmcJd0kjtxslWyN0Z-GS67lrrFM2Q9znQTVvvWbBZRPhROESlplEJA",
    "token_expiry": "2025-02-14T02:02:49Z"
  },
  "sentinels": {
    "config_sentinel": "/Users/tamjid/.config/gcloud/config_sentinel"
  }
}
2025-02-13 20:02:50,271 INFO     ___FILE_ONLY___ 

