2025-02-13 20:02:57,948 DEBUG    root            Loaded Command Group: ['gcloud', 'config']
2025-02-13 20:02:57,949 DEBUG    root            Loaded Command Group: ['gcloud', 'config', 'config_helper']
2025-02-13 20:02:57,949 DEBUG    root            Running [gcloud.config.config-helper] with arguments: [--format: "json", --min-expiry: "3600"]
2025-02-13 20:02:57,954 DEBUG    google.auth.transport.requests Making request: POST https://oauth2.googleapis.com/token
2025-02-13 20:02:57,962 DEBUG    urllib3.connectionpool Starting new HTTPS connection (1): oauth2.googleapis.com:443
2025-02-13 20:02:58,121 DEBUG    urllib3.connectionpool https://oauth2.googleapis.com:443 "POST /token HTTP/1.1" 200 None
2025-02-13 20:02:58,125 DEBUG    root            Chosen display Format:default json
2025-02-13 20:02:58,125 INFO     root            Display format: "default json"
2025-02-13 20:02:58,143 INFO     ___FILE_ONLY___ {
  "configuration": {
    "active_configuration": "default",
    "properties": {
      "core": {
        "account": "tamjid.rahman@valon.com",
        "disable_prompts": "false",
        "disable_usage_reporting": "True",
        "project": "prod-peach-street"
      }
    }
  },
  "credential": {
    "access_token": "ya29.a0AXeO80S6cOvChQE2--D6UgY54VjQclSctV9zIEsntQmFjOyZhz5rTxXAWRA3-roj-AF7dC-glgI44jtpzHMI_MLirxAsYV1dGb6amX8t7Kj5wl3kY6exHUXGhDLR17vnysAdIkD2_Plcqkz6omnyfDNN2vT23oZO4ZXCg7NzNLb1UQaCgYKAc0SARISFQHGX2Mi57KnzAdkFEAdt4YkMiJ65w0181",
    "id_token": "eyJhbGciOiJSUzI1NiIsImtpZCI6IjVkMTJhYjc4MmNiNjA5NjI4NWY2OWU0OGFlYTk5MDc5YmI1OWNiODYiLCJ0eXAiOiJKV1QifQ.eyJpc3MiOiJodHRwczovL2FjY291bnRzLmdvb2dsZS5jb20iLCJhenAiOiIzMjU1NTk0MDU1OS5hcHBzLmdvb2dsZXVzZXJjb250ZW50LmNvbSIsImF1ZCI6IjMyNTU1OTQwNTU5LmFwcHMuZ29vZ2xldXNlcmNvbnRlbnQuY29tIiwic3ViIjoiMTAwNjUyNDM4NTEyNzgzNjkzMzI5IiwiaGQiOiJ2YWxvbi5jb20iLCJlbWFpbCI6InRhbWppZC5yYWhtYW5AdmFsb24uY29tIiwiZW1haWxfdmVyaWZpZWQiOnRydWUsImF0X2hhc2giOiJVMl9EYkJ4OUVJcG5rVkhlYy14Sm93IiwiaWF0IjoxNzM5NDk0OTc4LCJleHAiOjE3Mzk0OTg1Nzh9.Oj54tWy5aQc1zsc132ES5QUFrHXBH5RtTrle9pW52nLsZv6SDlkVXa_oQLiQztVa4vVKvu3xDgORFZ1kQFWo88nyQbq-rX7L4aIYfUufPyFivGU01OxmSSF-Xg2tqO5q5TSniF9qeoWSle6gNDN_adQ8Hm472P8gfNQXu8pYCCiWqq_Tc0hQYqO_lDTa20fWlegtRZhOC0yE63s-_n_dAtbdRRh_9-2DD-TRb3BJkUfG45VFKJjFxyUUfelGsdNyBGeVvO_6l_nRCvFh1an8U9WqqUwHbklSRGRDuTQlbLhR_LzFuCjZNd6S4tmL2aUeo1m0jPajJJenpmaMAZnA6w",
    "token_expiry": "2025-02-14T02:02:57Z"
  },
  "sentinels": {
    "config_sentinel": "/Users/tamjid/.config/gcloud/config_sentinel"
  }
}
2025-02-13 20:02:58,143 INFO     ___FILE_ONLY___ 

