2025-02-09 10:57:11,066 DEBUG    root            Loaded Command Group: ['gcloud', 'config']
2025-02-09 10:57:11,068 DEBUG    root            Loaded Command Group: ['gcloud', 'config', 'config_helper']
2025-02-09 10:57:11,069 DEBUG    root            Running [gcloud.config.config-helper] with arguments: [--format: "json"]
2025-02-09 10:57:11,073 DEBUG    root            Chosen display Format:default json
2025-02-09 10:57:11,074 INFO     root            Display format: "default json"
2025-02-09 10:57:11,089 INFO     ___FILE_ONLY___ {
  "configuration": {
    "active_configuration": "default",
    "properties": {
      "core": {
        "account": "tamjid.rahman@valon.com",
        "disable_prompts": "false",
        "disable_usage_reporting": "True",
        "project": "prod-peach-street"
      }
    }
  },
  "credential": {
    "access_token": "ya29.a0AXeO80TsILBVIV4jqn7zuijHIP_XU9d44DMcFVxpWmiDh69jYBRNo-jHYlZs2q0TJrjeDUWd1ek3YVu-V4MVZuyK-YOHRr8hl4Gd-RhNbDae9Otdx_MRkihylQ6X1i2-IvMRClxqj9uWqmZDyu-9P5fcKFxbPig3hh6LzkQ8GBII7-caCgYKATgSARISFQHGX2Miu-iZqCNt3mv0BS83ciJzcg0182",
    "id_token": "eyJhbGciOiJSUzI1NiIsImtpZCI6ImVlYzUzNGZhNWI4Y2FjYTIwMWNhOGQwZmY5NmI1NGM1NjIyMTBkMWUiLCJ0eXAiOiJKV1QifQ.eyJpc3MiOiJodHRwczovL2FjY291bnRzLmdvb2dsZS5jb20iLCJhenAiOiIzMjU1NTk0MDU1OS5hcHBzLmdvb2dsZXVzZXJjb250ZW50LmNvbSIsImF1ZCI6IjMyNTU1OTQwNTU5LmFwcHMuZ29vZ2xldXNlcmNvbnRlbnQuY29tIiwic3ViIjoiMTAwNjUyNDM4NTEyNzgzNjkzMzI5IiwiaGQiOiJ2YWxvbi5jb20iLCJlbWFpbCI6InRhbWppZC5yYWhtYW5AdmFsb24uY29tIiwiZW1haWxfdmVyaWZpZWQiOnRydWUsImF0X2hhc2giOiJBanlfTm5CNEZjTnR1RHlqMWU0TWxRIiwiaWF0IjoxNzM5MTE2MzUzLCJleHAiOjE3MzkxMTk5NTN9.UQHi3RixNBSLJf4X6Y2YGCU7szOLIh1yq7Uihq6kLDRBfffozrbhSfQx27OR6Xc2qJrmjnu9-8qaM8DmFIf_qyrHE-MuEwpKRF7YzpoY4NOJZbB00cDQCVzI-sHeRi-3EYAWImBPExt8MdcORL6oBXX9BjcLlDhTFLNnAKPoZi9BJlGWyrY1Pvx9FWVn8QBiYIGnpXZ_6aMTMW-KwkwFqWhQ5C0c3BpZSxIAKHNJFwwSP4wadJ0D62VUP-1sjfgU9bztEzIkWFk6YdWhT5pjhgZ8tMZU5BfgTtSpEnqdKdixac342cDdg9PfyyZFn8oOTcenVEJvR-loHz3AC7acHQ",
    "token_expiry": "2025-02-09T16:52:32Z"
  },
  "sentinels": {
    "config_sentinel": "/Users/tamjid/.config/gcloud/config_sentinel"
  }
}
2025-02-09 10:57:11,089 INFO     ___FILE_ONLY___ 

