2025-02-09 17:37:32,239 DEBUG    root            Loaded Command Group: ['gcloud', 'auth']
2025-02-09 17:37:32,250 DEBUG    root            Loaded Command Group: ['gcloud', 'auth', 'login']
2025-02-09 17:37:32,251 DEBUG    root            Running [gcloud.auth.login] with arguments: []
2025-02-09 17:37:32,283 DEBUG    requests_oauthlib.oauth2_session Generated new state HBsZCESj7xdwsRo817N6EmEksD6GfL.
2025-02-09 17:37:32,405 INFO     ___FILE_ONLY___ Your browser has been opened to visit:

    https://accounts.google.com/o/oauth2/auth?response_type=code&client_id=32555940559.apps.googleusercontent.com&redirect_uri=http%3A%2F%2Flocalhost%3A8085%2F&scope=openid+https%3A%2F%2Fwww.googleapis.com%2Fauth%2Fuserinfo.email+https%3A%2F%2Fwww.googleapis.com%2Fauth%2Fcloud-platform+https%3A%2F%2Fwww.googleapis.com%2Fauth%2Fappengine.admin+https%3A%2F%2Fwww.googleapis.com%2Fauth%2Fsqlservice.login+https%3A%2F%2Fwww.googleapis.com%2Fauth%2Fcompute+https%3A%2F%2Fwww.googleapis.com%2Fauth%2Faccounts.reauth&state=HBsZCESj7xdwsRo817N6EmEksD6GfL&access_type=offline&code_challenge=3kpAgmlFPoHzOwCVrnc1TuSPUfQQF92VI-P5RDnGxm8&code_challenge_method=S256


2025-02-09 17:37:46,836 INFO     google_auth_oauthlib.flow "GET /?state=HBsZCESj7xdwsRo817N6EmEksD6GfL&code=4/0ASVgi3Jk4ZCy6v8TYiE2FGJ6Ct7UN5ZYMgQbD6Wof704UHD6l03KWZwrP4D-7yA1suZUag&scope=email%20openid%20https://www.googleapis.com/auth/userinfo.email%20https://www.googleapis.com/auth/cloud-platform%20https://www.googleapis.com/auth/appengine.admin%20https://www.googleapis.com/auth/sqlservice.login%20https://www.googleapis.com/auth/compute%20https://www.googleapis.com/auth/accounts.reauth&authuser=0&hd=valon.com&prompt=consent HTTP/1.1" 200 959
2025-02-09 17:37:46,837 DEBUG    requests_oauthlib.oauth2_session Requesting url https://oauth2.googleapis.com/token using method POST.
2025-02-09 17:37:46,837 DEBUG    requests_oauthlib.oauth2_session Supplying headers {b'Accept': b'application/json', b'Content-Type': b'application/x-www-form-urlencoded;charset=UTF-8', b'user-agent': b'google-cloud-sdk gcloud/475.0.0 command/gcloud.auth.login invocation-id/5d73c9302c0f4df89cc178dbb982ddc3 environment/None environment-version/None client-os/MACOSX client-os-ver/24.2.0 client-pltf-arch/arm interactive/False from-script/False python/3.11.6 term/screen-256color (Macintosh; Intel Mac OS X 24.2.0)'} and data {'grant_type': 'authorization_code', 'client_id': '32555940559.apps.googleusercontent.com', 'client_secret': 'ZmssLNjJy2998hD4CTg2ejr2', 'code': '4/0ASVgi3Jk4ZCy6v8TYiE2FGJ6Ct7UN5ZYMgQbD6Wof704UHD6l03KWZwrP4D-7yA1suZUag', 'redirect_uri': 'http://localhost:8085/', 'code_verifier': 'S~POrIGTwYQFLLPltLv12-zAvETz7xFsxn2H2piMMoEg7qoWqhxPYNDYvqAqsjjVk7C37lVfd~5l9jSxalpniFou7nxetMn..y5V9ZqCFyAerj6amRQjquiZ7znxpDpg'}
2025-02-09 17:37:46,837 DEBUG    requests_oauthlib.oauth2_session Passing through key word arguments {'json': None, 'timeout': None, 'auth': None, 'verify': None, 'proxies': None}.
2025-02-09 17:37:46,847 DEBUG    urllib3.connectionpool Starting new HTTPS connection (1): oauth2.googleapis.com:443
2025-02-09 17:37:47,042 DEBUG    urllib3.connectionpool https://oauth2.googleapis.com:443 "POST /token HTTP/1.1" 200 None
2025-02-09 17:37:47,043 DEBUG    requests_oauthlib.oauth2_session Prepared fetch token request body grant_type=authorization_code&client_id=32555940559.apps.googleusercontent.com&client_secret=ZmssLNjJy2998hD4CTg2ejr2&code=4%2F0ASVgi3Jk4ZCy6v8TYiE2FGJ6Ct7UN5ZYMgQbD6Wof704UHD6l03KWZwrP4D-7yA1suZUag&redirect_uri=http%3A%2F%2Flocalhost%3A8085%2F&code_verifier=S~POrIGTwYQFLLPltLv12-zAvETz7xFsxn2H2piMMoEg7qoWqhxPYNDYvqAqsjjVk7C37lVfd~5l9jSxalpniFou7nxetMn..y5V9ZqCFyAerj6amRQjquiZ7znxpDpg
2025-02-09 17:37:47,043 DEBUG    requests_oauthlib.oauth2_session Request to fetch token completed with status 200.
2025-02-09 17:37:47,044 DEBUG    requests_oauthlib.oauth2_session Request headers were {'user-agent': b'google-cloud-sdk gcloud/475.0.0 command/gcloud.auth.login invocation-id/5d73c9302c0f4df89cc178dbb982ddc3 environment/None environment-version/None client-os/MACOSX client-os-ver/24.2.0 client-pltf-arch/arm interactive/False from-script/False python/3.11.6 term/screen-256color (Macintosh; Intel Mac OS X 24.2.0)', 'Accept-Encoding': 'gzip, deflate', 'Accept': b'application/json', 'Connection': 'keep-alive', 'Content-Type': b'application/x-www-form-urlencoded;charset=UTF-8', 'Content-Length': '387'}
2025-02-09 17:37:47,044 DEBUG    requests_oauthlib.oauth2_session Request body was grant_type=authorization_code&client_id=32555940559.apps.googleusercontent.com&client_secret=ZmssLNjJy2998hD4CTg2ejr2&code=4%2F0ASVgi3Jk4ZCy6v8TYiE2FGJ6Ct7UN5ZYMgQbD6Wof704UHD6l03KWZwrP4D-7yA1suZUag&redirect_uri=http%3A%2F%2Flocalhost%3A8085%2F&code_verifier=S~POrIGTwYQFLLPltLv12-zAvETz7xFsxn2H2piMMoEg7qoWqhxPYNDYvqAqsjjVk7C37lVfd~5l9jSxalpniFou7nxetMn..y5V9ZqCFyAerj6amRQjquiZ7znxpDpg
2025-02-09 17:37:47,044 DEBUG    requests_oauthlib.oauth2_session Response headers were {'Date': 'Sun, 09 Feb 2025 22:37:47 GMT', 'Pragma': 'no-cache', 'Cache-Control': 'no-cache, no-store, max-age=0, must-revalidate', 'Expires': 'Mon, 01 Jan 1990 00:00:00 GMT', 'Content-Type': 'application/json; charset=utf-8', 'Vary': 'Origin, X-Origin, Referer', 'Content-Encoding': 'gzip', 'Server': 'scaffolding on HTTPServer2', 'X-XSS-Protection': '0', 'X-Frame-Options': 'SAMEORIGIN', 'X-Content-Type-Options': 'nosniff', 'Alt-Svc': 'h3=":443"; ma=2592000,h3-29=":443"; ma=2592000', 'Transfer-Encoding': 'chunked'} and content {
  "access_token": "ya29.a0AXeO80SQKdz-utRfM1pXf0XWG8FX3QCXkW1ju0EAqrHGOrGUvvhkzHWlpZYIMvJOEJIOsawH_vAzMdVbMlj0s-nyHaTNuH8MVxz5N8RhIlqdP_srG1NWQh56eIFw2jfs8Ao7htQWl003xLiW9lYNnH6ShxswULEc9qHg4eSG4kE4HQaCgYKATgSARISFQHGX2Mic0-CeXPJz90gUk92y0LDAw0181",
  "expires_in": 3599,
  "refresh_token": "1//01TkxjX9A2QMeCgYIARAAGAESNwF-L9IrtfngMAd1ZMJd7rxDrlqlR5KeyCLZ0NingBf37lWw0pv-3leZLXMqGe3kiTI1V5Tp4So",
  "scope": "https://www.googleapis.com/auth/appengine.admin https://www.googleapis.com/auth/compute https://www.googleapis.com/auth/accounts.reauth https://www.googleapis.com/auth/sqlservice.login https://www.googleapis.com/auth/userinfo.email https://www.googleapis.com/auth/cloud-platform openid",
  "token_type": "Bearer",
  "id_token": "eyJhbGciOiJSUzI1NiIsImtpZCI6ImVlYzUzNGZhNWI4Y2FjYTIwMWNhOGQwZmY5NmI1NGM1NjIyMTBkMWUiLCJ0eXAiOiJKV1QifQ.eyJpc3MiOiJodHRwczovL2FjY291bnRzLmdvb2dsZS5jb20iLCJhenAiOiIzMjU1NTk0MDU1OS5hcHBzLmdvb2dsZXVzZXJjb250ZW50LmNvbSIsImF1ZCI6IjMyNTU1OTQwNTU5LmFwcHMuZ29vZ2xldXNlcmNvbnRlbnQuY29tIiwic3ViIjoiMTAwNjUyNDM4NTEyNzgzNjkzMzI5IiwiaGQiOiJ2YWxvbi5jb20iLCJlbWFpbCI6InRhbWppZC5yYWhtYW5AdmFsb24uY29tIiwiZW1haWxfdmVyaWZpZWQiOnRydWUsImF0X2hhc2giOiJ3N1k5eXZ5ZWhuYU5BRVhHU2JKYmpRIiwiaWF0IjoxNzM5MTQwNjY3LCJleHAiOjE3MzkxNDQyNjd9.IY_h_ByOQXFBpR5KAsw5o_A_OkqjgyLgcbfLE9VGqLXPvm8H0Md87DpRLLFA4ebkAniWFcuDJLsl84NGQP5XW4A7xMt2jYpsGIsE1Vay2oCGVY6mtmyzcBuyfKOKrKBiyEO_1DHsHPmSXDBeelKW8OVptJFTr808AiLKCnzJTStANZnHHJiV7qnoUZfsXEKhL1aOJd2JIiUq9CxFLrj1D2eAAf3FW9zCEnQc8fjHt736vNWE6YQafAwTW8jvFeDCUSFkfdwE_5Q75wPW9_ysBVvBkXnhuDhZprOubYcmoLIHBEdIzHqwdgZRF4nH4wA1yYvANfaNIkB575-k4cH9Pw"
}.
2025-02-09 17:37:47,044 DEBUG    requests_oauthlib.oauth2_session Invoking 0 token response hooks.
2025-02-09 17:37:47,044 DEBUG    requests_oauthlib.oauth2_session Obtained token {'access_token': 'ya29.a0AXeO80SQKdz-utRfM1pXf0XWG8FX3QCXkW1ju0EAqrHGOrGUvvhkzHWlpZYIMvJOEJIOsawH_vAzMdVbMlj0s-nyHaTNuH8MVxz5N8RhIlqdP_srG1NWQh56eIFw2jfs8Ao7htQWl003xLiW9lYNnH6ShxswULEc9qHg4eSG4kE4HQaCgYKATgSARISFQHGX2Mic0-CeXPJz90gUk92y0LDAw0181', 'expires_in': 3599, 'refresh_token': '1//01TkxjX9A2QMeCgYIARAAGAESNwF-L9IrtfngMAd1ZMJd7rxDrlqlR5KeyCLZ0NingBf37lWw0pv-3leZLXMqGe3kiTI1V5Tp4So', 'scope': ['https://www.googleapis.com/auth/appengine.admin', 'https://www.googleapis.com/auth/compute', 'https://www.googleapis.com/auth/accounts.reauth', 'https://www.googleapis.com/auth/sqlservice.login', 'https://www.googleapis.com/auth/userinfo.email', 'https://www.googleapis.com/auth/cloud-platform', 'openid'], 'token_type': 'Bearer', 'id_token': 'eyJhbGciOiJSUzI1NiIsImtpZCI6ImVlYzUzNGZhNWI4Y2FjYTIwMWNhOGQwZmY5NmI1NGM1NjIyMTBkMWUiLCJ0eXAiOiJKV1QifQ.eyJpc3MiOiJodHRwczovL2FjY291bnRzLmdvb2dsZS5jb20iLCJhenAiOiIzMjU1NTk0MDU1OS5hcHBzLmdvb2dsZXVzZXJjb250ZW50LmNvbSIsImF1ZCI6IjMyNTU1OTQwNTU5LmFwcHMuZ29vZ2xldXNlcmNvbnRlbnQuY29tIiwic3ViIjoiMTAwNjUyNDM4NTEyNzgzNjkzMzI5IiwiaGQiOiJ2YWxvbi5jb20iLCJlbWFpbCI6InRhbWppZC5yYWhtYW5AdmFsb24uY29tIiwiZW1haWxfdmVyaWZpZWQiOnRydWUsImF0X2hhc2giOiJ3N1k5eXZ5ZWhuYU5BRVhHU2JKYmpRIiwiaWF0IjoxNzM5MTQwNjY3LCJleHAiOjE3MzkxNDQyNjd9.IY_h_ByOQXFBpR5KAsw5o_A_OkqjgyLgcbfLE9VGqLXPvm8H0Md87DpRLLFA4ebkAniWFcuDJLsl84NGQP5XW4A7xMt2jYpsGIsE1Vay2oCGVY6mtmyzcBuyfKOKrKBiyEO_1DHsHPmSXDBeelKW8OVptJFTr808AiLKCnzJTStANZnHHJiV7qnoUZfsXEKhL1aOJd2JIiUq9CxFLrj1D2eAAf3FW9zCEnQc8fjHt736vNWE6YQafAwTW8jvFeDCUSFkfdwE_5Q75wPW9_ysBVvBkXnhuDhZprOubYcmoLIHBEdIzHqwdgZRF4nH4wA1yYvANfaNIkB575-k4cH9Pw', 'expires_at': 1739144266.0448089}.
2025-02-09 17:37:47,065 INFO     ___FILE_ONLY___ 
You are now logged in as [tamjid.rahman@valon.com].
Your current project is [prod-peach-street].  You can change this setting by running:
  $ gcloud config set project PROJECT_ID

2025-02-09 17:37:47,066 DEBUG    root            Chosen display Format:none
2025-02-09 17:37:47,066 INFO     root            Display format: "none"
