2025-02-09 17:49:40,238 DEBUG    root            Loaded Command Group: ['gcloud', 'config']
2025-02-09 17:49:40,240 DEBUG    root            Loaded Command Group: ['gcloud', 'config', 'config_helper']
2025-02-09 17:49:40,240 DEBUG    root            Running [gcloud.config.config-helper] with arguments: [--format: "json"]
2025-02-09 17:49:40,252 DEBUG    root            Chosen display Format:default json
2025-02-09 17:49:40,252 INFO     root            Display format: "default json"
2025-02-09 17:49:40,273 INFO     ___FILE_ONLY___ {
  "configuration": {
    "active_configuration": "default",
    "properties": {
      "core": {
        "account": "tamjid.rahman@valon.com",
        "disable_prompts": "false",
        "disable_usage_reporting": "True",
        "project": "prod-peach-street"
      }
    }
  },
  "credential": {
    "access_token": "ya29.a0AXeO80RqJfgFqr1bOmYiO0ieWzZXL5I7uGq-ci639agrkpDPvI3z2Bnapiwlm6FAqHkqpi03wwQvnt-OH32xzkFP6_TB08SG8Us4YYSNsblBn4_VE-Qm0q4sgC8mfb4zxmbhiRt4BL9u3WAaX_KuHVapTSDiwae3BauId4aHbpoBSwaCgYKATsSARISFQHGX2MigrDHjv318USisxSTJy8I1w0181",
    "id_token": "eyJhbGciOiJSUzI1NiIsImtpZCI6ImVlYzUzNGZhNWI4Y2FjYTIwMWNhOGQwZmY5NmI1NGM1NjIyMTBkMWUiLCJ0eXAiOiJKV1QifQ.eyJpc3MiOiJodHRwczovL2FjY291bnRzLmdvb2dsZS5jb20iLCJhenAiOiIzMjU1NTk0MDU1OS5hcHBzLmdvb2dsZXVzZXJjb250ZW50LmNvbSIsImF1ZCI6IjMyNTU1OTQwNTU5LmFwcHMuZ29vZ2xldXNlcmNvbnRlbnQuY29tIiwic3ViIjoiMTAwNjUyNDM4NTEyNzgzNjkzMzI5IiwiaGQiOiJ2YWxvbi5jb20iLCJlbWFpbCI6InRhbWppZC5yYWhtYW5AdmFsb24uY29tIiwiZW1haWxfdmVyaWZpZWQiOnRydWUsImF0X2hhc2giOiJoUHk1cENVUVhHOXdURFN6SUNPVHhBIiwiaWF0IjoxNzM5MTQxMTgyLCJleHAiOjE3MzkxNDQ3ODJ9.XrEa0bW-yjBAhias9REGoxdIMPkJJEEkZMakW3MdtkFrPy1n0xO4NEH7FXEnmChnjmohZJptAHYIsztQ9INWmM756wRCWy8NONkr7fr-WU0bFmjzVIHyoCedGaD066TUnElG4BDXT6mm2hZkZRhPEAC_HpNUj5FZysHhU26U6IjPsZBDlGlnZZx24J4RAsgdCxImqxSfcDq0u7e8V_Fv5LktoxmdFC_mFYZeOuiF_u_6FsbE8nT05e0JBvgRi65-5AzA_trO836SDNf6AeBPjNzCXEVwO-4cCS34IMRsJXB-y5bSrNxeBkhm9c5CgCefI8kjdeS6asb0OIZj1ZIktQ",
    "token_expiry": "2025-02-09T23:46:21Z"
  },
  "sentinels": {
    "config_sentinel": "/Users/tamjid/.config/gcloud/config_sentinel"
  }
}
2025-02-09 17:49:40,273 INFO     ___FILE_ONLY___ 

