2025-02-09 17:53:39,671 DEBUG    root            Loaded Command Group: ['gcloud', 'components']
2025-02-09 17:53:39,673 DEBUG    root            Loaded Command Group: ['gcloud', 'components', 'list']
2025-02-09 17:53:39,673 DEBUG    root            Running [gcloud.components.list] with arguments: [--format: "json", --only-local-state: "True", --show-versions: "True"]
2025-02-09 17:53:39,677 INFO     ___FILE_ONLY___ 
Your current Google Cloud CLI version is: 475.0.0

2025-02-09 17:53:39,677 DEBUG    root            Chosen display Format:table[box,title="Components"](name:label=Name,current_version_string:label=Installed:align=right,latest_version_string:label=Latest:align=right,id:label=ID,size.size(zero="",min=1048576):label=Size:align=right) json
2025-02-09 17:53:39,677 INFO     root            Display format: "table[box,title="Components"](name:label=Name,current_version_string:label=Installed:align=right,latest_version_string:label=Latest:align=right,id:label=ID,size.size(zero="",min=1048576):label=Size:align=right) json"
2025-02-09 17:53:39,689 INFO     ___FILE_ONLY___ [
  {
2025-02-09 17:53:39,689 INFO     ___FILE_ONLY___ 
    "current_version_string": "2.1.4",
2025-02-09 17:53:39,689 INFO     ___FILE_ONLY___ 
    "id": "bq",
2025-02-09 17:53:39,689 INFO     ___FILE_ONLY___ 
    "is_configuration": false,
2025-02-09 17:53:39,689 INFO     ___FILE_ONLY___ 
    "is_hidden": false,
2025-02-09 17:53:39,689 INFO     ___FILE_ONLY___ 
    "name": "BigQuery Command Line Tool",
2025-02-09 17:53:39,689 INFO     ___FILE_ONLY___ 
    "platform": {
2025-02-09 17:53:39,689 INFO     ___FILE_ONLY___ 
      "architecture": {
2025-02-09 17:53:39,689 INFO     ___FILE_ONLY___ 
        "file_name": "arm",
2025-02-09 17:53:39,689 INFO     ___FILE_ONLY___ 
        "id": "arm",
2025-02-09 17:53:39,689 INFO     ___FILE_ONLY___ 
        "name": "arm"
2025-02-09 17:53:39,690 INFO     ___FILE_ONLY___ 
      },
2025-02-09 17:53:39,690 INFO     ___FILE_ONLY___ 
      "operating_system": {
2025-02-09 17:53:39,690 INFO     ___FILE_ONLY___ 
        "clean_version": "24.2.0",
2025-02-09 17:53:39,690 INFO     ___FILE_ONLY___ 
        "file_name": "darwin",
2025-02-09 17:53:39,690 INFO     ___FILE_ONLY___ 
        "id": "MACOSX",
2025-02-09 17:53:39,690 INFO     ___FILE_ONLY___ 
        "name": "Mac OS X",
2025-02-09 17:53:39,690 INFO     ___FILE_ONLY___ 
        "version": "24.2.0"
2025-02-09 17:53:39,690 INFO     ___FILE_ONLY___ 
      }
2025-02-09 17:53:39,690 INFO     ___FILE_ONLY___ 
    },
2025-02-09 17:53:39,690 INFO     ___FILE_ONLY___ 
    "platform_required": false,
2025-02-09 17:53:39,690 INFO     ___FILE_ONLY___ 
    "size": null
2025-02-09 17:53:39,690 INFO     ___FILE_ONLY___ 
  }
2025-02-09 17:53:39,690 INFO     ___FILE_ONLY___ ,
  {
2025-02-09 17:53:39,690 INFO     ___FILE_ONLY___ 
    "current_version_string": "0.5.8",
2025-02-09 17:53:39,690 INFO     ___FILE_ONLY___ 
    "id": "gke-gcloud-auth-plugin",
2025-02-09 17:53:39,690 INFO     ___FILE_ONLY___ 
    "is_configuration": false,
2025-02-09 17:53:39,690 INFO     ___FILE_ONLY___ 
    "is_hidden": false,
2025-02-09 17:53:39,690 INFO     ___FILE_ONLY___ 
    "name": "gke-gcloud-auth-plugin",
2025-02-09 17:53:39,690 INFO     ___FILE_ONLY___ 
    "platform": {
2025-02-09 17:53:39,690 INFO     ___FILE_ONLY___ 
      "architecture": {
2025-02-09 17:53:39,690 INFO     ___FILE_ONLY___ 
        "file_name": "arm",
2025-02-09 17:53:39,690 INFO     ___FILE_ONLY___ 
        "id": "arm",
2025-02-09 17:53:39,690 INFO     ___FILE_ONLY___ 
        "name": "arm"
2025-02-09 17:53:39,690 INFO     ___FILE_ONLY___ 
      },
2025-02-09 17:53:39,690 INFO     ___FILE_ONLY___ 
      "operating_system": {
2025-02-09 17:53:39,690 INFO     ___FILE_ONLY___ 
        "clean_version": "24.2.0",
2025-02-09 17:53:39,690 INFO     ___FILE_ONLY___ 
        "file_name": "darwin",
2025-02-09 17:53:39,690 INFO     ___FILE_ONLY___ 
        "id": "MACOSX",
2025-02-09 17:53:39,690 INFO     ___FILE_ONLY___ 
        "name": "Mac OS X",
2025-02-09 17:53:39,690 INFO     ___FILE_ONLY___ 
        "version": "24.2.0"
2025-02-09 17:53:39,690 INFO     ___FILE_ONLY___ 
      }
2025-02-09 17:53:39,690 INFO     ___FILE_ONLY___ 
    },
2025-02-09 17:53:39,690 INFO     ___FILE_ONLY___ 
    "platform_required": false,
2025-02-09 17:53:39,690 INFO     ___FILE_ONLY___ 
    "size": 0
2025-02-09 17:53:39,690 INFO     ___FILE_ONLY___ 
  }
2025-02-09 17:53:39,690 INFO     ___FILE_ONLY___ ,
  {
2025-02-09 17:53:39,690 INFO     ___FILE_ONLY___ 
    "current_version_string": "1.26.15",
2025-02-09 17:53:39,690 INFO     ___FILE_ONLY___ 
    "id": "kubectl",
2025-02-09 17:53:39,690 INFO     ___FILE_ONLY___ 
    "is_configuration": false,
2025-02-09 17:53:39,690 INFO     ___FILE_ONLY___ 
    "is_hidden": false,
2025-02-09 17:53:39,690 INFO     ___FILE_ONLY___ 
    "name": "kubectl",
2025-02-09 17:53:39,690 INFO     ___FILE_ONLY___ 
    "platform": {
2025-02-09 17:53:39,690 INFO     ___FILE_ONLY___ 
      "architecture": {
2025-02-09 17:53:39,690 INFO     ___FILE_ONLY___ 
        "file_name": "arm",
2025-02-09 17:53:39,690 INFO     ___FILE_ONLY___ 
        "id": "arm",
2025-02-09 17:53:39,690 INFO     ___FILE_ONLY___ 
        "name": "arm"
2025-02-09 17:53:39,690 INFO     ___FILE_ONLY___ 
      },
2025-02-09 17:53:39,690 INFO     ___FILE_ONLY___ 
      "operating_system": {
2025-02-09 17:53:39,690 INFO     ___FILE_ONLY___ 
        "clean_version": "24.2.0",
2025-02-09 17:53:39,690 INFO     ___FILE_ONLY___ 
        "file_name": "darwin",
2025-02-09 17:53:39,690 INFO     ___FILE_ONLY___ 
        "id": "MACOSX",
2025-02-09 17:53:39,690 INFO     ___FILE_ONLY___ 
        "name": "Mac OS X",
2025-02-09 17:53:39,690 INFO     ___FILE_ONLY___ 
        "version": "24.2.0"
2025-02-09 17:53:39,690 INFO     ___FILE_ONLY___ 
      }
2025-02-09 17:53:39,690 INFO     ___FILE_ONLY___ 
    },
2025-02-09 17:53:39,690 INFO     ___FILE_ONLY___ 
    "platform_required": true,
2025-02-09 17:53:39,690 INFO     ___FILE_ONLY___ 
    "size": null
2025-02-09 17:53:39,690 INFO     ___FILE_ONLY___ 
  }
2025-02-09 17:53:39,690 INFO     ___FILE_ONLY___ ,
  {
2025-02-09 17:53:39,690 INFO     ___FILE_ONLY___ 
    "current_version_string": "1.0.0",
2025-02-09 17:53:39,690 INFO     ___FILE_ONLY___ 
    "id": "gcloud-crc32c",
2025-02-09 17:53:39,690 INFO     ___FILE_ONLY___ 
    "is_configuration": false,
2025-02-09 17:53:39,690 INFO     ___FILE_ONLY___ 
    "is_hidden": false,
2025-02-09 17:53:39,690 INFO     ___FILE_ONLY___ 
    "name": "Google Cloud CRC32C Hash Tool",
2025-02-09 17:53:39,690 INFO     ___FILE_ONLY___ 
    "platform": {
2025-02-09 17:53:39,690 INFO     ___FILE_ONLY___ 
      "architecture": {
2025-02-09 17:53:39,690 INFO     ___FILE_ONLY___ 
        "file_name": "arm",
2025-02-09 17:53:39,690 INFO     ___FILE_ONLY___ 
        "id": "arm",
2025-02-09 17:53:39,690 INFO     ___FILE_ONLY___ 
        "name": "arm"
2025-02-09 17:53:39,690 INFO     ___FILE_ONLY___ 
      },
2025-02-09 17:53:39,690 INFO     ___FILE_ONLY___ 
      "operating_system": {
2025-02-09 17:53:39,690 INFO     ___FILE_ONLY___ 
        "clean_version": "24.2.0",
2025-02-09 17:53:39,690 INFO     ___FILE_ONLY___ 
        "file_name": "darwin",
2025-02-09 17:53:39,691 INFO     ___FILE_ONLY___ 
        "id": "MACOSX",
2025-02-09 17:53:39,691 INFO     ___FILE_ONLY___ 
        "name": "Mac OS X",
2025-02-09 17:53:39,691 INFO     ___FILE_ONLY___ 
        "version": "24.2.0"
2025-02-09 17:53:39,691 INFO     ___FILE_ONLY___ 
      }
2025-02-09 17:53:39,691 INFO     ___FILE_ONLY___ 
    },
2025-02-09 17:53:39,691 INFO     ___FILE_ONLY___ 
    "platform_required": false,
2025-02-09 17:53:39,691 INFO     ___FILE_ONLY___ 
    "size": 0
2025-02-09 17:53:39,691 INFO     ___FILE_ONLY___ 
  }
2025-02-09 17:53:39,691 INFO     ___FILE_ONLY___ ,
  {
2025-02-09 17:53:39,691 INFO     ___FILE_ONLY___ 
    "current_version_string": "2024.05.03",
2025-02-09 17:53:39,691 INFO     ___FILE_ONLY___ 
    "id": "core",
2025-02-09 17:53:39,691 INFO     ___FILE_ONLY___ 
    "is_configuration": false,
2025-02-09 17:53:39,691 INFO     ___FILE_ONLY___ 
    "is_hidden": false,
2025-02-09 17:53:39,691 INFO     ___FILE_ONLY___ 
    "name": "Google Cloud CLI Core Libraries",
2025-02-09 17:53:39,691 INFO     ___FILE_ONLY___ 
    "platform": {
2025-02-09 17:53:39,691 INFO     ___FILE_ONLY___ 
      "architecture": {
2025-02-09 17:53:39,691 INFO     ___FILE_ONLY___ 
        "file_name": "arm",
2025-02-09 17:53:39,691 INFO     ___FILE_ONLY___ 
        "id": "arm",
2025-02-09 17:53:39,691 INFO     ___FILE_ONLY___ 
        "name": "arm"
2025-02-09 17:53:39,691 INFO     ___FILE_ONLY___ 
      },
2025-02-09 17:53:39,691 INFO     ___FILE_ONLY___ 
      "operating_system": {
2025-02-09 17:53:39,691 INFO     ___FILE_ONLY___ 
        "clean_version": "24.2.0",
2025-02-09 17:53:39,691 INFO     ___FILE_ONLY___ 
        "file_name": "darwin",
2025-02-09 17:53:39,691 INFO     ___FILE_ONLY___ 
        "id": "MACOSX",
2025-02-09 17:53:39,691 INFO     ___FILE_ONLY___ 
        "name": "Mac OS X",
2025-02-09 17:53:39,691 INFO     ___FILE_ONLY___ 
        "version": "24.2.0"
2025-02-09 17:53:39,691 INFO     ___FILE_ONLY___ 
      }
2025-02-09 17:53:39,691 INFO     ___FILE_ONLY___ 
    },
2025-02-09 17:53:39,691 INFO     ___FILE_ONLY___ 
    "platform_required": false,
2025-02-09 17:53:39,691 INFO     ___FILE_ONLY___ 
    "size": null
2025-02-09 17:53:39,691 INFO     ___FILE_ONLY___ 
  }
2025-02-09 17:53:39,691 INFO     ___FILE_ONLY___ ,
  {
2025-02-09 17:53:39,691 INFO     ___FILE_ONLY___ 
    "current_version_string": "5.27",
2025-02-09 17:53:39,691 INFO     ___FILE_ONLY___ 
    "id": "gsutil",
2025-02-09 17:53:39,691 INFO     ___FILE_ONLY___ 
    "is_configuration": false,
2025-02-09 17:53:39,691 INFO     ___FILE_ONLY___ 
    "is_hidden": false,
2025-02-09 17:53:39,691 INFO     ___FILE_ONLY___ 
    "name": "Cloud Storage Command Line Tool",
2025-02-09 17:53:39,691 INFO     ___FILE_ONLY___ 
    "platform": {
2025-02-09 17:53:39,691 INFO     ___FILE_ONLY___ 
      "architecture": {
2025-02-09 17:53:39,691 INFO     ___FILE_ONLY___ 
        "file_name": "arm",
2025-02-09 17:53:39,691 INFO     ___FILE_ONLY___ 
        "id": "arm",
2025-02-09 17:53:39,691 INFO     ___FILE_ONLY___ 
        "name": "arm"
2025-02-09 17:53:39,691 INFO     ___FILE_ONLY___ 
      },
2025-02-09 17:53:39,691 INFO     ___FILE_ONLY___ 
      "operating_system": {
2025-02-09 17:53:39,691 INFO     ___FILE_ONLY___ 
        "clean_version": "24.2.0",
2025-02-09 17:53:39,691 INFO     ___FILE_ONLY___ 
        "file_name": "darwin",
2025-02-09 17:53:39,691 INFO     ___FILE_ONLY___ 
        "id": "MACOSX",
2025-02-09 17:53:39,691 INFO     ___FILE_ONLY___ 
        "name": "Mac OS X",
2025-02-09 17:53:39,691 INFO     ___FILE_ONLY___ 
        "version": "24.2.0"
2025-02-09 17:53:39,691 INFO     ___FILE_ONLY___ 
      }
2025-02-09 17:53:39,691 INFO     ___FILE_ONLY___ 
    },
2025-02-09 17:53:39,691 INFO     ___FILE_ONLY___ 
    "platform_required": false,
2025-02-09 17:53:39,691 INFO     ___FILE_ONLY___ 
    "size": null
2025-02-09 17:53:39,691 INFO     ___FILE_ONLY___ 
  }
2025-02-09 17:53:39,691 INFO     ___FILE_ONLY___ 
]

