2025-02-09 18:52:10,439 DEBUG    root            Loaded Command Group: ['gcloud', 'config']
2025-02-09 18:52:10,440 DEBUG    root            Loaded Command Group: ['gcloud', 'config', 'config_helper']
2025-02-09 18:52:10,440 DEBUG    root            Running [gcloud.config.config-helper] with arguments: [--format: "json"]
2025-02-09 18:52:10,445 DEBUG    root            Chosen display Format:default json
2025-02-09 18:52:10,445 INFO     root            Display format: "default json"
2025-02-09 18:52:10,458 INFO     ___FILE_ONLY___ {
  "configuration": {
    "active_configuration": "default",
    "properties": {
      "core": {
        "account": "tamjid.rahman@valon.com",
        "disable_prompts": "false",
        "disable_usage_reporting": "True",
        "project": "prod-peach-street"
      }
    }
  },
  "credential": {
    "access_token": "ya29.a0AXeO80RqRgBSbwcrnxAykrCnkbGKxHOV1ITvp2T5SzXAzM1eKjnpdRca74Te5vf9sxbqxvg7ZO2RXDRPRORz5tE5reweUgWhZrcRqG9Kn2TBAUEkCOEfs-xJCPHsJ6BHnz_I-D4zww27D3DJHDIjCjwwgUmiWRIBA-z24NqNXP0uqgaCgYKAUISARISFQHGX2MiYCj9ZtGqLzblrAvLxPntcQ0181",
    "id_token": "eyJhbGciOiJSUzI1NiIsImtpZCI6ImVlYzUzNGZhNWI4Y2FjYTIwMWNhOGQwZmY5NmI1NGM1NjIyMTBkMWUiLCJ0eXAiOiJKV1QifQ.eyJpc3MiOiJodHRwczovL2FjY291bnRzLmdvb2dsZS5jb20iLCJhenAiOiIzMjU1NTk0MDU1OS5hcHBzLmdvb2dsZXVzZXJjb250ZW50LmNvbSIsImF1ZCI6IjMyNTU1OTQwNTU5LmFwcHMuZ29vZ2xldXNlcmNvbnRlbnQuY29tIiwic3ViIjoiMTAwNjUyNDM4NTEyNzgzNjkzMzI5IiwiaGQiOiJ2YWxvbi5jb20iLCJlbWFpbCI6InRhbWppZC5yYWhtYW5AdmFsb24uY29tIiwiZW1haWxfdmVyaWZpZWQiOnRydWUsImF0X2hhc2giOiJtQVJpUmd5VXZuTFhEcW5WdVBhcFBnIiwiaWF0IjoxNzM5MTQ0OTM5LCJleHAiOjE3MzkxNDg1Mzl9.E4g0EZPmxybGTT4M3Zf2uDBlbYOeI-NZ6ELAT1AKsPXjYMv5NqJcajioLIT59WjJtoyjJ0u3QNVxH9uT2ZFjjjHnJ-zpq5eD9dz97sxYKJB9bN3Aw6CFrIhLKo5TsINlmTl03kbQgkAhBvoefIImzZdOqDnFHI1coy1FpG5aqwcFXuaFN6jJp4xqu34Q7UfkdlzuPvAs0igZFumKCCATxQ2cvCTZ61bD786RN_cmS6NF6POanctf1_REN5tXx6U-5y3FzsyvdlAMk1QaYl4t3NsY_rcWUyOXskXn5VcNigwU6ePsYj5ydpoqJnKEoo2X8Yzj97LH8gW93kNq1niHng",
    "token_expiry": "2025-02-10T00:48:58Z"
  },
  "sentinels": {
    "config_sentinel": "/Users/tamjid/.config/gcloud/config_sentinel"
  }
}
2025-02-09 18:52:10,458 INFO     ___FILE_ONLY___ 

