2025-02-09 20:57:17,615 DEBUG    root            Loaded Command Group: ['gcloud', 'config']
2025-02-09 20:57:17,616 DEBUG    root            Loaded Command Group: ['gcloud', 'config', 'config_helper']
2025-02-09 20:57:17,616 DEBUG    root            Running [gcloud.config.config-helper] with arguments: [--format: "json", --min-expiry: "3600"]
2025-02-09 20:57:17,621 DEBUG    google.auth.transport.requests Making request: POST https://oauth2.googleapis.com/token
2025-02-09 20:57:17,627 DEBUG    urllib3.connectionpool Starting new HTTPS connection (1): oauth2.googleapis.com:443
2025-02-09 20:57:17,791 DEBUG    urllib3.connectionpool https://oauth2.googleapis.com:443 "POST /token HTTP/1.1" 200 None
2025-02-09 20:57:17,795 DEBUG    root            Chosen display Format:default json
2025-02-09 20:57:17,795 INFO     root            Display format: "default json"
2025-02-09 20:57:17,814 INFO     ___FILE_ONLY___ {
  "configuration": {
    "active_configuration": "default",
    "properties": {
      "core": {
        "account": "tamjid.rahman@valon.com",
        "disable_prompts": "false",
        "disable_usage_reporting": "True",
        "project": "prod-peach-street"
      }
    }
  },
  "credential": {
    "access_token": "ya29.a0AXeO80TYzrJHblxpNpCxBXilK0ZIN89SOHXexsVFYTM0hywpgtTqDi1sTmDOyyIqxQDgL0rC8Lys3K4KQsraZX_Nxzn-LDmJqve6GT1KAbCCErUdVv7-0lcWVCxRoQt4U79oBMOhNUa2OkLpqEgZ10sEVzRGdSM4yKMnL7JcH17bcwaCgYKAWcSARISFQHGX2MiZh8bmurKkiePijITA5P0CA0181",
    "id_token": "eyJhbGciOiJSUzI1NiIsImtpZCI6ImVlYzUzNGZhNWI4Y2FjYTIwMWNhOGQwZmY5NmI1NGM1NjIyMTBkMWUiLCJ0eXAiOiJKV1QifQ.eyJpc3MiOiJodHRwczovL2FjY291bnRzLmdvb2dsZS5jb20iLCJhenAiOiIzMjU1NTk0MDU1OS5hcHBzLmdvb2dsZXVzZXJjb250ZW50LmNvbSIsImF1ZCI6IjMyNTU1OTQwNTU5LmFwcHMuZ29vZ2xldXNlcmNvbnRlbnQuY29tIiwic3ViIjoiMTAwNjUyNDM4NTEyNzgzNjkzMzI5IiwiaGQiOiJ2YWxvbi5jb20iLCJlbWFpbCI6InRhbWppZC5yYWhtYW5AdmFsb24uY29tIiwiZW1haWxfdmVyaWZpZWQiOnRydWUsImF0X2hhc2giOiJQVmhFVlh2THU4UWdLblI2U0VtdzRnIiwiaWF0IjoxNzM5MTUyNjM3LCJleHAiOjE3MzkxNTYyMzd9.wPQ3WKv_hmxpmxctIbBVlfeQK-up968Z_ECX2IfifAQ_P_5NvcuoVDUj3ZxAz-8y6KrhffrnnSHH8ePdwNiXKkJ42ZbjxfJarhQFu18eLMWtj0I63aOsBEWEBmXqeaHloDgVbXhy56-hiO8oPlSz39p-Iw6I69jQ2pPI7KWM3KS-tyYwAtmQPUA8_YhEuxyOdv1T-jCVvzID3Cwy22ZZCearEtrPvqRApXjRAXMJIbTgzOhwrinG96WphnW-EcFNWVDmV0sCFLe3hJ9yBtEZUNWMqu5lxOao8NaHCj8SdGPLkjx5xB-VNlsJqRusS0QsEkkJXkns199CDqSJyDif6A",
    "token_expiry": "2025-02-10T02:57:16Z"
  },
  "sentinels": {
    "config_sentinel": "/Users/tamjid/.config/gcloud/config_sentinel"
  }
}
2025-02-09 20:57:17,814 INFO     ___FILE_ONLY___ 

