2025-02-09 20:57:11,916 DEBUG    root            Loaded Command Group: ['gcloud', 'config']
2025-02-09 20:57:11,918 DEBUG    root            Loaded Command Group: ['gcloud', 'config', 'config_helper']
2025-02-09 20:57:11,919 DEBUG    root            Running [gcloud.config.config-helper] with arguments: [--format: "json", --min-expiry: "3600"]
2025-02-09 20:57:11,924 DEBUG    google.auth.transport.requests Making request: POST https://oauth2.googleapis.com/token
2025-02-09 20:57:11,929 DEBUG    urllib3.connectionpool Starting new HTTPS connection (1): oauth2.googleapis.com:443
2025-02-09 20:57:12,092 DEBUG    urllib3.connectionpool https://oauth2.googleapis.com:443 "POST /token HTTP/1.1" 200 None
2025-02-09 20:57:12,096 DEBUG    root            Chosen display Format:default json
2025-02-09 20:57:12,096 INFO     root            Display format: "default json"
2025-02-09 20:57:12,115 INFO     ___FILE_ONLY___ {
  "configuration": {
    "active_configuration": "default",
    "properties": {
      "core": {
        "account": "tamjid.rahman@valon.com",
        "disable_prompts": "false",
        "disable_usage_reporting": "True",
        "project": "prod-peach-street"
      }
    }
  },
  "credential": {
    "access_token": "ya29.a0AXeO80TFz6im5kFi9kPBURkOr2VCMsrpZ4EbnvMxWPG2NcSVln0uKjN8J7eFkVhSQDS8ZMfsQCZLTpNEYZCnrF83JPJw32PTRuw6shpNNpAky-oyya34jHHDBsYgqBRGZM2nVl4IUpsuxdTc38KlAK7OZ6HBYCn0A0ZZmVz43rO-FAaCgYKAfQSARISFQHGX2Mi_31-kYSrntI2Tuyew9jWqQ0181",
    "id_token": "eyJhbGciOiJSUzI1NiIsImtpZCI6ImVlYzUzNGZhNWI4Y2FjYTIwMWNhOGQwZmY5NmI1NGM1NjIyMTBkMWUiLCJ0eXAiOiJKV1QifQ.eyJpc3MiOiJodHRwczovL2FjY291bnRzLmdvb2dsZS5jb20iLCJhenAiOiIzMjU1NTk0MDU1OS5hcHBzLmdvb2dsZXVzZXJjb250ZW50LmNvbSIsImF1ZCI6IjMyNTU1OTQwNTU5LmFwcHMuZ29vZ2xldXNlcmNvbnRlbnQuY29tIiwic3ViIjoiMTAwNjUyNDM4NTEyNzgzNjkzMzI5IiwiaGQiOiJ2YWxvbi5jb20iLCJlbWFpbCI6InRhbWppZC5yYWhtYW5AdmFsb24uY29tIiwiZW1haWxfdmVyaWZpZWQiOnRydWUsImF0X2hhc2giOiJ1LXp6RG44aXdXMlowMHo1WFdyeDZBIiwiaWF0IjoxNzM5MTUyNjMyLCJleHAiOjE3MzkxNTYyMzJ9.FrrD2LSXl7hITROL7LnQ4TW04Szdv1b_sp3mxtuLhAgjLa7zkvyW2r13ntvDEJMk7ml9Q-QR1q-lzHQZAtzevlHmFUgKLgOdge43itinrgZX-nugiGcRroUKPkGkyOo8se3pzDD2xgbkHrQx2rk09FBZ9yFLPiWU3PccTk6GlUCwAeZkFWVdHOWSHqR1mhKlvmeunASOZtIPD27ngv-oyNyS_pMI_teX7rQRIrKUxD90_WQGUZQR-4zo1mgIY3eZzok-Z4hqHK8DcjTwYkfp7B4LHBjHVofQtwR7w0ig97vH3xP4AZfVbJYjbbeaiO5N9pDzR0m2uDcO25mgabEDIA",
    "token_expiry": "2025-02-10T02:57:11Z"
  },
  "sentinels": {
    "config_sentinel": "/Users/tamjid/.config/gcloud/config_sentinel"
  }
}
2025-02-09 20:57:12,115 INFO     ___FILE_ONLY___ 

