2025-02-09 21:01:12,030 DEBUG    root            Loaded Command Group: ['gcloud', 'config']
2025-02-09 21:01:12,031 DEBUG    root            Loaded Command Group: ['gcloud', 'config', 'config_helper']
2025-02-09 21:01:12,031 DEBUG    root            Running [gcloud.config.config-helper] with arguments: [--format: "json", --min-expiry: "3600"]
2025-02-09 21:01:12,037 DEBUG    google.auth.transport.requests Making request: POST https://oauth2.googleapis.com/token
2025-02-09 21:01:12,042 DEBUG    urllib3.connectionpool Starting new HTTPS connection (1): oauth2.googleapis.com:443
2025-02-09 21:01:12,204 DEBUG    urllib3.connectionpool https://oauth2.googleapis.com:443 "POST /token HTTP/1.1" 200 None
2025-02-09 21:01:12,209 DEBUG    root            Chosen display Format:default json
2025-02-09 21:01:12,209 INFO     root            Display format: "default json"
2025-02-09 21:01:12,229 INFO     ___FILE_ONLY___ {
  "configuration": {
    "active_configuration": "default",
    "properties": {
      "core": {
        "account": "tamjid.rahman@valon.com",
        "disable_prompts": "false",
        "disable_usage_reporting": "True",
        "project": "prod-peach-street"
      }
    }
  },
  "credential": {
    "access_token": "ya29.a0AXeO80S-TSJ8h5-j-okojpMPaOXb_DUtSwvdvSRaS5qsoob-kUMBdYUnRHJnHw0eGHKHM5ttX7-LnA7B8vHjDeb5o7_fctFwP4RQL_aVeJmVVT6ElWLMaUWvPQeWBOUPXsnCsP3H5413VEV3Sytp706wR8pa67rbW0LtaAf9v0sHtQaCgYKAe0SARISFQHGX2Mifaah_-UChcmGOyDwJcwaNA0181",
    "id_token": "eyJhbGciOiJSUzI1NiIsImtpZCI6ImVlYzUzNGZhNWI4Y2FjYTIwMWNhOGQwZmY5NmI1NGM1NjIyMTBkMWUiLCJ0eXAiOiJKV1QifQ.eyJpc3MiOiJodHRwczovL2FjY291bnRzLmdvb2dsZS5jb20iLCJhenAiOiIzMjU1NTk0MDU1OS5hcHBzLmdvb2dsZXVzZXJjb250ZW50LmNvbSIsImF1ZCI6IjMyNTU1OTQwNTU5LmFwcHMuZ29vZ2xldXNlcmNvbnRlbnQuY29tIiwic3ViIjoiMTAwNjUyNDM4NTEyNzgzNjkzMzI5IiwiaGQiOiJ2YWxvbi5jb20iLCJlbWFpbCI6InRhbWppZC5yYWhtYW5AdmFsb24uY29tIiwiZW1haWxfdmVyaWZpZWQiOnRydWUsImF0X2hhc2giOiJCaTR0d0dhLW5xWkRBd25VcExjbUpRIiwiaWF0IjoxNzM5MTUyODcyLCJleHAiOjE3MzkxNTY0NzJ9.G_GCJwsEG5FCbAN1L9DeSZEIzz1FNauI8DFx8ei6w9mmOc8yoXTq8tYxZMQhyJwuPpGsJv2INSwVpH2CgoVLpPLGfaJuHRrgS7UZVfFUzPDo16z20T5o3axxUDRmgK7CUTtud76v82SGSPCrsJyGPAGOoIsa7gC3x7cJsCWlJWXldeuVryWlGlPv6h-8WDLOsA1Cl1wXKr9Yf2E2FCLkmXbc-8_pC_VF2bkWTIbeLVaec30oh2TAyCgDF3Wln2jsBuxamZwyEDrT_T5kfAeciASeD6YsHn6rwmv9dkavYiv0WKhrG2PJp6gOFIIdnC-uPszcGaKYVGu4z9EpHu7GSg",
    "token_expiry": "2025-02-10T03:01:11Z"
  },
  "sentinels": {
    "config_sentinel": "/Users/tamjid/.config/gcloud/config_sentinel"
  }
}
2025-02-09 21:01:12,229 INFO     ___FILE_ONLY___ 

