2025-02-09 21:02:06,810 DEBUG    root            Loaded Command Group: ['gcloud', 'config']
2025-02-09 21:02:06,810 DEBUG    root            Loaded Command Group: ['gcloud', 'config', 'config_helper']
2025-02-09 21:02:06,811 DEBUG    root            Running [gcloud.config.config-helper] with arguments: [--format: "json", --min-expiry: "3600"]
2025-02-09 21:02:06,816 DEBUG    google.auth.transport.requests Making request: POST https://oauth2.googleapis.com/token
2025-02-09 21:02:06,822 DEBUG    urllib3.connectionpool Starting new HTTPS connection (1): oauth2.googleapis.com:443
2025-02-09 21:02:06,986 DEBUG    urllib3.connectionpool https://oauth2.googleapis.com:443 "POST /token HTTP/1.1" 200 None
2025-02-09 21:02:06,990 DEBUG    root            Chosen display Format:default json
2025-02-09 21:02:06,990 INFO     root            Display format: "default json"
2025-02-09 21:02:07,008 INFO     ___FILE_ONLY___ {
  "configuration": {
    "active_configuration": "default",
    "properties": {
      "core": {
        "account": "tamjid.rahman@valon.com",
        "disable_prompts": "false",
        "disable_usage_reporting": "True",
        "project": "prod-peach-street"
      }
    }
  },
  "credential": {
    "access_token": "ya29.a0AXeO80TZMV5lQaXb4k5n_SccSWOlUBMZLgJqT3PV9v_aD9AIl7-Qm2GEzAvBkqyHoLLqjG90v38cVFGjfiN3xme8s4gU6eyiuzToaGuZ-8T11CyxvhqNHPeFuw6FRj_YUXSj-ALi2RrECryffNkB55bE0X2So2VEr9BqkBGVZnF5QwaCgYKAcsSARISFQHGX2Mi9oTDry-3hdpLwVGWeZ9ssw0181",
    "id_token": "eyJhbGciOiJSUzI1NiIsImtpZCI6ImVlYzUzNGZhNWI4Y2FjYTIwMWNhOGQwZmY5NmI1NGM1NjIyMTBkMWUiLCJ0eXAiOiJKV1QifQ.eyJpc3MiOiJodHRwczovL2FjY291bnRzLmdvb2dsZS5jb20iLCJhenAiOiIzMjU1NTk0MDU1OS5hcHBzLmdvb2dsZXVzZXJjb250ZW50LmNvbSIsImF1ZCI6IjMyNTU1OTQwNTU5LmFwcHMuZ29vZ2xldXNlcmNvbnRlbnQuY29tIiwic3ViIjoiMTAwNjUyNDM4NTEyNzgzNjkzMzI5IiwiaGQiOiJ2YWxvbi5jb20iLCJlbWFpbCI6InRhbWppZC5yYWhtYW5AdmFsb24uY29tIiwiZW1haWxfdmVyaWZpZWQiOnRydWUsImF0X2hhc2giOiJxa0VKLUJ1ZzFzaDhEbXkyS2JMWjdRIiwiaWF0IjoxNzM5MTUyOTI2LCJleHAiOjE3MzkxNTY1MjZ9.tWNERhbrvU0BpoHnrsR_w_OC-TDIg0y0SleMEe48WUm475YM0OFsixUuN2yOhynMrFnaDPSS33ZN0RNSWqIjgr4HEeJ6xp3WlhmIeTwCJzOUYpKcT8rPNhHJcbIu7rGwofhcc9KjE94dClzdtSwR50BhydwIHJwDyeupYUR3rbeBRsjp5A5OaXo3yTs7D7x5TciQUB-tdFuJbR3lbOerBbVr_q8wEMVI1ZprxNNql1ARJzbs6CqsGGuPMYEwYVo9-VjQlWQKzZT9Yd9wr_cTwJF9MN4MS97B0nZZ8Yi7TqvW8N6bAp3XPJq_R6c-UostV5_14uv7hXFBhHN5byfoOA",
    "token_expiry": "2025-02-10T03:02:05Z"
  },
  "sentinels": {
    "config_sentinel": "/Users/tamjid/.config/gcloud/config_sentinel"
  }
}
2025-02-09 21:02:07,008 INFO     ___FILE_ONLY___ 

