2025-02-09 21:00:39,902 DEBUG    root            Loaded Command Group: ['gcloud', 'auth']
2025-02-09 21:00:39,904 DEBUG    root            Loaded Command Group: ['gcloud', 'auth', 'application_default']
2025-02-09 21:00:39,912 DEBUG    root            Loaded Command Group: ['gcloud', 'auth', 'application-default', 'login']
2025-02-09 21:00:39,913 DEBUG    root            Running [gcloud.auth.application-default.login] with arguments: []
2025-02-09 21:00:39,939 DEBUG    requests_oauthlib.oauth2_session Generated new state gU3Xqg6t5x8PaPGAl74t0aBOSIXvRE.
2025-02-09 21:00:40,063 INFO     ___FILE_ONLY___ Your browser has been opened to visit:

    https://accounts.google.com/o/oauth2/auth?response_type=code&client_id=764086051850-6qr4p6gpi6hn506pt8ejuq83di341hur.apps.googleusercontent.com&redirect_uri=http%3A%2F%2Flocalhost%3A8085%2F&scope=openid+https%3A%2F%2Fwww.googleapis.com%2Fauth%2Fuserinfo.email+https%3A%2F%2Fwww.googleapis.com%2Fauth%2Fcloud-platform+https%3A%2F%2Fwww.googleapis.com%2Fauth%2Fsqlservice.login&state=gU3Xqg6t5x8PaPGAl74t0aBOSIXvRE&access_type=offline&code_challenge=LBVo7WkIOgQs-SEyZ5hGr366LZQCEPYPYoi8raP7BQs&code_challenge_method=S256


2025-02-09 21:00:48,996 INFO     google_auth_oauthlib.flow "GET /?state=gU3Xqg6t5x8PaPGAl74t0aBOSIXvRE&code=4/0ASVgi3JbvsqqcSJq5fHMP6lLKttogPIQFyQe92CHydn_Fo6KIjp1B45gDdGRj10kTwugfg&scope=email%20openid%20https://www.googleapis.com/auth/userinfo.email%20https://www.googleapis.com/auth/cloud-platform%20https://www.googleapis.com/auth/sqlservice.login&authuser=0&hd=valon.com&prompt=consent HTTP/1.1" 200 959
2025-02-09 21:00:48,996 DEBUG    requests_oauthlib.oauth2_session Requesting url https://oauth2.googleapis.com/token using method POST.
2025-02-09 21:00:48,996 DEBUG    requests_oauthlib.oauth2_session Supplying headers {b'Accept': b'application/json', b'Content-Type': b'application/x-www-form-urlencoded;charset=UTF-8', b'user-agent': b'google-cloud-sdk gcloud/475.0.0 command/gcloud.auth.application-default.login invocation-id/8653e3ba1ab74568b279d13d96309e0a environment/None environment-version/None client-os/MACOSX client-os-ver/24.2.0 client-pltf-arch/arm interactive/False from-script/False python/3.11.6 term/screen-256color (Macintosh; Intel Mac OS X 24.2.0)'} and data {'grant_type': 'authorization_code', 'client_id': '764086051850-6qr4p6gpi6hn506pt8ejuq83di341hur.apps.googleusercontent.com', 'client_secret': 'd-FL95Q19q7MQmFpd7hHD0Ty', 'code': '4/0ASVgi3JbvsqqcSJq5fHMP6lLKttogPIQFyQe92CHydn_Fo6KIjp1B45gDdGRj10kTwugfg', 'redirect_uri': 'http://localhost:8085/', 'code_verifier': 'Vh9nE5woZX7jUzLXev2P97gwSiGdaTWBPO7yUWZLn4hYX7MsIIoeGxf2GFLHm7nTPrnwVrB20mhQ-pHTvJy6sVqAL111RjM_ar7gC7mT6ICn.6Oqq8CQ-TAja4AMHeRK'}
2025-02-09 21:00:48,996 DEBUG    requests_oauthlib.oauth2_session Passing through key word arguments {'json': None, 'timeout': None, 'auth': None, 'verify': None, 'proxies': None}.
2025-02-09 21:00:49,007 DEBUG    urllib3.connectionpool Starting new HTTPS connection (1): oauth2.googleapis.com:443
2025-02-09 21:00:49,205 DEBUG    urllib3.connectionpool https://oauth2.googleapis.com:443 "POST /token HTTP/1.1" 200 None
2025-02-09 21:00:49,207 DEBUG    requests_oauthlib.oauth2_session Prepared fetch token request body grant_type=authorization_code&client_id=764086051850-6qr4p6gpi6hn506pt8ejuq83di341hur.apps.googleusercontent.com&client_secret=d-FL95Q19q7MQmFpd7hHD0Ty&code=4%2F0ASVgi3JbvsqqcSJq5fHMP6lLKttogPIQFyQe92CHydn_Fo6KIjp1B45gDdGRj10kTwugfg&redirect_uri=http%3A%2F%2Flocalhost%3A8085%2F&code_verifier=Vh9nE5woZX7jUzLXev2P97gwSiGdaTWBPO7yUWZLn4hYX7MsIIoeGxf2GFLHm7nTPrnwVrB20mhQ-pHTvJy6sVqAL111RjM_ar7gC7mT6ICn.6Oqq8CQ-TAja4AMHeRK
2025-02-09 21:00:49,207 DEBUG    requests_oauthlib.oauth2_session Request to fetch token completed with status 200.
2025-02-09 21:00:49,207 DEBUG    requests_oauthlib.oauth2_session Request headers were {'user-agent': b'google-cloud-sdk gcloud/475.0.0 command/gcloud.auth.application-default.login invocation-id/8653e3ba1ab74568b279d13d96309e0a environment/None environment-version/None client-os/MACOSX client-os-ver/24.2.0 client-pltf-arch/arm interactive/False from-script/False python/3.11.6 term/screen-256color (Macintosh; Intel Mac OS X 24.2.0)', 'Accept-Encoding': 'gzip, deflate', 'Accept': b'application/json', 'Connection': 'keep-alive', 'Content-Type': b'application/x-www-form-urlencoded;charset=UTF-8', 'Content-Length': '421'}
2025-02-09 21:00:49,207 DEBUG    requests_oauthlib.oauth2_session Request body was grant_type=authorization_code&client_id=764086051850-6qr4p6gpi6hn506pt8ejuq83di341hur.apps.googleusercontent.com&client_secret=d-FL95Q19q7MQmFpd7hHD0Ty&code=4%2F0ASVgi3JbvsqqcSJq5fHMP6lLKttogPIQFyQe92CHydn_Fo6KIjp1B45gDdGRj10kTwugfg&redirect_uri=http%3A%2F%2Flocalhost%3A8085%2F&code_verifier=Vh9nE5woZX7jUzLXev2P97gwSiGdaTWBPO7yUWZLn4hYX7MsIIoeGxf2GFLHm7nTPrnwVrB20mhQ-pHTvJy6sVqAL111RjM_ar7gC7mT6ICn.6Oqq8CQ-TAja4AMHeRK
2025-02-09 21:00:49,207 DEBUG    requests_oauthlib.oauth2_session Response headers were {'Pragma': 'no-cache', 'Date': 'Mon, 10 Feb 2025 02:00:49 GMT', 'Cache-Control': 'no-cache, no-store, max-age=0, must-revalidate', 'Expires': 'Mon, 01 Jan 1990 00:00:00 GMT', 'Content-Type': 'application/json; charset=utf-8', 'Vary': 'Origin, X-Origin, Referer', 'Content-Encoding': 'gzip', 'Server': 'scaffolding on HTTPServer2', 'X-XSS-Protection': '0', 'X-Frame-Options': 'SAMEORIGIN', 'X-Content-Type-Options': 'nosniff', 'Alt-Svc': 'h3=":443"; ma=2592000,h3-29=":443"; ma=2592000', 'Transfer-Encoding': 'chunked'} and content {
  "access_token": "ya29.a0AXeO80Sqts7OqIo4-AwKjK_IznaBCfw3hU27Aee86eLItq_yZ7tz_7wmRjlQojltO2EVbfCjIOtLY3-BplnKUnHiMLsmFTacfaJSIj9pN49kB_eQXqe8LdgDdczROJjQCqGepMcbcHNfC8SPMi1e_PpRxvf5gwu9JpTHwMtRaCgYKAcoSARISFQHGX2MiC-K46xLbetnn60j8gn9_EQ0175",
  "expires_in": 3599,
  "refresh_token": "1//01adufZhA6A_mCgYIARAAGAESNwF-L9IrPi_cyLNhpMKqCEM-b30Jy3dcU2wGw8NkTzJMkUYfB5LscMFmTaNNdTKgKgexvhQ2b3I",
  "scope": "openid https://www.googleapis.com/auth/cloud-platform https://www.googleapis.com/auth/sqlservice.login https://www.googleapis.com/auth/userinfo.email",
  "token_type": "Bearer",
  "id_token": "eyJhbGciOiJSUzI1NiIsImtpZCI6ImVlYzUzNGZhNWI4Y2FjYTIwMWNhOGQwZmY5NmI1NGM1NjIyMTBkMWUiLCJ0eXAiOiJKV1QifQ.eyJpc3MiOiJodHRwczovL2FjY291bnRzLmdvb2dsZS5jb20iLCJhenAiOiI3NjQwODYwNTE4NTAtNnFyNHA2Z3BpNmhuNTA2cHQ4ZWp1cTgzZGkzNDFodXIuYXBwcy5nb29nbGV1c2VyY29udGVudC5jb20iLCJhdWQiOiI3NjQwODYwNTE4NTAtNnFyNHA2Z3BpNmhuNTA2cHQ4ZWp1cTgzZGkzNDFodXIuYXBwcy5nb29nbGV1c2VyY29udGVudC5jb20iLCJzdWIiOiIxMDA2NTI0Mzg1MTI3ODM2OTMzMjkiLCJoZCI6InZhbG9uLmNvbSIsImVtYWlsIjoidGFtamlkLnJhaG1hbkB2YWxvbi5jb20iLCJlbWFpbF92ZXJpZmllZCI6dHJ1ZSwiYXRfaGFzaCI6ImFYY3lIOHJUTjdDUHQ2SjBPZDlNM3ciLCJpYXQiOjE3MzkxNTI4NDksImV4cCI6MTczOTE1NjQ0OX0.thGkv2_eNYU11rNoq-nGmkup3fILxEc1ZyE7pp9RsdQfwftvwhyC-XjvKOZYZ81kSzJ8jE74lrg-c2PcWkxZtJQBCECKXaLEC3ImYhiwbPqIsmYtAltLCiqrb85HHqrTCPdPbAtU1BecTxkX03jeq8bi2vjxmzlaR_DGJC60fgI8jx3x_rzvNmDRNYBv39p30cafJQEbfHpvpLOWaBBfeCvPibjgs3KqFfZR788C1BjgHwT_VK_t_RHxtQBwlK-uFR4wj4rQx4ozumpKZfKC022nyllklUqTVZyA1ZO4woP0eoPzZs4eaZwKOTTwTAjEzAOqmg-bRMPJtlmJ5CrHYQ"
}.
2025-02-09 21:00:49,208 DEBUG    requests_oauthlib.oauth2_session Invoking 0 token response hooks.
2025-02-09 21:00:49,208 DEBUG    requests_oauthlib.oauth2_session Obtained token {'access_token': 'ya29.a0AXeO80Sqts7OqIo4-AwKjK_IznaBCfw3hU27Aee86eLItq_yZ7tz_7wmRjlQojltO2EVbfCjIOtLY3-BplnKUnHiMLsmFTacfaJSIj9pN49kB_eQXqe8LdgDdczROJjQCqGepMcbcHNfC8SPMi1e_PpRxvf5gwu9JpTHwMtRaCgYKAcoSARISFQHGX2MiC-K46xLbetnn60j8gn9_EQ0175', 'expires_in': 3599, 'refresh_token': '1//01adufZhA6A_mCgYIARAAGAESNwF-L9IrPi_cyLNhpMKqCEM-b30Jy3dcU2wGw8NkTzJMkUYfB5LscMFmTaNNdTKgKgexvhQ2b3I', 'scope': ['openid', 'https://www.googleapis.com/auth/cloud-platform', 'https://www.googleapis.com/auth/sqlservice.login', 'https://www.googleapis.com/auth/userinfo.email'], 'token_type': 'Bearer', 'id_token': 'eyJhbGciOiJSUzI1NiIsImtpZCI6ImVlYzUzNGZhNWI4Y2FjYTIwMWNhOGQwZmY5NmI1NGM1NjIyMTBkMWUiLCJ0eXAiOiJKV1QifQ.eyJpc3MiOiJodHRwczovL2FjY291bnRzLmdvb2dsZS5jb20iLCJhenAiOiI3NjQwODYwNTE4NTAtNnFyNHA2Z3BpNmhuNTA2cHQ4ZWp1cTgzZGkzNDFodXIuYXBwcy5nb29nbGV1c2VyY29udGVudC5jb20iLCJhdWQiOiI3NjQwODYwNTE4NTAtNnFyNHA2Z3BpNmhuNTA2cHQ4ZWp1cTgzZGkzNDFodXIuYXBwcy5nb29nbGV1c2VyY29udGVudC5jb20iLCJzdWIiOiIxMDA2NTI0Mzg1MTI3ODM2OTMzMjkiLCJoZCI6InZhbG9uLmNvbSIsImVtYWlsIjoidGFtamlkLnJhaG1hbkB2YWxvbi5jb20iLCJlbWFpbF92ZXJpZmllZCI6dHJ1ZSwiYXRfaGFzaCI6ImFYY3lIOHJUTjdDUHQ2SjBPZDlNM3ciLCJpYXQiOjE3MzkxNTI4NDksImV4cCI6MTczOTE1NjQ0OX0.thGkv2_eNYU11rNoq-nGmkup3fILxEc1ZyE7pp9RsdQfwftvwhyC-XjvKOZYZ81kSzJ8jE74lrg-c2PcWkxZtJQBCECKXaLEC3ImYhiwbPqIsmYtAltLCiqrb85HHqrTCPdPbAtU1BecTxkX03jeq8bi2vjxmzlaR_DGJC60fgI8jx3x_rzvNmDRNYBv39p30cafJQEbfHpvpLOWaBBfeCvPibjgs3KqFfZR788C1BjgHwT_VK_t_RHxtQBwlK-uFR4wj4rQx4ozumpKZfKC022nyllklUqTVZyA1ZO4woP0eoPzZs4eaZwKOTTwTAjEzAOqmg-bRMPJtlmJ5CrHYQ', 'expires_at': 1739156448.208222}.
2025-02-09 21:00:49,217 INFO     ___FILE_ONLY___ 
Credentials saved to file: [/Users/tamjid/.config/gcloud/application_default_credentials.json]

2025-02-09 21:00:49,217 INFO     ___FILE_ONLY___ 
These credentials will be used by any library that requests Application Default Credentials (ADC).

2025-02-09 21:00:49,225 INFO     root            Using alternate credentials from file: [/Users/tamjid/.config/gcloud/application_default_credentials.json]
2025-02-09 21:00:49,231 DEBUG    google.auth.transport.requests Making request: POST https://oauth2.googleapis.com/token
2025-02-09 21:00:49,234 DEBUG    urllib3.connectionpool Starting new HTTPS connection (1): oauth2.googleapis.com:443
2025-02-09 21:00:49,418 DEBUG    urllib3.connectionpool https://oauth2.googleapis.com:443 "POST /token HTTP/1.1" 200 None
2025-02-09 21:00:49,428 INFO     root            Using alternate credentials from file: [/Users/tamjid/.config/gcloud/application_default_credentials.json]
2025-02-09 21:00:49,451 DEBUG    urllib3.connectionpool Starting new HTTPS connection (1): cloudresourcemanager.googleapis.com:443
2025-02-09 21:00:49,857 DEBUG    urllib3.connectionpool https://cloudresourcemanager.googleapis.com:443 "POST /v1/projects/prod-peach-street:testIamPermissions?alt=json HTTP/1.1" 200 None
2025-02-09 21:00:49,861 WARNING  root            
Cannot add the project "prod-peach-street" to ADC as the quota project because the account in ADC does not have the "serviceusage.services.use" permission on this project. You might receive a "quota_exceeded" or "API not enabled" error. Run $ gcloud auth application-default set-quota-project to add a quota project.
2025-02-09 21:00:49,862 DEBUG    root            Chosen display Format:none
2025-02-09 21:00:49,863 INFO     root            Display format: "none"
