2025-02-10 10:10:18,632 DEBUG    root            Loaded Command Group: ['gcloud', 'config']
2025-02-10 10:10:18,633 DEBUG    root            Loaded Command Group: ['gcloud', 'config', 'config_helper']
2025-02-10 10:10:18,634 DEBUG    root            Running [gcloud.config.config-helper] with arguments: [--format: "json", --min-expiry: "3600"]
2025-02-10 10:10:18,640 DEBUG    google.auth.transport.requests Making request: POST https://oauth2.googleapis.com/token
2025-02-10 10:10:18,646 DEBUG    urllib3.connectionpool Starting new HTTPS connection (1): oauth2.googleapis.com:443
2025-02-10 10:10:18,911 DEBUG    urllib3.connectionpool https://oauth2.googleapis.com:443 "POST /token HTTP/1.1" 200 None
2025-02-10 10:10:18,916 DEBUG    root            Chosen display Format:default json
2025-02-10 10:10:18,916 INFO     root            Display format: "default json"
2025-02-10 10:10:18,934 INFO     ___FILE_ONLY___ {
  "configuration": {
    "active_configuration": "default",
    "properties": {
      "core": {
        "account": "tamjid.rahman@valon.com",
        "disable_prompts": "false",
        "disable_usage_reporting": "True",
        "project": "prod-peach-street"
      }
    }
  },
  "credential": {
    "access_token": "ya29.a0AXeO80QlYMTY81_yfwmSpVY24LhggRGs3nVqBXOlpM0BoZeVowrF5aHqJO1usJT0b5QeWZX6380ZoIFv33G9oG0c3VA71PB9Pj2sxB2rvwKw2KllKy-_1rcHJJvwMNYSzj_Zl5GTVmauBoXTtaaJ3WmwOnXiaKWil2cLssKfnXaSfO4aCgYKAeUSARISFQHGX2MiZDQGI65mzBoSBQPPMHXwGg0182",
    "id_token": "eyJhbGciOiJSUzI1NiIsImtpZCI6ImVlYzUzNGZhNWI4Y2FjYTIwMWNhOGQwZmY5NmI1NGM1NjIyMTBkMWUiLCJ0eXAiOiJKV1QifQ.eyJpc3MiOiJodHRwczovL2FjY291bnRzLmdvb2dsZS5jb20iLCJhenAiOiIzMjU1NTk0MDU1OS5hcHBzLmdvb2dsZXVzZXJjb250ZW50LmNvbSIsImF1ZCI6IjMyNTU1OTQwNTU5LmFwcHMuZ29vZ2xldXNlcmNvbnRlbnQuY29tIiwic3ViIjoiMTAwNjUyNDM4NTEyNzgzNjkzMzI5IiwiaGQiOiJ2YWxvbi5jb20iLCJlbWFpbCI6InRhbWppZC5yYWhtYW5AdmFsb24uY29tIiwiZW1haWxfdmVyaWZpZWQiOnRydWUsImF0X2hhc2giOiJkWmdjcTdBVWphT1hxR1o2VHhHTEVBIiwiaWF0IjoxNzM5MjAwMjE4LCJleHAiOjE3MzkyMDM4MTh9.Ejr5UqzjPo6z9zdZV6vdO0WiwBJLsEPYImAj1E5l5STMZxxY1AgOEf8_ttMmT9fJSWwODG1tYDMjw9MyQhzPMyd8tZVMxfewLK1o6jnHFIWYWeGMAoQSO1cvuGlH8VBarN5BWsZVE_-7xAK7YSD86tQWSukFVEOVdVUnYiOafNrzMAeJE9Ttj27NFpGrJknk7uDz2TqaBWC0AzkVeGPoVuYHbs-zex-fiifU9TGZpQOQXF9ddEVuiYr1Qmlk2sEdJuDBJqck7yDeMIca-gWCCa9hsRpp_oqJ6LHrWHBodz9ZOHqBaS3CoPdahsv3VQSTQ5BgmSjq1xMkjBoMDs3iBw",
    "token_expiry": "2025-02-10T16:10:17Z"
  },
  "sentinels": {
    "config_sentinel": "/Users/tamjid/.config/gcloud/config_sentinel"
  }
}
2025-02-10 10:10:18,934 INFO     ___FILE_ONLY___ 

