2025-02-10 10:10:30,700 DEBUG    root            Loaded Command Group: ['gcloud', 'config']
2025-02-10 10:10:30,701 DEBUG    root            Loaded Command Group: ['gcloud', 'config', 'config_helper']
2025-02-10 10:10:30,702 DEBUG    root            Running [gcloud.config.config-helper] with arguments: [--format: "json", --min-expiry: "3600"]
2025-02-10 10:10:30,707 DEBUG    google.auth.transport.requests Making request: POST https://oauth2.googleapis.com/token
2025-02-10 10:10:30,712 DEBUG    urllib3.connectionpool Starting new HTTPS connection (1): oauth2.googleapis.com:443
2025-02-10 10:10:30,867 DEBUG    urllib3.connectionpool https://oauth2.googleapis.com:443 "POST /token HTTP/1.1" 200 None
2025-02-10 10:10:30,872 DEBUG    root            Chosen display Format:default json
2025-02-10 10:10:30,872 INFO     root            Display format: "default json"
2025-02-10 10:10:30,891 INFO     ___FILE_ONLY___ {
  "configuration": {
    "active_configuration": "default",
    "properties": {
      "core": {
        "account": "tamjid.rahman@valon.com",
        "disable_prompts": "false",
        "disable_usage_reporting": "True",
        "project": "prod-peach-street"
      }
    }
  },
  "credential": {
    "access_token": "ya29.a0AXeO80T1IMk6cWA64bLB5m0SbRKNH4IkRfPcfY-a8XNHqAHbkxg4dJKIdtsyM9xByVu2GIMPs0aSu76aKIL1k6TeS-4IilNqOaPNi7AS3z3ORAKBzUFQrT2UXqBRRCdyK2LiB7VPbV3L0--zNIHBctYOJuFruQ7AcSOXdLmk4cU4dI4aCgYKAXwSARISFQHGX2MiWkNzjuWyj9KOuuGv2k1Dyg0182",
    "id_token": "eyJhbGciOiJSUzI1NiIsImtpZCI6ImVlYzUzNGZhNWI4Y2FjYTIwMWNhOGQwZmY5NmI1NGM1NjIyMTBkMWUiLCJ0eXAiOiJKV1QifQ.eyJpc3MiOiJodHRwczovL2FjY291bnRzLmdvb2dsZS5jb20iLCJhenAiOiIzMjU1NTk0MDU1OS5hcHBzLmdvb2dsZXVzZXJjb250ZW50LmNvbSIsImF1ZCI6IjMyNTU1OTQwNTU5LmFwcHMuZ29vZ2xldXNlcmNvbnRlbnQuY29tIiwic3ViIjoiMTAwNjUyNDM4NTEyNzgzNjkzMzI5IiwiaGQiOiJ2YWxvbi5jb20iLCJlbWFpbCI6InRhbWppZC5yYWhtYW5AdmFsb24uY29tIiwiZW1haWxfdmVyaWZpZWQiOnRydWUsImF0X2hhc2giOiJhdHQ2TE1UcnNRSzJUdUpOZGFkRnlRIiwiaWF0IjoxNzM5MjAwMjMwLCJleHAiOjE3MzkyMDM4MzB9.x2kKgHnT6KKLDHLkS3lpTHAnfytcICIgQOAHduxCwo-E5gJGp6emQuJ4TmRNR7YF48tyJoaHuz5EY2UTydyRU4YeuU0rMY_rTEkEVlVz17-p1RhCgVCY-8gYxdsKZCUVkNTIasKqLBAUmTLA16PEm1WHkNVcgc_o_u1qUDl-dGAJkgSf4e2tOpHSiIEZLMYuBNpw_x3fEzZP1cot4PjBExWj6bsvpp6rfQ8pGqKGlA4DNK39R6MjE368nkCPVhLMxxy5mbshesxPfo-0_NnyNQn2K1z22XbEt4gcFEn1-FAgYUOPCocZ2UXwBMJ7XeqSpa5L22hJvE-TZsmP2Tp2kA",
    "token_expiry": "2025-02-10T16:10:29Z"
  },
  "sentinels": {
    "config_sentinel": "/Users/tamjid/.config/gcloud/config_sentinel"
  }
}
2025-02-10 10:10:30,891 INFO     ___FILE_ONLY___ 

