2025-02-10 11:52:51,488 DEBUG    root            Loaded Command Group: ['gcloud', 'config']
2025-02-10 11:52:51,490 DEBUG    root            Loaded Command Group: ['gcloud', 'config', 'config_helper']
2025-02-10 11:52:51,491 DEBUG    root            Running [gcloud.config.config-helper] with arguments: [--format: "json"]
2025-02-10 11:52:51,501 DEBUG    root            Chosen display Format:default json
2025-02-10 11:52:51,501 INFO     root            Display format: "default json"
2025-02-10 11:52:51,523 INFO     ___FILE_ONLY___ {
  "configuration": {
    "active_configuration": "default",
    "properties": {
      "core": {
        "account": "tamjid.rahman@valon.com",
        "disable_prompts": "false",
        "disable_usage_reporting": "True",
        "project": "prod-peach-street"
      }
    }
  },
  "credential": {
    "access_token": "ya29.a0AXeO80SsbbF2NLaYF1vy-wOXyxXqUct2ApCzu6G39Uil4AKGMmJEkLMvb5zD0aOfSm3GzI4S7UGfqfn8kus-eDTlCkyKWlTXpmXkI_FJT3Ph9_VUMS-LxNcH2BwEDMQgzZIzt937FMMGn0xBSUpP5bBCsWhHpF9eI0YsXbyoJ2DNSpAaCgYKAdMSARISFQHGX2MijGvGXaJEuVG748XGphiBXQ0182",
    "id_token": "eyJhbGciOiJSUzI1NiIsImtpZCI6ImVlYzUzNGZhNWI4Y2FjYTIwMWNhOGQwZmY5NmI1NGM1NjIyMTBkMWUiLCJ0eXAiOiJKV1QifQ.eyJpc3MiOiJodHRwczovL2FjY291bnRzLmdvb2dsZS5jb20iLCJhenAiOiIzMjU1NTk0MDU1OS5hcHBzLmdvb2dsZXVzZXJjb250ZW50LmNvbSIsImF1ZCI6IjMyNTU1OTQwNTU5LmFwcHMuZ29vZ2xldXNlcmNvbnRlbnQuY29tIiwic3ViIjoiMTAwNjUyNDM4NTEyNzgzNjkzMzI5IiwiaGQiOiJ2YWxvbi5jb20iLCJlbWFpbCI6InRhbWppZC5yYWhtYW5AdmFsb24uY29tIiwiZW1haWxfdmVyaWZpZWQiOnRydWUsImF0X2hhc2giOiIxRFFnWi1odmswRTNYY0EzdTJCNzJBIiwiaWF0IjoxNzM5MjA2MTA2LCJleHAiOjE3MzkyMDk3MDZ9.nLNXMz_aNcUCrFBF0A0JFAQv96Z_nVPwaFbSj03i7siLgP2W_IHEkGnoa49cGmzIfZt04g_KZShrJnGBU-RJ3bOuOedFoBlfc1eQy-_2CmooIVxj7pMJPNVjqS62MLCx1RIVr1_eK9NND061_8A42ORoySKaNJ2mnByse1OHNBkyFFQ-8LNyi0Ld-lc9aOaT9dOIuxgraYIo_Lw3TUFf27j0qGIJnUdj5hfi1oiv636JwX47LkKsS8OHWfjSow8ZnUwx5zoMmME4aweIOAQqg1KLC2vJ0CZwPMdZQkCFodsE55tdwPZuoPIYOpfXNTaTZ0-CeUBzbw2-kReMN3EqJQ",
    "token_expiry": "2025-02-10T17:48:25Z"
  },
  "sentinels": {
    "config_sentinel": "/Users/tamjid/.config/gcloud/config_sentinel"
  }
}
2025-02-10 11:52:51,524 INFO     ___FILE_ONLY___ 

