2025-02-10 13:55:40,227 DEBUG    root            Loaded Command Group: ['gcloud', 'auth']
2025-02-10 13:55:40,229 DEBUG    root            Loaded Command Group: ['gcloud', 'auth', 'application_default']
2025-02-10 13:55:40,237 DEBUG    root            Loaded Command Group: ['gcloud', 'auth', 'application-default', 'login']
2025-02-10 13:55:40,238 DEBUG    root            Running [gcloud.auth.application-default.login] with arguments: []
2025-02-10 13:55:40,272 DEBUG    requests_oauthlib.oauth2_session Generated new state f0p5388z3mflOdg5Ulu1epSDwhNLue.
2025-02-10 13:55:40,404 INFO     ___FILE_ONLY___ Your browser has been opened to visit:

    https://accounts.google.com/o/oauth2/auth?response_type=code&client_id=764086051850-6qr4p6gpi6hn506pt8ejuq83di341hur.apps.googleusercontent.com&redirect_uri=http%3A%2F%2Flocalhost%3A8085%2F&scope=openid+https%3A%2F%2Fwww.googleapis.com%2Fauth%2Fuserinfo.email+https%3A%2F%2Fwww.googleapis.com%2Fauth%2Fcloud-platform+https%3A%2F%2Fwww.googleapis.com%2Fauth%2Fsqlservice.login&state=f0p5388z3mflOdg5Ulu1epSDwhNLue&access_type=offline&code_challenge=fNfQtINgiJBZxummkSDBU8VYkIdoZSD8d1VnIeVHgYs&code_challenge_method=S256


2025-02-10 13:55:49,203 INFO     google_auth_oauthlib.flow "GET /?state=f0p5388z3mflOdg5Ulu1epSDwhNLue&code=4/0ASVgi3IGFMUXftnpKHwz7TR7dWk5DMX56dwc6W0P1G2uubVSiQzUGMq25JZsEGAuyqOKSw&scope=email%20openid%20https://www.googleapis.com/auth/userinfo.email%20https://www.googleapis.com/auth/cloud-platform%20https://www.googleapis.com/auth/sqlservice.login&authuser=0&hd=valon.com&prompt=consent HTTP/1.1" 200 959
2025-02-10 13:55:49,204 DEBUG    requests_oauthlib.oauth2_session Requesting url https://oauth2.googleapis.com/token using method POST.
2025-02-10 13:55:49,204 DEBUG    requests_oauthlib.oauth2_session Supplying headers {b'Accept': b'application/json', b'Content-Type': b'application/x-www-form-urlencoded;charset=UTF-8', b'user-agent': b'google-cloud-sdk gcloud/475.0.0 command/gcloud.auth.application-default.login invocation-id/8f804f22779244d79c2e55797efe48d5 environment/None environment-version/None client-os/MACOSX client-os-ver/24.2.0 client-pltf-arch/arm interactive/False from-script/False python/3.11.6 term/screen-256color (Macintosh; Intel Mac OS X 24.2.0)'} and data {'grant_type': 'authorization_code', 'client_id': '764086051850-6qr4p6gpi6hn506pt8ejuq83di341hur.apps.googleusercontent.com', 'client_secret': 'd-FL95Q19q7MQmFpd7hHD0Ty', 'code': '4/0ASVgi3IGFMUXftnpKHwz7TR7dWk5DMX56dwc6W0P1G2uubVSiQzUGMq25JZsEGAuyqOKSw', 'redirect_uri': 'http://localhost:8085/', 'code_verifier': 'SFi90FdmmcyQYLJKSFBZtt70aajIPwL9twS2Yh7a0h4UvgWWV3Jsrsg6AHAOmxZ~Zt11bisQrsdFilxTy8Q6T6~VoqDk_GzJZgaUQgbhB6mhYcZhJYVNdePNdjzlDH~5'}
2025-02-10 13:55:49,204 DEBUG    requests_oauthlib.oauth2_session Passing through key word arguments {'json': None, 'timeout': None, 'auth': None, 'verify': None, 'proxies': None}.
2025-02-10 13:55:49,211 DEBUG    urllib3.connectionpool Starting new HTTPS connection (1): oauth2.googleapis.com:443
2025-02-10 13:55:49,422 DEBUG    urllib3.connectionpool https://oauth2.googleapis.com:443 "POST /token HTTP/1.1" 200 None
2025-02-10 13:55:49,424 DEBUG    requests_oauthlib.oauth2_session Prepared fetch token request body grant_type=authorization_code&client_id=764086051850-6qr4p6gpi6hn506pt8ejuq83di341hur.apps.googleusercontent.com&client_secret=d-FL95Q19q7MQmFpd7hHD0Ty&code=4%2F0ASVgi3IGFMUXftnpKHwz7TR7dWk5DMX56dwc6W0P1G2uubVSiQzUGMq25JZsEGAuyqOKSw&redirect_uri=http%3A%2F%2Flocalhost%3A8085%2F&code_verifier=SFi90FdmmcyQYLJKSFBZtt70aajIPwL9twS2Yh7a0h4UvgWWV3Jsrsg6AHAOmxZ~Zt11bisQrsdFilxTy8Q6T6~VoqDk_GzJZgaUQgbhB6mhYcZhJYVNdePNdjzlDH~5
2025-02-10 13:55:49,424 DEBUG    requests_oauthlib.oauth2_session Request to fetch token completed with status 200.
2025-02-10 13:55:49,424 DEBUG    requests_oauthlib.oauth2_session Request headers were {'user-agent': b'google-cloud-sdk gcloud/475.0.0 command/gcloud.auth.application-default.login invocation-id/8f804f22779244d79c2e55797efe48d5 environment/None environment-version/None client-os/MACOSX client-os-ver/24.2.0 client-pltf-arch/arm interactive/False from-script/False python/3.11.6 term/screen-256color (Macintosh; Intel Mac OS X 24.2.0)', 'Accept-Encoding': 'gzip, deflate', 'Accept': b'application/json', 'Connection': 'keep-alive', 'Content-Type': b'application/x-www-form-urlencoded;charset=UTF-8', 'Content-Length': '421'}
2025-02-10 13:55:49,424 DEBUG    requests_oauthlib.oauth2_session Request body was grant_type=authorization_code&client_id=764086051850-6qr4p6gpi6hn506pt8ejuq83di341hur.apps.googleusercontent.com&client_secret=d-FL95Q19q7MQmFpd7hHD0Ty&code=4%2F0ASVgi3IGFMUXftnpKHwz7TR7dWk5DMX56dwc6W0P1G2uubVSiQzUGMq25JZsEGAuyqOKSw&redirect_uri=http%3A%2F%2Flocalhost%3A8085%2F&code_verifier=SFi90FdmmcyQYLJKSFBZtt70aajIPwL9twS2Yh7a0h4UvgWWV3Jsrsg6AHAOmxZ~Zt11bisQrsdFilxTy8Q6T6~VoqDk_GzJZgaUQgbhB6mhYcZhJYVNdePNdjzlDH~5
2025-02-10 13:55:49,424 DEBUG    requests_oauthlib.oauth2_session Response headers were {'Date': 'Mon, 10 Feb 2025 18:55:49 GMT', 'Expires': 'Mon, 01 Jan 1990 00:00:00 GMT', 'Cache-Control': 'no-cache, no-store, max-age=0, must-revalidate', 'Pragma': 'no-cache', 'Content-Type': 'application/json; charset=utf-8', 'Vary': 'Origin, X-Origin, Referer', 'Content-Encoding': 'gzip', 'Server': 'scaffolding on HTTPServer2', 'X-XSS-Protection': '0', 'X-Frame-Options': 'SAMEORIGIN', 'X-Content-Type-Options': 'nosniff', 'Alt-Svc': 'h3=":443"; ma=2592000,h3-29=":443"; ma=2592000', 'Transfer-Encoding': 'chunked'} and content {
  "access_token": "ya29.a0AXeO80TpapPqJ5QMGLNJznd2Kc_s685N-MA-eq3FhakgiZNPnVL7gshhiBz1APjAaOjPVNj2lwC7NQfBF71qMkMr5Nd8d2Kf8Tf-U0GLxrHsT4GwTJGsyociWFxGUAO_Dpx_6weLwxZLeDUZefwCEl-NXnt7vVd3nY8oc1N5aCgYKAc0SARISFQHGX2MiN7vBFfioCvcnOA1U8Te85A0175",
  "expires_in": 3599,
  "refresh_token": "1//01UuylwqADMb3CgYIARAAGAESNwF-L9Ir2Qo61eK_KuZCsHqGavLij9HTUvcYC33Cb1LjHL0ZtCElY_pSboOeKZbbY1CGtXBiC0w",
  "scope": "openid https://www.googleapis.com/auth/cloud-platform https://www.googleapis.com/auth/sqlservice.login https://www.googleapis.com/auth/userinfo.email",
  "token_type": "Bearer",
  "id_token": "eyJhbGciOiJSUzI1NiIsImtpZCI6ImVlYzUzNGZhNWI4Y2FjYTIwMWNhOGQwZmY5NmI1NGM1NjIyMTBkMWUiLCJ0eXAiOiJKV1QifQ.eyJpc3MiOiJodHRwczovL2FjY291bnRzLmdvb2dsZS5jb20iLCJhenAiOiI3NjQwODYwNTE4NTAtNnFyNHA2Z3BpNmhuNTA2cHQ4ZWp1cTgzZGkzNDFodXIuYXBwcy5nb29nbGV1c2VyY29udGVudC5jb20iLCJhdWQiOiI3NjQwODYwNTE4NTAtNnFyNHA2Z3BpNmhuNTA2cHQ4ZWp1cTgzZGkzNDFodXIuYXBwcy5nb29nbGV1c2VyY29udGVudC5jb20iLCJzdWIiOiIxMDA2NTI0Mzg1MTI3ODM2OTMzMjkiLCJoZCI6InZhbG9uLmNvbSIsImVtYWlsIjoidGFtamlkLnJhaG1hbkB2YWxvbi5jb20iLCJlbWFpbF92ZXJpZmllZCI6dHJ1ZSwiYXRfaGFzaCI6IlFXSFh0dFNsbkdkNU9wenlqejQ4c2ciLCJpYXQiOjE3MzkyMTM3NDksImV4cCI6MTczOTIxNzM0OX0.Z2ouvVscYCKRY7o0-zZQEkOg3hnHmFfy3YDwFeSGcCBJMfOVLMnldsMjv7EckGqKRbnQPQFMxbh8pFomW9xXasRDXR1FsJ5e_jCGVxqrEfU20r3tnfqgFMUbg6idP4eVIhzH2TmHsfjmSk4l0srhsw7OWdheCMNtuTJ-LrUcDToz1aZYn32oyYRU_rSEaOFxwmLNbXQjp4cKgLYxA3HjknsXNEQJpAOpUesjXVMFI-dBw6D5UVrpzTlNu9TIsIFp4rhZIJ6yeBEmWgMUrv-YjBOKuFQi8MILSP4DqQUx6YtOpgfq2ne7CKg00VCY1vkHvsba2ZWI7ThZnbEShn_woQ"
}.
2025-02-10 13:55:49,425 DEBUG    requests_oauthlib.oauth2_session Invoking 0 token response hooks.
2025-02-10 13:55:49,425 DEBUG    requests_oauthlib.oauth2_session Obtained token {'access_token': 'ya29.a0AXeO80TpapPqJ5QMGLNJznd2Kc_s685N-MA-eq3FhakgiZNPnVL7gshhiBz1APjAaOjPVNj2lwC7NQfBF71qMkMr5Nd8d2Kf8Tf-U0GLxrHsT4GwTJGsyociWFxGUAO_Dpx_6weLwxZLeDUZefwCEl-NXnt7vVd3nY8oc1N5aCgYKAc0SARISFQHGX2MiN7vBFfioCvcnOA1U8Te85A0175', 'expires_in': 3599, 'refresh_token': '1//01UuylwqADMb3CgYIARAAGAESNwF-L9Ir2Qo61eK_KuZCsHqGavLij9HTUvcYC33Cb1LjHL0ZtCElY_pSboOeKZbbY1CGtXBiC0w', 'scope': ['openid', 'https://www.googleapis.com/auth/cloud-platform', 'https://www.googleapis.com/auth/sqlservice.login', 'https://www.googleapis.com/auth/userinfo.email'], 'token_type': 'Bearer', 'id_token': 'eyJhbGciOiJSUzI1NiIsImtpZCI6ImVlYzUzNGZhNWI4Y2FjYTIwMWNhOGQwZmY5NmI1NGM1NjIyMTBkMWUiLCJ0eXAiOiJKV1QifQ.eyJpc3MiOiJodHRwczovL2FjY291bnRzLmdvb2dsZS5jb20iLCJhenAiOiI3NjQwODYwNTE4NTAtNnFyNHA2Z3BpNmhuNTA2cHQ4ZWp1cTgzZGkzNDFodXIuYXBwcy5nb29nbGV1c2VyY29udGVudC5jb20iLCJhdWQiOiI3NjQwODYwNTE4NTAtNnFyNHA2Z3BpNmhuNTA2cHQ4ZWp1cTgzZGkzNDFodXIuYXBwcy5nb29nbGV1c2VyY29udGVudC5jb20iLCJzdWIiOiIxMDA2NTI0Mzg1MTI3ODM2OTMzMjkiLCJoZCI6InZhbG9uLmNvbSIsImVtYWlsIjoidGFtamlkLnJhaG1hbkB2YWxvbi5jb20iLCJlbWFpbF92ZXJpZmllZCI6dHJ1ZSwiYXRfaGFzaCI6IlFXSFh0dFNsbkdkNU9wenlqejQ4c2ciLCJpYXQiOjE3MzkyMTM3NDksImV4cCI6MTczOTIxNzM0OX0.Z2ouvVscYCKRY7o0-zZQEkOg3hnHmFfy3YDwFeSGcCBJMfOVLMnldsMjv7EckGqKRbnQPQFMxbh8pFomW9xXasRDXR1FsJ5e_jCGVxqrEfU20r3tnfqgFMUbg6idP4eVIhzH2TmHsfjmSk4l0srhsw7OWdheCMNtuTJ-LrUcDToz1aZYn32oyYRU_rSEaOFxwmLNbXQjp4cKgLYxA3HjknsXNEQJpAOpUesjXVMFI-dBw6D5UVrpzTlNu9TIsIFp4rhZIJ6yeBEmWgMUrv-YjBOKuFQi8MILSP4DqQUx6YtOpgfq2ne7CKg00VCY1vkHvsba2ZWI7ThZnbEShn_woQ', 'expires_at': 1739217348.42517}.
2025-02-10 13:55:49,434 INFO     ___FILE_ONLY___ 
Credentials saved to file: [/Users/tamjid/.config/gcloud/application_default_credentials.json]

2025-02-10 13:55:49,434 INFO     ___FILE_ONLY___ 
These credentials will be used by any library that requests Application Default Credentials (ADC).

2025-02-10 13:55:49,443 INFO     root            Using alternate credentials from file: [/Users/tamjid/.config/gcloud/application_default_credentials.json]
2025-02-10 13:55:49,449 DEBUG    google.auth.transport.requests Making request: POST https://oauth2.googleapis.com/token
2025-02-10 13:55:49,452 DEBUG    urllib3.connectionpool Starting new HTTPS connection (1): oauth2.googleapis.com:443
2025-02-10 13:55:49,620 DEBUG    urllib3.connectionpool https://oauth2.googleapis.com:443 "POST /token HTTP/1.1" 200 None
2025-02-10 13:55:49,628 INFO     root            Using alternate credentials from file: [/Users/tamjid/.config/gcloud/application_default_credentials.json]
2025-02-10 13:55:49,686 DEBUG    urllib3.connectionpool Starting new HTTPS connection (1): cloudresourcemanager.googleapis.com:443
2025-02-10 13:55:50,036 DEBUG    urllib3.connectionpool https://cloudresourcemanager.googleapis.com:443 "POST /v1/projects/prod-peach-street:testIamPermissions?alt=json HTTP/1.1" 200 None
2025-02-10 13:55:50,041 WARNING  root            
Cannot add the project "prod-peach-street" to ADC as the quota project because the account in ADC does not have the "serviceusage.services.use" permission on this project. You might receive a "quota_exceeded" or "API not enabled" error. Run $ gcloud auth application-default set-quota-project to add a quota project.
2025-02-10 13:55:50,044 DEBUG    root            Chosen display Format:none
2025-02-10 13:55:50,049 INFO     root            Display format: "none"
