2025-02-10 13:55:50,890 DEBUG    root            Loaded Command Group: ['gcloud', 'auth']
2025-02-10 13:55:50,899 DEBUG    root            Loaded Command Group: ['gcloud', 'auth', 'login']
2025-02-10 13:55:50,900 DEBUG    root            Running [gcloud.auth.login] with arguments: []
2025-02-10 13:55:50,919 DEBUG    requests_oauthlib.oauth2_session Generated new state m5UvhiBb2N0F7jy1YxMyjkeBQMjRji.
2025-02-10 13:55:51,027 INFO     ___FILE_ONLY___ Your browser has been opened to visit:

    https://accounts.google.com/o/oauth2/auth?response_type=code&client_id=32555940559.apps.googleusercontent.com&redirect_uri=http%3A%2F%2Flocalhost%3A8085%2F&scope=openid+https%3A%2F%2Fwww.googleapis.com%2Fauth%2Fuserinfo.email+https%3A%2F%2Fwww.googleapis.com%2Fauth%2Fcloud-platform+https%3A%2F%2Fwww.googleapis.com%2Fauth%2Fappengine.admin+https%3A%2F%2Fwww.googleapis.com%2Fauth%2Fsqlservice.login+https%3A%2F%2Fwww.googleapis.com%2Fauth%2Fcompute+https%3A%2F%2Fwww.googleapis.com%2Fauth%2Faccounts.reauth&state=m5UvhiBb2N0F7jy1YxMyjkeBQMjRji&access_type=offline&code_challenge=0Z3JX0-jOf4e9nw5eIF4C72bIMVUUcv_fK3xlxfZxg8&code_challenge_method=S256


2025-02-10 13:56:02,814 INFO     google_auth_oauthlib.flow "GET /?state=m5UvhiBb2N0F7jy1YxMyjkeBQMjRji&code=4/0ASVgi3L4ebNiyXhD4WO8sGobJNIyRlzyoCqMcFq24uHJ6xoutX_svr2cqPdvshkvBvoSFw&scope=email%20openid%20https://www.googleapis.com/auth/userinfo.email%20https://www.googleapis.com/auth/cloud-platform%20https://www.googleapis.com/auth/appengine.admin%20https://www.googleapis.com/auth/sqlservice.login%20https://www.googleapis.com/auth/compute%20https://www.googleapis.com/auth/accounts.reauth&authuser=0&hd=valon.com&prompt=consent HTTP/1.1" 200 959
2025-02-10 13:56:02,815 DEBUG    requests_oauthlib.oauth2_session Requesting url https://oauth2.googleapis.com/token using method POST.
2025-02-10 13:56:02,815 DEBUG    requests_oauthlib.oauth2_session Supplying headers {b'Accept': b'application/json', b'Content-Type': b'application/x-www-form-urlencoded;charset=UTF-8', b'user-agent': b'google-cloud-sdk gcloud/475.0.0 command/gcloud.auth.login invocation-id/6db013051cd04acf92b4c529b493e126 environment/None environment-version/None client-os/MACOSX client-os-ver/24.2.0 client-pltf-arch/arm interactive/False from-script/False python/3.11.6 term/screen-256color (Macintosh; Intel Mac OS X 24.2.0)'} and data {'grant_type': 'authorization_code', 'client_id': '32555940559.apps.googleusercontent.com', 'client_secret': 'ZmssLNjJy2998hD4CTg2ejr2', 'code': '4/0ASVgi3L4ebNiyXhD4WO8sGobJNIyRlzyoCqMcFq24uHJ6xoutX_svr2cqPdvshkvBvoSFw', 'redirect_uri': 'http://localhost:8085/', 'code_verifier': 'h4DVi_bjG.VsCffiic10rjobjsYDTIHmlw-7ddm7R0Re-0m0Ui1NW-Dex4izNzJfwktjFPYva8-.XVpKh8ZEfG.DDZeLgjJXut79YhKBT6YFNGXIVowmbZZyTRPkh2si'}
2025-02-10 13:56:02,815 DEBUG    requests_oauthlib.oauth2_session Passing through key word arguments {'json': None, 'timeout': None, 'auth': None, 'verify': None, 'proxies': None}.
2025-02-10 13:56:02,823 DEBUG    urllib3.connectionpool Starting new HTTPS connection (1): oauth2.googleapis.com:443
2025-02-10 13:56:03,014 DEBUG    urllib3.connectionpool https://oauth2.googleapis.com:443 "POST /token HTTP/1.1" 200 None
2025-02-10 13:56:03,017 DEBUG    requests_oauthlib.oauth2_session Prepared fetch token request body grant_type=authorization_code&client_id=32555940559.apps.googleusercontent.com&client_secret=ZmssLNjJy2998hD4CTg2ejr2&code=4%2F0ASVgi3L4ebNiyXhD4WO8sGobJNIyRlzyoCqMcFq24uHJ6xoutX_svr2cqPdvshkvBvoSFw&redirect_uri=http%3A%2F%2Flocalhost%3A8085%2F&code_verifier=h4DVi_bjG.VsCffiic10rjobjsYDTIHmlw-7ddm7R0Re-0m0Ui1NW-Dex4izNzJfwktjFPYva8-.XVpKh8ZEfG.DDZeLgjJXut79YhKBT6YFNGXIVowmbZZyTRPkh2si
2025-02-10 13:56:03,017 DEBUG    requests_oauthlib.oauth2_session Request to fetch token completed with status 200.
2025-02-10 13:56:03,017 DEBUG    requests_oauthlib.oauth2_session Request headers were {'user-agent': b'google-cloud-sdk gcloud/475.0.0 command/gcloud.auth.login invocation-id/6db013051cd04acf92b4c529b493e126 environment/None environment-version/None client-os/MACOSX client-os-ver/24.2.0 client-pltf-arch/arm interactive/False from-script/False python/3.11.6 term/screen-256color (Macintosh; Intel Mac OS X 24.2.0)', 'Accept-Encoding': 'gzip, deflate', 'Accept': b'application/json', 'Connection': 'keep-alive', 'Content-Type': b'application/x-www-form-urlencoded;charset=UTF-8', 'Content-Length': '387'}
2025-02-10 13:56:03,017 DEBUG    requests_oauthlib.oauth2_session Request body was grant_type=authorization_code&client_id=32555940559.apps.googleusercontent.com&client_secret=ZmssLNjJy2998hD4CTg2ejr2&code=4%2F0ASVgi3L4ebNiyXhD4WO8sGobJNIyRlzyoCqMcFq24uHJ6xoutX_svr2cqPdvshkvBvoSFw&redirect_uri=http%3A%2F%2Flocalhost%3A8085%2F&code_verifier=h4DVi_bjG.VsCffiic10rjobjsYDTIHmlw-7ddm7R0Re-0m0Ui1NW-Dex4izNzJfwktjFPYva8-.XVpKh8ZEfG.DDZeLgjJXut79YhKBT6YFNGXIVowmbZZyTRPkh2si
2025-02-10 13:56:03,017 DEBUG    requests_oauthlib.oauth2_session Response headers were {'Cache-Control': 'no-cache, no-store, max-age=0, must-revalidate', 'Pragma': 'no-cache', 'Date': 'Mon, 10 Feb 2025 18:56:03 GMT', 'Expires': 'Mon, 01 Jan 1990 00:00:00 GMT', 'Content-Type': 'application/json; charset=utf-8', 'Vary': 'Origin, X-Origin, Referer', 'Content-Encoding': 'gzip', 'Server': 'scaffolding on HTTPServer2', 'X-XSS-Protection': '0', 'X-Frame-Options': 'SAMEORIGIN', 'X-Content-Type-Options': 'nosniff', 'Alt-Svc': 'h3=":443"; ma=2592000,h3-29=":443"; ma=2592000', 'Transfer-Encoding': 'chunked'} and content {
  "access_token": "ya29.a0AXeO80S-mws97qbQiPXd4iCDvU2eoumCKeW61Cq-hbXQsCTP48585yuhBe3djTITJkI_ar2XysyrtD9i6Tq9WfiTD1mO0UX7Ws03YpeZjPXdlBfg_7Sg30It89tcXGlq8Gq8Qddw9I2ObwEnzV0nLjkGgfQj9dcsPEhSfVc-E-dNpgaCgYKAaQSARISFQHGX2MiJKsFeRS_9-vi0gHRMGQgWg0181",
  "expires_in": 3599,
  "refresh_token": "1//01jaPVx2GdkvxCgYIARAAGAESNwF-L9IrJjKxmZUiUunMPz-Nn0Hiw1wP2utsokCiaPPaPXaqZzLW4-_djzEzeXn3hmOnOmJSJ1U",
  "scope": "https://www.googleapis.com/auth/appengine.admin https://www.googleapis.com/auth/cloud-platform https://www.googleapis.com/auth/sqlservice.login https://www.googleapis.com/auth/userinfo.email https://www.googleapis.com/auth/compute openid https://www.googleapis.com/auth/accounts.reauth",
  "token_type": "Bearer",
  "id_token": "eyJhbGciOiJSUzI1NiIsImtpZCI6ImVlYzUzNGZhNWI4Y2FjYTIwMWNhOGQwZmY5NmI1NGM1NjIyMTBkMWUiLCJ0eXAiOiJKV1QifQ.eyJpc3MiOiJodHRwczovL2FjY291bnRzLmdvb2dsZS5jb20iLCJhenAiOiIzMjU1NTk0MDU1OS5hcHBzLmdvb2dsZXVzZXJjb250ZW50LmNvbSIsImF1ZCI6IjMyNTU1OTQwNTU5LmFwcHMuZ29vZ2xldXNlcmNvbnRlbnQuY29tIiwic3ViIjoiMTAwNjUyNDM4NTEyNzgzNjkzMzI5IiwiaGQiOiJ2YWxvbi5jb20iLCJlbWFpbCI6InRhbWppZC5yYWhtYW5AdmFsb24uY29tIiwiZW1haWxfdmVyaWZpZWQiOnRydWUsImF0X2hhc2giOiJGeEZ6SHBvNVNqSlVfSVFiQWN4MjF3IiwiaWF0IjoxNzM5MjEzNzYzLCJleHAiOjE3MzkyMTczNjN9.PzbDNP96_MGYYOGYIU3ppnF24B1vPqwxkf12czZV4wkl2k7jGliuK1IRusOoxmZanWgOccMYGTOKh8VYYCDalTZ4MlyluOO5JX3U_dEC9GWFaN0Xd9qdnTzb2BTuxrtHQg-5yfa-keOa4mm0vYTp-Wf8BsxpRvBeQ34YD8uV0ukdu0QajIuYWBtCdzITih5FlgK4VXXSS2o9Z9gOar-RUe3-pUwFS_uHBtcIMrU8Isyhd60K9VvXytfug4YHTfKKBp3N_rrP3b6dkAWtSXSIsnQ4WWFAepJYotcL0Rcd8NJZoc6Yzp5ek33YaZSorUFzh3FFcSA3ZQT34DnEiDQ_RA"
}.
2025-02-10 13:56:03,018 DEBUG    requests_oauthlib.oauth2_session Invoking 0 token response hooks.
2025-02-10 13:56:03,018 DEBUG    requests_oauthlib.oauth2_session Obtained token {'access_token': 'ya29.a0AXeO80S-mws97qbQiPXd4iCDvU2eoumCKeW61Cq-hbXQsCTP48585yuhBe3djTITJkI_ar2XysyrtD9i6Tq9WfiTD1mO0UX7Ws03YpeZjPXdlBfg_7Sg30It89tcXGlq8Gq8Qddw9I2ObwEnzV0nLjkGgfQj9dcsPEhSfVc-E-dNpgaCgYKAaQSARISFQHGX2MiJKsFeRS_9-vi0gHRMGQgWg0181', 'expires_in': 3599, 'refresh_token': '1//01jaPVx2GdkvxCgYIARAAGAESNwF-L9IrJjKxmZUiUunMPz-Nn0Hiw1wP2utsokCiaPPaPXaqZzLW4-_djzEzeXn3hmOnOmJSJ1U', 'scope': ['https://www.googleapis.com/auth/appengine.admin', 'https://www.googleapis.com/auth/cloud-platform', 'https://www.googleapis.com/auth/sqlservice.login', 'https://www.googleapis.com/auth/userinfo.email', 'https://www.googleapis.com/auth/compute', 'openid', 'https://www.googleapis.com/auth/accounts.reauth'], 'token_type': 'Bearer', 'id_token': 'eyJhbGciOiJSUzI1NiIsImtpZCI6ImVlYzUzNGZhNWI4Y2FjYTIwMWNhOGQwZmY5NmI1NGM1NjIyMTBkMWUiLCJ0eXAiOiJKV1QifQ.eyJpc3MiOiJodHRwczovL2FjY291bnRzLmdvb2dsZS5jb20iLCJhenAiOiIzMjU1NTk0MDU1OS5hcHBzLmdvb2dsZXVzZXJjb250ZW50LmNvbSIsImF1ZCI6IjMyNTU1OTQwNTU5LmFwcHMuZ29vZ2xldXNlcmNvbnRlbnQuY29tIiwic3ViIjoiMTAwNjUyNDM4NTEyNzgzNjkzMzI5IiwiaGQiOiJ2YWxvbi5jb20iLCJlbWFpbCI6InRhbWppZC5yYWhtYW5AdmFsb24uY29tIiwiZW1haWxfdmVyaWZpZWQiOnRydWUsImF0X2hhc2giOiJGeEZ6SHBvNVNqSlVfSVFiQWN4MjF3IiwiaWF0IjoxNzM5MjEzNzYzLCJleHAiOjE3MzkyMTczNjN9.PzbDNP96_MGYYOGYIU3ppnF24B1vPqwxkf12czZV4wkl2k7jGliuK1IRusOoxmZanWgOccMYGTOKh8VYYCDalTZ4MlyluOO5JX3U_dEC9GWFaN0Xd9qdnTzb2BTuxrtHQg-5yfa-keOa4mm0vYTp-Wf8BsxpRvBeQ34YD8uV0ukdu0QajIuYWBtCdzITih5FlgK4VXXSS2o9Z9gOar-RUe3-pUwFS_uHBtcIMrU8Isyhd60K9VvXytfug4YHTfKKBp3N_rrP3b6dkAWtSXSIsnQ4WWFAepJYotcL0Rcd8NJZoc6Yzp5ek33YaZSorUFzh3FFcSA3ZQT34DnEiDQ_RA', 'expires_at': 1739217362.018235}.
2025-02-10 13:56:03,043 INFO     ___FILE_ONLY___ 
You are now logged in as [tamjid.rahman@valon.com].
Your current project is [prod-peach-street].  You can change this setting by running:
  $ gcloud config set project PROJECT_ID

2025-02-10 13:56:03,044 DEBUG    root            Chosen display Format:none
2025-02-10 13:56:03,044 INFO     root            Display format: "none"
