2025-02-10 16:45:03,603 DEBUG    root            Loaded Command Group: ['gcloud', 'config']
2025-02-10 16:45:03,605 DEBUG    root            Loaded Command Group: ['gcloud', 'config', 'config_helper']
2025-02-10 16:45:03,605 DEBUG    root            Running [gcloud.config.config-helper] with arguments: [--format: "json", --min-expiry: "3600"]
2025-02-10 16:45:03,643 DEBUG    google.auth.transport.requests Making request: POST https://oauth2.googleapis.com/token
2025-02-10 16:45:03,676 DEBUG    urllib3.connectionpool Starting new HTTPS connection (1): oauth2.googleapis.com:443
2025-02-10 16:45:03,855 DEBUG    urllib3.connectionpool https://oauth2.googleapis.com:443 "POST /token HTTP/1.1" 200 None
2025-02-10 16:45:03,858 DEBUG    google.auth.transport.requests Making request: POST https://oauth2.googleapis.com/token
2025-02-10 16:45:03,860 DEBUG    urllib3.connectionpool Starting new HTTPS connection (1): oauth2.googleapis.com:443
2025-02-10 16:45:04,028 DEBUG    urllib3.connectionpool https://oauth2.googleapis.com:443 "POST /token HTTP/1.1" 200 None
2025-02-10 16:45:04,035 DEBUG    root            Chosen display Format:default json
2025-02-10 16:45:04,036 INFO     root            Display format: "default json"
2025-02-10 16:45:04,052 INFO     ___FILE_ONLY___ {
  "configuration": {
    "active_configuration": "default",
    "properties": {
      "core": {
        "account": "tamjid.rahman@valon.com",
        "disable_prompts": "false",
        "disable_usage_reporting": "True",
        "project": "prod-peach-street"
      }
    }
  },
  "credential": {
    "access_token": "ya29.a0AXeO80TZqT-LEGM0OpOSubr1aD5VbzK2p6JnPInrqCVqa7WPwomCFK2lGDyrAbD1VaUxRv5GGUpRjRyuWuGSH73VxVNl5gbDwCZ5WVaudnWzlzD7lauroungsE64dt-Zb0cwzeGxqID5V2vyFyFGPu7q3fPL51DoabGcEoK16zRNjAaCgYKAdUSARISFQHGX2MiysZ1bSu_RJB5G8mVZZGV7A0181",
    "id_token": "eyJhbGciOiJSUzI1NiIsImtpZCI6ImVlYzUzNGZhNWI4Y2FjYTIwMWNhOGQwZmY5NmI1NGM1NjIyMTBkMWUiLCJ0eXAiOiJKV1QifQ.eyJpc3MiOiJodHRwczovL2FjY291bnRzLmdvb2dsZS5jb20iLCJhenAiOiIzMjU1NTk0MDU1OS5hcHBzLmdvb2dsZXVzZXJjb250ZW50LmNvbSIsImF1ZCI6IjMyNTU1OTQwNTU5LmFwcHMuZ29vZ2xldXNlcmNvbnRlbnQuY29tIiwic3ViIjoiMTAwNjUyNDM4NTEyNzgzNjkzMzI5IiwiaGQiOiJ2YWxvbi5jb20iLCJlbWFpbCI6InRhbWppZC5yYWhtYW5AdmFsb24uY29tIiwiZW1haWxfdmVyaWZpZWQiOnRydWUsImF0X2hhc2giOiJ4MlFqUUQ3NmhYb3RsYWs5NXFRaG53IiwiaWF0IjoxNzM5MjIzOTA0LCJleHAiOjE3MzkyMjc1MDR9.izWuynaz7pcc3_7xFKfQPJpNhaknYkpJJcM5MNgBzPCm8DS1hVdOI0IIUrzoS7J2xWcRm53kY7rKyVpPWT535Hf_gZbydGBaN4cCoMXB4BgCBDv6IuwRCApriaHLYNmpm8lRcjiRohhnW5h26qnCXDwGhJd5dNjsvNa_FxyCeUdFbRvAHbTSnM1nUmsCxcEb4lVGye8JA0RvBdtjqbLMIUuAtY5b3UWV2BDbY92fjA6iOprThRWdBpSvCiZTecu6GI4OmFNB_U8Q26gS_AEuix7d6nC6lBMnrMEmj081P9wa0g4p3jm7gEqBi2lsmmGhoW_WWyZpm271Et2SeuhIoQ",
    "token_expiry": "2025-02-10T22:45:03Z"
  },
  "sentinels": {
    "config_sentinel": "/Users/tamjid/.config/gcloud/config_sentinel"
  }
}
2025-02-10 16:45:04,052 INFO     ___FILE_ONLY___ 

