2025-02-10 16:45:04,326 DEBUG    root            Loaded Command Group: ['gcloud', 'config']
2025-02-10 16:45:04,327 DEBUG    root            Loaded Command Group: ['gcloud', 'config', 'config_helper']
2025-02-10 16:45:04,327 DEBUG    root            Running [gcloud.config.config-helper] with arguments: [--format: "json", --min-expiry: "3600"]
2025-02-10 16:45:04,333 DEBUG    google.auth.transport.requests Making request: POST https://oauth2.googleapis.com/token
2025-02-10 16:45:04,338 DEBUG    urllib3.connectionpool Starting new HTTPS connection (1): oauth2.googleapis.com:443
2025-02-10 16:45:04,516 DEBUG    urllib3.connectionpool https://oauth2.googleapis.com:443 "POST /token HTTP/1.1" 200 None
2025-02-10 16:45:04,520 DEBUG    root            Chosen display Format:default json
2025-02-10 16:45:04,520 INFO     root            Display format: "default json"
2025-02-10 16:45:04,536 INFO     ___FILE_ONLY___ {
  "configuration": {
    "active_configuration": "default",
    "properties": {
      "core": {
        "account": "tamjid.rahman@valon.com",
        "disable_prompts": "false",
        "disable_usage_reporting": "True",
        "project": "prod-peach-street"
      }
    }
  },
  "credential": {
    "access_token": "ya29.a0AXeO80Qd1uKaaxihEltWYBFTibq6ugab8h53HrQW76puoYW0-pkKByfECIOXNWexCXmIHbWTsyYGWlQNg6z8r1PztBHIqXCWrNN3xVnEt1HskVu4ZV0oQsZfiqYu3yT8WDwHlpvSkunG9gOTs3O6yiVpAffYRgyQkSNf0tMnq6_4sAaCgYKAYgSARISFQHGX2MiX8JmokL4qvHbwG6_Cd1znA0181",
    "id_token": "eyJhbGciOiJSUzI1NiIsImtpZCI6ImVlYzUzNGZhNWI4Y2FjYTIwMWNhOGQwZmY5NmI1NGM1NjIyMTBkMWUiLCJ0eXAiOiJKV1QifQ.eyJpc3MiOiJodHRwczovL2FjY291bnRzLmdvb2dsZS5jb20iLCJhenAiOiIzMjU1NTk0MDU1OS5hcHBzLmdvb2dsZXVzZXJjb250ZW50LmNvbSIsImF1ZCI6IjMyNTU1OTQwNTU5LmFwcHMuZ29vZ2xldXNlcmNvbnRlbnQuY29tIiwic3ViIjoiMTAwNjUyNDM4NTEyNzgzNjkzMzI5IiwiaGQiOiJ2YWxvbi5jb20iLCJlbWFpbCI6InRhbWppZC5yYWhtYW5AdmFsb24uY29tIiwiZW1haWxfdmVyaWZpZWQiOnRydWUsImF0X2hhc2giOiItUm45Z25iX2FkSkRVblpvNWVXUVRnIiwiaWF0IjoxNzM5MjIzOTA0LCJleHAiOjE3MzkyMjc1MDR9.Pp9inIj7doMdR5xZwAKrP5U9C8Y6PLaOoQQ4oRXcdX7XdD2uu-qzAhciAOuRYo80co0Vl1SBvbC5qxsmDCcWGKEWNNY99J8qMXJQGyuaGsz0QxaowSEDzKQEPzuJIDNlpMIUAEJWRz1dmBmVT5b_nZ9ep_PjA2sF1W6hFWy0UOBH2g_285mqw5MWxeSj1bizL1s66awt9toyRZcK8vwtuYLQsNE1nY3GFuo_8H4TBlF6dN978FjGB_bf56UDHLbAuQG88coIxHYabsm_gCg-fvHnDMX5EDEct-CADeF6Toyx8ZKn5GEcDgP9qWmNL3VB9P9kFVaKhSAZg4J_QsoLrQ",
    "token_expiry": "2025-02-10T22:45:03Z"
  },
  "sentinels": {
    "config_sentinel": "/Users/tamjid/.config/gcloud/config_sentinel"
  }
}
2025-02-10 16:45:04,536 INFO     ___FILE_ONLY___ 

